#
# There is insufficient memory for the Java Runtime Environment to continue.
# Native memory allocation (malloc) failed to allocate 1073456 bytes for Chunk::new
# Possible reasons:
#   The system is out of physical RAM or swap space
#   The process is running with CompressedOops enabled, and the Java Heap may be blocking the growth of the native heap
# Possible solutions:
#   Reduce memory load on the system
#   Increase physical memory or swap space
#   Check if swap backing store is full
#   Decrease Java heap size (-Xmx/-Xms)
#   Decrease number of Java threads
#   Decrease Java thread stack sizes (-Xss)
#   Set larger code cache with -XX:ReservedCodeCacheSize=
#   JVM is running with Unscaled Compressed Oops mode in which the Java heap is
#     placed in the first 4GB address space. The Java Heap base address is the
#     maximum limit for the native heap growth. Please use -XX:HeapBaseMinAddress
#     to set the Java Heap base and to place the Java Heap above 4GB virtual address.
# This output file may be truncated or incomplete.
#
#  Out of Memory Error (./src/hotspot/share/memory/arena.cpp:197), pid=4832, tid=4232
#
# JRE version: OpenJDK Runtime Environment (11.0.11+9) (build 11.0.11+9-b60-7590822)
# Java VM: OpenJDK 64-Bit Server VM (11.0.11+9-b60-7590822, mixed mode, tiered, compressed oops, g1 gc, windows-amd64)
# No core dump will be written. Minidumps are not enabled by default on client versions of Windows
#

---------------  S U M M A R Y ------------

Command Line: --add-opens=java.base/java.util=ALL-UNNAMED --add-opens=java.base/java.lang=ALL-UNNAMED --add-opens=java.base/java.lang.invoke=ALL-UNNAMED --add-opens=java.base/java.util=ALL-UNNAMED --add-opens=java.prefs/java.util.prefs=ALL-UNNAMED --add-opens=java.prefs/java.util.prefs=ALL-UNNAMED --add-opens=java.base/java.nio.charset=ALL-UNNAMED --add-opens=java.base/java.net=ALL-UNNAMED --add-opens=java.base/java.util.concurrent.atomic=ALL-UNNAMED -Xmx2048m -Dfile.encoding=UTF-8 -Duser.country=RU -Duser.language=ru -Duser.variant org.gradle.launcher.daemon.bootstrap.GradleDaemon 7.2

Host: AMD FX(tm)-6350 Six-Core Processor             , 6 cores, 7G,  Windows 10 , 64 bit Build 19041 (10.0.19041.1466)
Time: Fri Feb  4 11:30:55 2022 Новосибирское стандартное время elapsed time: 4.491251 seconds (0d 0h 0m 4s)

---------------  T H R E A D  ---------------

Current thread (0x000001d05bf13800):  JavaThread "C2 CompilerThread1" daemon [_thread_in_native, id=4232, stack(0x0000002298b00000,0x0000002298c00000)]


Current CompileTask:
C2:   4491 3329   !   4       java.net.URLClassLoader$1::run (63 bytes)

Stack: [0x0000002298b00000,0x0000002298c00000]
Native frames: (J=compiled Java code, j=interpreted, Vv=VM code, C=native code)
V  [jvm.dll+0x5f214a]
V  [jvm.dll+0x726fb5]
V  [jvm.dll+0x7285cd]
V  [jvm.dll+0x728c83]
V  [jvm.dll+0x243278]
V  [jvm.dll+0xbc53c]
V  [jvm.dll+0xbca3c]
V  [jvm.dll+0x2b5c34]
V  [jvm.dll+0x508488]
V  [jvm.dll+0x203d53]
V  [jvm.dll+0x1fdbac]
V  [jvm.dll+0x1fb35f]
V  [jvm.dll+0x183d6c]
V  [jvm.dll+0x209a57]
V  [jvm.dll+0x2082a1]
V  [jvm.dll+0x6ef58f]
V  [jvm.dll+0x6e80b5]
V  [jvm.dll+0x5f1036]
C  [ucrtbase.dll+0x21bb2]
C  [KERNEL32.DLL+0x17034]
C  [ntdll.dll+0x52651]


---------------  P R O C E S S  ---------------

Threads class SMR info:
_java_thread_list=0x000001d05f096e90, length=34, elements={
0x000001d04132d800, 0x000001d05b358800, 0x000001d05b35a000, 0x000001d05bcea000,
0x000001d05bcef000, 0x000001d05bcf2800, 0x000001d05b370800, 0x000001d05b377800,
0x000001d05b38e000, 0x000001d05be42800, 0x000001d05bf13800, 0x000001d05dd43800,
0x000001d05dc7d800, 0x000001d05df4b800, 0x000001d05d555800, 0x000001d05e3b0800,
0x000001d05e5e0800, 0x000001d05e8f1800, 0x000001d05e3ef800, 0x000001d05dbff000,
0x000001d05e82e800, 0x000001d05e82d800, 0x000001d05e832000, 0x000001d05e830000,
0x000001d05e82f800, 0x000001d05e831000, 0x000001d05e82c000, 0x000001d05e832800,
0x000001d05e82d000, 0x000001d05f567800, 0x000001d05f56c000, 0x000001d05f568800,
0x000001d05f56a000, 0x000001d05f56b000
}

Java Threads: ( => current thread )
  0x000001d04132d800 JavaThread "main" [_thread_blocked, id=7084, stack(0x0000002297800000,0x0000002297900000)]
  0x000001d05b358800 JavaThread "Reference Handler" daemon [_thread_blocked, id=2812, stack(0x0000002298000000,0x0000002298100000)]
  0x000001d05b35a000 JavaThread "Finalizer" daemon [_thread_blocked, id=8660, stack(0x0000002298100000,0x0000002298200000)]
  0x000001d05bcea000 JavaThread "Signal Dispatcher" daemon [_thread_blocked, id=9156, stack(0x0000002298300000,0x0000002298400000)]
  0x000001d05bcef000 JavaThread "Attach Listener" daemon [_thread_blocked, id=5172, stack(0x0000002298400000,0x0000002298500000)]
  0x000001d05bcf2800 JavaThread "Service Thread" daemon [_thread_blocked, id=8160, stack(0x0000002298500000,0x0000002298600000)]
  0x000001d05b370800 JavaThread "C2 CompilerThread0" daemon [_thread_in_vm, id=1352, stack(0x0000002298600000,0x0000002298700000)]
  0x000001d05b377800 JavaThread "C1 CompilerThread0" daemon [_thread_in_vm, id=8632, stack(0x0000002298700000,0x0000002298800000)]
  0x000001d05b38e000 JavaThread "Sweeper thread" daemon [_thread_blocked, id=2556, stack(0x0000002298800000,0x0000002298900000)]
  0x000001d05be42800 JavaThread "Common-Cleaner" daemon [_thread_blocked, id=4068, stack(0x0000002298900000,0x0000002298a00000)]
=>0x000001d05bf13800 JavaThread "C2 CompilerThread1" daemon [_thread_in_native, id=4232, stack(0x0000002298b00000,0x0000002298c00000)]
  0x000001d05dd43800 JavaThread "Daemon health stats" [_thread_blocked, id=6796, stack(0x0000002298e00000,0x0000002298f00000)]
  0x000001d05dc7d800 JavaThread "Incoming local TCP Connector on port 58416" [_thread_in_native, id=9172, stack(0x0000002298f00000,0x0000002299000000)]
  0x000001d05df4b800 JavaThread "Daemon periodic checks" [_thread_blocked, id=1812, stack(0x0000002299000000,0x0000002299100000)]
  0x000001d05d555800 JavaThread "Daemon" [_thread_blocked, id=8040, stack(0x0000002299100000,0x0000002299200000)]
  0x000001d05e3b0800 JavaThread "Handler for socket connection from /127.0.0.1:58416 to /127.0.0.1:58417" [_thread_in_native, id=4408, stack(0x0000002299200000,0x0000002299300000)]
  0x000001d05e5e0800 JavaThread "Cancel handler" [_thread_blocked, id=588, stack(0x0000002299300000,0x0000002299400000)]
  0x000001d05e8f1800 JavaThread "Daemon worker" [_thread_in_vm, id=4444, stack(0x0000002299400000,0x0000002299500000)]
  0x000001d05e3ef800 JavaThread "Asynchronous log dispatcher for DefaultDaemonConnection: socket connection from /127.0.0.1:58416 to /127.0.0.1:58417" [_thread_blocked, id=9000, stack(0x0000002299500000,0x0000002299600000)]
  0x000001d05dbff000 JavaThread "Stdin handler" [_thread_blocked, id=5356, stack(0x0000002299600000,0x0000002299700000)]
  0x000001d05e82e800 JavaThread "Daemon client event forwarder" [_thread_blocked, id=7004, stack(0x0000002299700000,0x0000002299800000)]
  0x000001d05e82d800 JavaThread "Cache worker for journal cache (C:\Users\Rostya\.gradle\caches\journal-1)" [_thread_blocked, id=2128, stack(0x0000002299800000,0x0000002299900000)]
  0x000001d05e832000 JavaThread "File lock request listener" [_thread_in_native, id=1968, stack(0x0000002299900000,0x0000002299a00000)]
  0x000001d05e830000 JavaThread "Cache worker for file hash cache (C:\Users\Rostya\.gradle\caches\7.2\fileHashes)" [_thread_blocked, id=4048, stack(0x0000002299a00000,0x0000002299b00000)]
  0x000001d05e82f800 JavaThread "Cache worker for file hash cache (E:\Program Files\androidProjects\GeoQuiz\.gradle\7.2\fileHashes)" [_thread_blocked, id=8492, stack(0x0000002299f00000,0x000000229a000000)]
  0x000001d05e831000 JavaThread "File watcher server" daemon [_thread_in_native, id=4576, stack(0x000000229a000000,0x000000229a100000)]
  0x000001d05e82c000 JavaThread "File watcher consumer" daemon [_thread_blocked, id=6984, stack(0x000000229a100000,0x000000229a200000)]
  0x000001d05e832800 JavaThread "Cache worker for checksums cache (E:\Program Files\androidProjects\GeoQuiz\.gradle\checksums)" [_thread_blocked, id=896, stack(0x000000229a200000,0x000000229a300000)]
  0x000001d05e82d000 JavaThread "Cache worker for cache directory md-supplier (C:\Users\Rostya\.gradle\caches\7.2\md-supplier)" [_thread_blocked, id=2176, stack(0x000000229a300000,0x000000229a400000)]
  0x000001d05f567800 JavaThread "Cache worker for cache directory md-rule (C:\Users\Rostya\.gradle\caches\7.2\md-rule)" [_thread_blocked, id=2364, stack(0x000000229a400000,0x000000229a500000)]
  0x000001d05f56c000 JavaThread "Cache worker for execution history cache (C:\Users\Rostya\.gradle\caches\7.2\executionHistory)" [_thread_blocked, id=2072, stack(0x000000229a500000,0x000000229a600000)]
  0x000001d05f568800 JavaThread "jar transforms" [_thread_blocked, id=5648, stack(0x000000229a600000,0x000000229a700000)]
  0x000001d05f56a000 JavaThread "jar transforms Thread 2" [_thread_blocked, id=9088, stack(0x000000229a700000,0x000000229a800000)]
  0x000001d05f56b000 JavaThread "Cache worker for file content cache (C:\Users\Rostya\.gradle\caches\7.2\fileContent)" [_thread_blocked, id=4364, stack(0x000000229a800000,0x000000229a900000)]

Other Threads:
  0x000001d05b353000 VMThread "VM Thread" [stack: 0x0000002297f00000,0x0000002298000000] [id=508]
  0x000001d05be67800 WatcherThread [stack: 0x0000002298a00000,0x0000002298b00000] [id=2952]
  0x000001d041346000 GCTaskThread "GC Thread#0" [stack: 0x0000002297a00000,0x0000002297b00000] [id=5124]
  0x000001d05cc07000 GCTaskThread "GC Thread#1" [stack: 0x0000002298c00000,0x0000002298d00000] [id=2404]
  0x000001d05ce6c000 GCTaskThread "GC Thread#2" [stack: 0x0000002298d00000,0x0000002298e00000] [id=7904]
  0x000001d05e514800 GCTaskThread "GC Thread#3" [stack: 0x0000002299b00000,0x0000002299c00000] [id=5180]
  0x000001d05e30f800 GCTaskThread "GC Thread#4" [stack: 0x0000002299c00000,0x0000002299d00000] [id=556]
  0x000001d05e310000 GCTaskThread "GC Thread#5" [stack: 0x0000002299d00000,0x0000002299e00000] [id=2884]
  0x000001d041375800 ConcurrentGCThread "G1 Main Marker" [stack: 0x0000002297b00000,0x0000002297c00000] [id=7712]
  0x000001d041378000 ConcurrentGCThread "G1 Conc#0" [stack: 0x0000002297c00000,0x0000002297d00000] [id=8628]
  0x000001d05d478800 ConcurrentGCThread "G1 Conc#1" [stack: 0x0000002299e00000,0x0000002299f00000] [id=8440]
  0x000001d0413fd000 ConcurrentGCThread "G1 Refine#0" [stack: 0x0000002297d00000,0x0000002297e00000] [id=2632]
  0x000001d0413fe800 ConcurrentGCThread "G1 Young RemSet Sampling" [stack: 0x0000002297e00000,0x0000002297f00000] [id=7260]

Threads with active compile tasks:
C2 CompilerThread0   4531 3366       4       java.lang.PublicMethods$Key::hashCode (19 bytes)
C2 CompilerThread1   4531 3329   !   4       java.net.URLClassLoader$1::run (63 bytes)

VM state:not at safepoint (normal execution)

VM Mutex/Monitor currently owned by a thread: None

Heap address: 0x0000000080000000, size: 2048 MB, Compressed Oops mode: 32-bit
Narrow klass base: 0x0000000000000000, Narrow klass shift: 3
Compressed class space size: 1073741824 Address: 0x0000000100000000

Heap:
 garbage-first heap   total 157696K, used 81800K [0x0000000080000000, 0x0000000100000000)
  region size 1024K, 65 young (66560K), 9 survivors (9216K)
 Metaspace       used 39315K, capacity 40262K, committed 40524K, reserved 1085440K
  class space    used 5013K, capacity 5388K, committed 5452K, reserved 1048576K
Heap Regions: E=young(eden), S=young(survivor), O=old, HS=humongous(starts), HC=humongous(continues), CS=collection set, F=free, A=archive, TAMS=top-at-mark-start (previous, next)
|   0|0x0000000080000000, 0x0000000080100000, 0x0000000080100000|100%| O|  |TAMS 0x0000000080100000, 0x0000000080000000| Untracked 
|   1|0x0000000080100000, 0x0000000080200000, 0x0000000080200000|100%| O|  |TAMS 0x0000000080200000, 0x0000000080100000| Untracked 
|   2|0x0000000080200000, 0x0000000080300000, 0x0000000080300000|100%| O|  |TAMS 0x0000000080300000, 0x0000000080200000| Untracked 
|   3|0x0000000080300000, 0x0000000080400000, 0x0000000080400000|100%|HS|  |TAMS 0x0000000080400000, 0x0000000080300000| Complete 
|   4|0x0000000080400000, 0x0000000080500000, 0x0000000080500000|100%|HC|  |TAMS 0x0000000080500000, 0x0000000080400000| Complete 
|   5|0x0000000080500000, 0x0000000080600000, 0x0000000080600000|100%|HC|  |TAMS 0x0000000080600000, 0x0000000080500000| Complete 
|   6|0x0000000080600000, 0x0000000080700000, 0x0000000080700000|100%| O|  |TAMS 0x0000000080700000, 0x0000000080600000| Untracked 
|   7|0x0000000080700000, 0x0000000080800000, 0x0000000080800000|100%| O|  |TAMS 0x0000000080800000, 0x0000000080700000| Untracked 
|   8|0x0000000080800000, 0x00000000808ffff8, 0x0000000080900000| 99%| O|  |TAMS 0x00000000808ffff8, 0x0000000080800000| Untracked 
|   9|0x0000000080900000, 0x0000000080a00000, 0x0000000080a00000|100%| O|  |TAMS 0x0000000080a00000, 0x0000000080900000| Untracked 
|  10|0x0000000080a00000, 0x0000000080b00000, 0x0000000080b00000|100%| O|  |TAMS 0x0000000080b00000, 0x0000000080a00000| Untracked 
|  11|0x0000000080b00000, 0x0000000080c00000, 0x0000000080c00000|100%| O|  |TAMS 0x0000000080c00000, 0x0000000080b00000| Untracked 
|  12|0x0000000080c00000, 0x0000000080d00000, 0x0000000080d00000|100%| O|  |TAMS 0x0000000080d00000, 0x0000000080c00000| Untracked 
|  13|0x0000000080d00000, 0x0000000080e00000, 0x0000000080e00000|100%| O|  |TAMS 0x0000000080e00000, 0x0000000080d00000| Untracked 
|  14|0x0000000080e00000, 0x0000000080e9ba00, 0x0000000080f00000| 60%| O|  |TAMS 0x0000000080e9ba00, 0x0000000080e00000| Untracked 
|  15|0x0000000080f00000, 0x0000000081000000, 0x0000000081000000|100%|HS|  |TAMS 0x0000000080f00000, 0x0000000080f00000| Complete 
|  16|0x0000000081000000, 0x0000000081100000, 0x0000000081100000|100%|HS|  |TAMS 0x0000000081000000, 0x0000000081000000| Complete 
|  17|0x0000000081100000, 0x0000000081200000, 0x0000000081200000|100%|HC|  |TAMS 0x0000000081100000, 0x0000000081100000| Complete 
|  18|0x0000000081200000, 0x0000000081200000, 0x0000000081300000|  0%| F|  |TAMS 0x0000000081200000, 0x0000000081200000| Untracked 
|  19|0x0000000081300000, 0x0000000081300000, 0x0000000081400000|  0%| F|  |TAMS 0x0000000081300000, 0x0000000081300000| Untracked 
|  20|0x0000000081400000, 0x0000000081400000, 0x0000000081500000|  0%| F|  |TAMS 0x0000000081400000, 0x0000000081400000| Untracked 
|  21|0x0000000081500000, 0x0000000081500000, 0x0000000081600000|  0%| F|  |TAMS 0x0000000081500000, 0x0000000081500000| Untracked 
|  22|0x0000000081600000, 0x0000000081600000, 0x0000000081700000|  0%| F|  |TAMS 0x0000000081600000, 0x0000000081600000| Untracked 
|  23|0x0000000081700000, 0x0000000081700000, 0x0000000081800000|  0%| F|  |TAMS 0x0000000081700000, 0x0000000081700000| Untracked 
|  24|0x0000000081800000, 0x0000000081800000, 0x0000000081900000|  0%| F|  |TAMS 0x0000000081800000, 0x0000000081800000| Untracked 
|  25|0x0000000081900000, 0x0000000081900000, 0x0000000081a00000|  0%| F|  |TAMS 0x0000000081900000, 0x0000000081900000| Untracked 
|  26|0x0000000081a00000, 0x0000000081a00000, 0x0000000081b00000|  0%| F|  |TAMS 0x0000000081a00000, 0x0000000081a00000| Untracked 
|  27|0x0000000081b00000, 0x0000000081b00000, 0x0000000081c00000|  0%| F|  |TAMS 0x0000000081b00000, 0x0000000081b00000| Untracked 
|  28|0x0000000081c00000, 0x0000000081c00000, 0x0000000081d00000|  0%| F|  |TAMS 0x0000000081c00000, 0x0000000081c00000| Untracked 
|  29|0x0000000081d00000, 0x0000000081d00000, 0x0000000081e00000|  0%| F|  |TAMS 0x0000000081d00000, 0x0000000081d00000| Untracked 
|  30|0x0000000081e00000, 0x0000000081e00000, 0x0000000081f00000|  0%| F|  |TAMS 0x0000000081e00000, 0x0000000081e00000| Untracked 
|  31|0x0000000081f00000, 0x0000000081f00000, 0x0000000082000000|  0%| F|  |TAMS 0x0000000081f00000, 0x0000000081f00000| Untracked 
|  32|0x0000000082000000, 0x0000000082000000, 0x0000000082100000|  0%| F|  |TAMS 0x0000000082000000, 0x0000000082000000| Untracked 
|  33|0x0000000082100000, 0x0000000082100000, 0x0000000082200000|  0%| F|  |TAMS 0x0000000082100000, 0x0000000082100000| Untracked 
|  34|0x0000000082200000, 0x0000000082200000, 0x0000000082300000|  0%| F|  |TAMS 0x0000000082200000, 0x0000000082200000| Untracked 
|  35|0x0000000082300000, 0x0000000082300000, 0x0000000082400000|  0%| F|  |TAMS 0x0000000082300000, 0x0000000082300000| Untracked 
|  36|0x0000000082400000, 0x0000000082400000, 0x0000000082500000|  0%| F|  |TAMS 0x0000000082400000, 0x0000000082400000| Untracked 
|  37|0x0000000082500000, 0x0000000082500000, 0x0000000082600000|  0%| F|  |TAMS 0x0000000082500000, 0x0000000082500000| Untracked 
|  38|0x0000000082600000, 0x0000000082600000, 0x0000000082700000|  0%| F|  |TAMS 0x0000000082600000, 0x0000000082600000| Untracked 
|  39|0x0000000082700000, 0x0000000082700000, 0x0000000082800000|  0%| F|  |TAMS 0x0000000082700000, 0x0000000082700000| Untracked 
|  40|0x0000000082800000, 0x0000000082800000, 0x0000000082900000|  0%| F|  |TAMS 0x0000000082800000, 0x0000000082800000| Untracked 
|  41|0x0000000082900000, 0x0000000082900000, 0x0000000082a00000|  0%| F|  |TAMS 0x0000000082900000, 0x0000000082900000| Untracked 
|  42|0x0000000082a00000, 0x0000000082a00000, 0x0000000082b00000|  0%| F|  |TAMS 0x0000000082a00000, 0x0000000082a00000| Untracked 
|  43|0x0000000082b00000, 0x0000000082b00000, 0x0000000082c00000|  0%| F|  |TAMS 0x0000000082b00000, 0x0000000082b00000| Untracked 
|  44|0x0000000082c00000, 0x0000000082c00000, 0x0000000082d00000|  0%| F|  |TAMS 0x0000000082c00000, 0x0000000082c00000| Untracked 
|  45|0x0000000082d00000, 0x0000000082d00000, 0x0000000082e00000|  0%| F|  |TAMS 0x0000000082d00000, 0x0000000082d00000| Untracked 
|  46|0x0000000082e00000, 0x0000000082e00000, 0x0000000082f00000|  0%| F|  |TAMS 0x0000000082e00000, 0x0000000082e00000| Untracked 
|  47|0x0000000082f00000, 0x0000000082f00000, 0x0000000083000000|  0%| F|  |TAMS 0x0000000082f00000, 0x0000000082f00000| Untracked 
|  48|0x0000000083000000, 0x0000000083000000, 0x0000000083100000|  0%| F|  |TAMS 0x0000000083000000, 0x0000000083000000| Untracked 
|  49|0x0000000083100000, 0x0000000083100000, 0x0000000083200000|  0%| F|  |TAMS 0x0000000083100000, 0x0000000083100000| Untracked 
|  50|0x0000000083200000, 0x0000000083200000, 0x0000000083300000|  0%| F|  |TAMS 0x0000000083200000, 0x0000000083200000| Untracked 
|  51|0x0000000083300000, 0x0000000083300000, 0x0000000083400000|  0%| F|  |TAMS 0x0000000083300000, 0x0000000083300000| Untracked 
|  52|0x0000000083400000, 0x0000000083400000, 0x0000000083500000|  0%| F|  |TAMS 0x0000000083400000, 0x0000000083400000| Untracked 
|  53|0x0000000083500000, 0x0000000083500000, 0x0000000083600000|  0%| F|  |TAMS 0x0000000083500000, 0x0000000083500000| Untracked 
|  54|0x0000000083600000, 0x0000000083600000, 0x0000000083700000|  0%| F|  |TAMS 0x0000000083600000, 0x0000000083600000| Untracked 
|  55|0x0000000083700000, 0x0000000083700000, 0x0000000083800000|  0%| F|  |TAMS 0x0000000083700000, 0x0000000083700000| Untracked 
|  56|0x0000000083800000, 0x0000000083800000, 0x0000000083900000|  0%| F|  |TAMS 0x0000000083800000, 0x0000000083800000| Untracked 
|  57|0x0000000083900000, 0x0000000083900000, 0x0000000083a00000|  0%| F|  |TAMS 0x0000000083900000, 0x0000000083900000| Untracked 
|  58|0x0000000083a00000, 0x0000000083a00000, 0x0000000083b00000|  0%| F|  |TAMS 0x0000000083a00000, 0x0000000083a00000| Untracked 
|  59|0x0000000083b00000, 0x0000000083b00000, 0x0000000083c00000|  0%| F|  |TAMS 0x0000000083b00000, 0x0000000083b00000| Untracked 
|  60|0x0000000083c00000, 0x0000000083c00000, 0x0000000083d00000|  0%| F|  |TAMS 0x0000000083c00000, 0x0000000083c00000| Untracked 
|  61|0x0000000083d00000, 0x0000000083d00000, 0x0000000083e00000|  0%| F|  |TAMS 0x0000000083d00000, 0x0000000083d00000| Untracked 
|  62|0x0000000083e00000, 0x0000000083e00000, 0x0000000083f00000|  0%| F|  |TAMS 0x0000000083e00000, 0x0000000083e00000| Untracked 
|  63|0x0000000083f00000, 0x0000000083f00000, 0x0000000084000000|  0%| F|  |TAMS 0x0000000083f00000, 0x0000000083f00000| Untracked 
|  64|0x0000000084000000, 0x0000000084000000, 0x0000000084100000|  0%| F|  |TAMS 0x0000000084000000, 0x0000000084000000| Untracked 
|  65|0x0000000084100000, 0x0000000084100000, 0x0000000084200000|  0%| F|  |TAMS 0x0000000084100000, 0x0000000084100000| Untracked 
|  66|0x0000000084200000, 0x0000000084200000, 0x0000000084300000|  0%| F|  |TAMS 0x0000000084200000, 0x0000000084200000| Untracked 
|  67|0x0000000084300000, 0x0000000084300000, 0x0000000084400000|  0%| F|  |TAMS 0x0000000084300000, 0x0000000084300000| Untracked 
|  68|0x0000000084400000, 0x0000000084400000, 0x0000000084500000|  0%| F|  |TAMS 0x0000000084400000, 0x0000000084400000| Untracked 
|  69|0x0000000084500000, 0x0000000084500000, 0x0000000084600000|  0%| F|  |TAMS 0x0000000084500000, 0x0000000084500000| Untracked 
|  70|0x0000000084600000, 0x0000000084600000, 0x0000000084700000|  0%| F|  |TAMS 0x0000000084600000, 0x0000000084600000| Untracked 
|  71|0x0000000084700000, 0x0000000084700000, 0x0000000084800000|  0%| F|  |TAMS 0x0000000084700000, 0x0000000084700000| Untracked 
|  72|0x0000000084800000, 0x0000000084800000, 0x0000000084900000|  0%| F|  |TAMS 0x0000000084800000, 0x0000000084800000| Untracked 
|  73|0x0000000084900000, 0x0000000084900000, 0x0000000084a00000|  0%| F|  |TAMS 0x0000000084900000, 0x0000000084900000| Untracked 
|  74|0x0000000084a00000, 0x0000000084a00000, 0x0000000084b00000|  0%| F|  |TAMS 0x0000000084a00000, 0x0000000084a00000| Untracked 
|  75|0x0000000084b00000, 0x0000000084b00000, 0x0000000084c00000|  0%| F|  |TAMS 0x0000000084b00000, 0x0000000084b00000| Untracked 
|  76|0x0000000084c00000, 0x0000000084c00000, 0x0000000084d00000|  0%| F|  |TAMS 0x0000000084c00000, 0x0000000084c00000| Untracked 
|  77|0x0000000084d00000, 0x0000000084d00000, 0x0000000084e00000|  0%| F|  |TAMS 0x0000000084d00000, 0x0000000084d00000| Untracked 
|  78|0x0000000084e00000, 0x0000000084e00000, 0x0000000084f00000|  0%| F|  |TAMS 0x0000000084e00000, 0x0000000084e00000| Untracked 
|  79|0x0000000084f00000, 0x0000000084f00000, 0x0000000085000000|  0%| F|  |TAMS 0x0000000084f00000, 0x0000000084f00000| Untracked 
|  80|0x0000000085000000, 0x0000000085000000, 0x0000000085100000|  0%| F|  |TAMS 0x0000000085000000, 0x0000000085000000| Untracked 
|  81|0x0000000085100000, 0x0000000085100000, 0x0000000085200000|  0%| F|  |TAMS 0x0000000085100000, 0x0000000085100000| Untracked 
|  82|0x0000000085200000, 0x0000000085200000, 0x0000000085300000|  0%| F|  |TAMS 0x0000000085200000, 0x0000000085200000| Untracked 
|  83|0x0000000085300000, 0x0000000085300000, 0x0000000085400000|  0%| F|  |TAMS 0x0000000085300000, 0x0000000085300000| Untracked 
|  84|0x0000000085400000, 0x0000000085400000, 0x0000000085500000|  0%| F|  |TAMS 0x0000000085400000, 0x0000000085400000| Untracked 
|  85|0x0000000085500000, 0x0000000085500000, 0x0000000085600000|  0%| F|  |TAMS 0x0000000085500000, 0x0000000085500000| Untracked 
|  86|0x0000000085600000, 0x0000000085600000, 0x0000000085700000|  0%| F|  |TAMS 0x0000000085600000, 0x0000000085600000| Untracked 
|  87|0x0000000085700000, 0x0000000085700000, 0x0000000085800000|  0%| F|  |TAMS 0x0000000085700000, 0x0000000085700000| Untracked 
|  88|0x0000000085800000, 0x0000000085800000, 0x0000000085900000|  0%| F|  |TAMS 0x0000000085800000, 0x0000000085800000| Untracked 
|  89|0x0000000085900000, 0x0000000085a00000, 0x0000000085a00000|100%| E|  |TAMS 0x0000000085900000, 0x0000000085900000| Complete 
|  90|0x0000000085a00000, 0x0000000085b00000, 0x0000000085b00000|100%| E|CS|TAMS 0x0000000085a00000, 0x0000000085a00000| Complete 
|  91|0x0000000085b00000, 0x0000000085c00000, 0x0000000085c00000|100%| E|CS|TAMS 0x0000000085b00000, 0x0000000085b00000| Complete 
|  92|0x0000000085c00000, 0x0000000085d00000, 0x0000000085d00000|100%| E|CS|TAMS 0x0000000085c00000, 0x0000000085c00000| Complete 
|  93|0x0000000085d00000, 0x0000000085d467d0, 0x0000000085e00000| 27%| S|CS|TAMS 0x0000000085d00000, 0x0000000085d00000| Complete 
|  94|0x0000000085e00000, 0x0000000085f00000, 0x0000000085f00000|100%| S|CS|TAMS 0x0000000085e00000, 0x0000000085e00000| Complete 
|  95|0x0000000085f00000, 0x0000000086000000, 0x0000000086000000|100%| S|CS|TAMS 0x0000000085f00000, 0x0000000085f00000| Complete 
|  96|0x0000000086000000, 0x0000000086100000, 0x0000000086100000|100%| S|CS|TAMS 0x0000000086000000, 0x0000000086000000| Complete 
|  97|0x0000000086100000, 0x0000000086200000, 0x0000000086200000|100%| S|CS|TAMS 0x0000000086100000, 0x0000000086100000| Complete 
|  98|0x0000000086200000, 0x0000000086300000, 0x0000000086300000|100%| S|CS|TAMS 0x0000000086200000, 0x0000000086200000| Complete 
|  99|0x0000000086300000, 0x0000000086400000, 0x0000000086400000|100%| S|CS|TAMS 0x0000000086300000, 0x0000000086300000| Complete 
| 100|0x0000000086400000, 0x0000000086500000, 0x0000000086500000|100%| S|CS|TAMS 0x0000000086400000, 0x0000000086400000| Complete 
| 101|0x0000000086500000, 0x0000000086600000, 0x0000000086600000|100%| S|CS|TAMS 0x0000000086500000, 0x0000000086500000| Complete 
| 102|0x0000000086600000, 0x0000000086700000, 0x0000000086700000|100%| E|CS|TAMS 0x0000000086600000, 0x0000000086600000| Complete 
| 103|0x0000000086700000, 0x0000000086800000, 0x0000000086800000|100%| E|CS|TAMS 0x0000000086700000, 0x0000000086700000| Complete 
| 104|0x0000000086800000, 0x0000000086900000, 0x0000000086900000|100%| E|CS|TAMS 0x0000000086800000, 0x0000000086800000| Complete 
| 105|0x0000000086900000, 0x0000000086a00000, 0x0000000086a00000|100%| E|CS|TAMS 0x0000000086900000, 0x0000000086900000| Complete 
| 106|0x0000000086a00000, 0x0000000086b00000, 0x0000000086b00000|100%| E|CS|TAMS 0x0000000086a00000, 0x0000000086a00000| Complete 
| 107|0x0000000086b00000, 0x0000000086c00000, 0x0000000086c00000|100%| E|CS|TAMS 0x0000000086b00000, 0x0000000086b00000| Complete 
| 108|0x0000000086c00000, 0x0000000086d00000, 0x0000000086d00000|100%| E|CS|TAMS 0x0000000086c00000, 0x0000000086c00000| Complete 
| 109|0x0000000086d00000, 0x0000000086e00000, 0x0000000086e00000|100%| E|CS|TAMS 0x0000000086d00000, 0x0000000086d00000| Complete 
| 110|0x0000000086e00000, 0x0000000086f00000, 0x0000000086f00000|100%| E|CS|TAMS 0x0000000086e00000, 0x0000000086e00000| Complete 
| 111|0x0000000086f00000, 0x0000000087000000, 0x0000000087000000|100%| E|CS|TAMS 0x0000000086f00000, 0x0000000086f00000| Complete 
| 112|0x0000000087000000, 0x0000000087100000, 0x0000000087100000|100%| E|CS|TAMS 0x0000000087000000, 0x0000000087000000| Complete 
| 113|0x0000000087100000, 0x0000000087200000, 0x0000000087200000|100%| E|CS|TAMS 0x0000000087100000, 0x0000000087100000| Complete 
| 114|0x0000000087200000, 0x0000000087300000, 0x0000000087300000|100%| E|CS|TAMS 0x0000000087200000, 0x0000000087200000| Complete 
| 115|0x0000000087300000, 0x0000000087400000, 0x0000000087400000|100%| E|CS|TAMS 0x0000000087300000, 0x0000000087300000| Complete 
| 116|0x0000000087400000, 0x0000000087500000, 0x0000000087500000|100%| E|  |TAMS 0x0000000087400000, 0x0000000087400000| Complete 
| 117|0x0000000087500000, 0x0000000087600000, 0x0000000087600000|100%| E|CS|TAMS 0x0000000087500000, 0x0000000087500000| Complete 
| 118|0x0000000087600000, 0x0000000087700000, 0x0000000087700000|100%| E|CS|TAMS 0x0000000087600000, 0x0000000087600000| Complete 
| 119|0x0000000087700000, 0x0000000087800000, 0x0000000087800000|100%| E|CS|TAMS 0x0000000087700000, 0x0000000087700000| Complete 
| 120|0x0000000087800000, 0x0000000087900000, 0x0000000087900000|100%| E|CS|TAMS 0x0000000087800000, 0x0000000087800000| Complete 
| 121|0x0000000087900000, 0x0000000087a00000, 0x0000000087a00000|100%| E|CS|TAMS 0x0000000087900000, 0x0000000087900000| Complete 
| 122|0x0000000087a00000, 0x0000000087b00000, 0x0000000087b00000|100%| E|CS|TAMS 0x0000000087a00000, 0x0000000087a00000| Complete 
| 123|0x0000000087b00000, 0x0000000087c00000, 0x0000000087c00000|100%| E|CS|TAMS 0x0000000087b00000, 0x0000000087b00000| Complete 
| 124|0x0000000087c00000, 0x0000000087d00000, 0x0000000087d00000|100%| E|CS|TAMS 0x0000000087c00000, 0x0000000087c00000| Complete 
| 125|0x0000000087d00000, 0x0000000087e00000, 0x0000000087e00000|100%| E|CS|TAMS 0x0000000087d00000, 0x0000000087d00000| Complete 
| 126|0x0000000087e00000, 0x0000000087f00000, 0x0000000087f00000|100%| E|CS|TAMS 0x0000000087e00000, 0x0000000087e00000| Complete 
| 127|0x0000000087f00000, 0x0000000088000000, 0x0000000088000000|100%| E|CS|TAMS 0x0000000087f00000, 0x0000000087f00000| Complete 
| 128|0x0000000088000000, 0x0000000088100000, 0x0000000088100000|100%| E|CS|TAMS 0x0000000088000000, 0x0000000088000000| Complete 
| 129|0x0000000088100000, 0x0000000088200000, 0x0000000088200000|100%| E|CS|TAMS 0x0000000088100000, 0x0000000088100000| Complete 
| 130|0x0000000088200000, 0x0000000088300000, 0x0000000088300000|100%| E|CS|TAMS 0x0000000088200000, 0x0000000088200000| Complete 
| 131|0x0000000088300000, 0x0000000088400000, 0x0000000088400000|100%| E|CS|TAMS 0x0000000088300000, 0x0000000088300000| Complete 
| 132|0x0000000088400000, 0x0000000088500000, 0x0000000088500000|100%| E|CS|TAMS 0x0000000088400000, 0x0000000088400000| Complete 
| 133|0x0000000088500000, 0x0000000088600000, 0x0000000088600000|100%| E|CS|TAMS 0x0000000088500000, 0x0000000088500000| Complete 
| 134|0x0000000088600000, 0x0000000088700000, 0x0000000088700000|100%| E|CS|TAMS 0x0000000088600000, 0x0000000088600000| Complete 
| 135|0x0000000088700000, 0x0000000088800000, 0x0000000088800000|100%| E|CS|TAMS 0x0000000088700000, 0x0000000088700000| Complete 
| 136|0x0000000088800000, 0x0000000088900000, 0x0000000088900000|100%| E|CS|TAMS 0x0000000088800000, 0x0000000088800000| Complete 
| 137|0x0000000088900000, 0x0000000088a00000, 0x0000000088a00000|100%| E|CS|TAMS 0x0000000088900000, 0x0000000088900000| Complete 
| 138|0x0000000088a00000, 0x0000000088b00000, 0x0000000088b00000|100%| E|CS|TAMS 0x0000000088a00000, 0x0000000088a00000| Complete 
| 139|0x0000000088b00000, 0x0000000088c00000, 0x0000000088c00000|100%| E|CS|TAMS 0x0000000088b00000, 0x0000000088b00000| Complete 
| 140|0x0000000088c00000, 0x0000000088d00000, 0x0000000088d00000|100%| E|CS|TAMS 0x0000000088c00000, 0x0000000088c00000| Complete 
| 141|0x0000000088d00000, 0x0000000088e00000, 0x0000000088e00000|100%| E|CS|TAMS 0x0000000088d00000, 0x0000000088d00000| Complete 
| 142|0x0000000088e00000, 0x0000000088f00000, 0x0000000088f00000|100%| E|CS|TAMS 0x0000000088e00000, 0x0000000088e00000| Complete 
| 143|0x0000000088f00000, 0x0000000089000000, 0x0000000089000000|100%| E|CS|TAMS 0x0000000088f00000, 0x0000000088f00000| Complete 
| 144|0x0000000089000000, 0x0000000089100000, 0x0000000089100000|100%| E|CS|TAMS 0x0000000089000000, 0x0000000089000000| Complete 
| 145|0x0000000089100000, 0x0000000089200000, 0x0000000089200000|100%| E|CS|TAMS 0x0000000089100000, 0x0000000089100000| Complete 
| 146|0x0000000089200000, 0x0000000089300000, 0x0000000089300000|100%| E|CS|TAMS 0x0000000089200000, 0x0000000089200000| Complete 
| 147|0x0000000089300000, 0x0000000089400000, 0x0000000089400000|100%| E|CS|TAMS 0x0000000089300000, 0x0000000089300000| Complete 
| 148|0x0000000089400000, 0x0000000089500000, 0x0000000089500000|100%| E|CS|TAMS 0x0000000089400000, 0x0000000089400000| Complete 
| 149|0x0000000089500000, 0x0000000089600000, 0x0000000089600000|100%| E|CS|TAMS 0x0000000089500000, 0x0000000089500000| Complete 
| 150|0x0000000089600000, 0x0000000089700000, 0x0000000089700000|100%| E|CS|TAMS 0x0000000089600000, 0x0000000089600000| Complete 
| 151|0x0000000089700000, 0x0000000089800000, 0x0000000089800000|100%| E|CS|TAMS 0x0000000089700000, 0x0000000089700000| Complete 
| 152|0x0000000089800000, 0x0000000089900000, 0x0000000089900000|100%| E|CS|TAMS 0x0000000089800000, 0x0000000089800000| Complete 
| 153|0x0000000089900000, 0x0000000089a00000, 0x0000000089a00000|100%| E|CS|TAMS 0x0000000089900000, 0x0000000089900000| Complete 

Card table byte_map: [0x000001d054330000,0x000001d054730000] _byte_map_base: 0x000001d053f30000

Marking Bits (Prev, Next): (CMBitMap*) 0x000001d04136ca28, (CMBitMap*) 0x000001d04136ca60
 Prev Bits: [0x000001d054b30000, 0x000001d056b30000)
 Next Bits: [0x000001d056b30000, 0x000001d058b30000)

Polling page: 0x000001d03f2e0000

Metaspace:

Usage:
  Non-class:     34.06 MB capacity,    33.52 MB ( 98%) used,   453.81 KB (  1%) free+waste,    90.88 KB ( <1%) overhead. 
      Class:      5.26 MB capacity,     4.91 MB ( 93%) used,   316.84 KB (  6%) free+waste,    43.69 KB ( <1%) overhead. 
       Both:     39.32 MB capacity,    38.43 MB ( 98%) used,   770.66 KB (  2%) free+waste,   134.56 KB ( <1%) overhead. 

Virtual space:
  Non-class space:       36.00 MB reserved,      34.25 MB ( 95%) committed 
      Class space:        1.00 GB reserved,       5.32 MB ( <1%) committed 
             Both:        1.04 GB reserved,      39.57 MB (  4%) committed 

Chunk freelists:
   Non-Class:  6.00 KB
       Class:  20.00 KB
        Both:  26.00 KB

MaxMetaspaceSize: 17179869184.00 GB
CompressedClassSpaceSize: 1.00 GB

CodeHeap 'non-profiled nmethods': size=120064Kb used=1709Kb max_used=1709Kb free=118354Kb
 bounds [0x000001d04c8e0000, 0x000001d04cb50000, 0x000001d053e20000]
CodeHeap 'profiled nmethods': size=120000Kb used=7258Kb max_used=7258Kb free=112741Kb
 bounds [0x000001d0453b0000, 0x000001d045ad0000, 0x000001d04c8e0000]
CodeHeap 'non-nmethods': size=5696Kb used=2196Kb max_used=2234Kb free=3499Kb
 bounds [0x000001d044e20000, 0x000001d045090000, 0x000001d0453b0000]
 total_blobs=4191 nmethods=3432 adapters=671
 compilation: enabled
              stopped_count=0, restarted_count=0
 full_count=0

Compilation events (20 events):
Event: 4.447 Thread 0x000001d05b377800 3391       1       java.lang.Thread::getThreadGroup (5 bytes)
Event: 4.447 Thread 0x000001d05b377800 nmethod 3391 0x000001d04ca80290 code [0x000001d04ca80440, 0x000001d04ca804f8]
Event: 4.449 Thread 0x000001d05b377800 3392       3       sun.reflect.generics.scope.ClassScope::<init> (6 bytes)
Event: 4.449 Thread 0x000001d05b377800 nmethod 3392 0x000001d045aa9890 code [0x000001d045aa9a40, 0x000001d045aa9c58]
Event: 4.451 Thread 0x000001d05b377800 3393       3       java.lang.Class::getDeclaringClass (31 bytes)
Event: 4.451 Thread 0x000001d05b377800 nmethod 3393 0x000001d045aa9d10 code [0x000001d045aa9f00, 0x000001d045aaa268]
Event: 4.451 Thread 0x000001d05b377800 3394       3       com.sun.beans.TypeResolver::erase (32 bytes)
Event: 4.451 Thread 0x000001d05b377800 nmethod 3394 0x000001d045aaa410 code [0x000001d045aaa5e0, 0x000001d045aaa9e8]
Event: 4.451 Thread 0x000001d05b377800 3397       3       sun.reflect.generics.parser.SignatureParser::parseTypeArguments (109 bytes)
Event: 4.452 Thread 0x000001d05b377800 nmethod 3397 0x000001d045aaab90 code [0x000001d045aaaea0, 0x000001d045aabea8]
Event: 4.452 Thread 0x000001d05b377800 3396       3       sun.reflect.generics.reflectiveObjects.ParameterizedTypeImpl::<init> (35 bytes)
Event: 4.453 Thread 0x000001d05b377800 nmethod 3396 0x000001d045aac490 code [0x000001d045aac6c0, 0x000001d045aacc98]
Event: 4.453 Thread 0x000001d05b377800 3395       3       java.lang.reflect.Type::getTypeName (5 bytes)
Event: 4.453 Thread 0x000001d05b377800 nmethod 3395 0x000001d045aacf10 code [0x000001d045aad0c0, 0x000001d045aad268]
Event: 4.453 Thread 0x000001d05b377800 3398       3       java.util.Collections$UnmodifiableMap$UnmodifiableEntrySet$1::hasNext (10 bytes)
Event: 4.453 Thread 0x000001d05b377800 nmethod 3398 0x000001d045aad310 code [0x000001d045aad4c0, 0x000001d045aad688]
Event: 4.454 Thread 0x000001d05b377800 3399       3       com.sun.beans.util.Cache$Kind$Soft::getReferent (5 bytes)
Event: 4.455 Thread 0x000001d05b377800 nmethod 3399 0x000001d045aad790 code [0x000001d045aad940, 0x000001d045aadbd8]
Event: 4.455 Thread 0x000001d05b377800 3400       3       java.beans.PropertyDescriptor::getPropertyType0 (22 bytes)
Event: 4.455 Thread 0x000001d05b377800 nmethod 3400 0x000001d045aadc90 code [0x000001d045aade60, 0x000001d045aae168]

GC Heap History (12 events):
Event: 0.977 GC heap before
{Heap before GC invocations=0 (full 0):
 garbage-first heap   total 131072K, used 27648K [0x0000000080000000, 0x0000000100000000)
  region size 1024K, 22 young (22528K), 0 survivors (0K)
 Metaspace       used 10001K, capacity 10272K, committed 10368K, reserved 1058816K
  class space    used 1037K, capacity 1105K, committed 1152K, reserved 1048576K
}
Event: 0.983 GC heap after
{Heap after GC invocations=1 (full 0):
 garbage-first heap   total 131072K, used 9309K [0x0000000080000000, 0x0000000100000000)
  region size 1024K, 3 young (3072K), 3 survivors (3072K)
 Metaspace       used 10001K, capacity 10272K, committed 10368K, reserved 1058816K
  class space    used 1037K, capacity 1105K, committed 1152K, reserved 1048576K
}
Event: 1.157 GC heap before
{Heap before GC invocations=1 (full 0):
 garbage-first heap   total 131072K, used 20573K [0x0000000080000000, 0x0000000100000000)
  region size 1024K, 14 young (14336K), 3 survivors (3072K)
 Metaspace       used 11112K, capacity 11391K, committed 11520K, reserved 1058816K
  class space    used 1174K, capacity 1244K, committed 1280K, reserved 1048576K
}
Event: 1.161 GC heap after
{Heap after GC invocations=2 (full 0):
 garbage-first heap   total 131072K, used 10258K [0x0000000080000000, 0x0000000100000000)
  region size 1024K, 1 young (1024K), 1 survivors (1024K)
 Metaspace       used 11112K, capacity 11391K, committed 11520K, reserved 1058816K
  class space    used 1174K, capacity 1244K, committed 1280K, reserved 1048576K
}
Event: 1.548 GC heap before
{Heap before GC invocations=2 (full 0):
 garbage-first heap   total 131072K, used 50194K [0x0000000080000000, 0x0000000100000000)
  region size 1024K, 40 young (40960K), 1 survivors (1024K)
 Metaspace       used 11646K, capacity 11960K, committed 12160K, reserved 1060864K
  class space    used 1271K, capacity 1348K, committed 1408K, reserved 1048576K
}
Event: 1.553 GC heap after
{Heap after GC invocations=3 (full 0):
 garbage-first heap   total 131072K, used 15115K [0x0000000080000000, 0x0000000100000000)
  region size 1024K, 5 young (5120K), 5 survivors (5120K)
 Metaspace       used 11646K, capacity 11960K, committed 12160K, reserved 1060864K
  class space    used 1271K, capacity 1348K, committed 1408K, reserved 1048576K
}
Event: 2.402 GC heap before
{Heap before GC invocations=3 (full 0):
 garbage-first heap   total 131072K, used 65291K [0x0000000080000000, 0x0000000100000000)
  region size 1024K, 55 young (56320K), 5 survivors (5120K)
 Metaspace       used 20677K, capacity 21093K, committed 21248K, reserved 1067008K
  class space    used 2543K, capacity 2695K, committed 2816K, reserved 1048576K
}
Event: 2.413 GC heap after
{Heap after GC invocations=4 (full 0):
 garbage-first heap   total 131072K, used 17894K [0x0000000080000000, 0x0000000100000000)
  region size 1024K, 3 young (3072K), 3 survivors (3072K)
 Metaspace       used 20677K, capacity 21093K, committed 21248K, reserved 1067008K
  class space    used 2543K, capacity 2695K, committed 2816K, reserved 1048576K
}
Event: 3.054 GC heap before
{Heap before GC invocations=5 (full 0):
 garbage-first heap   total 131072K, used 76262K [0x0000000080000000, 0x0000000100000000)
  region size 1024K, 60 young (61440K), 3 survivors (3072K)
 Metaspace       used 26452K, capacity 27038K, committed 27264K, reserved 1073152K
  class space    used 3474K, capacity 3683K, committed 3712K, reserved 1048576K
}
Event: 3.061 GC heap after
{Heap after GC invocations=6 (full 0):
 garbage-first heap   total 157696K, used 20078K [0x0000000080000000, 0x0000000100000000)
  region size 1024K, 5 young (5120K), 5 survivors (5120K)
 Metaspace       used 26452K, capacity 27038K, committed 27264K, reserved 1073152K
  class space    used 3474K, capacity 3683K, committed 3712K, reserved 1048576K
}
Event: 3.903 GC heap before
{Heap before GC invocations=6 (full 0):
 garbage-first heap   total 157696K, used 72302K [0x0000000080000000, 0x0000000100000000)
  region size 1024K, 57 young (58368K), 5 survivors (5120K)
 Metaspace       used 35058K, capacity 35794K, committed 35840K, reserved 1081344K
  class space    used 4553K, capacity 4863K, committed 4864K, reserved 1048576K
}
Event: 3.913 GC heap after
{Heap after GC invocations=7 (full 0):
 garbage-first heap   total 157696K, used 23432K [0x0000000080000000, 0x0000000100000000)
  region size 1024K, 9 young (9216K), 9 survivors (9216K)
 Metaspace       used 35058K, capacity 35794K, committed 35840K, reserved 1081344K
  class space    used 4553K, capacity 4863K, committed 4864K, reserved 1048576K
}

Deoptimization events (20 events):
Event: 4.304 Thread 0x000001d05e8f1800 Uncommon trap: trap_request=0xffffffde fr.pc=0x000001d04ca5dd1c relative=0x000000000000047c
Event: 4.304 Thread 0x000001d05e8f1800 Uncommon trap: reason=class_check action=maybe_recompile pc=0x000001d04ca5dd1c method=java.util.regex.Pattern$Start.match(Ljava/util/regex/Matcher;ILjava/lang/CharSequence;)Z @ 44 c2
Event: 4.304 Thread 0x000001d05e8f1800 DEOPT PACKING pc=0x000001d04ca5dd1c sp=0x00000022994f75c0
Event: 4.304 Thread 0x000001d05e8f1800 DEOPT UNPACKING pc=0x000001d044e4662f sp=0x00000022994f7488 mode 2
Event: 4.331 Thread 0x000001d05e8f1800 Uncommon trap: trap_request=0xffffffde fr.pc=0x000001d04ca5dd1c relative=0x000000000000047c
Event: 4.331 Thread 0x000001d05e8f1800 Uncommon trap: reason=class_check action=maybe_recompile pc=0x000001d04ca5dd1c method=java.util.regex.Pattern$Start.match(Ljava/util/regex/Matcher;ILjava/lang/CharSequence;)Z @ 44 c2
Event: 4.331 Thread 0x000001d05e8f1800 DEOPT PACKING pc=0x000001d04ca5dd1c sp=0x00000022994f7cf0
Event: 4.331 Thread 0x000001d05e8f1800 DEOPT UNPACKING pc=0x000001d044e4662f sp=0x00000022994f7bb8 mode 2
Event: 4.332 Thread 0x000001d05e8f1800 Uncommon trap: trap_request=0xffffffde fr.pc=0x000001d04ca5dd1c relative=0x000000000000047c
Event: 4.332 Thread 0x000001d05e8f1800 Uncommon trap: reason=class_check action=maybe_recompile pc=0x000001d04ca5dd1c method=java.util.regex.Pattern$Start.match(Ljava/util/regex/Matcher;ILjava/lang/CharSequence;)Z @ 44 c2
Event: 4.332 Thread 0x000001d05e8f1800 DEOPT PACKING pc=0x000001d04ca5dd1c sp=0x00000022994f7cf0
Event: 4.332 Thread 0x000001d05e8f1800 DEOPT UNPACKING pc=0x000001d044e4662f sp=0x00000022994f7bb8 mode 2
Event: 4.332 Thread 0x000001d05e8f1800 Uncommon trap: trap_request=0xffffffde fr.pc=0x000001d04ca51bd8 relative=0x0000000000000458
Event: 4.332 Thread 0x000001d05e8f1800 Uncommon trap: reason=class_check action=maybe_recompile pc=0x000001d04ca51bd8 method=java.util.regex.Pattern$Start.match(Ljava/util/regex/Matcher;ILjava/lang/CharSequence;)Z @ 44 c2
Event: 4.332 Thread 0x000001d05e8f1800 DEOPT PACKING pc=0x000001d04ca51bd8 sp=0x00000022994f7c70
Event: 4.332 Thread 0x000001d05e8f1800 DEOPT UNPACKING pc=0x000001d044e4662f sp=0x00000022994f7bb0 mode 2
Event: 4.332 Thread 0x000001d05e8f1800 Uncommon trap: trap_request=0xffffffde fr.pc=0x000001d04ca53154 relative=0x00000000000002f4
Event: 4.332 Thread 0x000001d05e8f1800 Uncommon trap: reason=class_check action=maybe_recompile pc=0x000001d04ca53154 method=java.util.regex.Pattern$Start.match(Ljava/util/regex/Matcher;ILjava/lang/CharSequence;)Z @ 44 c2
Event: 4.332 Thread 0x000001d05e8f1800 DEOPT PACKING pc=0x000001d04ca53154 sp=0x00000022994f7bf0
Event: 4.332 Thread 0x000001d05e8f1800 DEOPT UNPACKING pc=0x000001d044e4662f sp=0x00000022994f7bb0 mode 2

Classes redefined (0 events):
No events

Internal exceptions (20 events):
Event: 4.387 Thread 0x000001d05e8f1800 Exception <a 'java/lang/ClassNotFoundException'{0x0000000087217aa8}: org/gradle/api/internal/project/AbstractPluginAwareBeanInfo> (0x0000000087217aa8) thrown at [./src/hotspot/share/classfile/systemDictionary.cpp, line 231]
Event: 4.388 Thread 0x000001d05e8f1800 Exception <a 'java/lang/ClassNotFoundException'{0x000000008723db18}: org/gradle/api/internal/project/AbstractPluginAwareCustomizer> (0x000000008723db18) thrown at [./src/hotspot/share/classfile/systemDictionary.cpp, line 231]
Event: 4.389 Thread 0x000001d05e8f1800 Exception <a 'java/lang/ClassNotFoundException'{0x0000000087267c08}: org/gradle/initialization/DefaultSettingsCustomizer> (0x0000000087267c08) thrown at [./src/hotspot/share/classfile/systemDictionary.cpp, line 231]
Event: 4.392 Thread 0x000001d05e8f1800 Exception <a 'java/lang/ClassNotFoundException'{0x00000000872bc0c8}: org/gradle/initialization/DefaultSettings_DecoratedCustomizer> (0x00000000872bc0c8) thrown at [./src/hotspot/share/classfile/systemDictionary.cpp, line 231]
Event: 4.418 Thread 0x000001d05e8f1800 Exception <a 'java/lang/ClassNotFoundException'{0x000000008702d940}: org/gradle/internal/metaobject/ConfigureDelegateBeanInfo> (0x000000008702d940) thrown at [./src/hotspot/share/classfile/systemDictionary.cpp, line 231]
Event: 4.419 Thread 0x000001d05e8f1800 Exception <a 'java/lang/ClassNotFoundException'{0x0000000087053ae0}: org/gradle/internal/metaobject/ConfigureDelegateCustomizer> (0x0000000087053ae0) thrown at [./src/hotspot/share/classfile/systemDictionary.cpp, line 231]
Event: 4.429 Thread 0x000001d05e8f1800 Exception <a 'java/lang/ClassNotFoundException'{0x0000000086f715c8}: org/gradle/internal/management/DefaultDependencyResolutionManagement_DecoratedBeanInfo> (0x0000000086f715c8) thrown at [./src/hotspot/share/classfile/systemDictionary.cpp, line 231]
Event: 4.430 Thread 0x000001d05e8f1800 Exception <a 'java/lang/ClassNotFoundException'{0x0000000086faac48}: org/gradle/internal/management/DefaultDependencyResolutionManagementBeanInfo> (0x0000000086faac48) thrown at [./src/hotspot/share/classfile/systemDictionary.cpp, line 231]
Event: 4.430 Thread 0x000001d05e8f1800 Exception <a 'java/lang/ClassNotFoundException'{0x0000000086fe44a0}: org/gradle/internal/management/DefaultDependencyResolutionManagementCustomizer> (0x0000000086fe44a0) thrown at [./src/hotspot/share/classfile/systemDictionary.cpp, line 231]
Event: 4.432 Thread 0x000001d05e8f1800 Exception <a 'java/lang/ClassNotFoundException'{0x0000000086e33bc0}: org/gradle/internal/management/DefaultDependencyResolutionManagement_DecoratedCustomizer> (0x0000000086e33bc0) thrown at [./src/hotspot/share/classfile/systemDictionary.cpp, line 231]
Event: 4.438 Thread 0x000001d05e8f1800 Exception <a 'java/lang/ClassNotFoundException'{0x0000000086ebf3e0}: org/gradle/api/initialization/resolve/RepositoriesModeBeanInfo> (0x0000000086ebf3e0) thrown at [./src/hotspot/share/classfile/systemDictionary.cpp, line 231]
Event: 4.438 Thread 0x000001d05e8f1800 Exception <a 'java/lang/ClassNotFoundException'{0x0000000086ec4310}: java/lang/EnumBeanInfo> (0x0000000086ec4310) thrown at [./src/hotspot/share/classfile/systemDictionary.cpp, line 231]
Event: 4.439 Thread 0x000001d05e8f1800 Exception <a 'java/lang/ClassNotFoundException'{0x0000000086ec91f8}: java/lang/EnumCustomizer> (0x0000000086ec91f8) thrown at [./src/hotspot/share/classfile/systemDictionary.cpp, line 231]
Event: 4.440 Thread 0x000001d05e8f1800 Exception <a 'java/lang/ClassNotFoundException'{0x0000000086ef7ad8}: org/gradle/api/initialization/resolve/RepositoriesModeCustomizer> (0x0000000086ef7ad8) thrown at [./src/hotspot/share/classfile/systemDictionary.cpp, line 231]
Event: 4.447 Thread 0x000001d05e8f1800 Exception <a 'java/lang/ClassNotFoundException'{0x0000000086db0bd0}: org/gradle/api/internal/provider/DefaultPropertyBeanInfo> (0x0000000086db0bd0) thrown at [./src/hotspot/share/classfile/systemDictionary.cpp, line 231]
Event: 4.448 Thread 0x000001d05e8f1800 Exception <a 'java/lang/ClassNotFoundException'{0x0000000086dd6eb8}: org/gradle/api/internal/provider/AbstractPropertyBeanInfo> (0x0000000086dd6eb8) thrown at [./src/hotspot/share/classfile/systemDictionary.cpp, line 231]
Event: 4.448 Thread 0x000001d05e8f1800 Exception <a 'java/lang/ClassNotFoundException'{0x0000000086dff0b0}: org/gradle/api/internal/provider/AbstractMinimalProviderBeanInfo> (0x0000000086dff0b0) thrown at [./src/hotspot/share/classfile/systemDictionary.cpp, line 231]
Event: 4.449 Thread 0x000001d05e8f1800 Exception <a 'java/lang/ClassNotFoundException'{0x0000000086c28610}: org/gradle/api/internal/provider/AbstractMinimalProviderCustomizer> (0x0000000086c28610) thrown at [./src/hotspot/share/classfile/systemDictionary.cpp, line 231]
Event: 4.452 Thread 0x000001d05e8f1800 Exception <a 'java/lang/ClassNotFoundException'{0x0000000086c89628}: org/gradle/api/internal/provider/AbstractPropertyCustomizer> (0x0000000086c89628) thrown at [./src/hotspot/share/classfile/systemDictionary.cpp, line 231]
Event: 4.453 Thread 0x000001d05e8f1800 Exception <a 'java/lang/ClassNotFoundException'{0x0000000086cbbf30}: org/gradle/api/internal/provider/DefaultPropertyCustomizer> (0x0000000086cbbf30) thrown at [./src/hotspot/share/classfile/systemDictionary.cpp, line 231]

Events (20 events):
Event: 4.478 loading class groovyjarjarasm/asm/CurrentFrame
Event: 4.478 loading class groovyjarjarasm/asm/CurrentFrame done
Event: 4.479 loading class groovyjarjarasm/asm/Label
Event: 4.479 loading class groovyjarjarasm/asm/Label done
Event: 4.480 loading class groovyjarjarasm/asm/Edge
Event: 4.480 loading class groovyjarjarasm/asm/Edge done
Event: 4.481 loading class org/codehaus/groovy/classgen/asm/BytecodeHelper
Event: 4.481 loading class org/codehaus/groovy/classgen/asm/BytecodeHelper done
Event: 4.482 loading class org/codehaus/groovy/runtime/typehandling/DefaultTypeTransformation
Event: 4.482 loading class org/codehaus/groovy/runtime/typehandling/DefaultTypeTransformation done
Event: 4.483 loading class groovyjarjarasm/asm/Handler
Event: 4.483 loading class groovyjarjarasm/asm/Handler done
Event: 4.484 loading class groovyjarjarasm/asm/Attribute
Event: 4.484 loading class groovyjarjarasm/asm/Attribute done
Event: 4.485 loading class org/codehaus/groovy/reflection/ClassLoaderForClassArtifacts
Event: 4.485 loading class org/codehaus/groovy/reflection/ClassLoaderForClassArtifacts done
Event: 4.486 loading class groovy/runtime/metaclass/settings_d0zm5arrw3pmhjmdztzrpndp8$_run_closure1$_closure2MetaClass
Event: 4.486 loading class groovy/runtime/metaclass/settings_d0zm5arrw3pmhjmdztzrpndp8$_run_closure1$_closure2MetaClass done
Event: 4.488 loading class groovy/runtime/metaclass/org/gradle/api/internal/artifacts/dsl/DefaultRepositoryHandler_DecoratedMetaClass
Event: 4.488 loading class groovy/runtime/metaclass/org/gradle/api/internal/artifacts/dsl/DefaultRepositoryHandler_DecoratedMetaClass done


Dynamic libraries:
0x00007ff7f3360000 - 0x00007ff7f336a000 	E:\ANDROID STUDIO\jre\bin\java.exe
0x00007ffc0e350000 - 0x00007ffc0e545000 	C:\Windows\SYSTEM32\ntdll.dll
0x00007ffc0c9f0000 - 0x00007ffc0caae000 	C:\Windows\System32\KERNEL32.DLL
0x00007ffc0ba60000 - 0x00007ffc0bd28000 	C:\Windows\System32\KERNELBASE.dll
0x00007ffc092f0000 - 0x00007ffc09380000 	C:\Windows\SYSTEM32\apphelp.dll
0x00007ffc0bde0000 - 0x00007ffc0bee0000 	C:\Windows\System32\ucrtbase.dll
0x00007ffc092a0000 - 0x00007ffc092b9000 	E:\ANDROID STUDIO\jre\bin\jli.dll
0x00007ffc0c760000 - 0x00007ffc0c901000 	C:\Windows\System32\USER32.dll
0x00007ffc0c0a0000 - 0x00007ffc0c0c2000 	C:\Windows\System32\win32u.dll
0x00007ffc0d440000 - 0x00007ffc0d46b000 	C:\Windows\System32\GDI32.dll
0x00007ffc0c0d0000 - 0x00007ffc0c1dd000 	C:\Windows\System32\gdi32full.dll
0x00007ffc0c210000 - 0x00007ffc0c2ad000 	C:\Windows\System32\msvcp_win.dll
0x00007ffc09280000 - 0x00007ffc09297000 	E:\ANDROID STUDIO\jre\bin\VCRUNTIME140.dll
0x00007ffbf4880000 - 0x00007ffbf4b1a000 	C:\Windows\WinSxS\amd64_microsoft.windows.common-controls_6595b64144ccf1df_6.0.19041.1110_none_60b5254171f9507e\COMCTL32.dll
0x00007ffc0d470000 - 0x00007ffc0d50e000 	C:\Windows\System32\msvcrt.dll
0x00007ffc0d6c0000 - 0x00007ffc0d6f0000 	C:\Windows\System32\IMM32.DLL
0x00007ffbfa590000 - 0x00007ffbfa62d000 	E:\ANDROID STUDIO\jre\bin\msvcp140.dll
0x00007ffbc0460000 - 0x00007ffbc0f35000 	E:\ANDROID STUDIO\jre\bin\server\jvm.dll
0x00007ffc0c940000 - 0x00007ffc0c9ee000 	C:\Windows\System32\ADVAPI32.dll
0x00007ffc0c5f0000 - 0x00007ffc0c68c000 	C:\Windows\System32\sechost.dll
0x00007ffc0c390000 - 0x00007ffc0c4b5000 	C:\Windows\System32\RPCRT4.dll
0x00007ffc0c910000 - 0x00007ffc0c918000 	C:\Windows\System32\PSAPI.DLL
0x00007ffc07760000 - 0x00007ffc07769000 	C:\Windows\SYSTEM32\WSOCK32.dll
0x00007ffc0e110000 - 0x00007ffc0e17b000 	C:\Windows\System32\WS2_32.dll
0x00007ffc01dc0000 - 0x00007ffc01de7000 	C:\Windows\SYSTEM32\WINMM.dll
0x00007ffc04d80000 - 0x00007ffc04d8a000 	C:\Windows\SYSTEM32\VERSION.dll
0x00007ffc09970000 - 0x00007ffc09982000 	C:\Windows\SYSTEM32\kernel.appcore.dll
0x00007ffbf6300000 - 0x00007ffbf6311000 	E:\ANDROID STUDIO\jre\bin\verify.dll
0x00007ffc05890000 - 0x00007ffc05a74000 	C:\Windows\SYSTEM32\DBGHELP.DLL
0x00007ffbfae70000 - 0x00007ffbfae9c000 	C:\Windows\SYSTEM32\dbgcore.DLL
0x00007ffc0c2b0000 - 0x00007ffc0c332000 	C:\Windows\System32\bcryptPrimitives.dll
0x00007ffbf5d50000 - 0x00007ffbf5d79000 	E:\ANDROID STUDIO\jre\bin\java.dll
0x00007ffc075c0000 - 0x00007ffc075cb000 	E:\ANDROID STUDIO\jre\bin\jimage.dll
0x00007ffbf5d30000 - 0x00007ffbf5d48000 	E:\ANDROID STUDIO\jre\bin\zip.dll
0x00007ffc0d880000 - 0x00007ffc0dfc4000 	C:\Windows\System32\SHELL32.dll
0x00007ffc09b70000 - 0x00007ffc0a305000 	C:\Windows\SYSTEM32\windows.storage.dll
0x00007ffc0cc60000 - 0x00007ffc0cfb5000 	C:\Windows\System32\combase.dll
0x00007ffc0b3e0000 - 0x00007ffc0b40e000 	C:\Windows\SYSTEM32\Wldp.dll
0x00007ffc0e260000 - 0x00007ffc0e30d000 	C:\Windows\System32\SHCORE.dll
0x00007ffc0c700000 - 0x00007ffc0c755000 	C:\Windows\System32\shlwapi.dll
0x00007ffc0b9a0000 - 0x00007ffc0b9bf000 	C:\Windows\SYSTEM32\profapi.dll
0x00007ffbf5b60000 - 0x00007ffbf5b7a000 	E:\ANDROID STUDIO\jre\bin\net.dll
0x00007ffc05040000 - 0x00007ffc0514c000 	C:\Windows\SYSTEM32\WINHTTP.dll
0x00007ffc0b140000 - 0x00007ffc0b1aa000 	C:\Windows\system32\mswsock.dll
0x00007ffbf5b40000 - 0x00007ffbf5b54000 	E:\ANDROID STUDIO\jre\bin\nio.dll
0x00007ffbf1f80000 - 0x00007ffbf1fa7000 	C:\Users\Rostya\.gradle\native\e1d6ef7f7dcc3fd88c89a11ec53ec762bb8ba0a96d01ffa2cd45eb1d1d8dd5c5\windows-amd64\native-platform.dll
0x00007ffbfa440000 - 0x00007ffbfa584000 	C:\Users\Rostya\.gradle\native\5664cfc778a61ccfe75a443a1ab52a65af34e5dc3c78e0209fed803814484fcb\windows-amd64\native-platform-file-events.dll
0x00007ffc06da0000 - 0x00007ffc06daa000 	E:\ANDROID STUDIO\jre\bin\management.dll
0x00007ffc04af0000 - 0x00007ffc04afd000 	E:\ANDROID STUDIO\jre\bin\management_ext.dll
0x00007ffc0b340000 - 0x00007ffc0b358000 	C:\Windows\SYSTEM32\CRYPTSP.dll
0x00007ffc0aac0000 - 0x00007ffc0aaf4000 	C:\Windows\system32\rsaenh.dll
0x00007ffc0c1e0000 - 0x00007ffc0c207000 	C:\Windows\System32\bcrypt.dll
0x00007ffc0b960000 - 0x00007ffc0b98e000 	C:\Windows\SYSTEM32\USERENV.dll
0x00007ffc0b330000 - 0x00007ffc0b33c000 	C:\Windows\SYSTEM32\CRYPTBASE.dll
0x00007ffc0ae30000 - 0x00007ffc0ae6b000 	C:\Windows\SYSTEM32\IPHLPAPI.DLL
0x00007ffc0cbd0000 - 0x00007ffc0cbd8000 	C:\Windows\System32\NSI.dll
0x00007ffc05800000 - 0x00007ffc05817000 	C:\Windows\SYSTEM32\dhcpcsvc6.DLL
0x00007ffc057e0000 - 0x00007ffc057fd000 	C:\Windows\SYSTEM32\dhcpcsvc.DLL
0x00007ffc0ae70000 - 0x00007ffc0af3b000 	C:\Windows\SYSTEM32\DNSAPI.dll

dbghelp: loaded successfully - version: 4.0.5 - missing functions: none
symbol engine: initialized successfully - sym options: 0x614 - pdb path: .;E:\ANDROID STUDIO\jre\bin;C:\Windows\SYSTEM32;C:\Windows\WinSxS\amd64_microsoft.windows.common-controls_6595b64144ccf1df_6.0.19041.1110_none_60b5254171f9507e;E:\ANDROID STUDIO\jre\bin\server;C:\Users\Rostya\.gradle\native\e1d6ef7f7dcc3fd88c89a11ec53ec762bb8ba0a96d01ffa2cd45eb1d1d8dd5c5\windows-amd64;C:\Users\Rostya\.gradle\native\5664cfc778a61ccfe75a443a1ab52a65af34e5dc3c78e0209fed803814484fcb\windows-amd64

VM Arguments:
jvm_args: --add-opens=java.base/java.util=ALL-UNNAMED --add-opens=java.base/java.lang=ALL-UNNAMED --add-opens=java.base/java.lang.invoke=ALL-UNNAMED --add-opens=java.base/java.util=ALL-UNNAMED --add-opens=java.prefs/java.util.prefs=ALL-UNNAMED --add-opens=java.prefs/java.util.prefs=ALL-UNNAMED --add-opens=java.base/java.nio.charset=ALL-UNNAMED --add-opens=java.base/java.net=ALL-UNNAMED --add-opens=java.base/java.util.concurrent.atomic=ALL-UNNAMED -Xmx2048m -Dfile.encoding=UTF-8 -Duser.country=RU -Duser.language=ru -Duser.variant 
java_command: org.gradle.launcher.daemon.bootstrap.GradleDaemon 7.2
java_class_path (initial): C:\Users\Rostya\.gradle\wrapper\dists\gradle-7.2-bin\2dnblmf4td7x66yl1d74lt32g\gradle-7.2\lib\gradle-launcher-7.2.jar
Launcher Type: SUN_STANDARD

[Global flags]
     intx CICompilerCount                          = 3                                         {product} {ergonomic}
     uint ConcGCThreads                            = 2                                         {product} {ergonomic}
     uint G1ConcRefinementThreads                  = 6                                         {product} {ergonomic}
   size_t G1HeapRegionSize                         = 1048576                                   {product} {ergonomic}
    uintx GCDrainStackTargetSize                   = 64                                        {product} {ergonomic}
   size_t InitialHeapSize                          = 134217728                                 {product} {ergonomic}
   size_t MarkStackSize                            = 4194304                                   {product} {ergonomic}
   size_t MaxHeapSize                              = 2147483648                                {product} {command line}
   size_t MaxNewSize                               = 1287651328                                {product} {ergonomic}
   size_t MinHeapDeltaBytes                        = 1048576                                   {product} {ergonomic}
    uintx NonNMethodCodeHeapSize                   = 5830732                                {pd product} {ergonomic}
    uintx NonProfiledCodeHeapSize                  = 122913754                              {pd product} {ergonomic}
    uintx ProfiledCodeHeapSize                     = 122913754                              {pd product} {ergonomic}
    uintx ReservedCodeCacheSize                    = 251658240                              {pd product} {ergonomic}
     bool SegmentedCodeCache                       = true                                      {product} {ergonomic}
     bool UseCompressedClassPointers               = true                                 {lp64_product} {ergonomic}
     bool UseCompressedOops                        = true                                 {lp64_product} {ergonomic}
     bool UseG1GC                                  = true                                      {product} {ergonomic}
     bool UseLargePagesIndividualAllocation        = false                                  {pd product} {ergonomic}

Logging:
Log output configuration:
 #0: stdout all=warning uptime,level,tags
 #1: stderr all=off uptime,level,tags

Environment Variables:
PATH=C:\Windows\system32;C:\Windows;C:\Windows\System32\Wbem;C:\Windows\System32\WindowsPowerShell\v1.0\;C:\Windows\System32\OpenSSH\;C:\Program Files\Git\cmd;C:\Users\Rostya\AppData\Local\Microsoft\WindowsApps
USERNAME=Rostya
OS=Windows_NT
PROCESSOR_IDENTIFIER=AMD64 Family 21 Model 2 Stepping 0, AuthenticAMD



---------------  S Y S T E M  ---------------

OS: Windows 10 , 64 bit Build 19041 (10.0.19041.1466)
OS uptime: 0 days 0:38 hours

CPU:total 6 (initial active 6) (6 cores per cpu, 1 threads per core) family 21 model 2 stepping 0 microcode 0x0, cmov, cx8, fxsr, mmx, sse, sse2, sse3, ssse3, sse4.1, sse4.2, popcnt, avx, aes, clmul, mmxext, 3dnowpref, lzcnt, sse4a, tsc, tscinvbit, tscinv, bmi1, fma

Memory: 4k page, system-wide physical 8088M (2643M free)
TotalPageFile size 8088M (AvailPageFile size 8M)
current process WorkingSet (physical memory assigned to process): 253M, peak: 258M
current process commit charge ("private bytes"): 330M, peak: 335M

vm_info: OpenJDK 64-Bit Server VM (11.0.11+9-b60-7590822) for windows-amd64 JRE (11.0.11+9-b60-7590822), built on Jul 29 2021 21:43:44 by "builder" with MS VC++ 14.0 (VS2015)

END.
