#
# There is insufficient memory for the Java Runtime Environment to continue.
# Native memory allocation (mmap) failed to map 29360128 bytes for G1 virtual space
# Possible reasons:
#   The system is out of physical RAM or swap space
#   The process is running with CompressedOops enabled, and the Java Heap may be blocking the growth of the native heap
# Possible solutions:
#   Reduce memory load on the system
#   Increase physical memory or swap space
#   Check if swap backing store is full
#   Decrease Java heap size (-Xmx/-Xms)
#   Decrease number of Java threads
#   Decrease Java thread stack sizes (-Xss)
#   Set larger code cache with -XX:ReservedCodeCacheSize=
#   JVM is running with Unscaled Compressed Oops mode in which the Java heap is
#     placed in the first 4GB address space. The Java Heap base address is the
#     maximum limit for the native heap growth. Please use -XX:HeapBaseMinAddress
#     to set the Java Heap base and to place the Java Heap above 4GB virtual address.
# This output file may be truncated or incomplete.
#
#  Out of Memory Error (os_windows.cpp:3532), pid=2340, tid=9728
#
# JRE version: Java(TM) SE Runtime Environment (17.0.2+8) (build 17.0.2+8-LTS-86)
# Java VM: Java HotSpot(TM) 64-Bit Server VM (17.0.2+8-LTS-86, mixed mode, sharing, tiered, compressed oops, compressed class ptrs, g1 gc, windows-amd64)
# No core dump will be written. Minidumps are not enabled by default on client versions of Windows
#

---------------  S U M M A R Y ------------

Command Line: --add-opens=java.base/java.util=ALL-UNNAMED --add-opens=java.base/java.lang=ALL-UNNAMED --add-opens=java.base/java.lang.invoke=ALL-UNNAMED --add-opens=java.base/java.util=ALL-UNNAMED --add-opens=java.prefs/java.util.prefs=ALL-UNNAMED --add-opens=java.prefs/java.util.prefs=ALL-UNNAMED --add-opens=java.base/java.nio.charset=ALL-UNNAMED --add-opens=java.base/java.net=ALL-UNNAMED --add-opens=java.base/java.util.concurrent.atomic=ALL-UNNAMED -Xmx2048m -Dfile.encoding=UTF-8 -Duser.country=RU -Duser.language=ru -Duser.variant org.gradle.launcher.daemon.bootstrap.GradleDaemon 7.2

Host: AMD FX(tm)-6350 Six-Core Processor             , 6 cores, 7G,  Windows 10 , 64 bit Build 19041 (10.0.19041.1466)
Time: Fri Feb  4 03:25:37 2022  Windows 10 , 64 bit Build 19041 (10.0.19041.1466) elapsed time: 11.799027 seconds (0d 0h 0m 11s)

---------------  T H R E A D  ---------------

Current thread (0x00000202ff63a9e0):  VMThread "VM Thread" [stack: 0x000000302e900000,0x000000302ea00000] [id=9728]

Stack: [0x000000302e900000,0x000000302ea00000]
Native frames: (J=compiled Java code, j=interpreted, Vv=VM code, C=native code)
V  [jvm.dll+0x670baa]
V  [jvm.dll+0x7cfcb4]
V  [jvm.dll+0x7d145e]
V  [jvm.dll+0x7d1ac3]
V  [jvm.dll+0x242bc5]
V  [jvm.dll+0x66dac9]
V  [jvm.dll+0x662412]
V  [jvm.dll+0x300c0b]
V  [jvm.dll+0x3081a6]
V  [jvm.dll+0x357d0e]
V  [jvm.dll+0x357f3f]
V  [jvm.dll+0x2d7ec8]
V  [jvm.dll+0x2daf46]
V  [jvm.dll+0x2e5588]
V  [jvm.dll+0x319300]
V  [jvm.dll+0x7d5f9b]
V  [jvm.dll+0x7d6cd4]
V  [jvm.dll+0x7d71ec]
V  [jvm.dll+0x7d75c4]
V  [jvm.dll+0x7d7690]
V  [jvm.dll+0x77ff7a]
V  [jvm.dll+0x66fa35]
C  [ucrtbase.dll+0x21bb2]
C  [KERNEL32.DLL+0x17034]
C  [ntdll.dll+0x52651]

VM_Operation (0x000000302e5ff670): G1Concurrent, mode: safepoint, requested by thread 0x00000202f295f1d0


---------------  P R O C E S S  ---------------

Threads class SMR info:
_java_thread_list=0x000002029700abe0, length=104, elements={
0x00000202f290fd10, 0x00000202ff640390, 0x00000202ff640e50, 0x00000202ff655680,
0x00000202ff658050, 0x00000202ff658910, 0x00000202ff6591d0, 0x00000202ff665940,
0x00000202ff66e300, 0x00000202ff67b040, 0x00000202919caf40, 0x00000202919cbe50,
0x0000020291afa5d0, 0x00000202933be0f0, 0x000002029310f420, 0x00000202935777a0,
0x00000202933233b0, 0x00000202932a8600, 0x0000020293484820, 0x000002029331eca0,
0x00000202934b7870, 0x000002029319b0a0, 0x0000020292624920, 0x00000202926235e0,
0x0000020292623ab0, 0x0000020292623110, 0x0000020292623f80, 0x0000020292624df0,
0x00000202926252c0, 0x0000020292625790, 0x0000020292621dd0, 0x00000202926222a0,
0x0000020292622c40, 0x000002029550efa0, 0x000002029550bab0, 0x0000020295510c80,
0x000002029550f940, 0x0000020295511150, 0x000002029550e600, 0x0000020295509900,
0x000002029550fe10, 0x000002029550cdf0, 0x000002029550f470, 0x00000202955107b0,
0x000002029550a2a0, 0x000002029550ead0, 0x000002029550ac40, 0x000002029550b110,
0x000002029550b5e0, 0x000002029550bf80, 0x000002029550c450, 0x000002029550c920,
0x000002029550d2c0, 0x0000020295da0070, 0x0000020295da2220, 0x0000020295da0540,
0x0000020295da26f0, 0x0000020295da1d50, 0x0000020295da3560, 0x0000020295da2bc0,
0x0000020295da0a10, 0x0000020295da0ee0, 0x0000020295da13b0, 0x0000020295da3090,
0x0000020295da3a30, 0x0000020295da1880, 0x000002029666edb0, 0x000002029666d5a0,
0x000002029666da70, 0x000002029666bd90, 0x000002029666f280, 0x000002029666c730,
0x000002029666d0d0, 0x000002029666df40, 0x000002029666e8e0, 0x000002029666f750,
0x000002029666c260, 0x000002029666e410, 0x000002029666cc00, 0x00000202929cbba0,
0x00000202929ca390, 0x00000202929cb200, 0x00000202929cb6d0, 0x00000202929c81e0,
0x00000202929c86b0, 0x00000202929c99f0, 0x00000202929c8b80, 0x00000202929c9050,
0x00000202929c9ec0, 0x00000202929cad30, 0x00000202929ca860, 0x00000202929c9520,
0x00000202968b3af0, 0x00000202968b1470, 0x00000202968b1e10, 0x00000202968adf80,
0x00000202968ad110, 0x00000202968b3fc0, 0x00000202968b4490, 0x00000202968b3620,
0x00000202968b2c80, 0x00000202968ae450, 0x00000202968b3150, 0x00000202968b4960
}

Java Threads: ( => current thread )
  0x00000202f290fd10 JavaThread "main" [_thread_blocked, id=8052, stack(0x000000302e300000,0x000000302e400000)]
  0x00000202ff640390 JavaThread "Reference Handler" daemon [_thread_blocked, id=3464, stack(0x000000302ea00000,0x000000302eb00000)]
  0x00000202ff640e50 JavaThread "Finalizer" daemon [_thread_blocked, id=6520, stack(0x000000302eb00000,0x000000302ec00000)]
  0x00000202ff655680 JavaThread "Signal Dispatcher" daemon [_thread_blocked, id=10052, stack(0x000000302ec00000,0x000000302ed00000)]
  0x00000202ff658050 JavaThread "Attach Listener" daemon [_thread_blocked, id=4192, stack(0x000000302ed00000,0x000000302ee00000)]
  0x00000202ff658910 JavaThread "Service Thread" daemon [_thread_blocked, id=8360, stack(0x000000302ee00000,0x000000302ef00000)]
  0x00000202ff6591d0 JavaThread "Monitor Deflation Thread" daemon [_thread_blocked, id=6256, stack(0x000000302ef00000,0x000000302f000000)]
  0x00000202ff665940 JavaThread "C2 CompilerThread0" daemon [_thread_blocked, id=8144, stack(0x000000302f000000,0x000000302f100000)]
  0x00000202ff66e300 JavaThread "C1 CompilerThread0" daemon [_thread_blocked, id=3556, stack(0x000000302f100000,0x000000302f200000)]
  0x00000202ff67b040 JavaThread "Sweeper thread" daemon [_thread_blocked, id=6080, stack(0x000000302f200000,0x000000302f300000)]
  0x00000202919caf40 JavaThread "Common-Cleaner" daemon [_thread_blocked, id=4092, stack(0x000000302f300000,0x000000302f400000)]
  0x00000202919cbe50 JavaThread "Notification Thread" daemon [_thread_blocked, id=9220, stack(0x000000302f400000,0x000000302f500000)]
  0x0000020291afa5d0 JavaThread "C2 CompilerThread1" daemon [_thread_blocked, id=2488, stack(0x000000302f600000,0x000000302f700000)]
  0x00000202933be0f0 JavaThread "Daemon health stats" [_thread_blocked, id=2092, stack(0x000000302fb00000,0x000000302fc00000)]
  0x000002029310f420 JavaThread "Incoming local TCP Connector on port 51745" [_thread_in_native, id=9780, stack(0x000000302fc00000,0x000000302fd00000)]
  0x00000202935777a0 JavaThread "Daemon periodic checks" [_thread_blocked, id=6036, stack(0x000000302fd00000,0x000000302fe00000)]
  0x00000202933233b0 JavaThread "Daemon" [_thread_blocked, id=8004, stack(0x000000302fe00000,0x000000302ff00000)]
  0x00000202932a8600 JavaThread "Handler for socket connection from /127.0.0.1:51745 to /127.0.0.1:51746" [_thread_in_native, id=3412, stack(0x000000302ff00000,0x0000003030000000)]
  0x0000020293484820 JavaThread "Cancel handler" [_thread_blocked, id=8056, stack(0x0000003030000000,0x0000003030100000)]
  0x000002029331eca0 JavaThread "Daemon worker" [_thread_blocked, id=7580, stack(0x0000003030100000,0x0000003030200000)]
  0x00000202934b7870 JavaThread "Asynchronous log dispatcher for DefaultDaemonConnection: socket connection from /127.0.0.1:51745 to /127.0.0.1:51746" [_thread_blocked, id=9340, stack(0x0000003030200000,0x0000003030300000)]
  0x000002029319b0a0 JavaThread "Stdin handler" [_thread_blocked, id=5872, stack(0x0000003030300000,0x0000003030400000)]
  0x0000020292624920 JavaThread "Daemon client event forwarder" [_thread_blocked, id=5400, stack(0x0000003030400000,0x0000003030500000)]
  0x00000202926235e0 JavaThread "Cache worker for journal cache (C:\Users\Rostya\.gradle\caches\journal-1)" [_thread_blocked, id=8640, stack(0x0000003030500000,0x0000003030600000)]
  0x0000020292623ab0 JavaThread "File lock request listener" [_thread_in_native, id=2336, stack(0x0000003030600000,0x0000003030700000)]
  0x0000020292623110 JavaThread "Cache worker for file hash cache (C:\Users\Rostya\.gradle\caches\7.2\fileHashes)" [_thread_blocked, id=4568, stack(0x0000003030700000,0x0000003030800000)]
  0x0000020292623f80 JavaThread "Cache worker for file hash cache (E:\Program Files\androidProjects\GeoQuiz\.gradle\7.2\fileHashes)" [_thread_blocked, id=7756, stack(0x0000003030800000,0x0000003030900000)]
  0x0000020292624df0 JavaThread "File watcher server" daemon [_thread_in_native, id=6180, stack(0x0000003030a00000,0x0000003030b00000)]
  0x00000202926252c0 JavaThread "File watcher consumer" daemon [_thread_blocked, id=8788, stack(0x0000003030b00000,0x0000003030c00000)]
  0x0000020292625790 JavaThread "jar transforms" [_thread_blocked, id=3436, stack(0x0000003030c00000,0x0000003030d00000)]
  0x0000020292621dd0 JavaThread "jar transforms Thread 2" [_thread_blocked, id=4936, stack(0x0000003030d00000,0x0000003030e00000)]
  0x00000202926222a0 JavaThread "jar transforms Thread 3" [_thread_blocked, id=2540, stack(0x0000003030e00000,0x0000003030f00000)]
  0x0000020292622c40 JavaThread "jar transforms Thread 4" [_thread_blocked, id=6272, stack(0x0000003030f00000,0x0000003031000000)]
  0x000002029550efa0 JavaThread "jar transforms Thread 5" [_thread_blocked, id=9680, stack(0x0000003031000000,0x0000003031100000)]
  0x000002029550bab0 JavaThread "jar transforms Thread 6" [_thread_blocked, id=900, stack(0x0000003031100000,0x0000003031200000)]
  0x0000020295510c80 JavaThread "Cache worker for checksums cache (E:\Program Files\androidProjects\GeoQuiz\.gradle\checksums)" [_thread_blocked, id=7284, stack(0x0000003031200000,0x0000003031300000)]
  0x000002029550f940 JavaThread "Cache worker for cache directory md-supplier (C:\Users\Rostya\.gradle\caches\7.2\md-supplier)" [_thread_blocked, id=5784, stack(0x0000003031300000,0x0000003031400000)]
  0x0000020295511150 JavaThread "Cache worker for cache directory md-rule (C:\Users\Rostya\.gradle\caches\7.2\md-rule)" [_thread_blocked, id=4440, stack(0x0000003031400000,0x0000003031500000)]
  0x000002029550e600 JavaThread "Cache worker for execution history cache (C:\Users\Rostya\.gradle\caches\7.2\executionHistory)" [_thread_blocked, id=2060, stack(0x0000003031700000,0x0000003031800000)]
  0x0000020295509900 JavaThread "Cache worker for file content cache (C:\Users\Rostya\.gradle\caches\7.2\fileContent)" [_thread_blocked, id=8528, stack(0x0000003031800000,0x0000003031900000)]
  0x000002029550fe10 JavaThread "Cache worker for dependencies-accessors (E:\Program Files\androidProjects\GeoQuiz\.gradle\7.2\dependencies-accessors)" [_thread_blocked, id=2016, stack(0x0000003031900000,0x0000003031a00000)]
  0x000002029550cdf0 JavaThread "Cache worker for Build Output Cleanup Cache (E:\Program Files\androidProjects\GeoQuiz\.gradle\buildOutputCleanup)" [_thread_blocked, id=6284, stack(0x0000003031a00000,0x0000003031b00000)]
  0x000002029550f470 JavaThread "Unconstrained build operations" [_thread_blocked, id=5756, stack(0x0000003031b00000,0x0000003031c00000)]
  0x00000202955107b0 JavaThread "Unconstrained build operations Thread 2" [_thread_blocked, id=9212, stack(0x0000003031c00000,0x0000003031d00000)]
  0x000002029550a2a0 JavaThread "Unconstrained build operations Thread 3" [_thread_blocked, id=7532, stack(0x0000003031d00000,0x0000003031e00000)]
  0x000002029550ead0 JavaThread "Unconstrained build operations Thread 4" [_thread_blocked, id=9232, stack(0x0000003031e00000,0x0000003031f00000)]
  0x000002029550ac40 JavaThread "Unconstrained build operations Thread 5" [_thread_blocked, id=1560, stack(0x0000003031f00000,0x0000003032000000)]
  0x000002029550b110 JavaThread "Unconstrained build operations Thread 6" [_thread_blocked, id=4816, stack(0x0000003032000000,0x0000003032100000)]
  0x000002029550b5e0 JavaThread "Unconstrained build operations Thread 7" [_thread_blocked, id=3604, stack(0x0000003032100000,0x0000003032200000)]
  0x000002029550bf80 JavaThread "Unconstrained build operations Thread 8" [_thread_blocked, id=3608, stack(0x0000003032200000,0x0000003032300000)]
  0x000002029550c450 JavaThread "Unconstrained build operations Thread 9" [_thread_blocked, id=3660, stack(0x0000003032300000,0x0000003032400000)]
  0x000002029550c920 JavaThread "Unconstrained build operations Thread 10" [_thread_blocked, id=3648, stack(0x0000003032400000,0x0000003032500000)]
  0x000002029550d2c0 JavaThread "Unconstrained build operations Thread 11" [_thread_blocked, id=3644, stack(0x0000003032500000,0x0000003032600000)]
  0x0000020295da0070 JavaThread "Unconstrained build operations Thread 12" [_thread_blocked, id=9156, stack(0x0000003032600000,0x0000003032700000)]
  0x0000020295da2220 JavaThread "Unconstrained build operations Thread 13" [_thread_blocked, id=3656, stack(0x0000003032700000,0x0000003032800000)]
  0x0000020295da0540 JavaThread "Unconstrained build operations Thread 14" [_thread_blocked, id=3652, stack(0x0000003032800000,0x0000003032900000)]
  0x0000020295da26f0 JavaThread "Unconstrained build operations Thread 15" [_thread_blocked, id=2596, stack(0x0000003032900000,0x0000003032a00000)]
  0x0000020295da1d50 JavaThread "Unconstrained build operations Thread 16" [_thread_blocked, id=8856, stack(0x0000003032a00000,0x0000003032b00000)]
  0x0000020295da3560 JavaThread "Unconstrained build operations Thread 17" [_thread_blocked, id=8512, stack(0x0000003032b00000,0x0000003032c00000)]
  0x0000020295da2bc0 JavaThread "Unconstrained build operations Thread 18" [_thread_blocked, id=5780, stack(0x0000003032c00000,0x0000003032d00000)]
  0x0000020295da0a10 JavaThread "Unconstrained build operations Thread 19" [_thread_blocked, id=5516, stack(0x0000003032d00000,0x0000003032e00000)]
  0x0000020295da0ee0 JavaThread "Unconstrained build operations Thread 20" [_thread_blocked, id=9996, stack(0x0000003032e00000,0x0000003032f00000)]
  0x0000020295da13b0 JavaThread "Unconstrained build operations Thread 21" [_thread_blocked, id=9504, stack(0x0000003032f00000,0x0000003033000000)]
  0x0000020295da3090 JavaThread "Unconstrained build operations Thread 22" [_thread_blocked, id=4916, stack(0x0000003033000000,0x0000003033100000)]
  0x0000020295da3a30 JavaThread "Unconstrained build operations Thread 23" [_thread_blocked, id=9436, stack(0x0000003033100000,0x0000003033200000)]
  0x0000020295da1880 JavaThread "Unconstrained build operations Thread 24" [_thread_blocked, id=3404, stack(0x0000003033200000,0x0000003033300000)]
  0x000002029666edb0 JavaThread "Unconstrained build operations Thread 25" [_thread_blocked, id=3728, stack(0x0000003033300000,0x0000003033400000)]
  0x000002029666d5a0 JavaThread "Unconstrained build operations Thread 26" [_thread_blocked, id=5740, stack(0x0000003033400000,0x0000003033500000)]
  0x000002029666da70 JavaThread "Unconstrained build operations Thread 27" [_thread_blocked, id=9256, stack(0x0000003033500000,0x0000003033600000)]
  0x000002029666bd90 JavaThread "Unconstrained build operations Thread 28" [_thread_blocked, id=1492, stack(0x0000003033600000,0x0000003033700000)]
  0x000002029666f280 JavaThread "Unconstrained build operations Thread 29" [_thread_blocked, id=8104, stack(0x0000003033700000,0x0000003033800000)]
  0x000002029666c730 JavaThread "Unconstrained build operations Thread 30" [_thread_blocked, id=9908, stack(0x0000003033800000,0x0000003033900000)]
  0x000002029666d0d0 JavaThread "Unconstrained build operations Thread 31" [_thread_blocked, id=6364, stack(0x0000003033900000,0x0000003033a00000)]
  0x000002029666df40 JavaThread "Unconstrained build operations Thread 32" [_thread_blocked, id=4548, stack(0x0000003033a00000,0x0000003033b00000)]
  0x000002029666e8e0 JavaThread "Unconstrained build operations Thread 33" [_thread_blocked, id=4536, stack(0x0000003033b00000,0x0000003033c00000)]
  0x000002029666f750 JavaThread "Unconstrained build operations Thread 34" [_thread_blocked, id=844, stack(0x0000003033c00000,0x0000003033d00000)]
  0x000002029666c260 JavaThread "Unconstrained build operations Thread 35" [_thread_blocked, id=9180, stack(0x0000003033d00000,0x0000003033e00000)]
  0x000002029666e410 JavaThread "Unconstrained build operations Thread 36" [_thread_blocked, id=9896, stack(0x0000003033e00000,0x0000003033f00000)]
  0x000002029666cc00 JavaThread "Unconstrained build operations Thread 37" [_thread_blocked, id=5300, stack(0x0000003033f00000,0x0000003034000000)]
  0x00000202929cbba0 JavaThread "Unconstrained build operations Thread 38" [_thread_blocked, id=8084, stack(0x0000003034000000,0x0000003034100000)]
  0x00000202929ca390 JavaThread "Unconstrained build operations Thread 39" [_thread_blocked, id=7944, stack(0x0000003034100000,0x0000003034200000)]
  0x00000202929cb200 JavaThread "Unconstrained build operations Thread 40" [_thread_blocked, id=10144, stack(0x0000003034200000,0x0000003034300000)]
  0x00000202929cb6d0 JavaThread "Unconstrained build operations Thread 41" [_thread_blocked, id=6104, stack(0x0000003034300000,0x0000003034400000)]
  0x00000202929c81e0 JavaThread "Unconstrained build operations Thread 42" [_thread_blocked, id=1528, stack(0x0000003034400000,0x0000003034500000)]
  0x00000202929c86b0 JavaThread "Unconstrained build operations Thread 43" [_thread_blocked, id=7280, stack(0x0000003034500000,0x0000003034600000)]
  0x00000202929c99f0 JavaThread "Unconstrained build operations Thread 44" [_thread_blocked, id=8664, stack(0x0000003034600000,0x0000003034700000)]
  0x00000202929c8b80 JavaThread "Unconstrained build operations Thread 45" [_thread_blocked, id=1832, stack(0x0000003034700000,0x0000003034800000)]
  0x00000202929c9050 JavaThread "Unconstrained build operations Thread 46" [_thread_blocked, id=1148, stack(0x0000003034800000,0x0000003034900000)]
  0x00000202929c9ec0 JavaThread "Unconstrained build operations Thread 47" [_thread_blocked, id=10028, stack(0x0000003034900000,0x0000003034a00000)]
  0x00000202929cad30 JavaThread "Unconstrained build operations Thread 48" [_thread_blocked, id=9384, stack(0x0000003034a00000,0x0000003034b00000)]
  0x00000202929ca860 JavaThread "Unconstrained build operations Thread 49" [_thread_blocked, id=8864, stack(0x0000003034b00000,0x0000003034c00000)]
  0x00000202929c9520 JavaThread "Unconstrained build operations Thread 50" [_thread_blocked, id=9788, stack(0x0000003034c00000,0x0000003034d00000)]
  0x00000202968b3af0 JavaThread "Unconstrained build operations Thread 51" [_thread_blocked, id=3796, stack(0x0000003034d00000,0x0000003034e00000)]
  0x00000202968b1470 JavaThread "Unconstrained build operations Thread 52" [_thread_blocked, id=3332, stack(0x0000003034e00000,0x0000003034f00000)]
  0x00000202968b1e10 JavaThread "Unconstrained build operations Thread 53" [_thread_blocked, id=1252, stack(0x0000003034f00000,0x0000003035000000)]
  0x00000202968adf80 JavaThread "Unconstrained build operations Thread 54" [_thread_blocked, id=8400, stack(0x0000003035000000,0x0000003035100000)]
  0x00000202968ad110 JavaThread "Unconstrained build operations Thread 55" [_thread_blocked, id=3632, stack(0x0000003035100000,0x0000003035200000)]
  0x00000202968b3fc0 JavaThread "Unconstrained build operations Thread 56" [_thread_blocked, id=8456, stack(0x0000003035200000,0x0000003035300000)]
  0x00000202968b4490 JavaThread "Unconstrained build operations Thread 57" [_thread_blocked, id=3704, stack(0x0000003035300000,0x0000003035400000)]
  0x00000202968b3620 JavaThread "Unconstrained build operations Thread 58" [_thread_blocked, id=4812, stack(0x0000003035400000,0x0000003035500000)]
  0x00000202968b2c80 JavaThread "Unconstrained build operations Thread 59" [_thread_blocked, id=8088, stack(0x0000003035500000,0x0000003035600000)]
  0x00000202968ae450 JavaThread "Unconstrained build operations Thread 60" [_thread_blocked, id=4156, stack(0x0000003035600000,0x0000003035700000)]
  0x00000202968b3150 JavaThread "Memory manager" [_thread_blocked, id=6912, stack(0x0000003035700000,0x0000003035800000)]
  0x00000202968b4960 JavaThread "build event listener" [_thread_blocked, id=8044, stack(0x0000003035800000,0x0000003035900000)]

Other Threads:
=>0x00000202ff63a9e0 VMThread "VM Thread" [stack: 0x000000302e900000,0x000000302ea00000] [id=9728]
  0x00000202f296f970 WatcherThread [stack: 0x000000302f500000,0x000000302f600000] [id=7304]
  0x00000202f294e4e0 GCTaskThread "GC Thread#0" [stack: 0x000000302e400000,0x000000302e500000] [id=3944]
  0x000002029251e8a0 GCTaskThread "GC Thread#1" [stack: 0x000000302f700000,0x000000302f800000] [id=9800]
  0x000002029251eb50 GCTaskThread "GC Thread#2" [stack: 0x000000302f800000,0x000000302f900000] [id=1964]
  0x0000020292cfbc50 GCTaskThread "GC Thread#3" [stack: 0x000000302f900000,0x000000302fa00000] [id=6212]
  0x00000202924c8f50 GCTaskThread "GC Thread#4" [stack: 0x000000302fa00000,0x000000302fb00000] [id=8784]
  0x0000020293fc1530 GCTaskThread "GC Thread#5" [stack: 0x0000003030900000,0x0000003030a00000] [id=9400]
  0x00000202f295f1d0 ConcurrentGCThread "G1 Main Marker" [stack: 0x000000302e500000,0x000000302e600000] [id=4464]
  0x00000202f2960130 ConcurrentGCThread "G1 Conc#0" [stack: 0x000000302e600000,0x000000302e700000] [id=2520]
  0x0000020293fc0510 ConcurrentGCThread "G1 Conc#1" [stack: 0x0000003031600000,0x0000003031700000] [id=2252]
  0x00000202f29df030 ConcurrentGCThread "G1 Refine#0" [stack: 0x000000302e700000,0x000000302e800000] [id=3424]
  0x0000020296847680 ConcurrentGCThread "G1 Refine#1" [stack: 0x0000003031500000,0x0000003031600000] [id=8572]
  0x00000202f29df800 ConcurrentGCThread "G1 Service" [stack: 0x000000302e800000,0x000000302e900000] [id=9200]

Threads with active compile tasks:
C2 CompilerThread0    11837 9189   !   4       org.gradle.internal.serialize.kryo.KryoBackedDecoder::readNullableString (15 bytes)

VM state: at safepoint (normal execution)

VM Mutex/Monitor currently owned by a thread:  ([mutex/lock_event])
[0x00000202f290d600] Threads_lock - owner thread: 0x00000202ff63a9e0
[0x00000202f290c0a0] Heap_lock - owner thread: 0x00000202f295f1d0

Heap address: 0x0000000080000000, size: 2048 MB, Compressed Oops mode: 32-bit

CDS archive(s) mapped at: [0x0000000800000000-0x0000000800bc0000-0x0000000800bc0000), size 12320768, SharedBaseAddress: 0x0000000800000000, ArchiveRelocationMode: 0.
Compressed class space mapped at: 0x0000000800c00000-0x0000000840c00000, reserved size: 1073741824
Narrow klass base: 0x0000000800000000, Narrow klass shift: 0, Narrow klass range: 0x100000000

GC Precious Log:
 CPUs: 6 total, 6 available
 Memory: 8088M
 Large Page Support: Disabled
 NUMA Support: Disabled
 Compressed Oops: Enabled (32-bit)
 Heap Region Size: 1M
 Heap Min Capacity: 8M
 Heap Initial Capacity: 128M
 Heap Max Capacity: 2G
 Pre-touch: Disabled
 Parallel Workers: 6
 Concurrent Workers: 2
 Concurrent Refinement Workers: 6
 Periodic GC: Disabled

Heap:
 garbage-first heap   total 162816K, used 112179K [0x0000000080000000, 0x0000000100000000)
  region size 1024K, 7 young (7168K), 3 survivors (3072K)
 Metaspace       used 72738K, committed 73344K, reserved 1114112K
  class space    used 9902K, committed 10176K, reserved 1048576K

Heap Regions: E=young(eden), S=young(survivor), O=old, HS=humongous(starts), HC=humongous(continues), CS=collection set, F=free, OA=open archive, CA=closed archive, TAMS=top-at-mark-start (previous, next)
|   0|0x0000000080000000, 0x0000000080100000, 0x0000000080100000|100%| O|  |TAMS 0x0000000080100000, 0x0000000080000000| Untracked 
|   1|0x0000000080100000, 0x0000000080200000, 0x0000000080200000|100%| O|  |TAMS 0x0000000080200000, 0x0000000080100000| Untracked 
|   2|0x0000000080200000, 0x0000000080300000, 0x0000000080300000|100%| O|  |TAMS 0x0000000080300000, 0x0000000080200000| Untracked 
|   3|0x0000000080300000, 0x0000000080400000, 0x0000000080400000|100%|HS|  |TAMS 0x0000000080400000, 0x0000000080300000| Complete 
|   4|0x0000000080400000, 0x0000000080500000, 0x0000000080500000|100%|HC|  |TAMS 0x0000000080500000, 0x0000000080400000| Complete 
|   5|0x0000000080500000, 0x0000000080600000, 0x0000000080600000|100%|HC|  |TAMS 0x0000000080600000, 0x0000000080500000| Complete 
|   6|0x0000000080600000, 0x0000000080700000, 0x0000000080700000|100%| O|  |TAMS 0x0000000080700000, 0x0000000080600000| Untracked 
|   7|0x0000000080700000, 0x0000000080800000, 0x0000000080800000|100%| O|  |TAMS 0x0000000080800000, 0x0000000080700000| Updating 
|   8|0x0000000080800000, 0x0000000080900000, 0x0000000080900000|100%| O|  |TAMS 0x0000000080900000, 0x0000000080800000| Untracked 
|   9|0x0000000080900000, 0x0000000080a00000, 0x0000000080a00000|100%| O|  |TAMS 0x0000000080a00000, 0x0000000080900000| Untracked 
|  10|0x0000000080a00000, 0x0000000080b00000, 0x0000000080b00000|100%|HS|  |TAMS 0x0000000080b00000, 0x0000000080a00000| Complete 
|  11|0x0000000080b00000, 0x0000000080c00000, 0x0000000080c00000|100%|HC|  |TAMS 0x0000000080c00000, 0x0000000080b00000| Complete 
|  12|0x0000000080c00000, 0x0000000080d00000, 0x0000000080d00000|100%|HS|  |TAMS 0x0000000080d00000, 0x0000000080c00000| Complete 
|  13|0x0000000080d00000, 0x0000000080e00000, 0x0000000080e00000|100%|HC|  |TAMS 0x0000000080e00000, 0x0000000080d00000| Complete 
|  14|0x0000000080e00000, 0x0000000080f00000, 0x0000000080f00000|100%|HC|  |TAMS 0x0000000080f00000, 0x0000000080e00000| Complete 
|  15|0x0000000080f00000, 0x0000000081000000, 0x0000000081000000|100%|HS|  |TAMS 0x0000000081000000, 0x0000000080f00000| Complete 
|  16|0x0000000081000000, 0x0000000081100000, 0x0000000081100000|100%|HC|  |TAMS 0x0000000081100000, 0x0000000081000000| Complete 
|  17|0x0000000081100000, 0x0000000081200000, 0x0000000081200000|100%|HC|  |TAMS 0x0000000081200000, 0x0000000081100000| Complete 
|  18|0x0000000081200000, 0x0000000081300000, 0x0000000081300000|100%|HC|  |TAMS 0x0000000081300000, 0x0000000081200000| Complete 
|  19|0x0000000081300000, 0x0000000081400000, 0x0000000081400000|100%| O|  |TAMS 0x0000000081400000, 0x0000000081300000| Untracked 
|  20|0x0000000081400000, 0x0000000081500000, 0x0000000081500000|100%| O|  |TAMS 0x0000000081500000, 0x0000000081400000| Untracked 
|  21|0x0000000081500000, 0x0000000081600000, 0x0000000081600000|100%| O|  |TAMS 0x0000000081600000, 0x0000000081500000| Untracked 
|  22|0x0000000081600000, 0x0000000081700000, 0x0000000081700000|100%| O|  |TAMS 0x0000000081700000, 0x0000000081600000| Untracked 
|  23|0x0000000081700000, 0x0000000081800000, 0x0000000081800000|100%| O|  |TAMS 0x0000000081800000, 0x0000000081700000| Untracked 
|  24|0x0000000081800000, 0x0000000081900000, 0x0000000081900000|100%| O|  |TAMS 0x0000000081900000, 0x0000000081800000| Untracked 
|  25|0x0000000081900000, 0x0000000081a00000, 0x0000000081a00000|100%| O|  |TAMS 0x0000000081a00000, 0x0000000081900000| Updating 
|  26|0x0000000081a00000, 0x0000000081b00000, 0x0000000081b00000|100%| O|  |TAMS 0x0000000081b00000, 0x0000000081a00000| Untracked 
|  27|0x0000000081b00000, 0x0000000081bab600, 0x0000000081c00000| 66%| O|  |TAMS 0x0000000081bab600, 0x0000000081b00000| Updating 
|  28|0x0000000081c00000, 0x0000000081d00000, 0x0000000081d00000|100%| O|  |TAMS 0x0000000081d00000, 0x0000000081c00000| Untracked 
|  29|0x0000000081d00000, 0x0000000081e00000, 0x0000000081e00000|100%| O|  |TAMS 0x0000000081e00000, 0x0000000081d00000| Untracked 
|  30|0x0000000081e00000, 0x0000000081f00000, 0x0000000081f00000|100%| O|  |TAMS 0x0000000081f00000, 0x0000000081e00000| Untracked 
|  31|0x0000000081f00000, 0x0000000081f00000, 0x0000000082000000|  0%| F|  |TAMS 0x0000000081f00000, 0x0000000081f00000| Untracked 
|  32|0x0000000082000000, 0x0000000082100000, 0x0000000082100000|100%| O|  |TAMS 0x0000000082100000, 0x0000000082000000| Untracked 
|  33|0x0000000082100000, 0x0000000082200000, 0x0000000082200000|100%| O|  |TAMS 0x0000000082200000, 0x0000000082100000| Untracked 
|  34|0x0000000082200000, 0x0000000082300000, 0x0000000082300000|100%| O|  |TAMS 0x0000000082300000, 0x0000000082200000| Untracked 
|  35|0x0000000082300000, 0x0000000082400000, 0x0000000082400000|100%| O|  |TAMS 0x0000000082400000, 0x0000000082300000| Untracked 
|  36|0x0000000082400000, 0x0000000082500000, 0x0000000082500000|100%| O|  |TAMS 0x0000000082500000, 0x0000000082400000| Untracked 
|  37|0x0000000082500000, 0x0000000082600000, 0x0000000082600000|100%| O|  |TAMS 0x0000000082600000, 0x0000000082500000| Untracked 
|  38|0x0000000082600000, 0x0000000082700000, 0x0000000082700000|100%| O|  |TAMS 0x0000000082700000, 0x0000000082600000| Untracked 
|  39|0x0000000082700000, 0x0000000082800000, 0x0000000082800000|100%| O|  |TAMS 0x0000000082800000, 0x0000000082700000| Untracked 
|  40|0x0000000082800000, 0x0000000082900000, 0x0000000082900000|100%|HS|  |TAMS 0x0000000082900000, 0x0000000082800000| Complete 
|  41|0x0000000082900000, 0x0000000082a00000, 0x0000000082a00000|100%|HC|  |TAMS 0x0000000082a00000, 0x0000000082900000| Complete 
|  42|0x0000000082a00000, 0x0000000082b00000, 0x0000000082b00000|100%|HC|  |TAMS 0x0000000082b00000, 0x0000000082a00000| Complete 
|  43|0x0000000082b00000, 0x0000000082c00000, 0x0000000082c00000|100%| O|  |TAMS 0x0000000082c00000, 0x0000000082b00000| Untracked 
|  44|0x0000000082c00000, 0x0000000082d00000, 0x0000000082d00000|100%| O|  |TAMS 0x0000000082d00000, 0x0000000082c00000| Untracked 
|  45|0x0000000082d00000, 0x0000000082e00000, 0x0000000082e00000|100%|HS|  |TAMS 0x0000000082e00000, 0x0000000082d00000| Complete 
|  46|0x0000000082e00000, 0x0000000082f00000, 0x0000000082f00000|100%|HC|  |TAMS 0x0000000082f00000, 0x0000000082e00000| Complete 
|  47|0x0000000082f00000, 0x0000000083000000, 0x0000000083000000|100%|HC|  |TAMS 0x0000000083000000, 0x0000000082f00000| Complete 
|  48|0x0000000083000000, 0x0000000083100000, 0x0000000083100000|100%|HC|  |TAMS 0x0000000083100000, 0x0000000083000000| Complete 
|  49|0x0000000083100000, 0x0000000083200000, 0x0000000083200000|100%| O|  |TAMS 0x0000000083200000, 0x0000000083100000| Untracked 
|  50|0x0000000083200000, 0x0000000083300000, 0x0000000083300000|100%| O|  |TAMS 0x0000000083300000, 0x0000000083200000| Untracked 
|  51|0x0000000083300000, 0x0000000083400000, 0x0000000083400000|100%| O|  |TAMS 0x0000000083400000, 0x0000000083300000| Updating 
|  52|0x0000000083400000, 0x0000000083500000, 0x0000000083500000|100%|HS|  |TAMS 0x0000000083500000, 0x0000000083400000| Complete 
|  53|0x0000000083500000, 0x0000000083600000, 0x0000000083600000|100%|HS|  |TAMS 0x0000000083600000, 0x0000000083500000| Complete 
|  54|0x0000000083600000, 0x0000000083700000, 0x0000000083700000|100%|HS|  |TAMS 0x0000000083700000, 0x0000000083600000| Complete 
|  55|0x0000000083700000, 0x0000000083800000, 0x0000000083800000|100%|HS|  |TAMS 0x0000000083800000, 0x0000000083700000| Complete 
|  56|0x0000000083800000, 0x0000000083900000, 0x0000000083900000|100%|HS|  |TAMS 0x0000000083900000, 0x0000000083800000| Complete 
|  57|0x0000000083900000, 0x0000000083a00000, 0x0000000083a00000|100%|HC|  |TAMS 0x0000000083a00000, 0x0000000083900000| Complete 
|  58|0x0000000083a00000, 0x0000000083b00000, 0x0000000083b00000|100%|HC|  |TAMS 0x0000000083b00000, 0x0000000083a00000| Complete 
|  59|0x0000000083b00000, 0x0000000083c00000, 0x0000000083c00000|100%| O|  |TAMS 0x0000000083c00000, 0x0000000083b00000| Updating 
|  60|0x0000000083c00000, 0x0000000083d00000, 0x0000000083d00000|100%| O|  |TAMS 0x0000000083d00000, 0x0000000083c00000| Untracked 
|  61|0x0000000083d00000, 0x0000000083e00000, 0x0000000083e00000|100%| O|  |TAMS 0x0000000083e00000, 0x0000000083d00000| Untracked 
|  62|0x0000000083e00000, 0x0000000083f00000, 0x0000000083f00000|100%| O|  |TAMS 0x0000000083f00000, 0x0000000083e00000| Untracked 
|  63|0x0000000083f00000, 0x0000000084000000, 0x0000000084000000|100%| O|  |TAMS 0x0000000084000000, 0x0000000083f00000| Untracked 
|  64|0x0000000084000000, 0x0000000084100000, 0x0000000084100000|100%|HS|  |TAMS 0x0000000084100000, 0x0000000084000000| Complete 
|  65|0x0000000084100000, 0x0000000084200000, 0x0000000084200000|100%|HC|  |TAMS 0x0000000084200000, 0x0000000084100000| Complete 
|  66|0x0000000084200000, 0x0000000084300000, 0x0000000084300000|100%| O|  |TAMS 0x0000000084300000, 0x0000000084200000| Untracked 
|  67|0x0000000084300000, 0x0000000084400000, 0x0000000084400000|100%| O|  |TAMS 0x0000000084400000, 0x0000000084300000| Untracked 
|  68|0x0000000084400000, 0x0000000084500000, 0x0000000084500000|100%| O|  |TAMS 0x0000000084500000, 0x0000000084400000| Untracked 
|  69|0x0000000084500000, 0x0000000084600000, 0x0000000084600000|100%| O|  |TAMS 0x0000000084600000, 0x0000000084500000| Untracked 
|  70|0x0000000084600000, 0x0000000084700000, 0x0000000084700000|100%| O|  |TAMS 0x0000000084700000, 0x0000000084600000| Untracked 
|  71|0x0000000084700000, 0x0000000084800000, 0x0000000084800000|100%| O|  |TAMS 0x0000000084800000, 0x0000000084700000| Updating 
|  72|0x0000000084800000, 0x0000000084900000, 0x0000000084900000|100%| O|  |TAMS 0x0000000084900000, 0x0000000084800000| Untracked 
|  73|0x0000000084900000, 0x0000000084a00000, 0x0000000084a00000|100%| O|  |TAMS 0x0000000084a00000, 0x0000000084900000| Updating 
|  74|0x0000000084a00000, 0x0000000084b00000, 0x0000000084b00000|100%| O|  |TAMS 0x0000000084b00000, 0x0000000084a00000| Untracked 
|  75|0x0000000084b00000, 0x0000000084c00000, 0x0000000084c00000|100%| O|  |TAMS 0x0000000084c00000, 0x0000000084b00000| Untracked 
|  76|0x0000000084c00000, 0x0000000084d00000, 0x0000000084d00000|100%| O|  |TAMS 0x0000000084d00000, 0x0000000084c00000| Updating 
|  77|0x0000000084d00000, 0x0000000084e00000, 0x0000000084e00000|100%| O|  |TAMS 0x0000000084e00000, 0x0000000084d00000| Untracked 
|  78|0x0000000084e00000, 0x0000000084f00000, 0x0000000084f00000|100%| O|  |TAMS 0x0000000084f00000, 0x0000000084e00000| Untracked 
|  79|0x0000000084f00000, 0x0000000085000000, 0x0000000085000000|100%| O|  |TAMS 0x0000000085000000, 0x0000000084f00000| Untracked 
|  80|0x0000000085000000, 0x0000000085100000, 0x0000000085100000|100%| O|  |TAMS 0x0000000085100000, 0x0000000085000000| Untracked 
|  81|0x0000000085100000, 0x0000000085200000, 0x0000000085200000|100%| O|  |TAMS 0x0000000085200000, 0x0000000085100000| Untracked 
|  82|0x0000000085200000, 0x0000000085300000, 0x0000000085300000|100%| O|  |TAMS 0x0000000085300000, 0x0000000085200000| Untracked 
|  83|0x0000000085300000, 0x0000000085400000, 0x0000000085400000|100%| O|  |TAMS 0x0000000085400000, 0x0000000085300000| Untracked 
|  84|0x0000000085400000, 0x0000000085500000, 0x0000000085500000|100%| O|  |TAMS 0x0000000085500000, 0x0000000085400000| Untracked 
|  85|0x0000000085500000, 0x0000000085600000, 0x0000000085600000|100%| O|  |TAMS 0x0000000085600000, 0x0000000085500000| Updating 
|  86|0x0000000085600000, 0x0000000085700000, 0x0000000085700000|100%|HS|  |TAMS 0x0000000085700000, 0x0000000085600000| Complete 
|  87|0x0000000085700000, 0x0000000085800000, 0x0000000085800000|100%|HC|  |TAMS 0x0000000085800000, 0x0000000085700000| Complete 
|  88|0x0000000085800000, 0x0000000085900000, 0x0000000085900000|100%|HS|  |TAMS 0x0000000085900000, 0x0000000085800000| Complete 
|  89|0x0000000085900000, 0x0000000085a00000, 0x0000000085a00000|100%|HC|  |TAMS 0x0000000085a00000, 0x0000000085900000| Complete 
|  90|0x0000000085a00000, 0x0000000085b00000, 0x0000000085b00000|100%|HC|  |TAMS 0x0000000085b00000, 0x0000000085a00000| Complete 
|  91|0x0000000085b00000, 0x0000000085c00000, 0x0000000085c00000|100%|HS|  |TAMS 0x0000000085c00000, 0x0000000085b00000| Complete 
|  92|0x0000000085c00000, 0x0000000085d00000, 0x0000000085d00000|100%|HC|  |TAMS 0x0000000085d00000, 0x0000000085c00000| Complete 
|  93|0x0000000085d00000, 0x0000000085e00000, 0x0000000085e00000|100%|HC|  |TAMS 0x0000000085e00000, 0x0000000085d00000| Complete 
|  94|0x0000000085e00000, 0x0000000085f00000, 0x0000000085f00000|100%|HC|  |TAMS 0x0000000085f00000, 0x0000000085e00000| Complete 
|  95|0x0000000085f00000, 0x0000000086000000, 0x0000000086000000|100%| O|  |TAMS 0x0000000086000000, 0x0000000085f00000| Untracked 
|  96|0x0000000086000000, 0x0000000086100000, 0x0000000086100000|100%| O|  |TAMS 0x0000000086100000, 0x0000000086000000| Untracked 
|  97|0x0000000086100000, 0x0000000086200000, 0x0000000086200000|100%| O|  |TAMS 0x0000000086200000, 0x0000000086100000| Untracked 
|  98|0x0000000086200000, 0x0000000086300000, 0x0000000086300000|100%| O|  |TAMS 0x0000000086300000, 0x0000000086200000| Updating 
|  99|0x0000000086300000, 0x0000000086400000, 0x0000000086400000|100%| O|  |TAMS 0x0000000086400000, 0x0000000086300000| Untracked 
| 100|0x0000000086400000, 0x0000000086500000, 0x0000000086500000|100%| O|  |TAMS 0x0000000086500000, 0x0000000086400000| Updating 
| 101|0x0000000086500000, 0x0000000086600000, 0x0000000086600000|100%| O|  |TAMS 0x0000000086600000, 0x0000000086500000| Untracked 
| 102|0x0000000086600000, 0x0000000086700000, 0x0000000086700000|100%| O|  |TAMS 0x0000000086700000, 0x0000000086600000| Untracked 
| 103|0x0000000086700000, 0x0000000086800000, 0x0000000086800000|100%| O|  |TAMS 0x0000000086800000, 0x0000000086700000| Untracked 
| 104|0x0000000086800000, 0x0000000086900000, 0x0000000086900000|100%| O|  |TAMS 0x0000000086900000, 0x0000000086800000| Untracked 
| 105|0x0000000086900000, 0x00000000869ba600, 0x0000000086a00000| 72%| O|  |TAMS 0x00000000869ba600, 0x0000000086900000| Updating 
| 106|0x0000000086a00000, 0x0000000086a00000, 0x0000000086b00000|  0%| F|  |TAMS 0x0000000086a00000, 0x0000000086a00000| Untracked 
| 107|0x0000000086b00000, 0x0000000086b00000, 0x0000000086c00000|  0%| F|  |TAMS 0x0000000086b00000, 0x0000000086b00000| Untracked 
| 108|0x0000000086c00000, 0x0000000086c00000, 0x0000000086d00000|  0%| F|  |TAMS 0x0000000086c00000, 0x0000000086c00000| Untracked 
| 109|0x0000000086d00000, 0x0000000086d00000, 0x0000000086e00000|  0%| F|  |TAMS 0x0000000086d00000, 0x0000000086d00000| Untracked 
| 110|0x0000000086e00000, 0x0000000086e00000, 0x0000000086f00000|  0%| F|  |TAMS 0x0000000086e00000, 0x0000000086e00000| Untracked 
| 111|0x0000000086f00000, 0x0000000086f00000, 0x0000000087000000|  0%| F|  |TAMS 0x0000000086f00000, 0x0000000086f00000| Untracked 
| 112|0x0000000087000000, 0x0000000087000000, 0x0000000087100000|  0%| F|  |TAMS 0x0000000087000000, 0x0000000087000000| Untracked 
| 113|0x0000000087100000, 0x0000000087100000, 0x0000000087200000|  0%| F|  |TAMS 0x0000000087100000, 0x0000000087100000| Untracked 
| 114|0x0000000087200000, 0x0000000087200000, 0x0000000087300000|  0%| F|  |TAMS 0x0000000087200000, 0x0000000087200000| Untracked 
| 115|0x0000000087300000, 0x0000000087300000, 0x0000000087400000|  0%| F|  |TAMS 0x0000000087300000, 0x0000000087300000| Untracked 
| 116|0x0000000087400000, 0x0000000087400000, 0x0000000087500000|  0%| F|  |TAMS 0x0000000087400000, 0x0000000087400000| Untracked 
| 117|0x0000000087500000, 0x0000000087500000, 0x0000000087600000|  0%| F|  |TAMS 0x0000000087500000, 0x0000000087500000| Untracked 
| 118|0x0000000087600000, 0x0000000087600000, 0x0000000087700000|  0%| F|  |TAMS 0x0000000087600000, 0x0000000087600000| Untracked 
| 119|0x0000000087700000, 0x0000000087700000, 0x0000000087800000|  0%| F|  |TAMS 0x0000000087700000, 0x0000000087700000| Untracked 
| 120|0x0000000087800000, 0x0000000087800000, 0x0000000087900000|  0%| F|  |TAMS 0x0000000087800000, 0x0000000087800000| Untracked 
| 121|0x0000000087900000, 0x0000000087900000, 0x0000000087a00000|  0%| F|  |TAMS 0x0000000087900000, 0x0000000087900000| Untracked 
| 122|0x0000000087a00000, 0x0000000087a00000, 0x0000000087b00000|  0%| F|  |TAMS 0x0000000087a00000, 0x0000000087a00000| Untracked 
| 123|0x0000000087b00000, 0x0000000087b00000, 0x0000000087c00000|  0%| F|  |TAMS 0x0000000087b00000, 0x0000000087b00000| Untracked 
| 124|0x0000000087c00000, 0x0000000087c00000, 0x0000000087d00000|  0%| F|  |TAMS 0x0000000087c00000, 0x0000000087c00000| Untracked 
| 125|0x0000000087d00000, 0x0000000087d00000, 0x0000000087e00000|  0%| F|  |TAMS 0x0000000087d00000, 0x0000000087d00000| Untracked 
| 126|0x0000000087e00000, 0x0000000087e00000, 0x0000000087f00000|  0%| F|  |TAMS 0x0000000087e00000, 0x0000000087e00000| Untracked 
| 127|0x0000000087f00000, 0x0000000087f00000, 0x0000000088000000|  0%| F|  |TAMS 0x0000000087f00000, 0x0000000087f00000| Untracked 
| 128|0x0000000088000000, 0x0000000088000000, 0x0000000088100000|  0%| F|  |TAMS 0x0000000088000000, 0x0000000088000000| Untracked 
| 129|0x0000000088100000, 0x00000000881272d0, 0x0000000088200000| 15%| S|CS|TAMS 0x0000000088100000, 0x0000000088100000| Complete 
| 130|0x0000000088200000, 0x0000000088300000, 0x0000000088300000|100%| S|CS|TAMS 0x0000000088200000, 0x0000000088200000| Complete 
| 131|0x0000000088300000, 0x0000000088400000, 0x0000000088400000|100%| S|CS|TAMS 0x0000000088300000, 0x0000000088300000| Complete 
| 132|0x0000000088400000, 0x0000000088400000, 0x0000000088500000|  0%| F|  |TAMS 0x0000000088400000, 0x0000000088400000| Untracked 
| 133|0x0000000088500000, 0x0000000088500000, 0x0000000088600000|  0%| F|  |TAMS 0x0000000088500000, 0x0000000088500000| Untracked 
| 134|0x0000000088600000, 0x0000000088600000, 0x0000000088700000|  0%| F|  |TAMS 0x0000000088600000, 0x0000000088600000| Untracked 
| 135|0x0000000088700000, 0x0000000088700000, 0x0000000088800000|  0%| F|  |TAMS 0x0000000088700000, 0x0000000088700000| Untracked 
| 136|0x0000000088800000, 0x0000000088800000, 0x0000000088900000|  0%| F|  |TAMS 0x0000000088800000, 0x0000000088800000| Untracked 
| 137|0x0000000088900000, 0x0000000088900000, 0x0000000088a00000|  0%| F|  |TAMS 0x0000000088900000, 0x0000000088900000| Untracked 
| 138|0x0000000088a00000, 0x0000000088a00000, 0x0000000088b00000|  0%| F|  |TAMS 0x0000000088a00000, 0x0000000088a00000| Untracked 
| 139|0x0000000088b00000, 0x0000000088b00000, 0x0000000088c00000|  0%| F|  |TAMS 0x0000000088b00000, 0x0000000088b00000| Untracked 
| 140|0x0000000088c00000, 0x0000000088c00000, 0x0000000088d00000|  0%| F|  |TAMS 0x0000000088c00000, 0x0000000088c00000| Untracked 
| 141|0x0000000088d00000, 0x0000000088d00000, 0x0000000088e00000|  0%| F|  |TAMS 0x0000000088d00000, 0x0000000088d00000| Untracked 
| 142|0x0000000088e00000, 0x0000000088e00000, 0x0000000088f00000|  0%| F|  |TAMS 0x0000000088e00000, 0x0000000088e00000| Untracked 
| 143|0x0000000088f00000, 0x0000000088f00000, 0x0000000089000000|  0%| F|  |TAMS 0x0000000088f00000, 0x0000000088f00000| Untracked 
| 144|0x0000000089000000, 0x0000000089000000, 0x0000000089100000|  0%| F|  |TAMS 0x0000000089000000, 0x0000000089000000| Untracked 
| 145|0x0000000089100000, 0x0000000089100000, 0x0000000089200000|  0%| F|  |TAMS 0x0000000089100000, 0x0000000089100000| Untracked 
| 146|0x0000000089200000, 0x0000000089200000, 0x0000000089300000|  0%| F|  |TAMS 0x0000000089200000, 0x0000000089200000| Untracked 
| 147|0x0000000089300000, 0x0000000089300000, 0x0000000089400000|  0%| F|  |TAMS 0x0000000089300000, 0x0000000089300000| Untracked 
| 148|0x0000000089400000, 0x0000000089400000, 0x0000000089500000|  0%| F|  |TAMS 0x0000000089400000, 0x0000000089400000| Untracked 
| 149|0x0000000089500000, 0x0000000089500000, 0x0000000089600000|  0%| F|  |TAMS 0x0000000089500000, 0x0000000089500000| Untracked 
| 150|0x0000000089600000, 0x0000000089600000, 0x0000000089700000|  0%| F|  |TAMS 0x0000000089600000, 0x0000000089600000| Untracked 
| 151|0x0000000089700000, 0x0000000089700000, 0x0000000089800000|  0%| F|  |TAMS 0x0000000089700000, 0x0000000089700000| Untracked 
| 152|0x0000000089800000, 0x0000000089800000, 0x0000000089900000|  0%| F|  |TAMS 0x0000000089800000, 0x0000000089800000| Untracked 
| 153|0x0000000089900000, 0x0000000089900000, 0x0000000089a00000|  0%| F|  |TAMS 0x0000000089900000, 0x0000000089900000| Untracked 
| 154|0x0000000089a00000, 0x0000000089a00000, 0x0000000089b00000|  0%| F|  |TAMS 0x0000000089a00000, 0x0000000089a00000| Untracked 
| 155|0x0000000089b00000, 0x0000000089b7e638, 0x0000000089c00000| 49%| E|  |TAMS 0x0000000089b00000, 0x0000000089b00000| Complete 
| 156|0x0000000089c00000, 0x0000000089d00000, 0x0000000089d00000|100%| E|CS|TAMS 0x0000000089c00000, 0x0000000089c00000| Complete 
| 157|0x0000000089d00000, 0x0000000089e00000, 0x0000000089e00000|100%| E|CS|TAMS 0x0000000089d00000, 0x0000000089d00000| Complete 
| 158|0x0000000089e00000, 0x0000000089f00000, 0x0000000089f00000|100%| E|CS|TAMS 0x0000000089e00000, 0x0000000089e00000| Complete 

Card table byte_map: [0x00000202fa680000,0x00000202faa80000] _byte_map_base: 0x00000202fa280000

Marking Bits (Prev, Next): (CMBitMap*) 0x00000202f294e8e0, (CMBitMap*) 0x00000202f294e8a0
 Prev Bits: [0x00000202fce80000, 0x00000202fee80000)
 Next Bits: [0x00000202fae80000, 0x00000202fce80000)

Polling page: 0x00000202f08f0000

Metaspace:

Usage:
  Non-class:     61.36 MB used.
      Class:      9.67 MB used.
       Both:     71.03 MB used.

Virtual space:
  Non-class space:       64.00 MB reserved,      61.69 MB ( 96%) committed,  8 nodes.
      Class space:        1.00 GB reserved,       9.94 MB ( <1%) committed,  1 nodes.
             Both:        1.06 GB reserved,      71.62 MB (  7%) committed. 

Chunk freelists:
   Non-Class:  2.14 MB
       Class:  2.00 MB
        Both:  4.15 MB

MaxMetaspaceSize: unlimited
CompressedClassSpaceSize: 1.00 GB
Initial GC threshold: 21.00 MB
Current GC threshold: 111.06 MB
CDS: on
MetaspaceReclaimPolicy: balanced
 - commit_granule_bytes: 65536.
 - commit_granule_words: 8192.
 - virtual_space_node_default_size: 1048576.
 - enlarge_chunks_in_place: 1.
 - new_chunks_are_fully_committed: 0.
 - uncommit_free_chunks: 1.
 - use_allocation_guard: 0.
 - handle_deallocations: 1.


Internal statistics:

num_allocs_failed_limit: 8.
num_arena_births: 716.
num_arena_deaths: 4.
num_vsnodes_births: 9.
num_vsnodes_deaths: 0.
num_space_committed: 1146.
num_space_uncommitted: 0.
num_chunks_returned_to_freelist: 19.
num_chunks_taken_from_freelist: 3619.
num_chunk_merges: 8.
num_chunk_splits: 2417.
num_chunks_enlarged: 1656.
num_purges: 4.
num_inconsistent_stats: 0.

CodeHeap 'non-profiled nmethods': size=120000Kb used=4739Kb max_used=4739Kb free=115260Kb
 bounds [0x0000020287ad0000, 0x0000020287f80000, 0x000002028f000000]
CodeHeap 'profiled nmethods': size=120000Kb used=16396Kb max_used=16396Kb free=103603Kb
 bounds [0x00000202805a0000, 0x00000202815b0000, 0x0000020287ad0000]
CodeHeap 'non-nmethods': size=5760Kb used=2375Kb max_used=2435Kb free=3384Kb
 bounds [0x0000020280000000, 0x0000020280270000, 0x00000202805a0000]
 total_blobs=9543 nmethods=8640 adapters=815
 compilation: enabled
              stopped_count=0, restarted_count=0
 full_count=0

Compilation events (20 events):
Event: 11.773 Thread 0x00000202ff66e300 nmethod 9455 0x000002028159e490 code [0x000002028159e6a0, 0x000002028159ef18]
Event: 11.773 Thread 0x00000202ff66e300 9456       3       org.gradle.api.internal.plugins.DefaultPluginRegistry::access$200 (7 bytes)
Event: 11.773 Thread 0x0000020291afa5d0 nmethod 9454 0x0000020287f70010 code [0x0000020287f701a0, 0x0000020287f70248]
Event: 11.773 Thread 0x00000202ff66e300 nmethod 9456 0x000002028159f210 code [0x000002028159f3a0, 0x000002028159f4c8]
Event: 11.773 Thread 0x00000202ff66e300 9453       3       org.codehaus.groovy.reflection.ClassInfo::getVersion (8 bytes)
Event: 11.773 Thread 0x00000202ff66e300 nmethod 9453 0x000002028159f590 code [0x000002028159f720, 0x000002028159f858]
Event: 11.773 Thread 0x00000202ff66e300 9452       3       java.util.Formatter::ensureOpen (16 bytes)
Event: 11.774 Thread 0x00000202ff66e300 nmethod 9452 0x000002028159f910 code [0x000002028159fac0, 0x000002028159fc88]
Event: 11.774 Thread 0x00000202ff66e300 9457       3       java.lang.AbstractStringBuilder::append (45 bytes)
Event: 11.774 Thread 0x00000202ff66e300 nmethod 9457 0x000002028159fd90 code [0x000002028159ff60, 0x00000202815a02a8]
Event: 11.774 Thread 0x00000202ff66e300 9458       3       org.gradle.api.internal.plugins.DefaultPluginRegistry$PluginIdLookupCacheKey::equals (63 bytes)
Event: 11.774 Thread 0x00000202ff66e300 nmethod 9458 0x00000202815a0410 code [0x00000202815a0600, 0x00000202815a0bb8]
Event: 11.776 Thread 0x00000202ff66e300 9459       3       java.net.URLClassLoader$1::run (5 bytes)
Event: 11.777 Thread 0x00000202ff66e300 nmethod 9459 0x00000202815a0d10 code [0x00000202815a0ea0, 0x00000202815a0fe8]
Event: 11.777 Thread 0x00000202ff66e300 9460   !   3       java.net.URLClassLoader$1::run (81 bytes)
Event: 11.778 Thread 0x0000020291afa5d0 9461       4       org.gradle.internal.util.Trie::find (135 bytes)
Event: 11.779 Thread 0x00000202ff66e300 nmethod 9460 0x00000202815a1090 code [0x00000202815a1420, 0x00000202815a29b8]
Event: 11.782 Thread 0x00000202ff66e300 9462       1       org.gradle.internal.serialize.Serializers$StatefulSerializerAdapter::access$000 (5 bytes)
Event: 11.782 Thread 0x00000202ff66e300 nmethod 9462 0x0000020287f70310 code [0x0000020287f704a0, 0x0000020287f70558]
Event: 11.784 Thread 0x0000020291afa5d0 nmethod 9461 0x0000020287f70610 code [0x0000020287f707a0, 0x0000020287f70a38]

GC Heap History (20 events):
Event: 7.822 GC heap before
{Heap before GC invocations=12 (full 0):
 garbage-first heap   total 135168K, used 110061K [0x0000000080000000, 0x0000000100000000)
  region size 1024K, 60 young (61440K), 8 survivors (8192K)
 Metaspace       used 45970K, committed 46528K, reserved 1089536K
  class space    used 6282K, committed 6528K, reserved 1048576K
}
Event: 7.832 GC heap after
{Heap after GC invocations=13 (full 0):
 garbage-first heap   total 135168K, used 60728K [0x0000000080000000, 0x0000000100000000)
  region size 1024K, 8 young (8192K), 8 survivors (8192K)
 Metaspace       used 45970K, committed 46528K, reserved 1089536K
  class space    used 6282K, committed 6528K, reserved 1048576K
}
Event: 8.123 GC heap before
{Heap before GC invocations=13 (full 0):
 garbage-first heap   total 135168K, used 92472K [0x0000000080000000, 0x0000000100000000)
  region size 1024K, 34 young (34816K), 8 survivors (8192K)
 Metaspace       used 46395K, committed 46912K, reserved 1089536K
  class space    used 6315K, committed 6528K, reserved 1048576K
}
Event: 8.133 GC heap after
{Heap after GC invocations=14 (full 0):
 garbage-first heap   total 135168K, used 73684K [0x0000000080000000, 0x0000000100000000)
  region size 1024K, 6 young (6144K), 6 survivors (6144K)
 Metaspace       used 46395K, committed 46912K, reserved 1089536K
  class space    used 6315K, committed 6528K, reserved 1048576K
}
Event: 8.723 GC heap before
{Heap before GC invocations=15 (full 0):
 garbage-first heap   total 135168K, used 109524K [0x0000000080000000, 0x0000000100000000)
  region size 1024K, 39 young (39936K), 6 survivors (6144K)
 Metaspace       used 51057K, committed 51648K, reserved 1097728K
  class space    used 6932K, committed 7232K, reserved 1048576K
}
Event: 8.730 GC heap after
{Heap after GC invocations=16 (full 0):
 garbage-first heap   total 135168K, used 78374K [0x0000000080000000, 0x0000000100000000)
  region size 1024K, 3 young (3072K), 3 survivors (3072K)
 Metaspace       used 51057K, committed 51648K, reserved 1097728K
  class space    used 6932K, committed 7232K, reserved 1048576K
}
Event: 9.269 GC heap before
{Heap before GC invocations=16 (full 0):
 garbage-first heap   total 135168K, used 109094K [0x0000000080000000, 0x0000000100000000)
  region size 1024K, 33 young (33792K), 3 survivors (3072K)
 Metaspace       used 56795K, committed 57408K, reserved 1105920K
  class space    used 7642K, committed 7936K, reserved 1048576K
}
Event: 9.274 GC heap after
{Heap after GC invocations=17 (full 0):
 garbage-first heap   total 162816K, used 81137K [0x0000000080000000, 0x0000000100000000)
  region size 1024K, 3 young (3072K), 3 survivors (3072K)
 Metaspace       used 56795K, committed 57408K, reserved 1105920K
  class space    used 7642K, committed 7936K, reserved 1048576K
}
Event: 9.772 GC heap before
{Heap before GC invocations=18 (full 0):
 garbage-first heap   total 162816K, used 118001K [0x0000000080000000, 0x0000000100000000)
  region size 1024K, 41 young (41984K), 3 survivors (3072K)
 Metaspace       used 60225K, committed 60864K, reserved 1105920K
  class space    used 8042K, committed 8320K, reserved 1048576K
}
Event: 9.779 GC heap after
{Heap after GC invocations=19 (full 0):
 garbage-first heap   total 162816K, used 84171K [0x0000000080000000, 0x0000000100000000)
  region size 1024K, 6 young (6144K), 6 survivors (6144K)
 Metaspace       used 60225K, committed 60864K, reserved 1105920K
  class space    used 8042K, committed 8320K, reserved 1048576K
}
Event: 10.372 GC heap before
{Heap before GC invocations=20 (full 0):
 garbage-first heap   total 162816K, used 129227K [0x0000000080000000, 0x0000000100000000)
  region size 1024K, 49 young (50176K), 6 survivors (6144K)
 Metaspace       used 63286K, committed 63936K, reserved 1105920K
  class space    used 8440K, committed 8768K, reserved 1048576K
}
Event: 10.379 GC heap after
{Heap after GC invocations=21 (full 0):
 garbage-first heap   total 162816K, used 87637K [0x0000000080000000, 0x0000000100000000)
  region size 1024K, 4 young (4096K), 4 survivors (4096K)
 Metaspace       used 63286K, committed 63936K, reserved 1105920K
  class space    used 8440K, committed 8768K, reserved 1048576K
}
Event: 10.846 GC heap before
{Heap before GC invocations=21 (full 0):
 garbage-first heap   total 162816K, used 129621K [0x0000000080000000, 0x0000000100000000)
  region size 1024K, 45 young (46080K), 4 survivors (4096K)
 Metaspace       used 67035K, committed 67712K, reserved 1114112K
  class space    used 9071K, committed 9408K, reserved 1048576K
}
Event: 10.853 GC heap after
{Heap after GC invocations=22 (full 0):
 garbage-first heap   total 162816K, used 91255K [0x0000000080000000, 0x0000000100000000)
  region size 1024K, 4 young (4096K), 4 survivors (4096K)
 Metaspace       used 67035K, committed 67712K, reserved 1114112K
  class space    used 9071K, committed 9408K, reserved 1048576K
}
Event: 11.417 GC heap before
{Heap before GC invocations=23 (full 0):
 garbage-first heap   total 162816K, used 141431K [0x0000000080000000, 0x0000000100000000)
  region size 1024K, 44 young (45056K), 4 survivors (4096K)
 Metaspace       used 71284K, committed 71872K, reserved 1114112K
  class space    used 9695K, committed 9984K, reserved 1048576K
}
Event: 11.423 GC heap after
{Heap after GC invocations=24 (full 0):
 garbage-first heap   total 162816K, used 106827K [0x0000000080000000, 0x0000000100000000)
  region size 1024K, 6 young (6144K), 6 survivors (6144K)
 Metaspace       used 71284K, committed 71872K, reserved 1114112K
  class space    used 9695K, committed 9984K, reserved 1048576K
}
Event: 11.441 GC heap before
{Heap before GC invocations=24 (full 0):
 garbage-first heap   total 162816K, used 107851K [0x0000000080000000, 0x0000000100000000)
  region size 1024K, 7 young (7168K), 6 survivors (6144K)
 Metaspace       used 71370K, committed 72000K, reserved 1114112K
  class space    used 9712K, committed 9984K, reserved 1048576K
}
Event: 11.448 GC heap after
{Heap after GC invocations=25 (full 0):
 garbage-first heap   total 162816K, used 107345K [0x0000000080000000, 0x0000000100000000)
  region size 1024K, 1 young (1024K), 1 survivors (1024K)
 Metaspace       used 71370K, committed 72000K, reserved 1114112K
  class space    used 9712K, committed 9984K, reserved 1048576K
}
Event: 11.710 GC heap before
{Heap before GC invocations=25 (full 0):
 garbage-first heap   total 162816K, used 133969K [0x0000000080000000, 0x0000000100000000)
  region size 1024K, 27 young (27648K), 1 survivors (1024K)
 Metaspace       used 72317K, committed 72960K, reserved 1114112K
  class space    used 9853K, committed 10176K, reserved 1048576K
}
Event: 11.715 GC heap after
{Heap after GC invocations=26 (full 0):
 garbage-first heap   total 162816K, used 109107K [0x0000000080000000, 0x0000000100000000)
  region size 1024K, 3 young (3072K), 3 survivors (3072K)
 Metaspace       used 72317K, committed 72960K, reserved 1114112K
  class space    used 9853K, committed 10176K, reserved 1048576K
}

Deoptimization events (20 events):
Event: 11.671 Thread 0x000002029331eca0 Uncommon trap: trap_request=0xffffff45 fr.pc=0x0000020287cb3e84 relative=0x0000000000003e64
Event: 11.671 Thread 0x000002029331eca0 Uncommon trap: reason=unstable_if action=reinterpret pc=0x0000020287cb3e84 method=groovy.lang.MetaClassImpl.checkIfStdMethod(Lgroovy/lang/MetaMethod;)V @ 167 c2
Event: 11.671 Thread 0x000002029331eca0 DEOPT PACKING pc=0x0000020287cb3e84 sp=0x00000030301f9dc0
Event: 11.671 Thread 0x000002029331eca0 DEOPT UNPACKING pc=0x00000202800523a3 sp=0x00000030301f9da0 mode 2
Event: 11.676 Thread 0x000002029331eca0 DEOPT PACKING pc=0x000002028099e5a3 sp=0x00000030301f85c0
Event: 11.676 Thread 0x000002029331eca0 DEOPT UNPACKING pc=0x0000020280052b43 sp=0x00000030301f7a30 mode 0
Event: 11.692 Thread 0x00000202935777a0 Uncommon trap: trap_request=0xffffff45 fr.pc=0x0000020287b27270 relative=0x00000000000005d0
Event: 11.692 Thread 0x00000202935777a0 Uncommon trap: reason=unstable_if action=reinterpret pc=0x0000020287b27270 method=java.lang.AbstractStringBuilder.append(Ljava/lang/String;)Ljava/lang/AbstractStringBuilder; @ 1 c2
Event: 11.692 Thread 0x00000202935777a0 DEOPT PACKING pc=0x0000020287b27270 sp=0x000000302fdfe380
Event: 11.692 Thread 0x00000202935777a0 DEOPT UNPACKING pc=0x00000202800523a3 sp=0x000000302fdfe310 mode 2
Event: 11.693 Thread 0x00000202935777a0 Uncommon trap: trap_request=0xffffff45 fr.pc=0x0000020287e6de00 relative=0x00000000000006c0
Event: 11.693 Thread 0x00000202935777a0 Uncommon trap: reason=unstable_if action=reinterpret pc=0x0000020287e6de00 method=java.lang.AbstractStringBuilder.append(Ljava/lang/String;)Ljava/lang/AbstractStringBuilder; @ 1 c2
Event: 11.693 Thread 0x00000202935777a0 DEOPT PACKING pc=0x0000020287e6de00 sp=0x000000302fdfe330
Event: 11.693 Thread 0x00000202935777a0 DEOPT UNPACKING pc=0x00000202800523a3 sp=0x000000302fdfe318 mode 2
Event: 11.698 Thread 0x00000202935777a0 Uncommon trap: trap_request=0xffffff45 fr.pc=0x0000020287d71a1c relative=0x000000000000007c
Event: 11.698 Thread 0x00000202935777a0 Uncommon trap: reason=unstable_if action=reinterpret pc=0x0000020287d71a1c method=java.lang.Long.equals(Ljava/lang/Object;)Z @ 19 c2
Event: 11.698 Thread 0x00000202935777a0 DEOPT PACKING pc=0x0000020287d71a1c sp=0x000000302fdfea50
Event: 11.698 Thread 0x00000202935777a0 DEOPT UNPACKING pc=0x00000202800523a3 sp=0x000000302fdfe9f0 mode 2
Event: 11.750 Thread 0x000002029331eca0 DEOPT PACKING pc=0x0000020281015d15 sp=0x00000030301fa410
Event: 11.750 Thread 0x000002029331eca0 DEOPT UNPACKING pc=0x0000020280052b43 sp=0x00000030301f9898 mode 0

Classes unloaded (10 events):
Event: 8.175 Thread 0x00000202ff63a9e0 Unloading class 0x0000000801184000 '_BuildScript_$_run_closure1$_closure2'
Event: 8.175 Thread 0x00000202ff63a9e0 Unloading class 0x0000000801178c00 '_BuildScript_$_run_closure1'
Event: 8.175 Thread 0x00000202ff63a9e0 Unloading class 0x0000000801179000 '_BuildScript_'
Event: 9.321 Thread 0x00000202ff63a9e0 Unloading class 0x00000008011906b0 '_BuildScript_'
Event: 9.321 Thread 0x00000202ff63a9e0 Unloading class 0x00000008011902c8 'RegistryProcessor$_extraModelBuilderIsRegistered_closure1'
Event: 9.321 Thread 0x00000202ff63a9e0 Unloading class 0x0000000801190000 'RegistryProcessor'
Event: 9.321 Thread 0x00000202ff63a9e0 Unloading class 0x000000080118ca68 'JetGradlePlugin$_apply_closure1$_closure2$_closure3'
Event: 9.321 Thread 0x00000202ff63a9e0 Unloading class 0x000000080118c680 'JetGradlePlugin$_apply_closure1$_closure2'
Event: 9.321 Thread 0x00000202ff63a9e0 Unloading class 0x000000080118c298 'JetGradlePlugin$_apply_closure1'
Event: 9.321 Thread 0x00000202ff63a9e0 Unloading class 0x000000080118c000 'JetGradlePlugin'

Classes redefined (0 events):
No events

Internal exceptions (20 events):
Event: 11.663 Thread 0x000002029331eca0 Exception <a 'java/lang/ClassNotFoundException'{0x0000000088a96368}: org/gradle/api/internal/artifacts/configurations/DefaultConfigurationContainerBeanInfo> (0x0000000088a96368) 
thrown [t:\workspace\open\src\hotspot\share\classfile\systemDictionary.cpp, line 256]
Event: 11.664 Thread 0x000002029331eca0 Exception <a 'java/lang/ClassNotFoundException'{0x0000000088a9e508}: org/gradle/api/internal/AbstractValidatingNamedDomainObjectContainerBeanInfo> (0x0000000088a9e508) 
thrown [t:\workspace\open\src\hotspot\share\classfile\systemDictionary.cpp, line 256]
Event: 11.665 Thread 0x000002029331eca0 Exception <a 'java/lang/ClassNotFoundException'{0x0000000088aa6688}: org/gradle/api/internal/AbstractValidatingNamedDomainObjectContainerCustomizer> (0x0000000088aa6688) 
thrown [t:\workspace\open\src\hotspot\share\classfile\systemDictionary.cpp, line 256]
Event: 11.666 Thread 0x000002029331eca0 Exception <a 'java/lang/ClassNotFoundException'{0x0000000088ac79b0}: org/gradle/api/internal/artifacts/configurations/DefaultConfigurationContainerCustomizer> (0x0000000088ac79b0) 
thrown [t:\workspace\open\src\hotspot\share\classfile\systemDictionary.cpp, line 256]
Event: 11.667 Thread 0x000002029331eca0 Exception <a 'java/lang/ClassNotFoundException'{0x0000000088ae5fe0}: org/gradle/api/internal/artifacts/configurations/DefaultConfigurationContainer_DecoratedCustomizer> (0x0000000088ae5fe0) 
thrown [t:\workspace\open\src\hotspot\share\classfile\systemDictionary.cpp, line 256]
Event: 11.669 Thread 0x000002029331eca0 Exception <a 'java/lang/NoSuchMethodError'{0x0000000088931878}: 'java.lang.Object java.lang.invoke.DirectMethodHandle$Holder.invokeStatic(java.lang.Object, java.lang.Object, java.lang.Object, java.lang.Object, int)'> (0x0000000088931878) 
thrown [t:\workspace\open\src\hotspot\share\interpreter\linkResolver.cpp, line 766]
Event: 11.687 Thread 0x000002029331eca0 Exception <a 'java/lang/ClassNotFoundException'{0x0000000088864e58}: java/lang/IntegerBeanInfo> (0x0000000088864e58) 
thrown [t:\workspace\open\src\hotspot\share\classfile\systemDictionary.cpp, line 256]
Event: 11.687 Thread 0x000002029331eca0 Exception <a 'java/lang/ClassNotFoundException'{0x0000000088869e38}: java/lang/NumberBeanInfo> (0x0000000088869e38) 
thrown [t:\workspace\open\src\hotspot\share\classfile\systemDictionary.cpp, line 256]
Event: 11.687 Thread 0x000002029331eca0 Exception <a 'java/lang/ClassNotFoundException'{0x000000008886ee18}: java/lang/NumberCustomizer> (0x000000008886ee18) 
thrown [t:\workspace\open\src\hotspot\share\classfile\systemDictionary.cpp, line 256]
Event: 11.688 Thread 0x000002029331eca0 Exception <a 'java/lang/ClassNotFoundException'{0x0000000088876920}: java/lang/IntegerCustomizer> (0x0000000088876920) 
thrown [t:\workspace\open\src\hotspot\share\classfile\systemDictionary.cpp, line 256]
Event: 11.692 Thread 0x000002029331eca0 Exception <a 'java/lang/ClassNotFoundException'{0x00000000888cd488}: org/gradle/internal/extensibility/DefaultConventionBeanInfo> (0x00000000888cd488) 
thrown [t:\workspace\open\src\hotspot\share\classfile\systemDictionary.cpp, line 256]
Event: 11.692 Thread 0x00000202935777a0 Implicit null exception at 0x0000020287b26cd5 to 0x0000020287b2725c
Event: 11.692 Thread 0x000002029331eca0 Exception <a 'java/lang/ClassNotFoundException'{0x00000000888d5770}: org/gradle/internal/extensibility/DefaultConventionCustomizer> (0x00000000888d5770) 
thrown [t:\workspace\open\src\hotspot\share\classfile\systemDictionary.cpp, line 256]
Event: 11.693 Thread 0x00000202935777a0 Implicit null exception at 0x0000020287e6d772 to 0x0000020287e6ddec
Event: 11.699 Thread 0x000002029331eca0 Exception <a 'java/lang/ClassNotFoundException'{0x000000008877b878}: org/gradle/internal/extensibility/DefaultExtensionsSchemaBeanInfo> (0x000000008877b878) 
thrown [t:\workspace\open\src\hotspot\share\classfile\systemDictionary.cpp, line 256]
Event: 11.699 Thread 0x000002029331eca0 Exception <a 'java/lang/ClassNotFoundException'{0x0000000088783c10}: org/gradle/internal/extensibility/DefaultExtensionsSchemaCustomizer> (0x0000000088783c10) 
thrown [t:\workspace\open\src\hotspot\share\classfile\systemDictionary.cpp, line 256]
Event: 11.701 Thread 0x000002029331eca0 Exception <a 'java/lang/ClassNotFoundException'{0x00000000887a4348}: org/gradle/internal/extensibility/ExtensionsStorage$ExtensionHolderBeanInfo> (0x00000000887a4348) 
thrown [t:\workspace\open\src\hotspot\share\classfile\systemDictionary.cpp, line 256]
Event: 11.701 Thread 0x000002029331eca0 Exception <a 'java/lang/ClassNotFoundException'{0x00000000887ac7a0}: org/gradle/internal/extensibility/ExtensionsStorage$ExtensionHolderCustomizer> (0x00000000887ac7a0) 
thrown [t:\workspace\open\src\hotspot\share\classfile\systemDictionary.cpp, line 256]
Event: 11.709 Thread 0x000002029331eca0 Exception <a 'java/lang/ClassNotFoundException'{0x00000000885e0b78}: org/codehaus/groovy/runtime/NullObjectBeanInfo> (0x00000000885e0b78) 
thrown [t:\workspace\open\src\hotspot\share\classfile\systemDictionary.cpp, line 256]
Event: 11.716 Thread 0x000002029331eca0 Exception <a 'java/lang/ClassNotFoundException'{0x0000000089ea8820}: org/codehaus/groovy/runtime/NullObjectCustomizer> (0x0000000089ea8820) 
thrown [t:\workspace\open\src\hotspot\share\classfile\systemDictionary.cpp, line 256]

VM Operations (20 events):
Event: 10.910 Executing VM operation: G1Concurrent done
Event: 10.934 Executing VM operation: G1Concurrent
Event: 10.935 Executing VM operation: G1Concurrent done
Event: 11.123 Executing VM operation: HandshakeAllThreads
Event: 11.123 Executing VM operation: HandshakeAllThreads done
Event: 11.400 Executing VM operation: ICBufferFull
Event: 11.401 Executing VM operation: ICBufferFull done
Event: 11.417 Executing VM operation: G1CollectForAllocation
Event: 11.423 Executing VM operation: G1CollectForAllocation done
Event: 11.441 Executing VM operation: G1CollectForAllocation
Event: 11.449 Executing VM operation: G1CollectForAllocation done
Event: 11.507 Executing VM operation: HandshakeAllThreads
Event: 11.507 Executing VM operation: HandshakeAllThreads done
Event: 11.508 Executing VM operation: HandshakeAllThreads
Event: 11.508 Executing VM operation: HandshakeAllThreads done
Event: 11.697 Executing VM operation: HandshakeAllThreads
Event: 11.697 Executing VM operation: HandshakeAllThreads done
Event: 11.710 Executing VM operation: G1CollectForAllocation
Event: 11.715 Executing VM operation: G1CollectForAllocation done
Event: 11.790 Executing VM operation: G1Concurrent

Events (20 events):
Event: 11.687 loading class java/lang/IntegerBeanInfo
Event: 11.687 loading class java/lang/IntegerBeanInfo done
Event: 11.687 loading class java/lang/NumberBeanInfo
Event: 11.687 loading class java/lang/NumberBeanInfo done
Event: 11.687 loading class java/lang/NumberBeanInfo
Event: 11.687 loading class java/lang/NumberBeanInfo done
Event: 11.687 loading class java/lang/NumberCustomizer
Event: 11.687 loading class java/lang/NumberCustomizer done
Event: 11.687 loading class java/lang/NumberCustomizer
Event: 11.687 loading class java/lang/NumberCustomizer done
Event: 11.687 loading class java/lang/IntegerCustomizer
Event: 11.687 loading class java/lang/IntegerCustomizer done
Event: 11.687 loading class java/lang/IntegerCustomizer
Event: 11.687 loading class java/lang/IntegerCustomizer done
Event: 11.688 loading class jdk/internal/ValueBased
Event: 11.688 loading class jdk/internal/ValueBased done
Event: 11.689 loading class java/util/concurrent/LinkedBlockingDeque$Itr
Event: 11.689 loading class java/util/concurrent/LinkedBlockingDeque$AbstractItr
Event: 11.689 loading class java/util/concurrent/LinkedBlockingDeque$AbstractItr done
Event: 11.689 loading class java/util/concurrent/LinkedBlockingDeque$Itr done


Dynamic libraries:
0x00007ff79e1e0000 - 0x00007ff79e1f0000 	C:\Program Files\Java\jdk-17.0.2\bin\java.exe
0x00007ffcf4a10000 - 0x00007ffcf4c05000 	C:\Windows\SYSTEM32\ntdll.dll
0x00007ffcf4360000 - 0x00007ffcf441e000 	C:\Windows\System32\KERNEL32.DLL
0x00007ffcf2590000 - 0x00007ffcf2858000 	C:\Windows\System32\KERNELBASE.dll
0x00007ffcf21b0000 - 0x00007ffcf22b0000 	C:\Windows\System32\ucrtbase.dll
0x00007ffce2e00000 - 0x00007ffce2e1a000 	C:\Program Files\Java\jdk-17.0.2\bin\VCRUNTIME140.dll
0x00007ffce20a0000 - 0x00007ffce20b8000 	C:\Program Files\Java\jdk-17.0.2\bin\jli.dll
0x00007ffcf4670000 - 0x00007ffcf471e000 	C:\Windows\System32\ADVAPI32.dll
0x00007ffcf38a0000 - 0x00007ffcf393e000 	C:\Windows\System32\msvcrt.dll
0x00007ffcf42b0000 - 0x00007ffcf434c000 	C:\Windows\System32\sechost.dll
0x00007ffcf2e20000 - 0x00007ffcf2f45000 	C:\Windows\System32\RPCRT4.dll
0x00007ffcf4430000 - 0x00007ffcf45d1000 	C:\Windows\System32\USER32.dll
0x00007ffcdb790000 - 0x00007ffcdba2a000 	C:\Windows\WinSxS\amd64_microsoft.windows.common-controls_6595b64144ccf1df_6.0.19041.1110_none_60b5254171f9507e\COMCTL32.dll
0x00007ffcf2460000 - 0x00007ffcf2482000 	C:\Windows\System32\win32u.dll
0x00007ffcf3750000 - 0x00007ffcf377b000 	C:\Windows\System32\GDI32.dll
0x00007ffcf2350000 - 0x00007ffcf245d000 	C:\Windows\System32\gdi32full.dll
0x00007ffcf22b0000 - 0x00007ffcf234d000 	C:\Windows\System32\msvcp_win.dll
0x00007ffceb2d0000 - 0x00007ffceb2da000 	C:\Windows\SYSTEM32\VERSION.dll
0x00007ffcf4740000 - 0x00007ffcf4770000 	C:\Windows\System32\IMM32.DLL
0x00007ffcedc00000 - 0x00007ffcedc0c000 	C:\Program Files\Java\jdk-17.0.2\bin\vcruntime140_1.dll
0x00007ffccafc0000 - 0x00007ffccb04d000 	C:\Program Files\Java\jdk-17.0.2\bin\msvcp140.dll
0x00007ffcca3f0000 - 0x00007ffccafb1000 	C:\Program Files\Java\jdk-17.0.2\bin\server\jvm.dll
0x00007ffcf2db0000 - 0x00007ffcf2db8000 	C:\Windows\System32\PSAPI.DLL
0x00007ffcedbd0000 - 0x00007ffcedbd9000 	C:\Windows\SYSTEM32\WSOCK32.dll
0x00007ffce7d50000 - 0x00007ffce7d77000 	C:\Windows\SYSTEM32\WINMM.dll
0x00007ffcf3940000 - 0x00007ffcf39ab000 	C:\Windows\System32\WS2_32.dll
0x00007ffcf0030000 - 0x00007ffcf0042000 	C:\Windows\SYSTEM32\kernel.appcore.dll
0x00007ffce3050000 - 0x00007ffce305a000 	C:\Program Files\Java\jdk-17.0.2\bin\jimage.dll
0x00007ffcebf50000 - 0x00007ffcec134000 	C:\Windows\SYSTEM32\DBGHELP.DLL
0x00007ffce0520000 - 0x00007ffce054c000 	C:\Windows\SYSTEM32\dbgcore.DLL
0x00007ffcf29c0000 - 0x00007ffcf2a42000 	C:\Windows\System32\bcryptPrimitives.dll
0x00007ffcda990000 - 0x00007ffcda9b5000 	C:\Program Files\Java\jdk-17.0.2\bin\java.dll
0x00007ffcca310000 - 0x00007ffcca3e6000 	C:\Program Files\Java\jdk-17.0.2\bin\jsvml.dll
0x00007ffcf3b60000 - 0x00007ffcf42a4000 	C:\Windows\System32\SHELL32.dll
0x00007ffcf0230000 - 0x00007ffcf09c5000 	C:\Windows\SYSTEM32\windows.storage.dll
0x00007ffcf2a50000 - 0x00007ffcf2da5000 	C:\Windows\System32\combase.dll
0x00007ffcf1aa0000 - 0x00007ffcf1ace000 	C:\Windows\SYSTEM32\Wldp.dll
0x00007ffcf2fb0000 - 0x00007ffcf305d000 	C:\Windows\System32\SHCORE.dll
0x00007ffcf36f0000 - 0x00007ffcf3745000 	C:\Windows\System32\shlwapi.dll
0x00007ffcf2060000 - 0x00007ffcf207f000 	C:\Windows\SYSTEM32\profapi.dll
0x00007ffce0a20000 - 0x00007ffce0a39000 	C:\Program Files\Java\jdk-17.0.2\bin\net.dll
0x00007ffceb700000 - 0x00007ffceb80c000 	C:\Windows\SYSTEM32\WINHTTP.dll
0x00007ffcf1800000 - 0x00007ffcf186a000 	C:\Windows\system32\mswsock.dll
0x00007ffcda970000 - 0x00007ffcda986000 	C:\Program Files\Java\jdk-17.0.2\bin\nio.dll
0x00007ffcda950000 - 0x00007ffcda968000 	C:\Program Files\Java\jdk-17.0.2\bin\zip.dll
0x00007ffce2dc0000 - 0x00007ffce2dd0000 	C:\Program Files\Java\jdk-17.0.2\bin\verify.dll
0x00007ffcedc70000 - 0x00007ffcedc97000 	C:\Users\Rostya\.gradle\native\e1d6ef7f7dcc3fd88c89a11ec53ec762bb8ba0a96d01ffa2cd45eb1d1d8dd5c5\windows-amd64\native-platform.dll
0x00007ffcb6fd0000 - 0x00007ffcb7114000 	C:\Users\Rostya\.gradle\native\5664cfc778a61ccfe75a443a1ab52a65af34e5dc3c78e0209fed803814484fcb\windows-amd64\native-platform-file-events.dll
0x00007ffce2b00000 - 0x00007ffce2b09000 	C:\Program Files\Java\jdk-17.0.2\bin\management.dll
0x00007ffce26d0000 - 0x00007ffce26db000 	C:\Program Files\Java\jdk-17.0.2\bin\management_ext.dll
0x00007ffcf1a00000 - 0x00007ffcf1a18000 	C:\Windows\SYSTEM32\CRYPTSP.dll
0x00007ffcf1180000 - 0x00007ffcf11b4000 	C:\Windows\system32\rsaenh.dll
0x00007ffcf2180000 - 0x00007ffcf21a7000 	C:\Windows\System32\bcrypt.dll
0x00007ffcf2020000 - 0x00007ffcf204e000 	C:\Windows\SYSTEM32\USERENV.dll
0x00007ffcf19f0000 - 0x00007ffcf19fc000 	C:\Windows\SYSTEM32\CRYPTBASE.dll
0x00007ffcf14f0000 - 0x00007ffcf152b000 	C:\Windows\SYSTEM32\IPHLPAPI.DLL
0x00007ffcf4420000 - 0x00007ffcf4428000 	C:\Windows\System32\NSI.dll
0x00007ffcebec0000 - 0x00007ffcebed7000 	C:\Windows\SYSTEM32\dhcpcsvc6.DLL
0x00007ffcebea0000 - 0x00007ffcebebd000 	C:\Windows\SYSTEM32\dhcpcsvc.DLL
0x00007ffcf1530000 - 0x00007ffcf15fb000 	C:\Windows\SYSTEM32\DNSAPI.dll
0x00007ffce2090000 - 0x00007ffce209e000 	C:\Program Files\Java\jdk-17.0.2\bin\sunmscapi.dll
0x00007ffcf2860000 - 0x00007ffcf29b6000 	C:\Windows\System32\CRYPT32.dll
0x00007ffcf1b10000 - 0x00007ffcf1b37000 	C:\Windows\SYSTEM32\ncrypt.dll
0x00007ffcf1ad0000 - 0x00007ffcf1b0b000 	C:\Windows\SYSTEM32\NTASN1.dll
0x00007ffce0ea0000 - 0x00007ffce0ea7000 	C:\Windows\system32\wshunix.dll

dbghelp: loaded successfully - version: 4.0.5 - missing functions: none
symbol engine: initialized successfully - sym options: 0x614 - pdb path: .;C:\Program Files\Java\jdk-17.0.2\bin;C:\Windows\SYSTEM32;C:\Windows\WinSxS\amd64_microsoft.windows.common-controls_6595b64144ccf1df_6.0.19041.1110_none_60b5254171f9507e;C:\Program Files\Java\jdk-17.0.2\bin\server;C:\Users\Rostya\.gradle\native\e1d6ef7f7dcc3fd88c89a11ec53ec762bb8ba0a96d01ffa2cd45eb1d1d8dd5c5\windows-amd64;C:\Users\Rostya\.gradle\native\5664cfc778a61ccfe75a443a1ab52a65af34e5dc3c78e0209fed803814484fcb\windows-amd64

VM Arguments:
jvm_args: --add-opens=java.base/java.util=ALL-UNNAMED --add-opens=java.base/java.lang=ALL-UNNAMED --add-opens=java.base/java.lang.invoke=ALL-UNNAMED --add-opens=java.base/java.util=ALL-UNNAMED --add-opens=java.prefs/java.util.prefs=ALL-UNNAMED --add-opens=java.prefs/java.util.prefs=ALL-UNNAMED --add-opens=java.base/java.nio.charset=ALL-UNNAMED --add-opens=java.base/java.net=ALL-UNNAMED --add-opens=java.base/java.util.concurrent.atomic=ALL-UNNAMED -Xmx2048m -Dfile.encoding=UTF-8 -Duser.country=RU -Duser.language=ru -Duser.variant 
java_command: org.gradle.launcher.daemon.bootstrap.GradleDaemon 7.2
java_class_path (initial): C:\Users\Rostya\.gradle\wrapper\dists\gradle-7.2-bin\2dnblmf4td7x66yl1d74lt32g\gradle-7.2\lib\gradle-launcher-7.2.jar
Launcher Type: SUN_STANDARD

[Global flags]
     intx CICompilerCount                          = 3                                         {product} {ergonomic}
     uint ConcGCThreads                            = 2                                         {product} {ergonomic}
     uint G1ConcRefinementThreads                  = 6                                         {product} {ergonomic}
   size_t G1HeapRegionSize                         = 1048576                                   {product} {ergonomic}
    uintx GCDrainStackTargetSize                   = 64                                        {product} {ergonomic}
   size_t InitialHeapSize                          = 134217728                                 {product} {ergonomic}
   size_t MarkStackSize                            = 4194304                                   {product} {ergonomic}
   size_t MaxHeapSize                              = 2147483648                                {product} {command line}
   size_t MaxNewSize                               = 1287651328                                {product} {ergonomic}
   size_t MinHeapDeltaBytes                        = 1048576                                   {product} {ergonomic}
   size_t MinHeapSize                              = 8388608                                   {product} {ergonomic}
    uintx NonNMethodCodeHeapSize                   = 5832780                                {pd product} {ergonomic}
    uintx NonProfiledCodeHeapSize                  = 122912730                              {pd product} {ergonomic}
    uintx ProfiledCodeHeapSize                     = 122912730                              {pd product} {ergonomic}
    uintx ReservedCodeCacheSize                    = 251658240                              {pd product} {ergonomic}
     bool SegmentedCodeCache                       = true                                      {product} {ergonomic}
   size_t SoftMaxHeapSize                          = 2147483648                             {manageable} {ergonomic}
     bool UseCompressedClassPointers               = true                           {product lp64_product} {ergonomic}
     bool UseCompressedOops                        = true                           {product lp64_product} {ergonomic}
     bool UseG1GC                                  = true                                      {product} {ergonomic}
     bool UseLargePagesIndividualAllocation        = false                                  {pd product} {ergonomic}

Logging:
Log output configuration:
 #0: stdout all=warning uptime,level,tags
 #1: stderr all=off uptime,level,tags

Environment Variables:
PATH=C:\Program Files\Common Files\Oracle\Java\javapath;C:\Windows\system32;C:\Windows;C:\Windows\System32\Wbem;C:\Windows\System32\WindowsPowerShell\v1.0\;C:\Windows\System32\OpenSSH\;C:\Program Files\Git\cmd;C:\Users\Rostya\AppData\Local\Microsoft\WindowsApps
USERNAME=Rostya
OS=Windows_NT
PROCESSOR_IDENTIFIER=AMD64 Family 21 Model 2 Stepping 0, AuthenticAMD



---------------  S Y S T E M  ---------------

OS:
 Windows 10 , 64 bit Build 19041 (10.0.19041.1466)
OS uptime: 0 days 0:41 hours

CPU: total 6 (initial active 6) (6 cores per cpu, 1 threads per core) family 21 model 2 stepping 0 microcode 0x0, cx8, cmov, fxsr, mmx, 3dnowpref, sse, sse2, sse3, ssse3, sse4a, sse4.1, sse4.2, popcnt, lzcnt, tsc, tscinvbit, avx, aes, clmul, bmi1, fma, vzeroupper, clflush

Memory: 4k page, system-wide physical 8088M (2423M free)
TotalPageFile size 8088M (AvailPageFile size 22M)
current process WorkingSet (physical memory assigned to process): 380M, peak: 387M
current process commit charge ("private bytes"): 419M, peak: 447M

vm_info: Java HotSpot(TM) 64-Bit Server VM (17.0.2+8-LTS-86) for windows-amd64 JRE (17.0.2+8-LTS-86), built on Dec  7 2021 21:51:03 by "mach5one" with MS VC++ 16.8 / 16.9 (VS2019)

END.
