#
# There is insufficient memory for the Java Runtime Environment to continue.
# Native memory allocation (mmap) failed to map 27262976 bytes for Failed to commit area from 0x0000000088000000 to 0x0000000089a00000 of length 27262976.
# Possible reasons:
#   The system is out of physical RAM or swap space
#   The process is running with CompressedOops enabled, and the Java Heap may be blocking the growth of the native heap
# Possible solutions:
#   Reduce memory load on the system
#   Increase physical memory or swap space
#   Check if swap backing store is full
#   Decrease Java heap size (-Xmx/-Xms)
#   Decrease number of Java threads
#   Decrease Java thread stack sizes (-Xss)
#   Set larger code cache with -XX:ReservedCodeCacheSize=
#   JVM is running with Unscaled Compressed Oops mode in which the Java heap is
#     placed in the first 4GB address space. The Java Heap base address is the
#     maximum limit for the native heap growth. Please use -XX:HeapBaseMinAddress
#     to set the Java Heap base and to place the Java Heap above 4GB virtual address.
# This output file may be truncated or incomplete.
#
#  Out of Memory Error (./src/hotspot/os/windows/os_windows.cpp:3301), pid=268, tid=8108
#
# JRE version: OpenJDK Runtime Environment (11.0.11+9) (build 11.0.11+9-b60-7590822)
# Java VM: OpenJDK 64-Bit Server VM (11.0.11+9-b60-7590822, mixed mode, tiered, compressed oops, g1 gc, windows-amd64)
# No core dump will be written. Minidumps are not enabled by default on client versions of Windows
#

---------------  S U M M A R Y ------------

Command Line: --add-opens=java.base/java.util=ALL-UNNAMED --add-opens=java.base/java.lang=ALL-UNNAMED --add-opens=java.base/java.lang.invoke=ALL-UNNAMED --add-opens=java.base/java.util=ALL-UNNAMED --add-opens=java.prefs/java.util.prefs=ALL-UNNAMED --add-opens=java.prefs/java.util.prefs=ALL-UNNAMED --add-opens=java.base/java.nio.charset=ALL-UNNAMED --add-opens=java.base/java.net=ALL-UNNAMED --add-opens=java.base/java.util.concurrent.atomic=ALL-UNNAMED -Xmx2048m -Dfile.encoding=UTF-8 -Duser.country=RU -Duser.language=ru -Duser.variant org.gradle.launcher.daemon.bootstrap.GradleDaemon 7.2

Host: AMD FX(tm)-6350 Six-Core Processor             , 6 cores, 7G,  Windows 10 , 64 bit Build 19041 (10.0.19041.1466)
Time: Fri Feb  4 11:15:47 2022 Новосибирское стандартное время elapsed time: 3.540663 seconds (0d 0h 0m 3s)

---------------  T H R E A D  ---------------

Current thread (0x000001682da90000):  VMThread "VM Thread" [stack: 0x0000003ea9400000,0x0000003ea9500000] [id=8108]

Stack: [0x0000003ea9400000,0x0000003ea9500000]
[error occurred during error reporting (printing stack bounds), id 0xc0000005, EXCEPTION_ACCESS_VIOLATION (0xc0000005) at pc=0x0000016816da0f2d]

Native frames: (J=compiled Java code, j=interpreted, Vv=VM code, C=native code)
V  [jvm.dll+0x5f214a]
V  [jvm.dll+0x726fb5]
V  [jvm.dll+0x7285cd]
V  [jvm.dll+0x728be5]
V  [jvm.dll+0x728b9b]
V  [jvm.dll+0x5f14e8]
V  [jvm.dll+0x5f1c78]
C  [ntdll.dll+0xa20cf]
C  [ntdll.dll+0x51454]
C  [ntdll.dll+0xa0bfe]
C  0x0000016816da0f2d

VM_Operation (0x0000003eaabfa9c0): CollectForMetadataAllocation, mode: safepoint, requested by thread 0x000001682fce5000


---------------  P R O C E S S  ---------------

Threads class SMR info:
_java_thread_list=0x000001682f9da660, length=31, elements={
0x0000016813298800, 0x000001682da92800, 0x000001682da96800, 0x000001682dab1000,
0x000001682dab2800, 0x000001682dab3800, 0x000001682dab8000, 0x000001682dabe800,
0x000001682dacc000, 0x000001682e589000, 0x000001682e847800, 0x000001682ed14800,
0x00000168315d9800, 0x00000168311f1000, 0x0000016830aec800, 0x000001682ed80800,
0x000001682fe77800, 0x000001682fce5000, 0x000001682fb6f000, 0x0000016830d41800,
0x000001682e845800, 0x000001682e846800, 0x000001682e844000, 0x000001682e849800,
0x000001682e848000, 0x000001682e849000, 0x000001682e84a800, 0x000001682e845000,
0x0000016830896800, 0x0000016830894800, 0x0000016830894000
}

Java Threads: ( => current thread )
  0x0000016813298800 JavaThread "main" [_thread_blocked, id=8184, stack(0x0000003ea8e00000,0x0000003ea8f00000)]
  0x000001682da92800 JavaThread "Reference Handler" daemon [_thread_blocked, id=508, stack(0x0000003ea9500000,0x0000003ea9600000)]
  0x000001682da96800 JavaThread "Finalizer" daemon [_thread_blocked, id=4556, stack(0x0000003ea9600000,0x0000003ea9700000)]
  0x000001682dab1000 JavaThread "Signal Dispatcher" daemon [_thread_blocked, id=3808, stack(0x0000003ea9700000,0x0000003ea9800000)]
  0x000001682dab2800 JavaThread "Attach Listener" daemon [_thread_blocked, id=5568, stack(0x0000003ea9800000,0x0000003ea9900000)]
  0x000001682dab3800 JavaThread "Service Thread" daemon [_thread_blocked, id=8896, stack(0x0000003ea9900000,0x0000003ea9a00000)]
  0x000001682dab8000 JavaThread "C2 CompilerThread0" daemon [_thread_blocked, id=4052, stack(0x0000003ea9a00000,0x0000003ea9b00000)]
  0x000001682dabe800 JavaThread "C1 CompilerThread0" daemon [_thread_blocked, id=3404, stack(0x0000003ea9b00000,0x0000003ea9c00000)]
  0x000001682dacc000 JavaThread "Sweeper thread" daemon [_thread_blocked, id=4700, stack(0x0000003ea9c00000,0x0000003ea9d00000)]
  0x000001682e589000 JavaThread "Common-Cleaner" daemon [_thread_blocked, id=7172, stack(0x0000003ea9d00000,0x0000003ea9e00000)]
  0x000001682e847800 JavaThread "C2 CompilerThread1" daemon [_thread_blocked, id=3380, stack(0x0000003ea9f00000,0x0000003eaa000000)]
  0x000001682ed14800 JavaThread "Daemon health stats" [_thread_blocked, id=4636, stack(0x0000003eaa200000,0x0000003eaa300000)]
  0x00000168315d9800 JavaThread "Incoming local TCP Connector on port 58059" [_thread_in_native, id=7332, stack(0x0000003eaa300000,0x0000003eaa400000)]
  0x00000168311f1000 JavaThread "Daemon periodic checks" [_thread_blocked, id=5808, stack(0x0000003eaa400000,0x0000003eaa500000)]
  0x0000016830aec800 JavaThread "Daemon" [_thread_blocked, id=6296, stack(0x0000003eaa500000,0x0000003eaa600000)]
  0x000001682ed80800 JavaThread "Handler for socket connection from /127.0.0.1:58059 to /127.0.0.1:58060" [_thread_in_native, id=6588, stack(0x0000003eaa600000,0x0000003eaa700000)]
  0x000001682fe77800 JavaThread "Cancel handler" [_thread_blocked, id=4724, stack(0x0000003eaaa00000,0x0000003eaab00000)]
  0x000001682fce5000 JavaThread "Daemon worker" [_thread_blocked, id=2384, stack(0x0000003eaab00000,0x0000003eaac00000)]
  0x000001682fb6f000 JavaThread "Asynchronous log dispatcher for DefaultDaemonConnection: socket connection from /127.0.0.1:58059 to /127.0.0.1:58060" [_thread_blocked, id=6484, stack(0x0000003eaac00000,0x0000003eaad00000)]
  0x0000016830d41800 JavaThread "Stdin handler" [_thread_blocked, id=5016, stack(0x0000003eaad00000,0x0000003eaae00000)]
  0x000001682e845800 JavaThread "Daemon client event forwarder" [_thread_blocked, id=6076, stack(0x0000003eaae00000,0x0000003eaaf00000)]
  0x000001682e846800 JavaThread "Cache worker for journal cache (C:\Users\Rostya\.gradle\caches\journal-1)" [_thread_blocked, id=4364, stack(0x0000003eaaf00000,0x0000003eab000000)]
  0x000001682e844000 JavaThread "File lock request listener" [_thread_in_native, id=4652, stack(0x0000003eab000000,0x0000003eab100000)]
  0x000001682e849800 JavaThread "Cache worker for file hash cache (C:\Users\Rostya\.gradle\caches\7.2\fileHashes)" [_thread_blocked, id=6644, stack(0x0000003eab100000,0x0000003eab200000)]
  0x000001682e848000 JavaThread "Cache worker for file hash cache (E:\Program Files\androidProjects\GeoQuiz\.gradle\7.2\fileHashes)" [_thread_blocked, id=6884, stack(0x0000003eab300000,0x0000003eab400000)]
  0x000001682e849000 JavaThread "File watcher server" daemon [_thread_in_native, id=5432, stack(0x0000003eab400000,0x0000003eab500000)]
  0x000001682e84a800 JavaThread "File watcher consumer" daemon [_thread_blocked, id=6028, stack(0x0000003eab500000,0x0000003eab600000)]
  0x000001682e845000 JavaThread "Cache worker for checksums cache (E:\Program Files\androidProjects\GeoQuiz\.gradle\checksums)" [_thread_blocked, id=3508, stack(0x0000003eab600000,0x0000003eab700000)]
  0x0000016830896800 JavaThread "Cache worker for cache directory md-supplier (C:\Users\Rostya\.gradle\caches\7.2\md-supplier)" [_thread_blocked, id=4628, stack(0x0000003eab700000,0x0000003eab800000)]
  0x0000016830894800 JavaThread "Cache worker for cache directory md-rule (C:\Users\Rostya\.gradle\caches\7.2\md-rule)" [_thread_blocked, id=2252, stack(0x0000003eab800000,0x0000003eab900000)]
  0x0000016830894000 JavaThread "Cache worker for execution history cache (C:\Users\Rostya\.gradle\caches\7.2\executionHistory)" [_thread_blocked, id=8816, stack(0x0000003eab900000,0x0000003eaba00000)]

Other Threads:
=>0x000001682da90000 VMThread "VM Thread" [stack: 0x0000003ea9400000,0x0000003ea9500000] [id=8108]
  0x000001682e5f0000 WatcherThread [stack: 0x0000003ea9e00000,0x0000003ea9f00000] [id=644]
  0x00000168132b1800 GCTaskThread "GC Thread#0" [stack: 0x0000003ea8f00000,0x0000003ea9000000] [id=8316]
  0x000001682ef19800 GCTaskThread "GC Thread#1" [stack: 0x0000003eaa000000,0x0000003eaa100000] [id=2876]
  0x000001682e9c5800 GCTaskThread "GC Thread#2" [stack: 0x0000003eaa100000,0x0000003eaa200000] [id=4928]
  0x000001682fd08000 GCTaskThread "GC Thread#3" [stack: 0x0000003eaa700000,0x0000003eaa800000] [id=6976]
  0x000001682ece9000 GCTaskThread "GC Thread#4" [stack: 0x0000003eaa800000,0x0000003eaa900000] [id=4008]
  0x0000016830470800 GCTaskThread "GC Thread#5" [stack: 0x0000003eaa900000,0x0000003eaaa00000] [id=1180]
  0x00000168132e3800 ConcurrentGCThread "G1 Main Marker" [stack: 0x0000003ea9000000,0x0000003ea9100000] [id=3080]
  0x00000168132e5800 ConcurrentGCThread "G1 Conc#0" [stack: 0x0000003ea9100000,0x0000003ea9200000] [id=4092]
  0x000001683078f000 ConcurrentGCThread "G1 Conc#1" [stack: 0x0000003eab200000,0x0000003eab300000] [id=7008]
  0x000001681337d800 ConcurrentGCThread "G1 Refine#0" [stack: 0x0000003ea9200000,0x0000003ea9300000] [id=4184]
  0x000001682d8e1800 ConcurrentGCThread "G1 Young RemSet Sampling" [stack: 0x0000003ea9300000,0x0000003ea9400000] [id=1948]

Threads with active compile tasks:
C2 CompilerThread1   3561 2435       4       jdk.internal.org.objectweb.asm.Type::getArgumentsAndReturnSizes (151 bytes)

VM state:at safepoint (normal execution)

VM Mutex/Monitor currently owned by a thread:  ([mutex/lock_event])
[0x00000168132975c0] Threads_lock - owner thread: 0x000001682da90000
[0x0000016813297890] Heap_lock - owner thread: 0x000001682fce5000

Heap address: 0x0000000080000000, size: 2048 MB, Compressed Oops mode: 32-bit
Narrow klass base: 0x0000000000000000, Narrow klass shift: 3
Compressed class space size: 1073741824 Address: 0x0000000100000000

Heap:
 garbage-first heap   total 157696K, used 20301K [0x0000000080000000, 0x0000000100000000)
  region size 1024K, 5 young (5120K), 5 survivors (5120K)
 Metaspace       used 29853K, capacity 30585K, committed 30720K, reserved 1081344K
  class space    used 4009K, capacity 4274K, committed 4352K, reserved 1048576K
Heap Regions: E=young(eden), S=young(survivor), O=old, HS=humongous(starts), HC=humongous(continues), CS=collection set, F=free, A=archive, TAMS=top-at-mark-start (previous, next)
|   0|0x0000000080000000, 0x0000000080100000, 0x0000000080100000|100%| O|  |TAMS 0x0000000080100000, 0x0000000080100000| Untracked 
|   1|0x0000000080100000, 0x0000000080200000, 0x0000000080200000|100%| O|  |TAMS 0x0000000080200000, 0x0000000080200000| Untracked 
|   2|0x0000000080200000, 0x0000000080300000, 0x0000000080300000|100%| O|  |TAMS 0x0000000080300000, 0x0000000080300000| Untracked 
|   3|0x0000000080300000, 0x0000000080400000, 0x0000000080400000|100%|HS|  |TAMS 0x0000000080400000, 0x0000000080400000| Complete 
|   4|0x0000000080400000, 0x0000000080500000, 0x0000000080500000|100%|HC|  |TAMS 0x0000000080500000, 0x0000000080500000| Complete 
|   5|0x0000000080500000, 0x0000000080600000, 0x0000000080600000|100%|HC|  |TAMS 0x0000000080600000, 0x0000000080600000| Complete 
|   6|0x0000000080600000, 0x0000000080700000, 0x0000000080700000|100%| O|  |TAMS 0x0000000080700000, 0x0000000080700000| Untracked 
|   7|0x0000000080700000, 0x0000000080800000, 0x0000000080800000|100%| O|  |TAMS 0x0000000080800000, 0x0000000080800000| Untracked 
|   8|0x0000000080800000, 0x0000000080900000, 0x0000000080900000|100%| O|  |TAMS 0x0000000080900000, 0x0000000080900000| Untracked 
|   9|0x0000000080900000, 0x0000000080a00000, 0x0000000080a00000|100%| O|  |TAMS 0x0000000080a00000, 0x0000000080a00000| Untracked 
|  10|0x0000000080a00000, 0x0000000080b00000, 0x0000000080b00000|100%| O|  |TAMS 0x0000000080b00000, 0x0000000080b00000| Untracked 
|  11|0x0000000080b00000, 0x0000000080c00000, 0x0000000080c00000|100%| O|  |TAMS 0x0000000080c00000, 0x0000000080c00000| Untracked 
|  12|0x0000000080c00000, 0x0000000080d00000, 0x0000000080d00000|100%| O|  |TAMS 0x0000000080d00000, 0x0000000080d00000| Untracked 
|  13|0x0000000080d00000, 0x0000000080e00000, 0x0000000080e00000|100%| O|  |TAMS 0x0000000080e00000, 0x0000000080e00000| Untracked 
|  14|0x0000000080e00000, 0x0000000080f00000, 0x0000000080f00000|100%| O|  |TAMS 0x0000000080f00000, 0x0000000080f00000| Untracked 
|  15|0x0000000080f00000, 0x0000000080f46000, 0x0000000081000000| 27%| O|  |TAMS 0x0000000080f46000, 0x0000000080f46000| Untracked 
|  16|0x0000000081000000, 0x0000000081000000, 0x0000000081100000|  0%| F|  |TAMS 0x0000000081000000, 0x0000000081000000| Untracked 
|  17|0x0000000081100000, 0x0000000081100000, 0x0000000081200000|  0%| F|  |TAMS 0x0000000081100000, 0x0000000081100000| Untracked 
|  18|0x0000000081200000, 0x0000000081200000, 0x0000000081300000|  0%| F|  |TAMS 0x0000000081200000, 0x0000000081200000| Untracked 
|  19|0x0000000081300000, 0x0000000081300000, 0x0000000081400000|  0%| F|  |TAMS 0x0000000081300000, 0x0000000081300000| Untracked 
|  20|0x0000000081400000, 0x0000000081400000, 0x0000000081500000|  0%| F|  |TAMS 0x0000000081400000, 0x0000000081400000| Untracked 
|  21|0x0000000081500000, 0x0000000081500000, 0x0000000081600000|  0%| F|  |TAMS 0x0000000081500000, 0x0000000081500000| Untracked 
|  22|0x0000000081600000, 0x0000000081600000, 0x0000000081700000|  0%| F|  |TAMS 0x0000000081600000, 0x0000000081600000| Untracked 
|  23|0x0000000081700000, 0x0000000081700000, 0x0000000081800000|  0%| F|  |TAMS 0x0000000081700000, 0x0000000081700000| Untracked 
|  24|0x0000000081800000, 0x0000000081800000, 0x0000000081900000|  0%| F|  |TAMS 0x0000000081800000, 0x0000000081800000| Untracked 
|  25|0x0000000081900000, 0x0000000081900000, 0x0000000081a00000|  0%| F|  |TAMS 0x0000000081900000, 0x0000000081900000| Untracked 
|  26|0x0000000081a00000, 0x0000000081a00000, 0x0000000081b00000|  0%| F|  |TAMS 0x0000000081a00000, 0x0000000081a00000| Untracked 
|  27|0x0000000081b00000, 0x0000000081b00000, 0x0000000081c00000|  0%| F|  |TAMS 0x0000000081b00000, 0x0000000081b00000| Untracked 
|  28|0x0000000081c00000, 0x0000000081c00000, 0x0000000081d00000|  0%| F|  |TAMS 0x0000000081c00000, 0x0000000081c00000| Untracked 
|  29|0x0000000081d00000, 0x0000000081d00000, 0x0000000081e00000|  0%| F|  |TAMS 0x0000000081d00000, 0x0000000081d00000| Untracked 
|  30|0x0000000081e00000, 0x0000000081e00000, 0x0000000081f00000|  0%| F|  |TAMS 0x0000000081e00000, 0x0000000081e00000| Untracked 
|  31|0x0000000081f00000, 0x0000000081f00000, 0x0000000082000000|  0%| F|  |TAMS 0x0000000081f00000, 0x0000000081f00000| Untracked 
|  32|0x0000000082000000, 0x0000000082000000, 0x0000000082100000|  0%| F|  |TAMS 0x0000000082000000, 0x0000000082000000| Untracked 
|  33|0x0000000082100000, 0x0000000082100000, 0x0000000082200000|  0%| F|  |TAMS 0x0000000082100000, 0x0000000082100000| Untracked 
|  34|0x0000000082200000, 0x0000000082200000, 0x0000000082300000|  0%| F|  |TAMS 0x0000000082200000, 0x0000000082200000| Untracked 
|  35|0x0000000082300000, 0x0000000082300000, 0x0000000082400000|  0%| F|  |TAMS 0x0000000082300000, 0x0000000082300000| Untracked 
|  36|0x0000000082400000, 0x0000000082400000, 0x0000000082500000|  0%| F|  |TAMS 0x0000000082400000, 0x0000000082400000| Untracked 
|  37|0x0000000082500000, 0x0000000082500000, 0x0000000082600000|  0%| F|  |TAMS 0x0000000082500000, 0x0000000082500000| Untracked 
|  38|0x0000000082600000, 0x0000000082600000, 0x0000000082700000|  0%| F|  |TAMS 0x0000000082600000, 0x0000000082600000| Untracked 
|  39|0x0000000082700000, 0x0000000082700000, 0x0000000082800000|  0%| F|  |TAMS 0x0000000082700000, 0x0000000082700000| Untracked 
|  40|0x0000000082800000, 0x0000000082800000, 0x0000000082900000|  0%| F|  |TAMS 0x0000000082800000, 0x0000000082800000| Untracked 
|  41|0x0000000082900000, 0x0000000082900000, 0x0000000082a00000|  0%| F|  |TAMS 0x0000000082900000, 0x0000000082900000| Untracked 
|  42|0x0000000082a00000, 0x0000000082a00000, 0x0000000082b00000|  0%| F|  |TAMS 0x0000000082a00000, 0x0000000082a00000| Untracked 
|  43|0x0000000082b00000, 0x0000000082b00000, 0x0000000082c00000|  0%| F|  |TAMS 0x0000000082b00000, 0x0000000082b00000| Untracked 
|  44|0x0000000082c00000, 0x0000000082c00000, 0x0000000082d00000|  0%| F|  |TAMS 0x0000000082c00000, 0x0000000082c00000| Untracked 
|  45|0x0000000082d00000, 0x0000000082d00000, 0x0000000082e00000|  0%| F|  |TAMS 0x0000000082d00000, 0x0000000082d00000| Untracked 
|  46|0x0000000082e00000, 0x0000000082e00000, 0x0000000082f00000|  0%| F|  |TAMS 0x0000000082e00000, 0x0000000082e00000| Untracked 
|  47|0x0000000082f00000, 0x0000000082f00000, 0x0000000083000000|  0%| F|  |TAMS 0x0000000082f00000, 0x0000000082f00000| Untracked 
|  48|0x0000000083000000, 0x0000000083000000, 0x0000000083100000|  0%| F|  |TAMS 0x0000000083000000, 0x0000000083000000| Untracked 
|  49|0x0000000083100000, 0x0000000083100000, 0x0000000083200000|  0%| F|  |TAMS 0x0000000083100000, 0x0000000083100000| Untracked 
|  50|0x0000000083200000, 0x0000000083200000, 0x0000000083300000|  0%| F|  |TAMS 0x0000000083200000, 0x0000000083200000| Untracked 
|  51|0x0000000083300000, 0x0000000083300000, 0x0000000083400000|  0%| F|  |TAMS 0x0000000083300000, 0x0000000083300000| Untracked 
|  52|0x0000000083400000, 0x0000000083400000, 0x0000000083500000|  0%| F|  |TAMS 0x0000000083400000, 0x0000000083400000| Untracked 
|  53|0x0000000083500000, 0x0000000083500000, 0x0000000083600000|  0%| F|  |TAMS 0x0000000083500000, 0x0000000083500000| Untracked 
|  54|0x0000000083600000, 0x0000000083600000, 0x0000000083700000|  0%| F|  |TAMS 0x0000000083600000, 0x0000000083600000| Untracked 
|  55|0x0000000083700000, 0x0000000083700000, 0x0000000083800000|  0%| F|  |TAMS 0x0000000083700000, 0x0000000083700000| Untracked 
|  56|0x0000000083800000, 0x0000000083800000, 0x0000000083900000|  0%| F|  |TAMS 0x0000000083800000, 0x0000000083800000| Untracked 
|  57|0x0000000083900000, 0x0000000083900000, 0x0000000083a00000|  0%| F|  |TAMS 0x0000000083900000, 0x0000000083900000| Untracked 
|  58|0x0000000083a00000, 0x0000000083a00000, 0x0000000083b00000|  0%| F|  |TAMS 0x0000000083a00000, 0x0000000083a00000| Untracked 
|  59|0x0000000083b00000, 0x0000000083b00000, 0x0000000083c00000|  0%| F|  |TAMS 0x0000000083b00000, 0x0000000083b00000| Untracked 
|  60|0x0000000083c00000, 0x0000000083c00000, 0x0000000083d00000|  0%| F|  |TAMS 0x0000000083c00000, 0x0000000083c00000| Untracked 
|  61|0x0000000083d00000, 0x0000000083d00000, 0x0000000083e00000|  0%| F|  |TAMS 0x0000000083d00000, 0x0000000083d00000| Untracked 
|  62|0x0000000083e00000, 0x0000000083e00000, 0x0000000083f00000|  0%| F|  |TAMS 0x0000000083e00000, 0x0000000083e00000| Untracked 
|  63|0x0000000083f00000, 0x0000000083f00000, 0x0000000084000000|  0%| F|  |TAMS 0x0000000083f00000, 0x0000000083f00000| Untracked 
|  64|0x0000000084000000, 0x0000000084000000, 0x0000000084100000|  0%| F|  |TAMS 0x0000000084000000, 0x0000000084000000| Untracked 
|  65|0x0000000084100000, 0x0000000084100000, 0x0000000084200000|  0%| F|  |TAMS 0x0000000084100000, 0x0000000084100000| Untracked 
|  66|0x0000000084200000, 0x0000000084200000, 0x0000000084300000|  0%| F|  |TAMS 0x0000000084200000, 0x0000000084200000| Untracked 
|  67|0x0000000084300000, 0x0000000084300000, 0x0000000084400000|  0%| F|  |TAMS 0x0000000084300000, 0x0000000084300000| Untracked 
|  68|0x0000000084400000, 0x0000000084400000, 0x0000000084500000|  0%| F|  |TAMS 0x0000000084400000, 0x0000000084400000| Untracked 
|  69|0x0000000084500000, 0x0000000084500000, 0x0000000084600000|  0%| F|  |TAMS 0x0000000084500000, 0x0000000084500000| Untracked 
|  70|0x0000000084600000, 0x0000000084600000, 0x0000000084700000|  0%| F|  |TAMS 0x0000000084600000, 0x0000000084600000| Untracked 
|  71|0x0000000084700000, 0x0000000084700000, 0x0000000084800000|  0%| F|  |TAMS 0x0000000084700000, 0x0000000084700000| Untracked 
|  72|0x0000000084800000, 0x0000000084800000, 0x0000000084900000|  0%| F|  |TAMS 0x0000000084800000, 0x0000000084800000| Untracked 
|  73|0x0000000084900000, 0x0000000084900000, 0x0000000084a00000|  0%| F|  |TAMS 0x0000000084900000, 0x0000000084900000| Untracked 
|  74|0x0000000084a00000, 0x0000000084a00000, 0x0000000084b00000|  0%| F|  |TAMS 0x0000000084a00000, 0x0000000084a00000| Untracked 
|  75|0x0000000084b00000, 0x0000000084b00000, 0x0000000084c00000|  0%| F|  |TAMS 0x0000000084b00000, 0x0000000084b00000| Untracked 
|  76|0x0000000084c00000, 0x0000000084c00000, 0x0000000084d00000|  0%| F|  |TAMS 0x0000000084c00000, 0x0000000084c00000| Untracked 
|  77|0x0000000084d00000, 0x0000000084d00000, 0x0000000084e00000|  0%| F|  |TAMS 0x0000000084d00000, 0x0000000084d00000| Untracked 
|  78|0x0000000084e00000, 0x0000000084e00000, 0x0000000084f00000|  0%| F|  |TAMS 0x0000000084e00000, 0x0000000084e00000| Untracked 
|  79|0x0000000084f00000, 0x0000000084f00000, 0x0000000085000000|  0%| F|  |TAMS 0x0000000084f00000, 0x0000000084f00000| Untracked 
|  80|0x0000000085000000, 0x0000000085000000, 0x0000000085100000|  0%| F|  |TAMS 0x0000000085000000, 0x0000000085000000| Untracked 
|  81|0x0000000085100000, 0x0000000085100000, 0x0000000085200000|  0%| F|  |TAMS 0x0000000085100000, 0x0000000085100000| Untracked 
|  82|0x0000000085200000, 0x000000008528d7b0, 0x0000000085300000| 55%| S|CS|TAMS 0x0000000085200000, 0x0000000085200000| Complete 
|  83|0x0000000085300000, 0x0000000085400000, 0x0000000085400000|100%| S|CS|TAMS 0x0000000085300000, 0x0000000085300000| Complete 
|  84|0x0000000085400000, 0x0000000085500000, 0x0000000085500000|100%| S|CS|TAMS 0x0000000085400000, 0x0000000085400000| Complete 
|  85|0x0000000085500000, 0x0000000085600000, 0x0000000085600000|100%| S|CS|TAMS 0x0000000085500000, 0x0000000085500000| Complete 
|  86|0x0000000085600000, 0x0000000085700000, 0x0000000085700000|100%| S|CS|TAMS 0x0000000085600000, 0x0000000085600000| Complete 
|  87|0x0000000085700000, 0x0000000085700000, 0x0000000085800000|  0%| F|  |TAMS 0x0000000085700000, 0x0000000085700000| Untracked 
|  88|0x0000000085800000, 0x0000000085800000, 0x0000000085900000|  0%| F|  |TAMS 0x0000000085800000, 0x0000000085800000| Untracked 
|  89|0x0000000085900000, 0x0000000085900000, 0x0000000085a00000|  0%| F|  |TAMS 0x0000000085900000, 0x0000000085900000| Untracked 
|  90|0x0000000085a00000, 0x0000000085a00000, 0x0000000085b00000|  0%| F|  |TAMS 0x0000000085a00000, 0x0000000085a00000| Untracked 
|  91|0x0000000085b00000, 0x0000000085b00000, 0x0000000085c00000|  0%| F|  |TAMS 0x0000000085b00000, 0x0000000085b00000| Untracked 
|  92|0x0000000085c00000, 0x0000000085c00000, 0x0000000085d00000|  0%| F|  |TAMS 0x0000000085c00000, 0x0000000085c00000| Untracked 
|  93|0x0000000085d00000, 0x0000000085d00000, 0x0000000085e00000|  0%| F|  |TAMS 0x0000000085d00000, 0x0000000085d00000| Untracked 
|  94|0x0000000085e00000, 0x0000000085e00000, 0x0000000085f00000|  0%| F|  |TAMS 0x0000000085e00000, 0x0000000085e00000| Untracked 
|  95|0x0000000085f00000, 0x0000000085f00000, 0x0000000086000000|  0%| F|  |TAMS 0x0000000085f00000, 0x0000000085f00000| Untracked 
|  96|0x0000000086000000, 0x0000000086000000, 0x0000000086100000|  0%| F|  |TAMS 0x0000000086000000, 0x0000000086000000| Untracked 
|  97|0x0000000086100000, 0x0000000086100000, 0x0000000086200000|  0%| F|  |TAMS 0x0000000086100000, 0x0000000086100000| Untracked 
|  98|0x0000000086200000, 0x0000000086200000, 0x0000000086300000|  0%| F|  |TAMS 0x0000000086200000, 0x0000000086200000| Untracked 
|  99|0x0000000086300000, 0x0000000086300000, 0x0000000086400000|  0%| F|  |TAMS 0x0000000086300000, 0x0000000086300000| Untracked 
| 100|0x0000000086400000, 0x0000000086400000, 0x0000000086500000|  0%| F|  |TAMS 0x0000000086400000, 0x0000000086400000| Untracked 
| 101|0x0000000086500000, 0x0000000086500000, 0x0000000086600000|  0%| F|  |TAMS 0x0000000086500000, 0x0000000086500000| Untracked 
| 102|0x0000000086600000, 0x0000000086600000, 0x0000000086700000|  0%| F|  |TAMS 0x0000000086600000, 0x0000000086600000| Untracked 
| 103|0x0000000086700000, 0x0000000086700000, 0x0000000086800000|  0%| F|  |TAMS 0x0000000086700000, 0x0000000086700000| Untracked 
| 104|0x0000000086800000, 0x0000000086800000, 0x0000000086900000|  0%| F|  |TAMS 0x0000000086800000, 0x0000000086800000| Untracked 
| 105|0x0000000086900000, 0x0000000086900000, 0x0000000086a00000|  0%| F|  |TAMS 0x0000000086900000, 0x0000000086900000| Untracked 
| 106|0x0000000086a00000, 0x0000000086a00000, 0x0000000086b00000|  0%| F|  |TAMS 0x0000000086a00000, 0x0000000086a00000| Untracked 
| 107|0x0000000086b00000, 0x0000000086b00000, 0x0000000086c00000|  0%| F|  |TAMS 0x0000000086b00000, 0x0000000086b00000| Untracked 
| 108|0x0000000086c00000, 0x0000000086c00000, 0x0000000086d00000|  0%| F|  |TAMS 0x0000000086c00000, 0x0000000086c00000| Untracked 
| 109|0x0000000086d00000, 0x0000000086d00000, 0x0000000086e00000|  0%| F|  |TAMS 0x0000000086d00000, 0x0000000086d00000| Untracked 
| 110|0x0000000086e00000, 0x0000000086e00000, 0x0000000086f00000|  0%| F|  |TAMS 0x0000000086e00000, 0x0000000086e00000| Untracked 
| 111|0x0000000086f00000, 0x0000000086f00000, 0x0000000087000000|  0%| F|  |TAMS 0x0000000086f00000, 0x0000000086f00000| Untracked 
| 112|0x0000000087000000, 0x0000000087000000, 0x0000000087100000|  0%| F|  |TAMS 0x0000000087000000, 0x0000000087000000| Untracked 
| 113|0x0000000087100000, 0x0000000087100000, 0x0000000087200000|  0%| F|  |TAMS 0x0000000087100000, 0x0000000087100000| Untracked 
| 114|0x0000000087200000, 0x0000000087200000, 0x0000000087300000|  0%| F|  |TAMS 0x0000000087200000, 0x0000000087200000| Untracked 
| 115|0x0000000087300000, 0x0000000087300000, 0x0000000087400000|  0%| F|  |TAMS 0x0000000087300000, 0x0000000087300000| Untracked 
| 116|0x0000000087400000, 0x0000000087400000, 0x0000000087500000|  0%| F|  |TAMS 0x0000000087400000, 0x0000000087400000| Untracked 
| 117|0x0000000087500000, 0x0000000087500000, 0x0000000087600000|  0%| F|  |TAMS 0x0000000087500000, 0x0000000087500000| Untracked 
| 118|0x0000000087600000, 0x0000000087600000, 0x0000000087700000|  0%| F|  |TAMS 0x0000000087600000, 0x0000000087600000| Untracked 
| 119|0x0000000087700000, 0x0000000087700000, 0x0000000087800000|  0%| F|  |TAMS 0x0000000087700000, 0x0000000087700000| Untracked 
| 120|0x0000000087800000, 0x0000000087800000, 0x0000000087900000|  0%| F|  |TAMS 0x0000000087800000, 0x0000000087800000| Untracked 
| 121|0x0000000087900000, 0x0000000087900000, 0x0000000087a00000|  0%| F|  |TAMS 0x0000000087900000, 0x0000000087900000| Untracked 
| 122|0x0000000087a00000, 0x0000000087a00000, 0x0000000087b00000|  0%| F|  |TAMS 0x0000000087a00000, 0x0000000087a00000| Untracked 
| 123|0x0000000087b00000, 0x0000000087b00000, 0x0000000087c00000|  0%| F|  |TAMS 0x0000000087b00000, 0x0000000087b00000| Untracked 
| 124|0x0000000087c00000, 0x0000000087c00000, 0x0000000087d00000|  0%| F|  |TAMS 0x0000000087c00000, 0x0000000087c00000| Untracked 
| 125|0x0000000087d00000, 0x0000000087d00000, 0x0000000087e00000|  0%| F|  |TAMS 0x0000000087d00000, 0x0000000087d00000| Untracked 
| 126|0x0000000087e00000, 0x0000000087e00000, 0x0000000087f00000|  0%| F|  |TAMS 0x0000000087e00000, 0x0000000087e00000| Untracked 
| 127|0x0000000087f00000, 0x0000000087f00000, 0x0000000088000000|  0%| F|  |TAMS 0x0000000087f00000, 0x0000000087f00000| Untracked 

Card table byte_map: [0x00000168269e0000,0x0000016826de0000] _byte_map_base: 0x00000168265e0000

Marking Bits (Prev, Next): (CMBitMap*) 0x00000168132daa80, (CMBitMap*) 0x00000168132daa48
 Prev Bits: [0x00000168291e0000, 0x000001682b1e0000)
 Next Bits: [0x00000168271e0000, 0x00000168291e0000)

Polling page: 0x0000016811aa0000

Metaspace:

Usage:
  Non-class:     25.69 MB capacity,    25.24 MB ( 98%) used,   406.02 KB (  2%) free+waste,    60.81 KB ( <1%) overhead. 
      Class:      4.17 MB capacity,     3.92 MB ( 94%) used,   233.62 KB (  5%) free+waste,    30.63 KB ( <1%) overhead. 
       Both:     29.87 MB capacity,    29.15 MB ( 98%) used,   639.63 KB (  2%) free+waste,    91.44 KB ( <1%) overhead. 

Virtual space:
  Non-class space:       32.00 MB reserved,      25.75 MB ( 80%) committed 
      Class space:        1.00 GB reserved,       4.25 MB ( <1%) committed 
             Both:        1.03 GB reserved,      30.00 MB (  3%) committed 

Chunk freelists:
   Non-Class:  57.00 KB
       Class:  14.00 KB
        Both:  71.00 KB

MaxMetaspaceSize: 17179869184.00 GB
CompressedClassSpaceSize: 1.00 GB

CodeHeap 'non-profiled nmethods': size=120064Kb used=1201Kb max_used=1201Kb free=118862Kb
 bounds [0x000001681e860000, 0x000001681ead0000, 0x0000016825da0000]
CodeHeap 'profiled nmethods': size=120000Kb used=5303Kb max_used=5303Kb free=114696Kb
 bounds [0x0000016817330000, 0x0000016817860000, 0x000001681e860000]
CodeHeap 'non-nmethods': size=5696Kb used=1162Kb max_used=1226Kb free=4533Kb
 bounds [0x0000016816da0000, 0x0000016817010000, 0x0000016817330000]
 total_blobs=2947 nmethods=2440 adapters=419
 compilation: enabled
              stopped_count=0, restarted_count=0
 full_count=0

Compilation events (20 events):
Event: 3.522 Thread 0x000001682dabe800 2432       3       jdk.internal.org.objectweb.asm.ClassWriter::visitField (16 bytes)
Event: 3.522 Thread 0x000001682dab8000 2434       4       jdk.internal.org.objectweb.asm.Item::isEqualTo (354 bytes)
Event: 3.523 Thread 0x000001682dabe800 nmethod 2432 0x0000016817856d10 code [0x0000016817856ec0, 0x0000016817857088]
Event: 3.523 Thread 0x000001682dabe800 2433       3       jdk.internal.org.objectweb.asm.FieldWriter::<init> (97 bytes)
Event: 3.523 Thread 0x000001682dabe800 nmethod 2433 0x0000016817857190 code [0x00000168178573c0, 0x0000016817857948]
Event: 3.524 Thread 0x000001682e847800 nmethod 2421 0x000001681e98a610 code [0x000001681e98a840, 0x000001681e98b380]
Event: 3.524 Thread 0x000001682e847800 2435       4       jdk.internal.org.objectweb.asm.Type::getArgumentsAndReturnSizes (151 bytes)
Event: 3.526 Thread 0x000001682dabe800 2436       3       java.util.concurrent.atomic.AtomicInteger::incrementAndGet (14 bytes)
Event: 3.527 Thread 0x000001682dabe800 nmethod 2436 0x0000016817857b90 code [0x0000016817857d40, 0x0000016817857e58]
Event: 3.528 Thread 0x000001682dabe800 2437       3       org.objectweb.asm.MethodWriter::putFrame (549 bytes)
Event: 3.529 Thread 0x000001682dab8000 nmethod 2434 0x000001681e98b910 code [0x000001681e98bae0, 0x000001681e98c238]
Event: 3.530 Thread 0x000001682dabe800 nmethod 2437 0x0000016817857f10 code [0x0000016817858360, 0x0000016817859db8]
Event: 3.530 Thread 0x000001682dabe800 2438       3       org.objectweb.asm.MethodWriter::putAbstractTypes (31 bytes)
Event: 3.530 Thread 0x000001682dabe800 nmethod 2438 0x000001681785aa10 code [0x000001681785abe0, 0x000001681785ae08]
Event: 3.530 Thread 0x000001682dabe800 2439       3       java.lang.reflect.Constructor::acquireConstructorAccessor (44 bytes)
Event: 3.530 Thread 0x000001682dabe800 nmethod 2439 0x000001681785af90 code [0x000001681785b180, 0x000001681785b658]
Event: 3.530 Thread 0x000001682dabe800 2440       3       java.lang.invoke.DirectMethodHandle::shouldBeInitialized (123 bytes)
Event: 3.532 Thread 0x000001682dabe800 nmethod 2440 0x000001681785b810 code [0x000001681785bc00, 0x000001681785d258]
Event: 3.532 Thread 0x000001682dabe800 2441       3       java.lang.invoke.MethodHandles$Lookup::getDirectMethodNoSecurityManager (18 bytes)
Event: 3.532 Thread 0x000001682dabe800 nmethod 2441 0x000001681785d910 code [0x000001681785dac0, 0x000001681785dc08]

GC Heap History (11 events):
Event: 1.014 GC heap before
{Heap before GC invocations=0 (full 0):
 garbage-first heap   total 131072K, used 27648K [0x0000000080000000, 0x0000000100000000)
  region size 1024K, 22 young (22528K), 0 survivors (0K)
 Metaspace       used 10003K, capacity 10272K, committed 10368K, reserved 1058816K
  class space    used 1036K, capacity 1105K, committed 1152K, reserved 1048576K
}
Event: 1.020 GC heap after
{Heap after GC invocations=1 (full 0):
 garbage-first heap   total 131072K, used 9459K [0x0000000080000000, 0x0000000100000000)
  region size 1024K, 3 young (3072K), 3 survivors (3072K)
 Metaspace       used 10003K, capacity 10272K, committed 10368K, reserved 1058816K
  class space    used 1036K, capacity 1105K, committed 1152K, reserved 1048576K
}
Event: 1.339 GC heap before
{Heap before GC invocations=1 (full 0):
 garbage-first heap   total 131072K, used 27891K [0x0000000080000000, 0x0000000100000000)
  region size 1024K, 21 young (21504K), 3 survivors (3072K)
 Metaspace       used 11175K, capacity 11456K, committed 11520K, reserved 1058816K
  class space    used 1174K, capacity 1244K, committed 1280K, reserved 1048576K
}
Event: 1.343 GC heap after
{Heap after GC invocations=2 (full 0):
 garbage-first heap   total 131072K, used 9937K [0x0000000080000000, 0x0000000100000000)
  region size 1024K, 1 young (1024K), 1 survivors (1024K)
 Metaspace       used 11175K, capacity 11456K, committed 11520K, reserved 1058816K
  class space    used 1174K, capacity 1244K, committed 1280K, reserved 1048576K
}
Event: 2.073 GC heap before
{Heap before GC invocations=2 (full 0):
 garbage-first heap   total 131072K, used 58065K [0x0000000080000000, 0x0000000100000000)
  region size 1024K, 47 young (48128K), 1 survivors (1024K)
 Metaspace       used 16546K, capacity 16954K, committed 17152K, reserved 1064960K
  class space    used 1915K, capacity 2036K, committed 2048K, reserved 1048576K
}
Event: 2.081 GC heap after
{Heap after GC invocations=3 (full 0):
 garbage-first heap   total 131072K, used 15710K [0x0000000080000000, 0x0000000100000000)
  region size 1024K, 6 young (6144K), 6 survivors (6144K)
 Metaspace       used 16546K, capacity 16954K, committed 17152K, reserved 1064960K
  class space    used 1915K, capacity 2036K, committed 2048K, reserved 1048576K
}
Event: 2.484 GC heap before
{Heap before GC invocations=3 (full 0):
 garbage-first heap   total 131072K, used 50526K [0x0000000080000000, 0x0000000100000000)
  region size 1024K, 41 young (41984K), 6 survivors (6144K)
 Metaspace       used 20670K, capacity 21093K, committed 21248K, reserved 1067008K
  class space    used 2543K, capacity 2695K, committed 2816K, reserved 1048576K
}
Event: 2.495 GC heap after
{Heap after GC invocations=4 (full 0):
 garbage-first heap   total 131072K, used 17263K [0x0000000080000000, 0x0000000100000000)
  region size 1024K, 2 young (2048K), 2 survivors (2048K)
 Metaspace       used 20670K, capacity 21093K, committed 21248K, reserved 1067008K
  class space    used 2543K, capacity 2695K, committed 2816K, reserved 1048576K
}
Event: 3.069 GC heap before
{Heap before GC invocations=5 (full 0):
 garbage-first heap   total 131072K, used 68463K [0x0000000080000000, 0x0000000100000000)
  region size 1024K, 52 young (53248K), 2 survivors (2048K)
 Metaspace       used 26022K, capacity 26648K, committed 26752K, reserved 1073152K
  class space    used 3405K, capacity 3617K, committed 3712K, reserved 1048576K
}
Event: 3.074 GC heap after
{Heap after GC invocations=6 (full 0):
 garbage-first heap   total 131072K, used 19048K [0x0000000080000000, 0x0000000100000000)
  region size 1024K, 4 young (4096K), 4 survivors (4096K)
 Metaspace       used 26022K, capacity 26648K, committed 26752K, reserved 1073152K
  class space    used 3405K, capacity 3617K, committed 3712K, reserved 1048576K
}
Event: 3.532 GC heap before
{Heap before GC invocations=6 (full 0):
 garbage-first heap   total 131072K, used 60008K [0x0000000080000000, 0x0000000100000000)
  region size 1024K, 45 young (46080K), 4 survivors (4096K)
 Metaspace       used 29853K, capacity 30585K, committed 30720K, reserved 1081344K
  class space    used 4009K, capacity 4274K, committed 4352K, reserved 1048576K
}

Deoptimization events (20 events):
Event: 3.051 Thread 0x000001682fce5000 DEOPT PACKING pc=0x000001681e8b04a8 sp=0x0000003eaabfa9a0
Event: 3.051 Thread 0x000001682fce5000 DEOPT UNPACKING pc=0x0000016816dc662f sp=0x0000003eaabfa890 mode 2
Event: 3.261 Thread 0x000001682fce5000 Uncommon trap: trap_request=0xffffff4d fr.pc=0x000001681e920434 relative=0x00000000000001f4
Event: 3.261 Thread 0x000001682fce5000 Uncommon trap: reason=unstable_if action=reinterpret pc=0x000001681e920434 method=java.util.HashMap.hash(Ljava/lang/Object;)I @ 1 c2
Event: 3.261 Thread 0x000001682fce5000 DEOPT PACKING pc=0x000001681e920434 sp=0x0000003eaabf8cc0
Event: 3.261 Thread 0x000001682fce5000 DEOPT UNPACKING pc=0x0000016816dc662f sp=0x0000003eaabf8bf8 mode 2
Event: 3.298 Thread 0x000001682fce5000 Uncommon trap: trap_request=0xffffffcc fr.pc=0x000001681e97c298 relative=0x00000000000001d8
Event: 3.298 Thread 0x000001682fce5000 Uncommon trap: reason=intrinsic_or_type_checked_inlining action=make_not_entrant pc=0x000001681e97c298 method=java.util.Arrays.copyOf([Ljava/lang/Object;ILjava/lang/Class;)[Ljava/lang/Object; @ 35 c2
Event: 3.298 Thread 0x000001682fce5000 DEOPT PACKING pc=0x000001681e97c298 sp=0x0000003eaabf9340
Event: 3.298 Thread 0x000001682fce5000 DEOPT UNPACKING pc=0x0000016816dc662f sp=0x0000003eaabf92d0 mode 2
Event: 3.498 Thread 0x000001682fce5000 Uncommon trap: trap_request=0xffffff4d fr.pc=0x000001681e9829fc relative=0x00000000000001bc
Event: 3.498 Thread 0x000001682fce5000 Uncommon trap: reason=unstable_if action=reinterpret pc=0x000001681e9829fc method=java.util.regex.Pattern$BmpCharProperty.match(Ljava/util/regex/Matcher;ILjava/lang/CharSequence;)Z @ 39 c2
Event: 3.498 Thread 0x000001682fce5000 DEOPT PACKING pc=0x000001681e9829fc sp=0x0000003eaabf9680
Event: 3.498 Thread 0x000001682fce5000 DEOPT UNPACKING pc=0x0000016816dc662f sp=0x0000003eaabf9630 mode 2
Event: 3.522 Thread 0x000001682fce5000 DEOPT PACKING pc=0x0000016817723e79 sp=0x0000003eaabf7f60
Event: 3.522 Thread 0x000001682fce5000 DEOPT UNPACKING pc=0x0000016816dc6dde sp=0x0000003eaabf74a8 mode 0
Event: 3.528 Thread 0x000001682fce5000 Uncommon trap: trap_request=0xffffff6e fr.pc=0x000001681e98afcc relative=0x000000000000078c
Event: 3.529 Thread 0x000001682fce5000 Uncommon trap: reason=speculate_class_check action=maybe_recompile pc=0x000001681e98afcc method=java.lang.reflect.Executable.declaredAnnotations()Ljava/util/Map; @ 23 c2
Event: 3.529 Thread 0x000001682fce5000 DEOPT PACKING pc=0x000001681e98afcc sp=0x0000003eaabf98d0
Event: 3.529 Thread 0x000001682fce5000 DEOPT UNPACKING pc=0x0000016816dc662f sp=0x0000003eaabf9810 mode 2

Classes redefined (0 events):
No events

Internal exceptions (20 events):
Event: 2.752 Thread 0x000001682fce5000 Exception <a 'java/lang/NoSuchMethodError'{0x0000000086530708}: 'void java.lang.invoke.DirectMethodHandle$Holder.invokeSpecial(java.lang.Object, java.lang.Object, java.lang.Object, java.lang.Object, java.lang.Object, java.lang.Object)'> (0x0000000086530708) thrown at [./src/hotspot/share/interpreter/linkResolver.cpp, line 773]
Event: 2.762 Thread 0x000001682fce5000 Exception <a 'java/lang/NoSuchMethodError'{0x000000008659f7a0}: 'void java.lang.invoke.DirectMethodHandle$Holder.invokeSpecial(java.lang.Object, java.lang.Object, java.lang.Object, java.lang.Object, java.lang.Object, java.lang.Object, java.lang.Object)'> (0x000000008659f7a0) thrown at [./src/hotspot/share/interpreter/linkResolver.cpp, line 773]
Event: 2.762 Thread 0x000001682fce5000 Exception <a 'java/lang/NoSuchMethodError'{0x00000000865a7c90}: 'java.lang.Object java.lang.invoke.Invokers$Holder.linkToTargetMethod(java.lang.Object, java.lang.Object, java.lang.Object, java.lang.Object, java.lang.Object, java.lang.Object)'> (0x00000000865a7c90) thrown at [./src/hotspot/share/interpreter/linkResolver.cpp, line 773]
Event: 2.845 Thread 0x000001682fce5000 Exception <a 'java/lang/NoSuchMethodError'{0x0000000085938408}: 'int java.lang.invoke.DirectMethodHandle$Holder.invokeStaticInit(java.lang.Object, java.lang.Object, java.lang.Object)'> (0x0000000085938408) thrown at [./src/hotspot/share/interpreter/linkResolver.cpp, line 773]
Event: 2.929 Thread 0x000001682fce5000 Exception <a 'java/lang/NoSuchMethodError'{0x0000000085467e10}: 'void java.lang.invoke.DirectMethodHandle$Holder.invokeStaticInit(java.lang.Object, java.lang.Object)'> (0x0000000085467e10) thrown at [./src/hotspot/share/interpreter/linkResolver.cpp, line 773]
Event: 3.023 Thread 0x000001682fce5000 Exception <a 'java/lang/NoSuchMethodError'{0x0000000084fbc278}: 'void java.lang.invoke.DirectMethodHandle$Holder.invokeStatic(java.lang.Object, java.lang.Object, java.lang.Object, java.lang.Object)'> (0x0000000084fbc278) thrown at [./src/hotspot/share/interpreter/linkResolver.cpp, line 773]
Event: 3.025 Thread 0x000001682fce5000 Exception <a 'java/lang/NoSuchMethodError'{0x0000000084fcfcc8}: 'int java.lang.invoke.DirectMethodHandle$Holder.invokeInterface(java.lang.Object, java.lang.Object)'> (0x0000000084fcfcc8) thrown at [./src/hotspot/share/interpreter/linkResolver.cpp, line 773]
Event: 3.144 Thread 0x000001682fce5000 Exception <a 'java/lang/NoSuchMethodError'{0x00000000879ff140}: 'java.lang.Object java.lang.invoke.DirectMethodHandle$Holder.invokeSpecialIFC(java.lang.Object, java.lang.Object, java.lang.Object, java.lang.Object)'> (0x00000000879ff140) thrown at [./src/hotspot/share/interpreter/linkResolver.cpp, line 773]
Event: 3.152 Thread 0x000001682fce5000 Exception <a 'java/lang/NoSuchMethodError'{0x00000000878da708}: 'java.lang.Object java.lang.invoke.DirectMethodHandle$Holder.invokeSpecial(java.lang.Object, java.lang.Object, java.lang.Object, java.lang.Object, java.lang.Object, java.lang.Object, java.lang.Object, java.lang.Object, java.lang.Object, java.lang.Object, java.lang.Object, java.lang.Object, java.lang.Object)'> (0x00000000878da708) thrown at [./src/hotspot/share/interpreter/linkResolver.cpp, line 773]
Event: 3.152 Thread 0x000001682fce5000 Exception <a 'java/lang/NoSuchMethodError'{0x00000000878eb568}: 'java.lang.Object java.lang.invoke.DirectMethodHandle$Holder.invokeSpecial(java.lang.Object, java.lang.Object, java.lang.Object, java.lang.Object, java.lang.Object, java.lang.Object, java.lang.Object, java.lang.Object, java.lang.Object, java.lang.Object, java.lang.Object, java.lang.Object)'> (0x00000000878eb568) thrown at [./src/hotspot/share/interpreter/linkResolver.cpp, line 773]
Event: 3.153 Thread 0x000001682fce5000 Exception <a 'java/lang/NoSuchMethodError'{0x00000000878f0690}: 'java.lang.Object java.lang.invoke.Invokers$Holder.linkToTargetMethod(java.lang.Object, java.lang.Object, java.lang.Object, java.lang.Object, java.lang.Object, java.lang.Object, java.lang.Object, java.lang.Object, java.lang.Object, java.lang.Object, java.lang.Object)'> (0x00000000878f0690) thrown at [./src/hotspot/share/interpreter/linkResolver.cpp, line 773]
Event: 3.163 Thread 0x000001682fce5000 Exception <a 'java/lang/NoSuchMethodError'{0x0000000087631170}: 'java.lang.Object java.lang.invoke.DirectMethodHandle$Holder.invokeSpecial(java.lang.Object, java.lang.Object, java.lang.Object, java.lang.Object, java.lang.Object, java.lang.Object, java.lang.Object, java.lang.Object, java.lang.Object, java.lang.Object, java.lang.Object, java.lang.Object, java.lang.Object, java.lang.Object)'> (0x0000000087631170) thrown at [./src/hotspot/share/interpreter/linkResolver.cpp, line 773]
Event: 3.164 Thread 0x000001682fce5000 Exception <a 'java/lang/NoSuchMethodError'{0x00000000876427e8}: 'java.lang.Object java.lang.invoke.Invokers$Holder.linkToTargetMethod(java.lang.Object, java.lang.Object, java.lang.Object, java.lang.Object, java.lang.Object, java.lang.Object, java.lang.Object, java.lang.Object, java.lang.Object, java.lang.Object, java.lang.Object, java.lang.Object)'> (0x00000000876427e8) thrown at [./src/hotspot/share/interpreter/linkResolver.cpp, line 773]
Event: 3.168 Thread 0x000001682fce5000 Exception <a 'java/lang/NoSuchMethodError'{0x00000000876d43e0}: 'java.lang.Object java.lang.invoke.DirectMethodHandle$Holder.invokeStaticInit(java.lang.Object, java.lang.Object, java.lang.Object, java.lang.Object)'> (0x00000000876d43e0) thrown at [./src/hotspot/share/interpreter/linkResolver.cpp, line 773]
Event: 3.261 Thread 0x000001682fce5000 Implicit null exception at 0x000001681e920275 to 0x000001681e920424
Event: 3.386 Thread 0x000001682fce5000 Exception <a 'java/lang/NoSuchMethodError'{0x0000000086460518}: 'java.lang.Object java.lang.invoke.Invokers$Holder.linkToTargetMethod(java.lang.Object, java.lang.Object, java.lang.Object, java.lang.Object, java.lang.Object, java.lang.Object, java.lang.Object, java.lang.Object)'> (0x0000000086460518) thrown at [./src/hotspot/share/interpreter/linkResolver.cpp, line 773]
Event: 3.390 Thread 0x000001682fce5000 Exception <a 'java/lang/NoSuchMethodError'{0x0000000086496e80}: 'java.lang.Object java.lang.invoke.DirectMethodHandle$Holder.invokeVirtual(java.lang.Object, java.lang.Object, java.lang.Object)'> (0x0000000086496e80) thrown at [./src/hotspot/share/interpreter/linkResolver.cpp, line 773]
Event: 3.400 Thread 0x000001682fce5000 Exception <a 'java/lang/NoSuchMethodError'{0x0000000086372a98}: 'java.lang.Object java.lang.invoke.Invokers$Holder.linkToTargetMethod(java.lang.Object, java.lang.Object, java.lang.Object, java.lang.Object, java.lang.Object, java.lang.Object, java.lang.Object)'> (0x0000000086372a98) thrown at [./src/hotspot/share/interpreter/linkResolver.cpp, line 773]
Event: 3.402 Thread 0x000001682fce5000 Exception <a 'java/lang/IncompatibleClassChangeError'{0x00000000863b2c90}: Found class java.lang.Object, but interface was expected> (0x00000000863b2c90) thrown at [./src/hotspot/share/interpreter/linkResolver.cpp, line 839]
Event: 3.442 Thread 0x000001682fce5000 Exception <a 'java/lang/NoSuchMethodError'{0x0000000085f5a388}: 'int java.lang.invoke.DirectMethodHandle$Holder.invokeVirtual(java.lang.Object, java.lang.Object)'> (0x0000000085f5a388) thrown at [./src/hotspot/share/interpreter/linkResolver.cpp, line 773]

Events (20 events):
Event: 3.530 loading class org/gradle/api/Action done
Event: 3.530 loading class org/gradle/api/internal/artifacts/JavaEcosystemSupport
Event: 3.530 loading class org/gradle/api/internal/artifacts/JavaEcosystemSupport done
Event: 3.530 loading class org/gradle/api/internal/artifacts/JavaEcosystemSupport$UsageCompatibilityRules
Event: 3.530 loading class org/gradle/api/internal/artifacts/JavaEcosystemSupport$UsageCompatibilityRules done
Event: 3.531 loading class org/gradle/api/internal/artifacts/JavaEcosystemSupport$UsageDisambiguationRules
Event: 3.531 loading class org/gradle/api/internal/artifacts/JavaEcosystemSupport$UsageDisambiguationRules done
Event: 3.531 loading class org/gradle/api/internal/artifacts/JavaEcosystemSupport$1
Event: 3.531 loading class org/gradle/api/internal/artifacts/JavaEcosystemSupport$1 done
Event: 3.531 loading class org/gradle/api/internal/artifacts/JavaEcosystemSupport$LibraryElementsCompatibilityRules
Event: 3.531 loading class org/gradle/api/internal/artifacts/JavaEcosystemSupport$LibraryElementsCompatibilityRules done
Event: 3.531 loading class org/gradle/api/internal/artifacts/JavaEcosystemSupport$LibraryElementsDisambiguationRules
Event: 3.531 loading class org/gradle/api/internal/artifacts/JavaEcosystemSupport$LibraryElementsDisambiguationRules done
Event: 3.532 loading class org/gradle/api/model/ObjectFactory
Event: 3.532 loading class org/gradle/api/model/ObjectFactory done
Event: 3.532 loading class org/gradle/api/ActionConfiguration
Event: 3.532 loading class org/gradle/api/ActionConfiguration done
Event: 3.532 loading class org/gradle/api/model/ObjectFactory
Event: 3.532 loading class org/gradle/api/model/ObjectFactory done
Event: 3.532 Executing VM operation: CollectForMetadataAllocation


Dynamic libraries:
0x00007ff6f20d0000 - 0x00007ff6f20da000 	E:\AndroidStudio\jre\bin\java.exe
0x00007ffc0e350000 - 0x00007ffc0e545000 	C:\Windows\SYSTEM32\ntdll.dll
0x00007ffc0c9f0000 - 0x00007ffc0caae000 	C:\Windows\System32\KERNEL32.DLL
0x00007ffc0ba60000 - 0x00007ffc0bd28000 	C:\Windows\System32\KERNELBASE.dll
0x00007ffc0bde0000 - 0x00007ffc0bee0000 	C:\Windows\System32\ucrtbase.dll
0x00007ffbf5a80000 - 0x00007ffbf5a97000 	E:\AndroidStudio\jre\bin\VCRUNTIME140.dll
0x00007ffbf1f90000 - 0x00007ffbf1fa9000 	E:\AndroidStudio\jre\bin\jli.dll
0x00007ffc0c760000 - 0x00007ffc0c901000 	C:\Windows\System32\USER32.dll
0x00007ffc0c0a0000 - 0x00007ffc0c0c2000 	C:\Windows\System32\win32u.dll
0x00007ffbf4880000 - 0x00007ffbf4b1a000 	C:\Windows\WinSxS\amd64_microsoft.windows.common-controls_6595b64144ccf1df_6.0.19041.1110_none_60b5254171f9507e\COMCTL32.dll
0x00007ffc0d440000 - 0x00007ffc0d46b000 	C:\Windows\System32\GDI32.dll
0x00007ffc0d470000 - 0x00007ffc0d50e000 	C:\Windows\System32\msvcrt.dll
0x00007ffc0c0d0000 - 0x00007ffc0c1dd000 	C:\Windows\System32\gdi32full.dll
0x00007ffc0c210000 - 0x00007ffc0c2ad000 	C:\Windows\System32\msvcp_win.dll
0x00007ffc0d6c0000 - 0x00007ffc0d6f0000 	C:\Windows\System32\IMM32.DLL
0x00007ffbf1e90000 - 0x00007ffbf1f2d000 	E:\AndroidStudio\jre\bin\msvcp140.dll
0x00007ffbb7640000 - 0x00007ffbb8115000 	E:\AndroidStudio\jre\bin\server\jvm.dll
0x00007ffc0c940000 - 0x00007ffc0c9ee000 	C:\Windows\System32\ADVAPI32.dll
0x00007ffc0c5f0000 - 0x00007ffc0c68c000 	C:\Windows\System32\sechost.dll
0x00007ffc0c390000 - 0x00007ffc0c4b5000 	C:\Windows\System32\RPCRT4.dll
0x00007ffc0c910000 - 0x00007ffc0c918000 	C:\Windows\System32\PSAPI.DLL
0x00007ffc075c0000 - 0x00007ffc075c9000 	C:\Windows\SYSTEM32\WSOCK32.dll
0x00007ffc01dc0000 - 0x00007ffc01de7000 	C:\Windows\SYSTEM32\WINMM.dll
0x00007ffc0e110000 - 0x00007ffc0e17b000 	C:\Windows\System32\WS2_32.dll
0x00007ffc04d80000 - 0x00007ffc04d8a000 	C:\Windows\SYSTEM32\VERSION.dll
0x00007ffc09970000 - 0x00007ffc09982000 	C:\Windows\SYSTEM32\kernel.appcore.dll
0x00007ffbf5a60000 - 0x00007ffbf5a71000 	E:\AndroidStudio\jre\bin\verify.dll
0x00007ffc05890000 - 0x00007ffc05a74000 	C:\Windows\SYSTEM32\DBGHELP.DLL
0x00007ffbfae70000 - 0x00007ffbfae9c000 	C:\Windows\SYSTEM32\dbgcore.DLL
0x00007ffc0c2b0000 - 0x00007ffc0c332000 	C:\Windows\System32\bcryptPrimitives.dll
0x00007ffbf0680000 - 0x00007ffbf06a9000 	E:\AndroidStudio\jre\bin\java.dll
0x00007ffc04af0000 - 0x00007ffc04afb000 	E:\AndroidStudio\jre\bin\jimage.dll
0x00007ffbf1bf0000 - 0x00007ffbf1c08000 	E:\AndroidStudio\jre\bin\zip.dll
0x00007ffc0d880000 - 0x00007ffc0dfc4000 	C:\Windows\System32\SHELL32.dll
0x00007ffc09b70000 - 0x00007ffc0a305000 	C:\Windows\SYSTEM32\windows.storage.dll
0x00007ffc0cc60000 - 0x00007ffc0cfb5000 	C:\Windows\System32\combase.dll
0x00007ffc0b3e0000 - 0x00007ffc0b40e000 	C:\Windows\SYSTEM32\Wldp.dll
0x00007ffc0e260000 - 0x00007ffc0e30d000 	C:\Windows\System32\SHCORE.dll
0x00007ffc0c700000 - 0x00007ffc0c755000 	C:\Windows\System32\shlwapi.dll
0x00007ffc0b9a0000 - 0x00007ffc0b9bf000 	C:\Windows\SYSTEM32\profapi.dll
0x00007ffbf0900000 - 0x00007ffbf091a000 	E:\AndroidStudio\jre\bin\net.dll
0x00007ffc05040000 - 0x00007ffc0514c000 	C:\Windows\SYSTEM32\WINHTTP.dll
0x00007ffc0b140000 - 0x00007ffc0b1aa000 	C:\Windows\system32\mswsock.dll
0x00007ffbf0780000 - 0x00007ffbf0794000 	E:\AndroidStudio\jre\bin\nio.dll
0x00007ffbf6360000 - 0x00007ffbf6387000 	C:\Users\Rostya\.gradle\native\e1d6ef7f7dcc3fd88c89a11ec53ec762bb8ba0a96d01ffa2cd45eb1d1d8dd5c5\windows-amd64\native-platform.dll
0x00007ffbc0ae0000 - 0x00007ffbc0c24000 	C:\Users\Rostya\.gradle\native\5664cfc778a61ccfe75a443a1ab52a65af34e5dc3c78e0209fed803814484fcb\windows-amd64\native-platform-file-events.dll
0x00007ffbfad50000 - 0x00007ffbfad5a000 	E:\AndroidStudio\jre\bin\management.dll
0x00007ffbf64f0000 - 0x00007ffbf64fd000 	E:\AndroidStudio\jre\bin\management_ext.dll
0x00007ffc0b340000 - 0x00007ffc0b358000 	C:\Windows\SYSTEM32\CRYPTSP.dll
0x00007ffc0aac0000 - 0x00007ffc0aaf4000 	C:\Windows\system32\rsaenh.dll
0x00007ffc0c1e0000 - 0x00007ffc0c207000 	C:\Windows\System32\bcrypt.dll
0x00007ffc0b960000 - 0x00007ffc0b98e000 	C:\Windows\SYSTEM32\USERENV.dll
0x00007ffc0b330000 - 0x00007ffc0b33c000 	C:\Windows\SYSTEM32\CRYPTBASE.dll
0x00007ffc0ae30000 - 0x00007ffc0ae6b000 	C:\Windows\SYSTEM32\IPHLPAPI.DLL
0x00007ffc0cbd0000 - 0x00007ffc0cbd8000 	C:\Windows\System32\NSI.dll
0x00007ffc05800000 - 0x00007ffc05817000 	C:\Windows\SYSTEM32\dhcpcsvc6.DLL
0x00007ffc057e0000 - 0x00007ffc057fd000 	C:\Windows\SYSTEM32\dhcpcsvc.DLL
0x00007ffc0ae70000 - 0x00007ffc0af3b000 	C:\Windows\SYSTEM32\DNSAPI.dll

dbghelp: loaded successfully - version: 4.0.5 - missing functions: none
symbol engine: initialized successfully - sym options: 0x614 - pdb path: .;E:\AndroidStudio\jre\bin;C:\Windows\SYSTEM32;C:\Windows\WinSxS\amd64_microsoft.windows.common-controls_6595b64144ccf1df_6.0.19041.1110_none_60b5254171f9507e;E:\AndroidStudio\jre\bin\server;C:\Users\Rostya\.gradle\native\e1d6ef7f7dcc3fd88c89a11ec53ec762bb8ba0a96d01ffa2cd45eb1d1d8dd5c5\windows-amd64;C:\Users\Rostya\.gradle\native\5664cfc778a61ccfe75a443a1ab52a65af34e5dc3c78e0209fed803814484fcb\windows-amd64

VM Arguments:
jvm_args: --add-opens=java.base/java.util=ALL-UNNAMED --add-opens=java.base/java.lang=ALL-UNNAMED --add-opens=java.base/java.lang.invoke=ALL-UNNAMED --add-opens=java.base/java.util=ALL-UNNAMED --add-opens=java.prefs/java.util.prefs=ALL-UNNAMED --add-opens=java.prefs/java.util.prefs=ALL-UNNAMED --add-opens=java.base/java.nio.charset=ALL-UNNAMED --add-opens=java.base/java.net=ALL-UNNAMED --add-opens=java.base/java.util.concurrent.atomic=ALL-UNNAMED -Xmx2048m -Dfile.encoding=UTF-8 -Duser.country=RU -Duser.language=ru -Duser.variant 
java_command: org.gradle.launcher.daemon.bootstrap.GradleDaemon 7.2
java_class_path (initial): C:\Users\Rostya\.gradle\wrapper\dists\gradle-7.2-bin\2dnblmf4td7x66yl1d74lt32g\gradle-7.2\lib\gradle-launcher-7.2.jar
Launcher Type: SUN_STANDARD

[Global flags]
     intx CICompilerCount                          = 3                                         {product} {ergonomic}
     uint ConcGCThreads                            = 2                                         {product} {ergonomic}
     uint G1ConcRefinementThreads                  = 6                                         {product} {ergonomic}
   size_t G1HeapRegionSize                         = 1048576                                   {product} {ergonomic}
    uintx GCDrainStackTargetSize                   = 64                                        {product} {ergonomic}
   size_t InitialHeapSize                          = 134217728                                 {product} {ergonomic}
   size_t MarkStackSize                            = 4194304                                   {product} {ergonomic}
   size_t MaxHeapSize                              = 2147483648                                {product} {command line}
   size_t MaxNewSize                               = 1287651328                                {product} {ergonomic}
   size_t MinHeapDeltaBytes                        = 1048576                                   {product} {ergonomic}
    uintx NonNMethodCodeHeapSize                   = 5830732                                {pd product} {ergonomic}
    uintx NonProfiledCodeHeapSize                  = 122913754                              {pd product} {ergonomic}
    uintx ProfiledCodeHeapSize                     = 122913754                              {pd product} {ergonomic}
    uintx ReservedCodeCacheSize                    = 251658240                              {pd product} {ergonomic}
     bool SegmentedCodeCache                       = true                                      {product} {ergonomic}
     bool UseCompressedClassPointers               = true                                 {lp64_product} {ergonomic}
     bool UseCompressedOops                        = true                                 {lp64_product} {ergonomic}
     bool UseG1GC                                  = true                                      {product} {ergonomic}
     bool UseLargePagesIndividualAllocation        = false                                  {pd product} {ergonomic}

Logging:
Log output configuration:
 #0: stdout all=warning uptime,level,tags
 #1: stderr all=off uptime,level,tags

Environment Variables:
PATH=C:\Windows\system32;C:\Windows;C:\Windows\System32\Wbem;C:\Windows\System32\WindowsPowerShell\v1.0\;C:\Windows\System32\OpenSSH\;C:\Program Files\Git\cmd;C:\Users\Rostya\AppData\Local\Microsoft\WindowsApps
USERNAME=Rostya
OS=Windows_NT
PROCESSOR_IDENTIFIER=AMD64 Family 21 Model 2 Stepping 0, AuthenticAMD



---------------  S Y S T E M  ---------------

OS: Windows 10 , 64 bit Build 19041 (10.0.19041.1466)
OS uptime: 0 days 0:23 hours

CPU:total 6 (initial active 6) (6 cores per cpu, 1 threads per core) family 21 model 2 stepping 0 microcode 0x0, cmov, cx8, fxsr, mmx, sse, sse2, sse3, ssse3, sse4.1, sse4.2, popcnt, avx, aes, clmul, mmxext, 3dnowpref, lzcnt, sse4a, tsc, tscinvbit, tscinv, bmi1, fma

Memory: 4k page, system-wide physical 8088M (2638M free)
TotalPageFile size 8088M (AvailPageFile size 5M)
current process WorkingSet (physical memory assigned to process): 200M, peak: 207M
current process commit charge ("private bytes"): 291M, peak: 317M

vm_info: OpenJDK 64-Bit Server VM (11.0.11+9-b60-7590822) for windows-amd64 JRE (11.0.11+9-b60-7590822), built on Jul 29 2021 21:43:44 by "builder" with MS VC++ 14.0 (VS2015)

END.
