#
# There is insufficient memory for the Java Runtime Environment to continue.
# Native memory allocation (malloc) failed to allocate 1363536 bytes for Chunk::new
# Possible reasons:
#   The system is out of physical RAM or swap space
#   The process is running with CompressedOops enabled, and the Java Heap may be blocking the growth of the native heap
# Possible solutions:
#   Reduce memory load on the system
#   Increase physical memory or swap space
#   Check if swap backing store is full
#   Decrease Java heap size (-Xmx/-Xms)
#   Decrease number of Java threads
#   Decrease Java thread stack sizes (-Xss)
#   Set larger code cache with -XX:ReservedCodeCacheSize=
#   JVM is running with Unscaled Compressed Oops mode in which the Java heap is
#     placed in the first 4GB address space. The Java Heap base address is the
#     maximum limit for the native heap growth. Please use -XX:HeapBaseMinAddress
#     to set the Java Heap base and to place the Java Heap above 4GB virtual address.
# This output file may be truncated or incomplete.
#
#  Out of Memory Error (./src/hotspot/share/memory/arena.cpp:197), pid=1308, tid=1264
#
# JRE version: OpenJDK Runtime Environment (11.0.11+9) (build 11.0.11+9-b60-7590822)
# Java VM: OpenJDK 64-Bit Server VM (11.0.11+9-b60-7590822, mixed mode, tiered, compressed oops, g1 gc, windows-amd64)
# No core dump will be written. Minidumps are not enabled by default on client versions of Windows
#

---------------  S U M M A R Y ------------

Command Line: --add-opens=java.base/java.util=ALL-UNNAMED --add-opens=java.base/java.lang=ALL-UNNAMED --add-opens=java.base/java.lang.invoke=ALL-UNNAMED --add-opens=java.base/java.util=ALL-UNNAMED --add-opens=java.prefs/java.util.prefs=ALL-UNNAMED --add-opens=java.prefs/java.util.prefs=ALL-UNNAMED --add-opens=java.base/java.nio.charset=ALL-UNNAMED --add-opens=java.base/java.net=ALL-UNNAMED --add-opens=java.base/java.util.concurrent.atomic=ALL-UNNAMED -Xmx2048m -Dfile.encoding=UTF-8 -Duser.country=RU -Duser.language=ru -Duser.variant org.gradle.launcher.daemon.bootstrap.GradleDaemon 7.2

Host: AMD FX(tm)-6350 Six-Core Processor             , 6 cores, 7G,  Windows 10 , 64 bit Build 19041 (10.0.19041.1466)
Time: Fri Feb  4 11:31:28 2022 Новосибирское стандартное время elapsed time: 3.079229 seconds (0d 0h 0m 3s)

---------------  T H R E A D  ---------------

Current thread (0x0000024d7a593000):  JavaThread "C2 CompilerThread0" daemon [_thread_in_native, id=1264, stack(0x0000007e21b00000,0x0000007e21c00000)]


Current CompileTask:
C2:   3079 2229   !   4       java.net.URL::<init> (543 bytes)

Stack: [0x0000007e21b00000,0x0000007e21c00000]
Native frames: (J=compiled Java code, j=interpreted, Vv=VM code, C=native code)
V  [jvm.dll+0x5f214a]
V  [jvm.dll+0x726fb5]
V  [jvm.dll+0x7285cd]
V  [jvm.dll+0x728c83]
V  [jvm.dll+0x243278]
V  [jvm.dll+0xbc53c]
V  [jvm.dll+0xbca3c]
V  [jvm.dll+0x353e3b]
V  [jvm.dll+0x321893]
V  [jvm.dll+0x320d8a]
V  [jvm.dll+0x1fc1e2]
V  [jvm.dll+0x1fb3d4]
V  [jvm.dll+0x183d6c]
V  [jvm.dll+0x209a57]
V  [jvm.dll+0x2082a1]
V  [jvm.dll+0x6ef58f]
V  [jvm.dll+0x6e80b5]
V  [jvm.dll+0x5f1036]
C  [ucrtbase.dll+0x21bb2]
C  [KERNEL32.DLL+0x17034]
C  [ntdll.dll+0x52651]


---------------  P R O C E S S  ---------------

Threads class SMR info:
_java_thread_list=0x0000024d0f13cc00, length=31, elements={
0x0000024d6ebcd800, 0x0000024d79bfa000, 0x0000024d79bfb800, 0x0000024d7a587800,
0x0000024d7a58e000, 0x0000024d7a58f000, 0x0000024d7a593000, 0x0000024d79c10000,
0x0000024d79c11000, 0x0000024d7a6e7800, 0x0000024d7a884000, 0x0000024d7c9b5800,
0x0000024d7c9ba000, 0x0000024d7c9b7000, 0x0000024d7c9b9800, 0x0000024d7c9b6000,
0x0000024d7c9bb000, 0x0000024d7c9bc000, 0x0000024d7c9b8800, 0x0000024d7c9b7800,
0x0000024d7dc2a000, 0x0000024d7dc27000, 0x0000024d7dc29800, 0x0000024d7dc2b000,
0x0000024d7dc28800, 0x0000024d7dc2c000, 0x0000024d7dc2d800, 0x0000024d7dc2c800,
0x0000024d7dc27800, 0x0000024d7dc31800, 0x0000024d7dc2e800
}

Java Threads: ( => current thread )
  0x0000024d6ebcd800 JavaThread "main" [_thread_blocked, id=4756, stack(0x0000007e20f00000,0x0000007e21000000)]
  0x0000024d79bfa000 JavaThread "Reference Handler" daemon [_thread_blocked, id=1772, stack(0x0000007e21600000,0x0000007e21700000)]
  0x0000024d79bfb800 JavaThread "Finalizer" daemon [_thread_blocked, id=3920, stack(0x0000007e21700000,0x0000007e21800000)]
  0x0000024d7a587800 JavaThread "Signal Dispatcher" daemon [_thread_blocked, id=5668, stack(0x0000007e21800000,0x0000007e21900000)]
  0x0000024d7a58e000 JavaThread "Attach Listener" daemon [_thread_blocked, id=1268, stack(0x0000007e21900000,0x0000007e21a00000)]
  0x0000024d7a58f000 JavaThread "Service Thread" daemon [_thread_blocked, id=8816, stack(0x0000007e21a00000,0x0000007e21b00000)]
=>0x0000024d7a593000 JavaThread "C2 CompilerThread0" daemon [_thread_in_native, id=1264, stack(0x0000007e21b00000,0x0000007e21c00000)]
  0x0000024d79c10000 JavaThread "C1 CompilerThread0" daemon [_thread_blocked, id=2284, stack(0x0000007e21c00000,0x0000007e21d00000)]
  0x0000024d79c11000 JavaThread "Sweeper thread" daemon [_thread_blocked, id=7108, stack(0x0000007e21d00000,0x0000007e21e00000)]
  0x0000024d7a6e7800 JavaThread "Common-Cleaner" daemon [_thread_blocked, id=7188, stack(0x0000007e21e00000,0x0000007e21f00000)]
  0x0000024d7a884000 JavaThread "C2 CompilerThread1" daemon [_thread_in_native, id=6556, stack(0x0000007e22000000,0x0000007e22100000)]
  0x0000024d7c9b5800 JavaThread "Daemon health stats" [_thread_blocked, id=2976, stack(0x0000007e22300000,0x0000007e22400000)]
  0x0000024d7c9ba000 JavaThread "Incoming local TCP Connector on port 58439" [_thread_in_native, id=8752, stack(0x0000007e22400000,0x0000007e22500000)]
  0x0000024d7c9b7000 JavaThread "Daemon periodic checks" [_thread_blocked, id=1992, stack(0x0000007e22500000,0x0000007e22600000)]
  0x0000024d7c9b9800 JavaThread "Daemon" [_thread_blocked, id=8980, stack(0x0000007e22900000,0x0000007e22a00000)]
  0x0000024d7c9b6000 JavaThread "Handler for socket connection from /127.0.0.1:58439 to /127.0.0.1:58440" [_thread_in_native, id=4876, stack(0x0000007e22a00000,0x0000007e22b00000)]
  0x0000024d7c9bb000 JavaThread "Cancel handler" [_thread_blocked, id=1500, stack(0x0000007e22b00000,0x0000007e22c00000)]
  0x0000024d7c9bc000 JavaThread "Daemon worker" [_thread_in_vm, id=8772, stack(0x0000007e22c00000,0x0000007e22d00000)]
  0x0000024d7c9b8800 JavaThread "Asynchronous log dispatcher for DefaultDaemonConnection: socket connection from /127.0.0.1:58439 to /127.0.0.1:58440" [_thread_blocked, id=4616, stack(0x0000007e22d00000,0x0000007e22e00000)]
  0x0000024d7c9b7800 JavaThread "Stdin handler" [_thread_blocked, id=5572, stack(0x0000007e22e00000,0x0000007e22f00000)]
  0x0000024d7dc2a000 JavaThread "Daemon client event forwarder" [_thread_blocked, id=9152, stack(0x0000007e22f00000,0x0000007e23000000)]
  0x0000024d7dc27000 JavaThread "Cache worker for journal cache (C:\Users\Rostya\.gradle\caches\journal-1)" [_thread_blocked, id=8280, stack(0x0000007e23000000,0x0000007e23100000)]
  0x0000024d7dc29800 JavaThread "File lock request listener" [_thread_in_native, id=8668, stack(0x0000007e23100000,0x0000007e23200000)]
  0x0000024d7dc2b000 JavaThread "Cache worker for file hash cache (C:\Users\Rostya\.gradle\caches\7.2\fileHashes)" [_thread_blocked, id=2392, stack(0x0000007e23200000,0x0000007e23300000)]
  0x0000024d7dc28800 JavaThread "Cache worker for file hash cache (E:\Program Files\androidProjects\GeoQuiz\.gradle\7.2\fileHashes)" [_thread_blocked, id=4992, stack(0x0000007e23400000,0x0000007e23500000)]
  0x0000024d7dc2c000 JavaThread "File watcher server" daemon [_thread_in_native, id=268, stack(0x0000007e23500000,0x0000007e23600000)]
  0x0000024d7dc2d800 JavaThread "File watcher consumer" daemon [_thread_blocked, id=936, stack(0x0000007e23600000,0x0000007e23700000)]
  0x0000024d7dc2c800 JavaThread "Cache worker for checksums cache (E:\Program Files\androidProjects\GeoQuiz\.gradle\checksums)" [_thread_blocked, id=1804, stack(0x0000007e23700000,0x0000007e23800000)]
  0x0000024d7dc27800 JavaThread "Cache worker for cache directory md-supplier (C:\Users\Rostya\.gradle\caches\7.2\md-supplier)" [_thread_blocked, id=1436, stack(0x0000007e23800000,0x0000007e23900000)]
  0x0000024d7dc31800 JavaThread "Cache worker for cache directory md-rule (C:\Users\Rostya\.gradle\caches\7.2\md-rule)" [_thread_blocked, id=5640, stack(0x0000007e23900000,0x0000007e23a00000)]
  0x0000024d7dc2e800 JavaThread "Cache worker for execution history cache (C:\Users\Rostya\.gradle\caches\7.2\executionHistory)" [_thread_blocked, id=2472, stack(0x0000007e23a00000,0x0000007e23b00000)]

Other Threads:
  0x0000024d79bf4800 VMThread "VM Thread" [stack: 0x0000007e21500000,0x0000007e21600000] [id=3764]
  0x0000024d7a706000 WatcherThread [stack: 0x0000007e21f00000,0x0000007e22000000] [id=1348]
  0x0000024d6ebe4800 GCTaskThread "GC Thread#0" [stack: 0x0000007e21000000,0x0000007e21100000] [id=7028]
  0x0000024d7ada4800 GCTaskThread "GC Thread#1" [stack: 0x0000007e22100000,0x0000007e22200000] [id=1020]
  0x0000024d7b449800 GCTaskThread "GC Thread#2" [stack: 0x0000007e22200000,0x0000007e22300000] [id=3328]
  0x0000024d7c974800 GCTaskThread "GC Thread#3" [stack: 0x0000007e22600000,0x0000007e22700000] [id=7072]
  0x0000024d7dc73800 GCTaskThread "GC Thread#4" [stack: 0x0000007e22700000,0x0000007e22800000] [id=3576]
  0x0000024d7ce8b800 GCTaskThread "GC Thread#5" [stack: 0x0000007e22800000,0x0000007e22900000] [id=5744]
  0x0000024d6ec15800 ConcurrentGCThread "G1 Main Marker" [stack: 0x0000007e21100000,0x0000007e21200000] [id=3608]
  0x0000024d6ec17800 ConcurrentGCThread "G1 Conc#0" [stack: 0x0000007e21200000,0x0000007e21300000] [id=1784]
  0x0000024d7d383800 ConcurrentGCThread "G1 Conc#1" [stack: 0x0000007e23300000,0x0000007e23400000] [id=544]
  0x0000024d79a46800 ConcurrentGCThread "G1 Refine#0" [stack: 0x0000007e21300000,0x0000007e21400000] [id=4624]
  0x0000024d79a47000 ConcurrentGCThread "G1 Young RemSet Sampling" [stack: 0x0000007e21400000,0x0000007e21500000] [id=3088]

Threads with active compile tasks:
C2 CompilerThread0   3101 2229   !   4       java.net.URL::<init> (543 bytes)
C1 CompilerThread0   3101 2412       3       java.lang.Class::getGenericSuperclass (28 bytes)
C2 CompilerThread1   3101 2220   !   4       java.net.URLClassLoader$1::run (63 bytes)

VM state:not at safepoint (normal execution)

VM Mutex/Monitor currently owned by a thread: None

Heap address: 0x0000000080000000, size: 2048 MB, Compressed Oops mode: 32-bit
Narrow klass base: 0x0000000000000000, Narrow klass shift: 3
Compressed class space size: 1073741824 Address: 0x0000000100000000

Heap:
 garbage-first heap   total 131072K, used 57507K [0x0000000080000000, 0x0000000100000000)
  region size 1024K, 42 young (43008K), 4 survivors (4096K)
 Metaspace       used 29631K, capacity 30315K, committed 30336K, reserved 1075200K
  class space    used 3975K, capacity 4205K, committed 4224K, reserved 1048576K
Heap Regions: E=young(eden), S=young(survivor), O=old, HS=humongous(starts), HC=humongous(continues), CS=collection set, F=free, A=archive, TAMS=top-at-mark-start (previous, next)
|   0|0x0000000080000000, 0x0000000080100000, 0x0000000080100000|100%| O|  |TAMS 0x0000000080100000, 0x0000000080000000| Untracked 
|   1|0x0000000080100000, 0x0000000080200000, 0x0000000080200000|100%| O|  |TAMS 0x0000000080200000, 0x0000000080100000| Untracked 
|   2|0x0000000080200000, 0x0000000080300000, 0x0000000080300000|100%| O|  |TAMS 0x0000000080300000, 0x0000000080200000| Untracked 
|   3|0x0000000080300000, 0x0000000080400000, 0x0000000080400000|100%|HS|  |TAMS 0x0000000080400000, 0x0000000080300000| Complete 
|   4|0x0000000080400000, 0x0000000080500000, 0x0000000080500000|100%|HC|  |TAMS 0x0000000080500000, 0x0000000080400000| Complete 
|   5|0x0000000080500000, 0x0000000080600000, 0x0000000080600000|100%|HC|  |TAMS 0x0000000080600000, 0x0000000080500000| Complete 
|   6|0x0000000080600000, 0x0000000080700000, 0x0000000080700000|100%| O|  |TAMS 0x0000000080700000, 0x0000000080600000| Untracked 
|   7|0x0000000080700000, 0x0000000080800000, 0x0000000080800000|100%| O|  |TAMS 0x0000000080800000, 0x0000000080700000| Untracked 
|   8|0x0000000080800000, 0x0000000080900000, 0x0000000080900000|100%| O|  |TAMS 0x0000000080900000, 0x0000000080800000| Untracked 
|   9|0x0000000080900000, 0x0000000080a00000, 0x0000000080a00000|100%| O|  |TAMS 0x0000000080a00000, 0x0000000080900000| Untracked 
|  10|0x0000000080a00000, 0x0000000080b00000, 0x0000000080b00000|100%| O|  |TAMS 0x0000000080b00000, 0x0000000080a00000| Untracked 
|  11|0x0000000080b00000, 0x0000000080c00000, 0x0000000080c00000|100%| O|  |TAMS 0x0000000080c00000, 0x0000000080b00000| Untracked 
|  12|0x0000000080c00000, 0x0000000080d00000, 0x0000000080d00000|100%| O|  |TAMS 0x0000000080d00000, 0x0000000080c00000| Untracked 
|  13|0x0000000080d00000, 0x0000000080e00000, 0x0000000080e00000|100%| O|  |TAMS 0x0000000080e00000, 0x0000000080d00000| Untracked 
|  14|0x0000000080e00000, 0x0000000080f00000, 0x0000000080f00000|100%| O|  |TAMS 0x0000000080f00000, 0x0000000080e00000| Untracked 
|  15|0x0000000080f00000, 0x0000000080fbb200, 0x0000000081000000| 73%| O|  |TAMS 0x0000000080fbb200, 0x0000000080f00000| Untracked 
|  16|0x0000000081000000, 0x0000000081000000, 0x0000000081100000|  0%| F|  |TAMS 0x0000000081000000, 0x0000000081000000| Untracked 
|  17|0x0000000081100000, 0x0000000081100000, 0x0000000081200000|  0%| F|  |TAMS 0x0000000081100000, 0x0000000081100000| Untracked 
|  18|0x0000000081200000, 0x0000000081200000, 0x0000000081300000|  0%| F|  |TAMS 0x0000000081200000, 0x0000000081200000| Untracked 
|  19|0x0000000081300000, 0x0000000081300000, 0x0000000081400000|  0%| F|  |TAMS 0x0000000081300000, 0x0000000081300000| Untracked 
|  20|0x0000000081400000, 0x0000000081400000, 0x0000000081500000|  0%| F|  |TAMS 0x0000000081400000, 0x0000000081400000| Untracked 
|  21|0x0000000081500000, 0x0000000081500000, 0x0000000081600000|  0%| F|  |TAMS 0x0000000081500000, 0x0000000081500000| Untracked 
|  22|0x0000000081600000, 0x0000000081600000, 0x0000000081700000|  0%| F|  |TAMS 0x0000000081600000, 0x0000000081600000| Untracked 
|  23|0x0000000081700000, 0x0000000081700000, 0x0000000081800000|  0%| F|  |TAMS 0x0000000081700000, 0x0000000081700000| Untracked 
|  24|0x0000000081800000, 0x0000000081800000, 0x0000000081900000|  0%| F|  |TAMS 0x0000000081800000, 0x0000000081800000| Untracked 
|  25|0x0000000081900000, 0x0000000081900000, 0x0000000081a00000|  0%| F|  |TAMS 0x0000000081900000, 0x0000000081900000| Untracked 
|  26|0x0000000081a00000, 0x0000000081a00000, 0x0000000081b00000|  0%| F|  |TAMS 0x0000000081a00000, 0x0000000081a00000| Untracked 
|  27|0x0000000081b00000, 0x0000000081b00000, 0x0000000081c00000|  0%| F|  |TAMS 0x0000000081b00000, 0x0000000081b00000| Untracked 
|  28|0x0000000081c00000, 0x0000000081c00000, 0x0000000081d00000|  0%| F|  |TAMS 0x0000000081c00000, 0x0000000081c00000| Untracked 
|  29|0x0000000081d00000, 0x0000000081d00000, 0x0000000081e00000|  0%| F|  |TAMS 0x0000000081d00000, 0x0000000081d00000| Untracked 
|  30|0x0000000081e00000, 0x0000000081e00000, 0x0000000081f00000|  0%| F|  |TAMS 0x0000000081e00000, 0x0000000081e00000| Untracked 
|  31|0x0000000081f00000, 0x0000000081f00000, 0x0000000082000000|  0%| F|  |TAMS 0x0000000081f00000, 0x0000000081f00000| Untracked 
|  32|0x0000000082000000, 0x0000000082000000, 0x0000000082100000|  0%| F|  |TAMS 0x0000000082000000, 0x0000000082000000| Untracked 
|  33|0x0000000082100000, 0x0000000082100000, 0x0000000082200000|  0%| F|  |TAMS 0x0000000082100000, 0x0000000082100000| Untracked 
|  34|0x0000000082200000, 0x0000000082200000, 0x0000000082300000|  0%| F|  |TAMS 0x0000000082200000, 0x0000000082200000| Untracked 
|  35|0x0000000082300000, 0x0000000082300000, 0x0000000082400000|  0%| F|  |TAMS 0x0000000082300000, 0x0000000082300000| Untracked 
|  36|0x0000000082400000, 0x0000000082400000, 0x0000000082500000|  0%| F|  |TAMS 0x0000000082400000, 0x0000000082400000| Untracked 
|  37|0x0000000082500000, 0x0000000082500000, 0x0000000082600000|  0%| F|  |TAMS 0x0000000082500000, 0x0000000082500000| Untracked 
|  38|0x0000000082600000, 0x0000000082600000, 0x0000000082700000|  0%| F|  |TAMS 0x0000000082600000, 0x0000000082600000| Untracked 
|  39|0x0000000082700000, 0x0000000082700000, 0x0000000082800000|  0%| F|  |TAMS 0x0000000082700000, 0x0000000082700000| Untracked 
|  40|0x0000000082800000, 0x0000000082800000, 0x0000000082900000|  0%| F|  |TAMS 0x0000000082800000, 0x0000000082800000| Untracked 
|  41|0x0000000082900000, 0x0000000082900000, 0x0000000082a00000|  0%| F|  |TAMS 0x0000000082900000, 0x0000000082900000| Untracked 
|  42|0x0000000082a00000, 0x0000000082a00000, 0x0000000082b00000|  0%| F|  |TAMS 0x0000000082a00000, 0x0000000082a00000| Untracked 
|  43|0x0000000082b00000, 0x0000000082b00000, 0x0000000082c00000|  0%| F|  |TAMS 0x0000000082b00000, 0x0000000082b00000| Untracked 
|  44|0x0000000082c00000, 0x0000000082c00000, 0x0000000082d00000|  0%| F|  |TAMS 0x0000000082c00000, 0x0000000082c00000| Untracked 
|  45|0x0000000082d00000, 0x0000000082d00000, 0x0000000082e00000|  0%| F|  |TAMS 0x0000000082d00000, 0x0000000082d00000| Untracked 
|  46|0x0000000082e00000, 0x0000000082e00000, 0x0000000082f00000|  0%| F|  |TAMS 0x0000000082e00000, 0x0000000082e00000| Untracked 
|  47|0x0000000082f00000, 0x0000000082f00000, 0x0000000083000000|  0%| F|  |TAMS 0x0000000082f00000, 0x0000000082f00000| Untracked 
|  48|0x0000000083000000, 0x0000000083000000, 0x0000000083100000|  0%| F|  |TAMS 0x0000000083000000, 0x0000000083000000| Untracked 
|  49|0x0000000083100000, 0x0000000083100000, 0x0000000083200000|  0%| F|  |TAMS 0x0000000083100000, 0x0000000083100000| Untracked 
|  50|0x0000000083200000, 0x0000000083200000, 0x0000000083300000|  0%| F|  |TAMS 0x0000000083200000, 0x0000000083200000| Untracked 
|  51|0x0000000083300000, 0x0000000083300000, 0x0000000083400000|  0%| F|  |TAMS 0x0000000083300000, 0x0000000083300000| Untracked 
|  52|0x0000000083400000, 0x0000000083400000, 0x0000000083500000|  0%| F|  |TAMS 0x0000000083400000, 0x0000000083400000| Untracked 
|  53|0x0000000083500000, 0x0000000083500000, 0x0000000083600000|  0%| F|  |TAMS 0x0000000083500000, 0x0000000083500000| Untracked 
|  54|0x0000000083600000, 0x0000000083600000, 0x0000000083700000|  0%| F|  |TAMS 0x0000000083600000, 0x0000000083600000| Untracked 
|  55|0x0000000083700000, 0x0000000083700000, 0x0000000083800000|  0%| F|  |TAMS 0x0000000083700000, 0x0000000083700000| Untracked 
|  56|0x0000000083800000, 0x0000000083800000, 0x0000000083900000|  0%| F|  |TAMS 0x0000000083800000, 0x0000000083800000| Untracked 
|  57|0x0000000083900000, 0x0000000083900000, 0x0000000083a00000|  0%| F|  |TAMS 0x0000000083900000, 0x0000000083900000| Untracked 
|  58|0x0000000083a00000, 0x0000000083a00000, 0x0000000083b00000|  0%| F|  |TAMS 0x0000000083a00000, 0x0000000083a00000| Untracked 
|  59|0x0000000083b00000, 0x0000000083b00000, 0x0000000083c00000|  0%| F|  |TAMS 0x0000000083b00000, 0x0000000083b00000| Untracked 
|  60|0x0000000083c00000, 0x0000000083c00000, 0x0000000083d00000|  0%| F|  |TAMS 0x0000000083c00000, 0x0000000083c00000| Untracked 
|  61|0x0000000083d00000, 0x0000000083d00000, 0x0000000083e00000|  0%| F|  |TAMS 0x0000000083d00000, 0x0000000083d00000| Untracked 
|  62|0x0000000083e00000, 0x0000000083e00000, 0x0000000083f00000|  0%| F|  |TAMS 0x0000000083e00000, 0x0000000083e00000| Untracked 
|  63|0x0000000083f00000, 0x0000000083f00000, 0x0000000084000000|  0%| F|  |TAMS 0x0000000083f00000, 0x0000000083f00000| Untracked 
|  64|0x0000000084000000, 0x0000000084000000, 0x0000000084100000|  0%| F|  |TAMS 0x0000000084000000, 0x0000000084000000| Untracked 
|  65|0x0000000084100000, 0x0000000084100000, 0x0000000084200000|  0%| F|  |TAMS 0x0000000084100000, 0x0000000084100000| Untracked 
|  66|0x0000000084200000, 0x0000000084200000, 0x0000000084300000|  0%| F|  |TAMS 0x0000000084200000, 0x0000000084200000| Untracked 
|  67|0x0000000084300000, 0x0000000084300000, 0x0000000084400000|  0%| F|  |TAMS 0x0000000084300000, 0x0000000084300000| Untracked 
|  68|0x0000000084400000, 0x0000000084400000, 0x0000000084500000|  0%| F|  |TAMS 0x0000000084400000, 0x0000000084400000| Untracked 
|  69|0x0000000084500000, 0x0000000084500000, 0x0000000084600000|  0%| F|  |TAMS 0x0000000084500000, 0x0000000084500000| Untracked 
|  70|0x0000000084600000, 0x0000000084600000, 0x0000000084700000|  0%| F|  |TAMS 0x0000000084600000, 0x0000000084600000| Untracked 
|  71|0x0000000084700000, 0x000000008476db20, 0x0000000084800000| 42%| S|CS|TAMS 0x0000000084700000, 0x0000000084700000| Complete 
|  72|0x0000000084800000, 0x0000000084900000, 0x0000000084900000|100%| S|CS|TAMS 0x0000000084800000, 0x0000000084800000| Complete 
|  73|0x0000000084900000, 0x0000000084a00000, 0x0000000084a00000|100%| S|CS|TAMS 0x0000000084900000, 0x0000000084900000| Complete 
|  74|0x0000000084a00000, 0x0000000084b00000, 0x0000000084b00000|100%| S|CS|TAMS 0x0000000084a00000, 0x0000000084a00000| Complete 
|  75|0x0000000084b00000, 0x0000000084b00000, 0x0000000084c00000|  0%| F|  |TAMS 0x0000000084b00000, 0x0000000084b00000| Untracked 
|  76|0x0000000084c00000, 0x0000000084c00000, 0x0000000084d00000|  0%| F|  |TAMS 0x0000000084c00000, 0x0000000084c00000| Untracked 
|  77|0x0000000084d00000, 0x0000000084d00000, 0x0000000084e00000|  0%| F|  |TAMS 0x0000000084d00000, 0x0000000084d00000| Untracked 
|  78|0x0000000084e00000, 0x0000000084e00000, 0x0000000084f00000|  0%| F|  |TAMS 0x0000000084e00000, 0x0000000084e00000| Untracked 
|  79|0x0000000084f00000, 0x0000000084f00000, 0x0000000085000000|  0%| F|  |TAMS 0x0000000084f00000, 0x0000000084f00000| Untracked 
|  80|0x0000000085000000, 0x0000000085000000, 0x0000000085100000|  0%| F|  |TAMS 0x0000000085000000, 0x0000000085000000| Untracked 
|  81|0x0000000085100000, 0x0000000085100000, 0x0000000085200000|  0%| F|  |TAMS 0x0000000085100000, 0x0000000085100000| Untracked 
|  82|0x0000000085200000, 0x0000000085200000, 0x0000000085300000|  0%| F|  |TAMS 0x0000000085200000, 0x0000000085200000| Untracked 
|  83|0x0000000085300000, 0x0000000085300000, 0x0000000085400000|  0%| F|  |TAMS 0x0000000085300000, 0x0000000085300000| Untracked 
|  84|0x0000000085400000, 0x0000000085400000, 0x0000000085500000|  0%| F|  |TAMS 0x0000000085400000, 0x0000000085400000| Untracked 
|  85|0x0000000085500000, 0x0000000085500000, 0x0000000085600000|  0%| F|  |TAMS 0x0000000085500000, 0x0000000085500000| Untracked 
|  86|0x0000000085600000, 0x0000000085600000, 0x0000000085700000|  0%| F|  |TAMS 0x0000000085600000, 0x0000000085600000| Untracked 
|  87|0x0000000085700000, 0x0000000085700000, 0x0000000085800000|  0%| F|  |TAMS 0x0000000085700000, 0x0000000085700000| Untracked 
|  88|0x0000000085800000, 0x0000000085800000, 0x0000000085900000|  0%| F|  |TAMS 0x0000000085800000, 0x0000000085800000| Untracked 
|  89|0x0000000085900000, 0x0000000085900000, 0x0000000085a00000|  0%| F|  |TAMS 0x0000000085900000, 0x0000000085900000| Untracked 
|  90|0x0000000085a00000, 0x0000000085a80800, 0x0000000085b00000| 50%| E|  |TAMS 0x0000000085a00000, 0x0000000085a00000| Complete 
|  91|0x0000000085b00000, 0x0000000085c00000, 0x0000000085c00000|100%| E|CS|TAMS 0x0000000085b00000, 0x0000000085b00000| Complete 
|  92|0x0000000085c00000, 0x0000000085d00000, 0x0000000085d00000|100%| E|CS|TAMS 0x0000000085c00000, 0x0000000085c00000| Complete 
|  93|0x0000000085d00000, 0x0000000085e00000, 0x0000000085e00000|100%| E|CS|TAMS 0x0000000085d00000, 0x0000000085d00000| Complete 
|  94|0x0000000085e00000, 0x0000000085f00000, 0x0000000085f00000|100%| E|CS|TAMS 0x0000000085e00000, 0x0000000085e00000| Complete 
|  95|0x0000000085f00000, 0x0000000086000000, 0x0000000086000000|100%| E|CS|TAMS 0x0000000085f00000, 0x0000000085f00000| Complete 
|  96|0x0000000086000000, 0x0000000086100000, 0x0000000086100000|100%| E|CS|TAMS 0x0000000086000000, 0x0000000086000000| Complete 
|  97|0x0000000086100000, 0x0000000086200000, 0x0000000086200000|100%| E|CS|TAMS 0x0000000086100000, 0x0000000086100000| Complete 
|  98|0x0000000086200000, 0x0000000086300000, 0x0000000086300000|100%| E|CS|TAMS 0x0000000086200000, 0x0000000086200000| Complete 
|  99|0x0000000086300000, 0x0000000086400000, 0x0000000086400000|100%| E|CS|TAMS 0x0000000086300000, 0x0000000086300000| Complete 
| 100|0x0000000086400000, 0x0000000086500000, 0x0000000086500000|100%| E|CS|TAMS 0x0000000086400000, 0x0000000086400000| Complete 
| 101|0x0000000086500000, 0x0000000086600000, 0x0000000086600000|100%| E|CS|TAMS 0x0000000086500000, 0x0000000086500000| Complete 
| 102|0x0000000086600000, 0x0000000086700000, 0x0000000086700000|100%| E|CS|TAMS 0x0000000086600000, 0x0000000086600000| Complete 
| 103|0x0000000086700000, 0x0000000086800000, 0x0000000086800000|100%| E|CS|TAMS 0x0000000086700000, 0x0000000086700000| Complete 
| 104|0x0000000086800000, 0x0000000086900000, 0x0000000086900000|100%| E|CS|TAMS 0x0000000086800000, 0x0000000086800000| Complete 
| 105|0x0000000086900000, 0x0000000086a00000, 0x0000000086a00000|100%| E|CS|TAMS 0x0000000086900000, 0x0000000086900000| Complete 
| 106|0x0000000086a00000, 0x0000000086b00000, 0x0000000086b00000|100%| E|CS|TAMS 0x0000000086a00000, 0x0000000086a00000| Complete 
| 107|0x0000000086b00000, 0x0000000086c00000, 0x0000000086c00000|100%| E|CS|TAMS 0x0000000086b00000, 0x0000000086b00000| Complete 
| 108|0x0000000086c00000, 0x0000000086d00000, 0x0000000086d00000|100%| E|CS|TAMS 0x0000000086c00000, 0x0000000086c00000| Complete 
| 109|0x0000000086d00000, 0x0000000086e00000, 0x0000000086e00000|100%| E|CS|TAMS 0x0000000086d00000, 0x0000000086d00000| Complete 
| 110|0x0000000086e00000, 0x0000000086f00000, 0x0000000086f00000|100%| E|CS|TAMS 0x0000000086e00000, 0x0000000086e00000| Complete 
| 111|0x0000000086f00000, 0x0000000087000000, 0x0000000087000000|100%| E|CS|TAMS 0x0000000086f00000, 0x0000000086f00000| Complete 
| 112|0x0000000087000000, 0x0000000087100000, 0x0000000087100000|100%| E|CS|TAMS 0x0000000087000000, 0x0000000087000000| Complete 
| 113|0x0000000087100000, 0x0000000087200000, 0x0000000087200000|100%| E|CS|TAMS 0x0000000087100000, 0x0000000087100000| Complete 
| 114|0x0000000087200000, 0x0000000087300000, 0x0000000087300000|100%| E|CS|TAMS 0x0000000087200000, 0x0000000087200000| Complete 
| 115|0x0000000087300000, 0x0000000087400000, 0x0000000087400000|100%| E|CS|TAMS 0x0000000087300000, 0x0000000087300000| Complete 
| 116|0x0000000087400000, 0x0000000087500000, 0x0000000087500000|100%| E|CS|TAMS 0x0000000087400000, 0x0000000087400000| Complete 
| 117|0x0000000087500000, 0x0000000087600000, 0x0000000087600000|100%| E|CS|TAMS 0x0000000087500000, 0x0000000087500000| Complete 
| 118|0x0000000087600000, 0x0000000087700000, 0x0000000087700000|100%| E|CS|TAMS 0x0000000087600000, 0x0000000087600000| Complete 
| 119|0x0000000087700000, 0x0000000087800000, 0x0000000087800000|100%| E|CS|TAMS 0x0000000087700000, 0x0000000087700000| Complete 
| 120|0x0000000087800000, 0x0000000087900000, 0x0000000087900000|100%| E|CS|TAMS 0x0000000087800000, 0x0000000087800000| Complete 
| 121|0x0000000087900000, 0x0000000087a00000, 0x0000000087a00000|100%| E|CS|TAMS 0x0000000087900000, 0x0000000087900000| Complete 
| 122|0x0000000087a00000, 0x0000000087b00000, 0x0000000087b00000|100%| E|CS|TAMS 0x0000000087a00000, 0x0000000087a00000| Complete 
| 123|0x0000000087b00000, 0x0000000087c00000, 0x0000000087c00000|100%| E|CS|TAMS 0x0000000087b00000, 0x0000000087b00000| Complete 
| 124|0x0000000087c00000, 0x0000000087d00000, 0x0000000087d00000|100%| E|CS|TAMS 0x0000000087c00000, 0x0000000087c00000| Complete 
| 125|0x0000000087d00000, 0x0000000087e00000, 0x0000000087e00000|100%| E|CS|TAMS 0x0000000087d00000, 0x0000000087d00000| Complete 
| 126|0x0000000087e00000, 0x0000000087f00000, 0x0000000087f00000|100%| E|CS|TAMS 0x0000000087e00000, 0x0000000087e00000| Complete 
| 127|0x0000000087f00000, 0x0000000088000000, 0x0000000088000000|100%| E|CS|TAMS 0x0000000087f00000, 0x0000000087f00000| Complete 

Card table byte_map: [0x0000024d72bd0000,0x0000024d72fd0000] _byte_map_base: 0x0000024d727d0000

Marking Bits (Prev, Next): (CMBitMap*) 0x0000024d6ec0c868, (CMBitMap*) 0x0000024d6ec0c8a0
 Prev Bits: [0x0000024d733d0000, 0x0000024d753d0000)
 Next Bits: [0x0000024d753d0000, 0x0000024d773d0000)

Polling page: 0x0000024d6cac0000

Metaspace:

Usage:
  Non-class:     25.50 MB capacity,    25.08 MB ( 98%) used,   371.72 KB (  1%) free+waste,    60.06 KB ( <1%) overhead. 
      Class:      4.11 MB capacity,     3.89 MB ( 95%) used,   194.27 KB (  5%) free+waste,    30.19 KB ( <1%) overhead. 
       Both:     29.60 MB capacity,    28.96 MB ( 98%) used,   565.98 KB (  2%) free+waste,    90.25 KB ( <1%) overhead. 

Virtual space:
  Non-class space:       26.00 MB reserved,      25.50 MB ( 98%) committed 
      Class space:        1.00 GB reserved,       4.13 MB ( <1%) committed 
             Both:        1.03 GB reserved,      29.63 MB (  3%) committed 

Chunk freelists:
   Non-Class:  2.00 KB
       Class:  19.00 KB
        Both:  21.00 KB

MaxMetaspaceSize: 17179869184.00 GB
CompressedClassSpaceSize: 1.00 GB

CodeHeap 'non-profiled nmethods': size=120064Kb used=1112Kb max_used=1112Kb free=118951Kb
 bounds [0x0000024d07ac0000, 0x0000024d07d30000, 0x0000024d0f000000]
CodeHeap 'profiled nmethods': size=120000Kb used=5248Kb max_used=5248Kb free=114751Kb
 bounds [0x0000024d00590000, 0x0000024d00ac0000, 0x0000024d07ac0000]
CodeHeap 'non-nmethods': size=5696Kb used=1165Kb max_used=1195Kb free=4530Kb
 bounds [0x0000024d00000000, 0x0000024d00270000, 0x0000024d00590000]
 total_blobs=2919 nmethods=2412 adapters=419
 compilation: enabled
              stopped_count=0, restarted_count=0
 full_count=0

Compilation events (20 events):
Event: 3.060 Thread 0x0000024d79c10000 2395       2       java.util.Arrays::copyOf (40 bytes)
Event: 3.060 Thread 0x0000024d79c10000 nmethod 2395 0x0000024d00aa0c90 code [0x0000024d00aa0e80, 0x0000024d00aa1248]
Event: 3.062 Thread 0x0000024d79c10000 2396       3       java.lang.invoke.LambdaForm::editor (5 bytes)
Event: 3.063 Thread 0x0000024d79c10000 nmethod 2396 0x0000024d00aa1410 code [0x0000024d00aa15e0, 0x0000024d00aa1908]
Event: 3.063 Thread 0x0000024d79c10000 2397       3       java.lang.invoke.LambdaFormEditor::lambdaFormEditor (12 bytes)
Event: 3.063 Thread 0x0000024d79c10000 nmethod 2397 0x0000024d00aa1a90 code [0x0000024d00aa1c60, 0x0000024d00aa1f08]
Event: 3.063 Thread 0x0000024d79c10000 2398       3       java.lang.invoke.LambdaFormEditor$Transform::inRange (36 bytes)
Event: 3.063 Thread 0x0000024d79c10000 nmethod 2398 0x0000024d00aa2090 code [0x0000024d00aa2240, 0x0000024d00aa2398]
Event: 3.066 Thread 0x0000024d79c10000 2399       3       java.lang.reflect.ProxyGenerator::addProxyMethod (233 bytes)
Event: 3.068 Thread 0x0000024d79c10000 nmethod 2399 0x0000024d00aa2410 code [0x0000024d00aa27e0, 0x0000024d00aa4328]
Event: 3.069 Thread 0x0000024d79c10000 2401       3       java.lang.PublicMethods$MethodList::filter (104 bytes)
Event: 3.070 Thread 0x0000024d79c10000 nmethod 2401 0x0000024d00aa4c10 code [0x0000024d00aa4e80, 0x0000024d00aa59f8]
Event: 3.070 Thread 0x0000024d79c10000 2400       3       java.lang.Class::getMethodsRecursive (99 bytes)
Event: 3.070 Thread 0x0000024d79c10000 nmethod 2400 0x0000024d00aa5f10 code [0x0000024d00aa6140, 0x0000024d00aa66c8]
Event: 3.070 Thread 0x0000024d79c10000 2402       3       java.util.AbstractCollection::toArray (70 bytes)
Event: 3.071 Thread 0x0000024d79c10000 nmethod 2402 0x0000024d00aa6a10 code [0x0000024d00aa6c60, 0x0000024d00aa7588]
Event: 3.071 Thread 0x0000024d79c10000 2403       3       java.util.ArrayList::addAll (76 bytes)
Event: 3.071 Thread 0x0000024d79c10000 nmethod 2403 0x0000024d00aa7810 code [0x0000024d00aa7a20, 0x0000024d00aa8018]
Event: 3.076 Thread 0x0000024d79c10000 2404       3       java.lang.invoke.Invokers::checkCustomized (23 bytes)
Event: 3.077 Thread 0x0000024d79c10000 nmethod 2404 0x0000024d00aa8290 code [0x0000024d00aa8460, 0x0000024d00aa8628]

GC Heap History (10 events):
Event: 0.798 GC heap before
{Heap before GC invocations=0 (full 0):
 garbage-first heap   total 131072K, used 27648K [0x0000000080000000, 0x0000000100000000)
  region size 1024K, 22 young (22528K), 0 survivors (0K)
 Metaspace       used 10012K, capacity 10272K, committed 10368K, reserved 1058816K
  class space    used 1038K, capacity 1105K, committed 1152K, reserved 1048576K
}
Event: 0.805 GC heap after
{Heap after GC invocations=1 (full 0):
 garbage-first heap   total 131072K, used 9425K [0x0000000080000000, 0x0000000100000000)
  region size 1024K, 3 young (3072K), 3 survivors (3072K)
 Metaspace       used 10012K, capacity 10272K, committed 10368K, reserved 1058816K
  class space    used 1038K, capacity 1105K, committed 1152K, reserved 1048576K
}
Event: 1.082 GC heap before
{Heap before GC invocations=1 (full 0):
 garbage-first heap   total 131072K, used 26833K [0x0000000080000000, 0x0000000100000000)
  region size 1024K, 20 young (20480K), 3 survivors (3072K)
 Metaspace       used 11169K, capacity 11456K, committed 11520K, reserved 1058816K
  class space    used 1174K, capacity 1244K, committed 1280K, reserved 1048576K
}
Event: 1.086 GC heap after
{Heap after GC invocations=2 (full 0):
 garbage-first heap   total 131072K, used 10267K [0x0000000080000000, 0x0000000100000000)
  region size 1024K, 1 young (1024K), 1 survivors (1024K)
 Metaspace       used 11169K, capacity 11456K, committed 11520K, reserved 1058816K
  class space    used 1174K, capacity 1244K, committed 1280K, reserved 1048576K
}
Event: 1.749 GC heap before
{Heap before GC invocations=2 (full 0):
 garbage-first heap   total 131072K, used 58395K [0x0000000080000000, 0x0000000100000000)
  region size 1024K, 47 young (48128K), 1 survivors (1024K)
 Metaspace       used 16340K, capacity 16730K, committed 16896K, reserved 1064960K
  class space    used 1885K, capacity 2004K, committed 2048K, reserved 1048576K
}
Event: 1.755 GC heap after
{Heap after GC invocations=3 (full 0):
 garbage-first heap   total 131072K, used 16467K [0x0000000080000000, 0x0000000100000000)
  region size 1024K, 6 young (6144K), 6 survivors (6144K)
 Metaspace       used 16340K, capacity 16730K, committed 16896K, reserved 1064960K
  class space    used 1885K, capacity 2004K, committed 2048K, reserved 1048576K
}
Event: 2.162 GC heap before
{Heap before GC invocations=3 (full 0):
 garbage-first heap   total 131072K, used 52307K [0x0000000080000000, 0x0000000100000000)
  region size 1024K, 42 young (43008K), 6 survivors (6144K)
 Metaspace       used 20680K, capacity 21093K, committed 21248K, reserved 1067008K
  class space    used 2543K, capacity 2695K, committed 2816K, reserved 1048576K
}
Event: 2.172 GC heap after
{Heap after GC invocations=4 (full 0):
 garbage-first heap   total 131072K, used 17700K [0x0000000080000000, 0x0000000100000000)
  region size 1024K, 2 young (2048K), 2 survivors (2048K)
 Metaspace       used 20680K, capacity 21093K, committed 21248K, reserved 1067008K
  class space    used 2543K, capacity 2695K, committed 2816K, reserved 1048576K
}
Event: 2.690 GC heap before
{Heap before GC invocations=5 (full 0):
 garbage-first heap   total 131072K, used 69924K [0x0000000080000000, 0x0000000100000000)
  region size 1024K, 53 young (54272K), 2 survivors (2048K)
 Metaspace       used 26090K, capacity 26648K, committed 26752K, reserved 1073152K
  class space    used 3414K, capacity 3617K, committed 3712K, reserved 1048576K
}
Event: 2.698 GC heap after
{Heap after GC invocations=6 (full 0):
 garbage-first heap   total 131072K, used 19619K [0x0000000080000000, 0x0000000100000000)
  region size 1024K, 4 young (4096K), 4 survivors (4096K)
 Metaspace       used 26090K, capacity 26648K, committed 26752K, reserved 1073152K
  class space    used 3414K, capacity 3617K, committed 3712K, reserved 1048576K
}

Deoptimization events (20 events):
Event: 2.671 Thread 0x0000024d7c9bc000 Uncommon trap: trap_request=0xffffff4d fr.pc=0x0000024d07adda68 relative=0x0000000000000048
Event: 2.671 Thread 0x0000024d7c9bc000 Uncommon trap: reason=unstable_if action=reinterpret pc=0x0000024d07adda68 method=java.net.URI.match(CJJ)Z @ 19 c2
Event: 2.671 Thread 0x0000024d7c9bc000 DEOPT PACKING pc=0x0000024d07adda68 sp=0x0000007e22cfae00
Event: 2.671 Thread 0x0000024d7c9bc000 DEOPT UNPACKING pc=0x0000024d0002662f sp=0x0000007e22cfad88 mode 2
Event: 2.671 Thread 0x0000024d7c9bc000 Uncommon trap: trap_request=0xffffff4d fr.pc=0x0000024d07b10364 relative=0x00000000000001a4
Event: 2.671 Thread 0x0000024d7c9bc000 Uncommon trap: reason=unstable_if action=reinterpret pc=0x0000024d07b10364 method=java.net.URI.match(CJJ)Z @ 19 c2
Event: 2.671 Thread 0x0000024d7c9bc000 DEOPT PACKING pc=0x0000024d07b10364 sp=0x0000007e22cfad70
Event: 2.671 Thread 0x0000024d7c9bc000 DEOPT UNPACKING pc=0x0000024d0002662f sp=0x0000007e22cfac60 mode 2
Event: 2.781 Thread 0x0000024d7c9bc000 Uncommon trap: trap_request=0xffffffcc fr.pc=0x0000024d07bc2098 relative=0x00000000000001d8
Event: 2.781 Thread 0x0000024d7c9bc000 Uncommon trap: reason=intrinsic_or_type_checked_inlining action=make_not_entrant pc=0x0000024d07bc2098 method=java.util.Arrays.copyOf([Ljava/lang/Object;ILjava/lang/Class;)[Ljava/lang/Object; @ 35 c2
Event: 2.781 Thread 0x0000024d7c9bc000 DEOPT PACKING pc=0x0000024d07bc2098 sp=0x0000007e22cf9aa0
Event: 2.781 Thread 0x0000024d7c9bc000 DEOPT UNPACKING pc=0x0000024d0002662f sp=0x0000007e22cf9a30 mode 2
Event: 2.852 Thread 0x0000024d7c9bc000 Uncommon trap: trap_request=0xffffff4d fr.pc=0x0000024d07b7a4b4 relative=0x00000000000001f4
Event: 2.852 Thread 0x0000024d7c9bc000 Uncommon trap: reason=unstable_if action=reinterpret pc=0x0000024d07b7a4b4 method=java.util.HashMap.hash(Ljava/lang/Object;)I @ 1 c2
Event: 2.852 Thread 0x0000024d7c9bc000 DEOPT PACKING pc=0x0000024d07b7a4b4 sp=0x0000007e22cf9090
Event: 2.852 Thread 0x0000024d7c9bc000 DEOPT UNPACKING pc=0x0000024d0002662f sp=0x0000007e22cf8fc8 mode 2
Event: 2.853 Thread 0x0000024d7c9bc000 Uncommon trap: trap_request=0xffffff4d fr.pc=0x0000024d07b6322c relative=0x000000000000008c
Event: 2.853 Thread 0x0000024d7c9bc000 Uncommon trap: reason=unstable_if action=reinterpret pc=0x0000024d07b6322c method=java.util.HashMap.hash(Ljava/lang/Object;)I @ 1 c2
Event: 2.853 Thread 0x0000024d7c9bc000 DEOPT PACKING pc=0x0000024d07b6322c sp=0x0000007e22cf8e00
Event: 2.853 Thread 0x0000024d7c9bc000 DEOPT UNPACKING pc=0x0000024d0002662f sp=0x0000007e22cf8d98 mode 2

Classes redefined (0 events):
No events

Internal exceptions (20 events):
Event: 2.441 Thread 0x0000024d7c9bc000 Exception <a 'java/lang/NoSuchMethodError'{0x00000000865b40c0}: 'void java.lang.invoke.DirectMethodHandle$Holder.invokeSpecial(java.lang.Object, java.lang.Object, java.lang.Object, java.lang.Object, java.lang.Object, java.lang.Object, java.lang.Object)'> (0x00000000865b40c0) thrown at [./src/hotspot/share/interpreter/linkResolver.cpp, line 773]
Event: 2.441 Thread 0x0000024d7c9bc000 Exception <a 'java/lang/NoSuchMethodError'{0x00000000865bc5b0}: 'java.lang.Object java.lang.invoke.Invokers$Holder.linkToTargetMethod(java.lang.Object, java.lang.Object, java.lang.Object, java.lang.Object, java.lang.Object, java.lang.Object)'> (0x00000000865bc5b0) thrown at [./src/hotspot/share/interpreter/linkResolver.cpp, line 773]
Event: 2.522 Thread 0x0000024d7c9bc000 Exception <a 'java/lang/NoSuchMethodError'{0x0000000085929d68}: 'int java.lang.invoke.DirectMethodHandle$Holder.invokeStaticInit(java.lang.Object, java.lang.Object, java.lang.Object)'> (0x0000000085929d68) thrown at [./src/hotspot/share/interpreter/linkResolver.cpp, line 773]
Event: 2.585 Thread 0x0000024d7c9bc000 Exception <a 'java/lang/NoSuchMethodError'{0x0000000085458598}: 'void java.lang.invoke.DirectMethodHandle$Holder.invokeStaticInit(java.lang.Object, java.lang.Object)'> (0x0000000085458598) thrown at [./src/hotspot/share/interpreter/linkResolver.cpp, line 773]
Event: 2.650 Thread 0x0000024d7c9bc000 Exception <a 'java/lang/NoSuchMethodError'{0x0000000084facc70}: 'void java.lang.invoke.DirectMethodHandle$Holder.invokeStatic(java.lang.Object, java.lang.Object, java.lang.Object, java.lang.Object)'> (0x0000000084facc70) thrown at [./src/hotspot/share/interpreter/linkResolver.cpp, line 773]
Event: 2.652 Thread 0x0000024d7c9bc000 Exception <a 'java/lang/NoSuchMethodError'{0x0000000084fc06c0}: 'int java.lang.invoke.DirectMethodHandle$Holder.invokeInterface(java.lang.Object, java.lang.Object)'> (0x0000000084fc06c0) thrown at [./src/hotspot/share/interpreter/linkResolver.cpp, line 773]
Event: 2.756 Thread 0x0000024d7c9bc000 Exception <a 'java/lang/NoSuchMethodError'{0x0000000087ae0108}: 'java.lang.Object java.lang.invoke.DirectMethodHandle$Holder.invokeSpecialIFC(java.lang.Object, java.lang.Object, java.lang.Object, java.lang.Object)'> (0x0000000087ae0108) thrown at [./src/hotspot/share/interpreter/linkResolver.cpp, line 773]
Event: 2.763 Thread 0x0000024d7c9bc000 Exception <a 'java/lang/NoSuchMethodError'{0x00000000879bb760}: 'java.lang.Object java.lang.invoke.DirectMethodHandle$Holder.invokeSpecial(java.lang.Object, java.lang.Object, java.lang.Object, java.lang.Object, java.lang.Object, java.lang.Object, java.lang.Object, java.lang.Object, java.lang.Object, java.lang.Object, java.lang.Object, java.lang.Object, java.lang.Object)'> (0x00000000879bb760) thrown at [./src/hotspot/share/interpreter/linkResolver.cpp, line 773]
Event: 2.764 Thread 0x0000024d7c9bc000 Exception <a 'java/lang/NoSuchMethodError'{0x00000000879cc5c0}: 'java.lang.Object java.lang.invoke.DirectMethodHandle$Holder.invokeSpecial(java.lang.Object, java.lang.Object, java.lang.Object, java.lang.Object, java.lang.Object, java.lang.Object, java.lang.Object, java.lang.Object, java.lang.Object, java.lang.Object, java.lang.Object, java.lang.Object)'> (0x00000000879cc5c0) thrown at [./src/hotspot/share/interpreter/linkResolver.cpp, line 773]
Event: 2.764 Thread 0x0000024d7c9bc000 Exception <a 'java/lang/NoSuchMethodError'{0x00000000879d16e8}: 'java.lang.Object java.lang.invoke.Invokers$Holder.linkToTargetMethod(java.lang.Object, java.lang.Object, java.lang.Object, java.lang.Object, java.lang.Object, java.lang.Object, java.lang.Object, java.lang.Object, java.lang.Object, java.lang.Object, java.lang.Object)'> (0x00000000879d16e8) thrown at [./src/hotspot/share/interpreter/linkResolver.cpp, line 773]
Event: 2.773 Thread 0x0000024d7c9bc000 Exception <a 'java/lang/NoSuchMethodError'{0x0000000087712240}: 'java.lang.Object java.lang.invoke.DirectMethodHandle$Holder.invokeSpecial(java.lang.Object, java.lang.Object, java.lang.Object, java.lang.Object, java.lang.Object, java.lang.Object, java.lang.Object, java.lang.Object, java.lang.Object, java.lang.Object, java.lang.Object, java.lang.Object, java.lang.Object, java.lang.Object)'> (0x0000000087712240) thrown at [./src/hotspot/share/interpreter/linkResolver.cpp, line 773]
Event: 2.774 Thread 0x0000024d7c9bc000 Exception <a 'java/lang/NoSuchMethodError'{0x00000000877238b8}: 'java.lang.Object java.lang.invoke.Invokers$Holder.linkToTargetMethod(java.lang.Object, java.lang.Object, java.lang.Object, java.lang.Object, java.lang.Object, java.lang.Object, java.lang.Object, java.lang.Object, java.lang.Object, java.lang.Object, java.lang.Object, java.lang.Object)'> (0x00000000877238b8) thrown at [./src/hotspot/share/interpreter/linkResolver.cpp, line 773]
Event: 2.778 Thread 0x0000024d7c9bc000 Exception <a 'java/lang/NoSuchMethodError'{0x00000000877b54c0}: 'java.lang.Object java.lang.invoke.DirectMethodHandle$Holder.invokeStaticInit(java.lang.Object, java.lang.Object, java.lang.Object, java.lang.Object)'> (0x00000000877b54c0) thrown at [./src/hotspot/share/interpreter/linkResolver.cpp, line 773]
Event: 2.852 Thread 0x0000024d7c9bc000 Implicit null exception at 0x0000024d07b7a2f5 to 0x0000024d07b7a4a4
Event: 2.852 Thread 0x0000024d7c9bc000 Implicit null exception at 0x0000024d07b631af to 0x0000024d07b6321d
Event: 2.981 Thread 0x0000024d7c9bc000 Exception <a 'java/lang/NoSuchMethodError'{0x00000000866c3400}: 'java.lang.Object java.lang.invoke.Invokers$Holder.linkToTargetMethod(java.lang.Object, java.lang.Object, java.lang.Object, java.lang.Object, java.lang.Object, java.lang.Object, java.lang.Object, java.lang.Object)'> (0x00000000866c3400) thrown at [./src/hotspot/share/interpreter/linkResolver.cpp, line 773]
Event: 2.984 Thread 0x0000024d7c9bc000 Exception <a 'java/lang/NoSuchMethodError'{0x00000000866f8160}: 'java.lang.Object java.lang.invoke.DirectMethodHandle$Holder.invokeVirtual(java.lang.Object, java.lang.Object, java.lang.Object)'> (0x00000000866f8160) thrown at [./src/hotspot/share/interpreter/linkResolver.cpp, line 773]
Event: 2.994 Thread 0x0000024d7c9bc000 Exception <a 'java/lang/NoSuchMethodError'{0x00000000865d3958}: 'java.lang.Object java.lang.invoke.Invokers$Holder.linkToTargetMethod(java.lang.Object, java.lang.Object, java.lang.Object, java.lang.Object, java.lang.Object, java.lang.Object, java.lang.Object)'> (0x00000000865d3958) thrown at [./src/hotspot/share/interpreter/linkResolver.cpp, line 773]
Event: 2.997 Thread 0x0000024d7c9bc000 Exception <a 'java/lang/IncompatibleClassChangeError'{0x0000000086413da8}: Found class java.lang.Object, but interface was expected> (0x0000000086413da8) thrown at [./src/hotspot/share/interpreter/linkResolver.cpp, line 839]
Event: 3.039 Thread 0x0000024d7c9bc000 Exception <a 'java/lang/NoSuchMethodError'{0x00000000861bb0f0}: 'int java.lang.invoke.DirectMethodHandle$Holder.invokeVirtual(java.lang.Object, java.lang.Object)'> (0x00000000861bb0f0) thrown at [./src/hotspot/share/interpreter/linkResolver.cpp, line 773]

Events (20 events):
Event: 3.075 loading class org/gradle/api/internal/artifacts/transform/ExtraExecutionGraphDependenciesResolverFactory
Event: 3.075 loading class org/gradle/api/internal/artifacts/transform/ExtraExecutionGraphDependenciesResolverFactory done
Event: 3.075 loading class org/gradle/api/internal/artifacts/ivyservice/resolveengine/artifact/ResolvedArtifactSet
Event: 3.075 loading class org/gradle/api/internal/artifacts/ivyservice/resolveengine/artifact/ResolvedArtifactSet done
Event: 3.075 loading class org/gradle/api/artifacts/component/ComponentIdentifier
Event: 3.075 loading class org/gradle/api/artifacts/component/ComponentIdentifier done
Event: 3.075 loading class org/gradle/api/internal/artifacts/transform/TransformedExternalArtifactSet
Event: 3.075 loading class org/gradle/api/internal/artifacts/transform/TransformedExternalArtifactSet done
Event: 3.076 loading class org/gradle/api/internal/artifacts/transform/AbstractTransformedArtifactSet
Event: 3.076 loading class org/gradle/api/internal/artifacts/transform/AbstractTransformedArtifactSet done
Event: 3.076 loading class org/gradle/api/internal/artifacts/transform/DefaultTransformedVariantFactory
Event: 3.076 loading class org/gradle/api/internal/artifacts/transform/DefaultTransformedVariantFactory done
Event: 3.076 loading class org/gradle/api/internal/artifacts/transform/DefaultTransformedVariantFactory$Factory
Event: 3.076 loading class org/gradle/api/internal/artifacts/transform/DefaultTransformedVariantFactory$Factory done
Event: 3.077 loading class org/gradle/api/artifacts/component/ComponentIdentifier
Event: 3.077 loading class org/gradle/api/artifacts/component/ComponentIdentifier done
Event: 3.077 loading class org/gradle/api/internal/artifacts/transform/TransformedProjectArtifactSet
Event: 3.077 loading class org/gradle/api/internal/artifacts/transform/TransformedProjectArtifactSet done
Event: 3.077 loading class org/gradle/api/internal/artifacts/ivyservice/resolveengine/artifact/ResolvedArtifactSet$Artifacts
Event: 3.077 loading class org/gradle/api/internal/artifacts/ivyservice/resolveengine/artifact/ResolvedArtifactSet$Artifacts done


Dynamic libraries:
0x00007ff7f3360000 - 0x00007ff7f336a000 	E:\ANDROID STUDIO\jre\bin\java.exe
0x00007ffc0e350000 - 0x00007ffc0e545000 	C:\Windows\SYSTEM32\ntdll.dll
0x00007ffc0c9f0000 - 0x00007ffc0caae000 	C:\Windows\System32\KERNEL32.DLL
0x00007ffc0ba60000 - 0x00007ffc0bd28000 	C:\Windows\System32\KERNELBASE.dll
0x00007ffc092f0000 - 0x00007ffc09380000 	C:\Windows\SYSTEM32\apphelp.dll
0x00007ffc0bde0000 - 0x00007ffc0bee0000 	C:\Windows\System32\ucrtbase.dll
0x00007ffc09260000 - 0x00007ffc09279000 	E:\ANDROID STUDIO\jre\bin\jli.dll
0x00007ffc07540000 - 0x00007ffc07557000 	E:\ANDROID STUDIO\jre\bin\VCRUNTIME140.dll
0x00007ffc0c760000 - 0x00007ffc0c901000 	C:\Windows\System32\USER32.dll
0x00007ffbf4880000 - 0x00007ffbf4b1a000 	C:\Windows\WinSxS\amd64_microsoft.windows.common-controls_6595b64144ccf1df_6.0.19041.1110_none_60b5254171f9507e\COMCTL32.dll
0x00007ffc0c0a0000 - 0x00007ffc0c0c2000 	C:\Windows\System32\win32u.dll
0x00007ffc0d440000 - 0x00007ffc0d46b000 	C:\Windows\System32\GDI32.dll
0x00007ffc0d470000 - 0x00007ffc0d50e000 	C:\Windows\System32\msvcrt.dll
0x00007ffc0c0d0000 - 0x00007ffc0c1dd000 	C:\Windows\System32\gdi32full.dll
0x00007ffc0c210000 - 0x00007ffc0c2ad000 	C:\Windows\System32\msvcp_win.dll
0x00007ffc0d6c0000 - 0x00007ffc0d6f0000 	C:\Windows\System32\IMM32.DLL
0x00007ffbf18e0000 - 0x00007ffbf197d000 	E:\ANDROID STUDIO\jre\bin\msvcp140.dll
0x00007ffbc0460000 - 0x00007ffbc0f35000 	E:\ANDROID STUDIO\jre\bin\server\jvm.dll
0x00007ffc0c940000 - 0x00007ffc0c9ee000 	C:\Windows\System32\ADVAPI32.dll
0x00007ffc0c5f0000 - 0x00007ffc0c68c000 	C:\Windows\System32\sechost.dll
0x00007ffc0c390000 - 0x00007ffc0c4b5000 	C:\Windows\System32\RPCRT4.dll
0x00007ffc0c910000 - 0x00007ffc0c918000 	C:\Windows\System32\PSAPI.DLL
0x00007ffc07760000 - 0x00007ffc07769000 	C:\Windows\SYSTEM32\WSOCK32.dll
0x00007ffc0e110000 - 0x00007ffc0e17b000 	C:\Windows\System32\WS2_32.dll
0x00007ffc01dc0000 - 0x00007ffc01de7000 	C:\Windows\SYSTEM32\WINMM.dll
0x00007ffc04d80000 - 0x00007ffc04d8a000 	C:\Windows\SYSTEM32\VERSION.dll
0x00007ffc09970000 - 0x00007ffc09982000 	C:\Windows\SYSTEM32\kernel.appcore.dll
0x00007ffbf6300000 - 0x00007ffbf6311000 	E:\ANDROID STUDIO\jre\bin\verify.dll
0x00007ffc05890000 - 0x00007ffc05a74000 	C:\Windows\SYSTEM32\DBGHELP.DLL
0x00007ffbfae70000 - 0x00007ffbfae9c000 	C:\Windows\SYSTEM32\dbgcore.DLL
0x00007ffc0c2b0000 - 0x00007ffc0c332000 	C:\Windows\System32\bcryptPrimitives.dll
0x00007ffbf5d50000 - 0x00007ffbf5d79000 	E:\ANDROID STUDIO\jre\bin\java.dll
0x00007ffc075c0000 - 0x00007ffc075cb000 	E:\ANDROID STUDIO\jre\bin\jimage.dll
0x00007ffbf5d30000 - 0x00007ffbf5d48000 	E:\ANDROID STUDIO\jre\bin\zip.dll
0x00007ffc0d880000 - 0x00007ffc0dfc4000 	C:\Windows\System32\SHELL32.dll
0x00007ffc09b70000 - 0x00007ffc0a305000 	C:\Windows\SYSTEM32\windows.storage.dll
0x00007ffc0cc60000 - 0x00007ffc0cfb5000 	C:\Windows\System32\combase.dll
0x00007ffc0b3e0000 - 0x00007ffc0b40e000 	C:\Windows\SYSTEM32\Wldp.dll
0x00007ffc0e260000 - 0x00007ffc0e30d000 	C:\Windows\System32\SHCORE.dll
0x00007ffc0c700000 - 0x00007ffc0c755000 	C:\Windows\System32\shlwapi.dll
0x00007ffc0b9a0000 - 0x00007ffc0b9bf000 	C:\Windows\SYSTEM32\profapi.dll
0x00007ffbf5b60000 - 0x00007ffbf5b7a000 	E:\ANDROID STUDIO\jre\bin\net.dll
0x00007ffc05040000 - 0x00007ffc0514c000 	C:\Windows\SYSTEM32\WINHTTP.dll
0x00007ffc0b140000 - 0x00007ffc0b1aa000 	C:\Windows\system32\mswsock.dll
0x00007ffbf5b40000 - 0x00007ffbf5b54000 	E:\ANDROID STUDIO\jre\bin\nio.dll
0x00007ffbf1f80000 - 0x00007ffbf1fa7000 	C:\Users\Rostya\.gradle\native\e1d6ef7f7dcc3fd88c89a11ec53ec762bb8ba0a96d01ffa2cd45eb1d1d8dd5c5\windows-amd64\native-platform.dll
0x00007ffbf1790000 - 0x00007ffbf18d4000 	C:\Users\Rostya\.gradle\native\5664cfc778a61ccfe75a443a1ab52a65af34e5dc3c78e0209fed803814484fcb\windows-amd64\native-platform-file-events.dll
0x00007ffc06da0000 - 0x00007ffc06daa000 	E:\ANDROID STUDIO\jre\bin\management.dll
0x00007ffc04af0000 - 0x00007ffc04afd000 	E:\ANDROID STUDIO\jre\bin\management_ext.dll
0x00007ffc0b340000 - 0x00007ffc0b358000 	C:\Windows\SYSTEM32\CRYPTSP.dll
0x00007ffc0aac0000 - 0x00007ffc0aaf4000 	C:\Windows\system32\rsaenh.dll
0x00007ffc0c1e0000 - 0x00007ffc0c207000 	C:\Windows\System32\bcrypt.dll
0x00007ffc0b960000 - 0x00007ffc0b98e000 	C:\Windows\SYSTEM32\USERENV.dll
0x00007ffc0b330000 - 0x00007ffc0b33c000 	C:\Windows\SYSTEM32\CRYPTBASE.dll
0x00007ffc0ae30000 - 0x00007ffc0ae6b000 	C:\Windows\SYSTEM32\IPHLPAPI.DLL
0x00007ffc0cbd0000 - 0x00007ffc0cbd8000 	C:\Windows\System32\NSI.dll
0x00007ffc05800000 - 0x00007ffc05817000 	C:\Windows\SYSTEM32\dhcpcsvc6.DLL
0x00007ffc057e0000 - 0x00007ffc057fd000 	C:\Windows\SYSTEM32\dhcpcsvc.DLL
0x00007ffc0ae70000 - 0x00007ffc0af3b000 	C:\Windows\SYSTEM32\DNSAPI.dll

dbghelp: loaded successfully - version: 4.0.5 - missing functions: none
symbol engine: initialized successfully - sym options: 0x614 - pdb path: .;E:\ANDROID STUDIO\jre\bin;C:\Windows\SYSTEM32;C:\Windows\WinSxS\amd64_microsoft.windows.common-controls_6595b64144ccf1df_6.0.19041.1110_none_60b5254171f9507e;E:\ANDROID STUDIO\jre\bin\server;C:\Users\Rostya\.gradle\native\e1d6ef7f7dcc3fd88c89a11ec53ec762bb8ba0a96d01ffa2cd45eb1d1d8dd5c5\windows-amd64;C:\Users\Rostya\.gradle\native\5664cfc778a61ccfe75a443a1ab52a65af34e5dc3c78e0209fed803814484fcb\windows-amd64

VM Arguments:
jvm_args: --add-opens=java.base/java.util=ALL-UNNAMED --add-opens=java.base/java.lang=ALL-UNNAMED --add-opens=java.base/java.lang.invoke=ALL-UNNAMED --add-opens=java.base/java.util=ALL-UNNAMED --add-opens=java.prefs/java.util.prefs=ALL-UNNAMED --add-opens=java.prefs/java.util.prefs=ALL-UNNAMED --add-opens=java.base/java.nio.charset=ALL-UNNAMED --add-opens=java.base/java.net=ALL-UNNAMED --add-opens=java.base/java.util.concurrent.atomic=ALL-UNNAMED -Xmx2048m -Dfile.encoding=UTF-8 -Duser.country=RU -Duser.language=ru -Duser.variant 
java_command: org.gradle.launcher.daemon.bootstrap.GradleDaemon 7.2
java_class_path (initial): C:\Users\Rostya\.gradle\wrapper\dists\gradle-7.2-bin\2dnblmf4td7x66yl1d74lt32g\gradle-7.2\lib\gradle-launcher-7.2.jar
Launcher Type: SUN_STANDARD

[Global flags]
     intx CICompilerCount                          = 3                                         {product} {ergonomic}
     uint ConcGCThreads                            = 2                                         {product} {ergonomic}
     uint G1ConcRefinementThreads                  = 6                                         {product} {ergonomic}
   size_t G1HeapRegionSize                         = 1048576                                   {product} {ergonomic}
    uintx GCDrainStackTargetSize                   = 64                                        {product} {ergonomic}
   size_t InitialHeapSize                          = 134217728                                 {product} {ergonomic}
   size_t MarkStackSize                            = 4194304                                   {product} {ergonomic}
   size_t MaxHeapSize                              = 2147483648                                {product} {command line}
   size_t MaxNewSize                               = 1287651328                                {product} {ergonomic}
   size_t MinHeapDeltaBytes                        = 1048576                                   {product} {ergonomic}
    uintx NonNMethodCodeHeapSize                   = 5830732                                {pd product} {ergonomic}
    uintx NonProfiledCodeHeapSize                  = 122913754                              {pd product} {ergonomic}
    uintx ProfiledCodeHeapSize                     = 122913754                              {pd product} {ergonomic}
    uintx ReservedCodeCacheSize                    = 251658240                              {pd product} {ergonomic}
     bool SegmentedCodeCache                       = true                                      {product} {ergonomic}
     bool UseCompressedClassPointers               = true                                 {lp64_product} {ergonomic}
     bool UseCompressedOops                        = true                                 {lp64_product} {ergonomic}
     bool UseG1GC                                  = true                                      {product} {ergonomic}
     bool UseLargePagesIndividualAllocation        = false                                  {pd product} {ergonomic}

Logging:
Log output configuration:
 #0: stdout all=warning uptime,level,tags
 #1: stderr all=off uptime,level,tags

Environment Variables:
PATH=C:\Windows\system32;C:\Windows;C:\Windows\System32\Wbem;C:\Windows\System32\WindowsPowerShell\v1.0\;C:\Windows\System32\OpenSSH\;C:\Program Files\Git\cmd;C:\Users\Rostya\AppData\Local\Microsoft\WindowsApps
USERNAME=Rostya
OS=Windows_NT
PROCESSOR_IDENTIFIER=AMD64 Family 21 Model 2 Stepping 0, AuthenticAMD



---------------  S Y S T E M  ---------------

OS: Windows 10 , 64 bit Build 19041 (10.0.19041.1466)
OS uptime: 0 days 0:39 hours

CPU:total 6 (initial active 6) (6 cores per cpu, 1 threads per core) family 21 model 2 stepping 0 microcode 0x0, cmov, cx8, fxsr, mmx, sse, sse2, sse3, ssse3, sse4.1, sse4.2, popcnt, avx, aes, clmul, mmxext, 3dnowpref, lzcnt, sse4a, tsc, tscinvbit, tscinv, bmi1, fma

Memory: 4k page, system-wide physical 8088M (2657M free)
TotalPageFile size 8088M (AvailPageFile size 5M)
current process WorkingSet (physical memory assigned to process): 210M, peak: 210M
current process commit charge ("private bytes"): 299M, peak: 300M

vm_info: OpenJDK 64-Bit Server VM (11.0.11+9-b60-7590822) for windows-amd64 JRE (11.0.11+9-b60-7590822), built on Jul 29 2021 21:43:44 by "builder" with MS VC++ 14.0 (VS2015)

END.
