#
# There is insufficient memory for the Java Runtime Environment to continue.
# Native memory allocation (malloc) failed to allocate 1098016 bytes for Chunk::new
# Possible reasons:
#   The system is out of physical RAM or swap space
#   The process is running with CompressedOops enabled, and the Java Heap may be blocking the growth of the native heap
# Possible solutions:
#   Reduce memory load on the system
#   Increase physical memory or swap space
#   Check if swap backing store is full
#   Decrease Java heap size (-Xmx/-Xms)
#   Decrease number of Java threads
#   Decrease Java thread stack sizes (-Xss)
#   Set larger code cache with -XX:ReservedCodeCacheSize=
#   JVM is running with Unscaled Compressed Oops mode in which the Java heap is
#     placed in the first 4GB address space. The Java Heap base address is the
#     maximum limit for the native heap growth. Please use -XX:HeapBaseMinAddress
#     to set the Java Heap base and to place the Java Heap above 4GB virtual address.
# This output file may be truncated or incomplete.
#
#  Out of Memory Error (./src/hotspot/share/memory/arena.cpp:197), pid=9088, tid=6220
#
# JRE version: OpenJDK Runtime Environment (11.0.11+9) (build 11.0.11+9-b60-7590822)
# Java VM: OpenJDK 64-Bit Server VM (11.0.11+9-b60-7590822, mixed mode, tiered, compressed oops, g1 gc, windows-amd64)
# No core dump will be written. Minidumps are not enabled by default on client versions of Windows
#

---------------  S U M M A R Y ------------

Command Line: --add-opens=java.base/java.util=ALL-UNNAMED --add-opens=java.base/java.lang=ALL-UNNAMED --add-opens=java.base/java.lang.invoke=ALL-UNNAMED --add-opens=java.base/java.util=ALL-UNNAMED --add-opens=java.prefs/java.util.prefs=ALL-UNNAMED --add-opens=java.prefs/java.util.prefs=ALL-UNNAMED --add-opens=java.base/java.nio.charset=ALL-UNNAMED --add-opens=java.base/java.net=ALL-UNNAMED --add-opens=java.base/java.util.concurrent.atomic=ALL-UNNAMED -Xmx2048m -Dfile.encoding=UTF-8 -Duser.country=RU -Duser.language=ru -Duser.variant org.gradle.launcher.daemon.bootstrap.GradleDaemon 7.2

Host: AMD FX(tm)-6350 Six-Core Processor             , 6 cores, 7G,  Windows 10 , 64 bit Build 19041 (10.0.19041.1466)
Time: Fri Feb  4 11:14:47 2022 Новосибирское стандартное время elapsed time: 59.191134 seconds (0d 0h 0m 59s)

---------------  T H R E A D  ---------------

Current thread (0x000001bd7b110000):  JavaThread "C2 CompilerThread1" daemon [_thread_in_native, id=6220, stack(0x0000004b89800000,0x0000004b89900000)]


Current CompileTask:
C2:  59191 14930       4       org.apache.xerces.impl.XMLNSDocumentScannerImpl::scanStartElement (873 bytes)

Stack: [0x0000004b89800000,0x0000004b89900000]
Native frames: (J=compiled Java code, j=interpreted, Vv=VM code, C=native code)
V  [jvm.dll+0x5f214a]
V  [jvm.dll+0x726fb5]
V  [jvm.dll+0x7285cd]
V  [jvm.dll+0x728c83]
V  [jvm.dll+0x243278]
V  [jvm.dll+0xbc53c]
V  [jvm.dll+0xbca3c]
V  [jvm.dll+0x2b5c34]
V  [jvm.dll+0x508488]
V  [jvm.dll+0x203d53]
V  [jvm.dll+0x1fdbac]
V  [jvm.dll+0x1fb35f]
V  [jvm.dll+0x183d6c]
V  [jvm.dll+0x209a57]
V  [jvm.dll+0x2082a1]
V  [jvm.dll+0x6ef58f]
V  [jvm.dll+0x6e80b5]
V  [jvm.dll+0x5f1036]
C  [ucrtbase.dll+0x21bb2]
C  [KERNEL32.DLL+0x17034]
C  [ntdll.dll+0x52651]


---------------  P R O C E S S  ---------------

Threads class SMR info:
_java_thread_list=0x000001bd7b0c78a0, length=110, elements={
0x000001bd562d7800, 0x000001bd722c5000, 0x000001bd722c9000, 0x000001bd722e4800,
0x000001bd722e5800, 0x000001bd722e8800, 0x000001bd722eb000, 0x000001bd722f2000,
0x000001bd722f7000, 0x000001bd72db5800, 0x000001bd74d72800, 0x000001bd75540000,
0x000001bd7438c000, 0x000001bd75100000, 0x000001bd73b7d800, 0x000001bd7644b800,
0x000001bd7644b000, 0x000001bd7644c800, 0x000001bd7644f000, 0x000001bd76449000,
0x000001bd7644a000, 0x000001bd7644f800, 0x000001bd76cc3000, 0x000001bd76cbf800,
0x000001bd76cc5800, 0x000001bd76cc2000, 0x000001bd76cc1800, 0x000001bd76cca800,
0x000001bd787ce800, 0x000001bd787cc000, 0x000001bd787cf000, 0x000001bd787d1000,
0x000001bd787cd000, 0x000001bd787cb000, 0x000001bd787d1800, 0x000001bd787d2800,
0x000001bd787d3800, 0x000001bd787cd800, 0x000001bd787d6000, 0x000001bd787d9000,
0x000001bd787d6800, 0x000001bd787d7800, 0x000001bd787d5000, 0x000001bd787da000,
0x000001bd787d8000, 0x000001bd787d4000, 0x000001bd76cc6000, 0x000001bd76cc4000,
0x000001bd76cc7000, 0x000001bd76cc4800, 0x000001bd76ccc000, 0x000001bd76ccd000,
0x000001bd76cce800, 0x000001bd76ccd800, 0x000001bd7644d800, 0x000001bd7644e000,
0x000001bd78eef000, 0x000001bd78eee000, 0x000001bd78eec800, 0x000001bd78eef800,
0x000001bd78ef2000, 0x000001bd78ef0800, 0x000001bd78ef3000, 0x000001bd78ef1800,
0x000001bd78eed000, 0x000001bd78ef5800, 0x000001bd78ef9800, 0x000001bd78ef7000,
0x000001bd78ef6000, 0x000001bd78ef3800, 0x000001bd78ef8000, 0x000001bd78ef8800,
0x000001bd78efa800, 0x000001bd78ef4800, 0x000001bd78efb000, 0x000001bd7aa9a800,
0x000001bd7aa95800, 0x000001bd7aa99800, 0x000001bd7aa94800, 0x000001bd7aa97000,
0x000001bd7aa9b000, 0x000001bd7aa98000, 0x000001bd7aa9c000, 0x000001bd7aa98800,
0x000001bd7aa96000, 0x000001bd7aaa2800, 0x000001bd7aa9c800, 0x000001bd7aaa0000,
0x000001bd7aaa1000, 0x000001bd7aaa1800, 0x000001bd7aa9f000, 0x000001bd7aaa3000,
0x000001bd7aa9d800, 0x000001bd7aa9e800, 0x000001bd7b10a800, 0x000001bd7b10d000,
0x000001bd7b10b800, 0x000001bd7b10c000, 0x000001bd7b108000, 0x000001bd7b10e000,
0x000001bd7b10e800, 0x000001bd7b109000, 0x000001bd7b10f800, 0x000001bd7b109800,
0x000001bd7b112800, 0x000001bd7b116000, 0x000001bd7b111000, 0x000001bd7b113800,
0x000001bd7b114800, 0x000001bd7b110000
}

Java Threads: ( => current thread )
  0x000001bd562d7800 JavaThread "main" [_thread_blocked, id=7340, stack(0x0000004b86300000,0x0000004b86400000)]
  0x000001bd722c5000 JavaThread "Reference Handler" daemon [_thread_blocked, id=4008, stack(0x0000004b86a00000,0x0000004b86b00000)]
  0x000001bd722c9000 JavaThread "Finalizer" daemon [_thread_blocked, id=972, stack(0x0000004b86b00000,0x0000004b86c00000)]
  0x000001bd722e4800 JavaThread "Signal Dispatcher" daemon [_thread_blocked, id=5404, stack(0x0000004b86c00000,0x0000004b86d00000)]
  0x000001bd722e5800 JavaThread "Attach Listener" daemon [_thread_blocked, id=4468, stack(0x0000004b86d00000,0x0000004b86e00000)]
  0x000001bd722e8800 JavaThread "Service Thread" daemon [_thread_blocked, id=7860, stack(0x0000004b86e00000,0x0000004b86f00000)]
  0x000001bd722eb000 JavaThread "C2 CompilerThread0" daemon [_thread_blocked, id=2372, stack(0x0000004b86f00000,0x0000004b87000000)]
  0x000001bd722f2000 JavaThread "C1 CompilerThread0" daemon [_thread_blocked, id=3988, stack(0x0000004b87000000,0x0000004b87100000)]
  0x000001bd722f7000 JavaThread "Sweeper thread" daemon [_thread_blocked, id=4712, stack(0x0000004b87100000,0x0000004b87200000)]
  0x000001bd72db5800 JavaThread "Common-Cleaner" daemon [_thread_blocked, id=2972, stack(0x0000004b87200000,0x0000004b87300000)]
  0x000001bd74d72800 JavaThread "Daemon health stats" [_thread_blocked, id=6296, stack(0x0000004b87700000,0x0000004b87800000)]
  0x000001bd75540000 JavaThread "Incoming local TCP Connector on port 60639" [_thread_in_native, id=3084, stack(0x0000004b87800000,0x0000004b87900000)]
  0x000001bd7438c000 JavaThread "Daemon periodic checks" [_thread_blocked, id=4364, stack(0x0000004b87c00000,0x0000004b87d00000)]
  0x000001bd75100000 JavaThread "Daemon" [_thread_blocked, id=3508, stack(0x0000004b87d00000,0x0000004b87e00000)]
  0x000001bd73b7d800 JavaThread "Daemon worker" [_thread_blocked, id=3540, stack(0x0000004b88000000,0x0000004b88100000)]
  0x000001bd7644b800 JavaThread "Cache worker for journal cache (C:\Users\Rostya\.gradle\caches\journal-1)" [_thread_blocked, id=7896, stack(0x0000004b88400000,0x0000004b88500000)]
  0x000001bd7644b000 JavaThread "File lock request listener" [_thread_in_native, id=1596, stack(0x0000004b88500000,0x0000004b88600000)]
  0x000001bd7644c800 JavaThread "Cache worker for file hash cache (C:\Users\Rostya\.gradle\caches\7.2\fileHashes)" [_thread_blocked, id=1676, stack(0x0000004b88700000,0x0000004b88800000)]
  0x000001bd7644f000 JavaThread "File watcher server" daemon [_thread_in_native, id=4652, stack(0x0000004b88900000,0x0000004b88a00000)]
  0x000001bd76449000 JavaThread "File watcher consumer" daemon [_thread_blocked, id=3504, stack(0x0000004b88a00000,0x0000004b88b00000)]
  0x000001bd7644a000 JavaThread "jar transforms" [_thread_blocked, id=8584, stack(0x0000004b88b00000,0x0000004b88c00000)]
  0x000001bd7644f800 JavaThread "jar transforms Thread 2" [_thread_blocked, id=6992, stack(0x0000004b88c00000,0x0000004b88d00000)]
  0x000001bd76cc3000 JavaThread "jar transforms Thread 3" [_thread_blocked, id=2520, stack(0x0000004b88d00000,0x0000004b88e00000)]
  0x000001bd76cbf800 JavaThread "jar transforms Thread 4" [_thread_blocked, id=6076, stack(0x0000004b88e00000,0x0000004b88f00000)]
  0x000001bd76cc5800 JavaThread "jar transforms Thread 5" [_thread_blocked, id=7524, stack(0x0000004b88f00000,0x0000004b89000000)]
  0x000001bd76cc2000 JavaThread "jar transforms Thread 6" [_thread_blocked, id=8564, stack(0x0000004b89000000,0x0000004b89100000)]
  0x000001bd76cc1800 JavaThread "Cache worker for execution history cache (C:\Users\Rostya\.gradle\caches\7.2\executionHistory)" [_thread_blocked, id=2384, stack(0x0000004b89400000,0x0000004b89500000)]
  0x000001bd76cca800 JavaThread "Cache worker for file content cache (C:\Users\Rostya\.gradle\caches\7.2\fileContent)" [_thread_blocked, id=4528, stack(0x0000004b89500000,0x0000004b89600000)]
  0x000001bd787ce800 JavaThread "Memory manager" [_thread_blocked, id=5544, stack(0x0000004b8d400000,0x0000004b8d500000)]
  0x000001bd787cc000 JavaThread "Handler for socket connection from /127.0.0.1:60639 to /127.0.0.1:57998" [_thread_in_native, id=8696, stack(0x0000004b87f00000,0x0000004b88000000)]
  0x000001bd787cf000 JavaThread "Cancel handler" [_thread_blocked, id=828, stack(0x0000004b88100000,0x0000004b88200000)]
  0x000001bd787d1000 JavaThread "Asynchronous log dispatcher for DefaultDaemonConnection: socket connection from /127.0.0.1:60639 to /127.0.0.1:57998" [_thread_blocked, id=6976, stack(0x0000004b88200000,0x0000004b88300000)]
  0x000001bd787cd000 JavaThread "Stdin handler" [_thread_blocked, id=6588, stack(0x0000004b88300000,0x0000004b88400000)]
  0x000001bd787cb000 JavaThread "Daemon client event forwarder" [_thread_blocked, id=6196, stack(0x0000004b88800000,0x0000004b88900000)]
  0x000001bd787d1800 JavaThread "Cache worker for file hash cache (E:\Program Files\androidProjects\GeoQuiz\.gradle\7.2\fileHashes)" [_thread_blocked, id=3048, stack(0x0000004b89100000,0x0000004b89200000)]
  0x000001bd787d2800 JavaThread "Cache worker for checksums cache (E:\Program Files\androidProjects\GeoQuiz\.gradle\checksums)" [_thread_blocked, id=7600, stack(0x0000004b89200000,0x0000004b89300000)]
  0x000001bd787d3800 JavaThread "Cache worker for cache directory md-supplier (C:\Users\Rostya\.gradle\caches\7.2\md-supplier)" [_thread_blocked, id=1020, stack(0x0000004b89300000,0x0000004b89400000)]
  0x000001bd787cd800 JavaThread "Cache worker for cache directory md-rule (C:\Users\Rostya\.gradle\caches\7.2\md-rule)" [_thread_blocked, id=1952, stack(0x0000004b89600000,0x0000004b89700000)]
  0x000001bd787d6000 JavaThread "Cache worker for dependencies-accessors (E:\Program Files\androidProjects\GeoQuiz\.gradle\7.2\dependencies-accessors)" [_thread_blocked, id=7512, stack(0x0000004b89700000,0x0000004b89800000)]
  0x000001bd787d9000 JavaThread "Cache worker for Build Output Cleanup Cache (E:\Program Files\androidProjects\GeoQuiz\.gradle\buildOutputCleanup)" [_thread_blocked, id=1640, stack(0x0000004b89900000,0x0000004b89a00000)]
  0x000001bd787d6800 JavaThread "Unconstrained build operations" [_thread_blocked, id=6488, stack(0x0000004b89a00000,0x0000004b89b00000)]
  0x000001bd787d7800 JavaThread "Unconstrained build operations Thread 2" [_thread_blocked, id=5216, stack(0x0000004b89b00000,0x0000004b89c00000)]
  0x000001bd787d5000 JavaThread "Unconstrained build operations Thread 3" [_thread_blocked, id=3672, stack(0x0000004b89c00000,0x0000004b89d00000)]
  0x000001bd787da000 JavaThread "Unconstrained build operations Thread 4" [_thread_blocked, id=5016, stack(0x0000004b89d00000,0x0000004b89e00000)]
  0x000001bd787d8000 JavaThread "Unconstrained build operations Thread 5" [_thread_blocked, id=3356, stack(0x0000004b89e00000,0x0000004b89f00000)]
  0x000001bd787d4000 JavaThread "Unconstrained build operations Thread 6" [_thread_blocked, id=4628, stack(0x0000004b89f00000,0x0000004b8a000000)]
  0x000001bd76cc6000 JavaThread "Unconstrained build operations Thread 7" [_thread_blocked, id=1804, stack(0x0000004b8a000000,0x0000004b8a100000)]
  0x000001bd76cc4000 JavaThread "Unconstrained build operations Thread 8" [_thread_blocked, id=6500, stack(0x0000004b8a100000,0x0000004b8a200000)]
  0x000001bd76cc7000 JavaThread "Unconstrained build operations Thread 9" [_thread_blocked, id=6496, stack(0x0000004b8a200000,0x0000004b8a300000)]
  0x000001bd76cc4800 JavaThread "Unconstrained build operations Thread 10" [_thread_blocked, id=5516, stack(0x0000004b8a300000,0x0000004b8a400000)]
  0x000001bd76ccc000 JavaThread "Unconstrained build operations Thread 11" [_thread_blocked, id=5492, stack(0x0000004b8a400000,0x0000004b8a500000)]
  0x000001bd76ccd000 JavaThread "Unconstrained build operations Thread 12" [_thread_blocked, id=5488, stack(0x0000004b8a500000,0x0000004b8a600000)]
  0x000001bd76cce800 JavaThread "Unconstrained build operations Thread 13" [_thread_blocked, id=1208, stack(0x0000004b8a600000,0x0000004b8a700000)]
  0x000001bd76ccd800 JavaThread "Unconstrained build operations Thread 14" [_thread_blocked, id=8632, stack(0x0000004b8a700000,0x0000004b8a800000)]
  0x000001bd7644d800 JavaThread "Unconstrained build operations Thread 15" [_thread_blocked, id=824, stack(0x0000004b8a800000,0x0000004b8a900000)]
  0x000001bd7644e000 JavaThread "Unconstrained build operations Thread 16" [_thread_blocked, id=5792, stack(0x0000004b8a900000,0x0000004b8aa00000)]
  0x000001bd78eef000 JavaThread "Unconstrained build operations Thread 17" [_thread_blocked, id=3612, stack(0x0000004b8aa00000,0x0000004b8ab00000)]
  0x000001bd78eee000 JavaThread "Unconstrained build operations Thread 18" [_thread_blocked, id=1480, stack(0x0000004b8ab00000,0x0000004b8ac00000)]
  0x000001bd78eec800 JavaThread "Unconstrained build operations Thread 19" [_thread_blocked, id=1568, stack(0x0000004b8ac00000,0x0000004b8ad00000)]
  0x000001bd78eef800 JavaThread "Unconstrained build operations Thread 20" [_thread_blocked, id=5456, stack(0x0000004b8ad00000,0x0000004b8ae00000)]
  0x000001bd78ef2000 JavaThread "Unconstrained build operations Thread 21" [_thread_blocked, id=6484, stack(0x0000004b8ae00000,0x0000004b8af00000)]
  0x000001bd78ef0800 JavaThread "Unconstrained build operations Thread 22" [_thread_blocked, id=5432, stack(0x0000004b8af00000,0x0000004b8b000000)]
  0x000001bd78ef3000 JavaThread "Unconstrained build operations Thread 23" [_thread_blocked, id=3088, stack(0x0000004b8b000000,0x0000004b8b100000)]
  0x000001bd78ef1800 JavaThread "Unconstrained build operations Thread 24" [_thread_blocked, id=5428, stack(0x0000004b8b100000,0x0000004b8b200000)]
  0x000001bd78eed000 JavaThread "Unconstrained build operations Thread 25" [_thread_blocked, id=2792, stack(0x0000004b8b200000,0x0000004b8b300000)]
  0x000001bd78ef5800 JavaThread "Unconstrained build operations Thread 26" [_thread_blocked, id=3696, stack(0x0000004b8b300000,0x0000004b8b400000)]
  0x000001bd78ef9800 JavaThread "Unconstrained build operations Thread 27" [_thread_blocked, id=3908, stack(0x0000004b8b400000,0x0000004b8b500000)]
  0x000001bd78ef7000 JavaThread "Unconstrained build operations Thread 28" [_thread_blocked, id=3416, stack(0x0000004b8b500000,0x0000004b8b600000)]
  0x000001bd78ef6000 JavaThread "Unconstrained build operations Thread 29" [_thread_blocked, id=2948, stack(0x0000004b8b600000,0x0000004b8b700000)]
  0x000001bd78ef3800 JavaThread "Unconstrained build operations Thread 30" [_thread_blocked, id=6916, stack(0x0000004b8b700000,0x0000004b8b800000)]
  0x000001bd78ef8000 JavaThread "Unconstrained build operations Thread 31" [_thread_blocked, id=8816, stack(0x0000004b8b800000,0x0000004b8b900000)]
  0x000001bd78ef8800 JavaThread "Unconstrained build operations Thread 32" [_thread_blocked, id=2252, stack(0x0000004b8b900000,0x0000004b8ba00000)]
  0x000001bd78efa800 JavaThread "Unconstrained build operations Thread 33" [_thread_blocked, id=8572, stack(0x0000004b8ba00000,0x0000004b8bb00000)]
  0x000001bd78ef4800 JavaThread "Unconstrained build operations Thread 34" [_thread_blocked, id=6028, stack(0x0000004b8bb00000,0x0000004b8bc00000)]
  0x000001bd78efb000 JavaThread "Unconstrained build operations Thread 35" [_thread_blocked, id=6040, stack(0x0000004b8bc00000,0x0000004b8bd00000)]
  0x000001bd7aa9a800 JavaThread "Unconstrained build operations Thread 36" [_thread_blocked, id=5572, stack(0x0000004b8bd00000,0x0000004b8be00000)]
  0x000001bd7aa95800 JavaThread "Unconstrained build operations Thread 37" [_thread_blocked, id=1920, stack(0x0000004b8be00000,0x0000004b8bf00000)]
  0x000001bd7aa99800 JavaThread "Unconstrained build operations Thread 38" [_thread_blocked, id=3284, stack(0x0000004b8bf00000,0x0000004b8c000000)]
  0x000001bd7aa94800 JavaThread "Unconstrained build operations Thread 39" [_thread_blocked, id=7740, stack(0x0000004b8c000000,0x0000004b8c100000)]
  0x000001bd7aa97000 JavaThread "Unconstrained build operations Thread 40" [_thread_blocked, id=5152, stack(0x0000004b8c100000,0x0000004b8c200000)]
  0x000001bd7aa9b000 JavaThread "Unconstrained build operations Thread 41" [_thread_blocked, id=3884, stack(0x0000004b8c200000,0x0000004b8c300000)]
  0x000001bd7aa98000 JavaThread "Unconstrained build operations Thread 42" [_thread_blocked, id=844, stack(0x0000004b8c300000,0x0000004b8c400000)]
  0x000001bd7aa9c000 JavaThread "Unconstrained build operations Thread 43" [_thread_blocked, id=1276, stack(0x0000004b8c400000,0x0000004b8c500000)]
  0x000001bd7aa98800 JavaThread "Unconstrained build operations Thread 44" [_thread_blocked, id=6676, stack(0x0000004b8c500000,0x0000004b8c600000)]
  0x000001bd7aa96000 JavaThread "Unconstrained build operations Thread 45" [_thread_blocked, id=2248, stack(0x0000004b8c600000,0x0000004b8c700000)]
  0x000001bd7aaa2800 JavaThread "Unconstrained build operations Thread 46" [_thread_blocked, id=2296, stack(0x0000004b8c700000,0x0000004b8c800000)]
  0x000001bd7aa9c800 JavaThread "Unconstrained build operations Thread 47" [_thread_blocked, id=6180, stack(0x0000004b8c800000,0x0000004b8c900000)]
  0x000001bd7aaa0000 JavaThread "Unconstrained build operations Thread 48" [_thread_blocked, id=8620, stack(0x0000004b8c900000,0x0000004b8ca00000)]
  0x000001bd7aaa1000 JavaThread "Unconstrained build operations Thread 49" [_thread_blocked, id=4076, stack(0x0000004b8ca00000,0x0000004b8cb00000)]
  0x000001bd7aaa1800 JavaThread "Unconstrained build operations Thread 50" [_thread_blocked, id=2944, stack(0x0000004b8cb00000,0x0000004b8cc00000)]
  0x000001bd7aa9f000 JavaThread "Unconstrained build operations Thread 51" [_thread_blocked, id=5496, stack(0x0000004b8cc00000,0x0000004b8cd00000)]
  0x000001bd7aaa3000 JavaThread "Unconstrained build operations Thread 52" [_thread_blocked, id=1788, stack(0x0000004b8cd00000,0x0000004b8ce00000)]
  0x000001bd7aa9d800 JavaThread "Unconstrained build operations Thread 53" [_thread_blocked, id=4544, stack(0x0000004b8ce00000,0x0000004b8cf00000)]
  0x000001bd7aa9e800 JavaThread "Unconstrained build operations Thread 54" [_thread_blocked, id=7236, stack(0x0000004b8cf00000,0x0000004b8d000000)]
  0x000001bd7b10a800 JavaThread "Unconstrained build operations Thread 55" [_thread_blocked, id=8420, stack(0x0000004b8d000000,0x0000004b8d100000)]
  0x000001bd7b10d000 JavaThread "Unconstrained build operations Thread 56" [_thread_blocked, id=1124, stack(0x0000004b8d100000,0x0000004b8d200000)]
  0x000001bd7b10b800 JavaThread "Unconstrained build operations Thread 57" [_thread_blocked, id=8144, stack(0x0000004b8d200000,0x0000004b8d300000)]
  0x000001bd7b10c000 JavaThread "Unconstrained build operations Thread 58" [_thread_blocked, id=8616, stack(0x0000004b8d300000,0x0000004b8d400000)]
  0x000001bd7b108000 JavaThread "Unconstrained build operations Thread 59" [_thread_blocked, id=8800, stack(0x0000004b8d500000,0x0000004b8d600000)]
  0x000001bd7b10e000 JavaThread "Unconstrained build operations Thread 60" [_thread_blocked, id=4388, stack(0x0000004b8d600000,0x0000004b8d700000)]
  0x000001bd7b10e800 JavaThread "build event listener" [_thread_blocked, id=2188, stack(0x0000004b8d700000,0x0000004b8d800000)]
  0x000001bd7b109000 JavaThread "build event listener" [_thread_blocked, id=5476, stack(0x0000004b8d800000,0x0000004b8d900000)]
  0x000001bd7b10f800 JavaThread "Execution worker for ':'" [_thread_blocked, id=6768, stack(0x0000004b8d900000,0x0000004b8da00000)]
  0x000001bd7b109800 JavaThread "Execution worker for ':' Thread 2" [_thread_in_native, id=1380, stack(0x0000004b8da00000,0x0000004b8db00000)]
  0x000001bd7b112800 JavaThread "Execution worker for ':' Thread 3" [_thread_blocked, id=5248, stack(0x0000004b8db00000,0x0000004b8dc00000)]
  0x000001bd7b116000 JavaThread "Execution worker for ':' Thread 4" [_thread_blocked, id=3620, stack(0x0000004b8dc00000,0x0000004b8dd00000)]
  0x000001bd7b111000 JavaThread "Execution worker for ':' Thread 5" [_thread_blocked, id=5804, stack(0x0000004b8dd00000,0x0000004b8de00000)]
  0x000001bd7b113800 JavaThread "Cache worker for execution history cache (E:\Program Files\androidProjects\GeoQuiz\.gradle\7.2\executionHistory)" [_thread_blocked, id=6604, stack(0x0000004b8de00000,0x0000004b8df00000)]
  0x000001bd7b114800 JavaThread "WorkerExecutor Queue" [_thread_blocked, id=2184, stack(0x0000004b8df00000,0x0000004b8e000000)]
=>0x000001bd7b110000 JavaThread "C2 CompilerThread1" daemon [_thread_in_native, id=6220, stack(0x0000004b89800000,0x0000004b89900000)]

Other Threads:
  0x000001bd722c2800 VMThread "VM Thread" [stack: 0x0000004b86900000,0x0000004b86a00000] [id=1180]
  0x000001bd72ddf800 WatcherThread [stack: 0x0000004b87300000,0x0000004b87400000] [id=8756]
  0x000001bd562f0800 GCTaskThread "GC Thread#0" [stack: 0x0000004b86400000,0x0000004b86500000] [id=2220]
  0x000001bd7338d000 GCTaskThread "GC Thread#1" [stack: 0x0000004b87500000,0x0000004b87600000] [id=8684]
  0x000001bd734ba800 GCTaskThread "GC Thread#2" [stack: 0x0000004b87600000,0x0000004b87700000] [id=9180]
  0x000001bd746f3000 GCTaskThread "GC Thread#3" [stack: 0x0000004b87900000,0x0000004b87a00000] [id=6564]
  0x000001bd745e9800 GCTaskThread "GC Thread#4" [stack: 0x0000004b87a00000,0x0000004b87b00000] [id=4636]
  0x000001bd740b1000 GCTaskThread "GC Thread#5" [stack: 0x0000004b87b00000,0x0000004b87c00000] [id=6556]
  0x000001bd56322000 ConcurrentGCThread "G1 Main Marker" [stack: 0x0000004b86500000,0x0000004b86600000] [id=5808]
  0x000001bd56324000 ConcurrentGCThread "G1 Conc#0" [stack: 0x0000004b86600000,0x0000004b86700000] [id=7332]
  0x000001bd74722800 ConcurrentGCThread "G1 Conc#1" [stack: 0x0000004b88600000,0x0000004b88700000] [id=5180]
  0x000001bd563bb800 ConcurrentGCThread "G1 Refine#0" [stack: 0x0000004b86700000,0x0000004b86800000] [id=8528]
  0x000001bd563bd800 ConcurrentGCThread "G1 Young RemSet Sampling" [stack: 0x0000004b86800000,0x0000004b86900000] [id=1828]

Threads with active compile tasks:
C2 CompilerThread1  59266 14930       4       org.apache.xerces.impl.XMLNSDocumentScannerImpl::scanStartElement (873 bytes)

VM state:not at safepoint (normal execution)

VM Mutex/Monitor currently owned by a thread: None

Heap address: 0x0000000080000000, size: 2048 MB, Compressed Oops mode: 32-bit
Narrow klass base: 0x0000000000000000, Narrow klass shift: 3
Compressed class space size: 1073741824 Address: 0x0000000100000000

Heap:
 garbage-first heap   total 189440K, used 145421K [0x0000000080000000, 0x0000000100000000)
  region size 1024K, 6 young (6144K), 2 survivors (2048K)
 Metaspace       used 114945K, capacity 118121K, committed 118320K, reserved 1150976K
  class space    used 14705K, capacity 15873K, committed 16000K, reserved 1048576K
Heap Regions: E=young(eden), S=young(survivor), O=old, HS=humongous(starts), HC=humongous(continues), CS=collection set, F=free, A=archive, TAMS=top-at-mark-start (previous, next)
|   0|0x0000000080000000, 0x0000000080100000, 0x0000000080100000|100%| O|  |TAMS 0x0000000080100000, 0x0000000080000000| Untracked 
|   1|0x0000000080100000, 0x0000000080200000, 0x0000000080200000|100%| O|  |TAMS 0x0000000080200000, 0x0000000080100000| Untracked 
|   2|0x0000000080200000, 0x0000000080300000, 0x0000000080300000|100%| O|  |TAMS 0x0000000080300000, 0x0000000080200000| Untracked 
|   3|0x0000000080300000, 0x0000000080400000, 0x0000000080400000|100%|HS|  |TAMS 0x0000000080400000, 0x0000000080300000| Complete 
|   4|0x0000000080400000, 0x0000000080500000, 0x0000000080500000|100%|HC|  |TAMS 0x0000000080500000, 0x0000000080400000| Complete 
|   5|0x0000000080500000, 0x0000000080600000, 0x0000000080600000|100%|HC|  |TAMS 0x0000000080600000, 0x0000000080500000| Complete 
|   6|0x0000000080600000, 0x0000000080700000, 0x0000000080700000|100%| O|  |TAMS 0x0000000080700000, 0x0000000080600000| Untracked 
|   7|0x0000000080700000, 0x0000000080800000, 0x0000000080800000|100%| O|  |TAMS 0x0000000080800000, 0x0000000080700000| Untracked 
|   8|0x0000000080800000, 0x0000000080900000, 0x0000000080900000|100%| O|  |TAMS 0x0000000080900000, 0x0000000080800000| Untracked 
|   9|0x0000000080900000, 0x0000000080a00000, 0x0000000080a00000|100%| O|  |TAMS 0x0000000080a00000, 0x0000000080900000| Untracked 
|  10|0x0000000080a00000, 0x0000000080b00000, 0x0000000080b00000|100%| O|  |TAMS 0x0000000080b00000, 0x0000000080a00000| Untracked 
|  11|0x0000000080b00000, 0x0000000080c00000, 0x0000000080c00000|100%| O|  |TAMS 0x0000000080c00000, 0x0000000080b00000| Untracked 
|  12|0x0000000080c00000, 0x0000000080d00000, 0x0000000080d00000|100%| O|  |TAMS 0x0000000080d00000, 0x0000000080c00000| Untracked 
|  13|0x0000000080d00000, 0x0000000080e00000, 0x0000000080e00000|100%| O|  |TAMS 0x0000000080e00000, 0x0000000080d00000| Untracked 
|  14|0x0000000080e00000, 0x0000000080f00000, 0x0000000080f00000|100%| O|  |TAMS 0x0000000080f00000, 0x0000000080e00000| Untracked 
|  15|0x0000000080f00000, 0x0000000081000000, 0x0000000081000000|100%| O|  |TAMS 0x0000000081000000, 0x0000000080f00000| Untracked 
|  16|0x0000000081000000, 0x0000000081100000, 0x0000000081100000|100%|HS|  |TAMS 0x0000000081100000, 0x0000000081000000| Complete 
|  17|0x0000000081100000, 0x0000000081200000, 0x0000000081200000|100%|HC|  |TAMS 0x0000000081200000, 0x0000000081100000| Complete 
|  18|0x0000000081200000, 0x0000000081300000, 0x0000000081300000|100%|HS|  |TAMS 0x0000000081300000, 0x0000000081200000| Complete 
|  19|0x0000000081300000, 0x0000000081400000, 0x0000000081400000|100%|HC|  |TAMS 0x0000000081400000, 0x0000000081300000| Complete 
|  20|0x0000000081400000, 0x0000000081500000, 0x0000000081500000|100%|HC|  |TAMS 0x0000000081500000, 0x0000000081400000| Complete 
|  21|0x0000000081500000, 0x0000000081600000, 0x0000000081600000|100%|HS|  |TAMS 0x0000000081600000, 0x0000000081500000| Complete 
|  22|0x0000000081600000, 0x0000000081700000, 0x0000000081700000|100%|HC|  |TAMS 0x0000000081700000, 0x0000000081600000| Complete 
|  23|0x0000000081700000, 0x0000000081800000, 0x0000000081800000|100%|HC|  |TAMS 0x0000000081800000, 0x0000000081700000| Complete 
|  24|0x0000000081800000, 0x0000000081900000, 0x0000000081900000|100%|HC|  |TAMS 0x0000000081900000, 0x0000000081800000| Complete 
|  25|0x0000000081900000, 0x0000000081a00000, 0x0000000081a00000|100%| O|  |TAMS 0x0000000081a00000, 0x0000000081900000| Untracked 
|  26|0x0000000081a00000, 0x0000000081b00000, 0x0000000081b00000|100%| O|  |TAMS 0x0000000081b00000, 0x0000000081a00000| Untracked 
|  27|0x0000000081b00000, 0x0000000081c00000, 0x0000000081c00000|100%| O|  |TAMS 0x0000000081c00000, 0x0000000081b00000| Untracked 
|  28|0x0000000081c00000, 0x0000000081d00000, 0x0000000081d00000|100%| O|  |TAMS 0x0000000081d00000, 0x0000000081c00000| Untracked 
|  29|0x0000000081d00000, 0x0000000081e00000, 0x0000000081e00000|100%| O|  |TAMS 0x0000000081e00000, 0x0000000081d00000| Untracked 
|  30|0x0000000081e00000, 0x0000000081f00000, 0x0000000081f00000|100%| O|  |TAMS 0x0000000081f00000, 0x0000000081e00000| Untracked 
|  31|0x0000000081f00000, 0x0000000082000000, 0x0000000082000000|100%| O|  |TAMS 0x0000000082000000, 0x0000000081f00000| Untracked 
|  32|0x0000000082000000, 0x0000000082100000, 0x0000000082100000|100%| O|  |TAMS 0x0000000082100000, 0x0000000082000000| Untracked 
|  33|0x0000000082100000, 0x0000000082200000, 0x0000000082200000|100%| O|  |TAMS 0x0000000082200000, 0x0000000082100000| Untracked 
|  34|0x0000000082200000, 0x0000000082300000, 0x0000000082300000|100%| O|  |TAMS 0x0000000082300000, 0x0000000082200000| Untracked 
|  35|0x0000000082300000, 0x0000000082400000, 0x0000000082400000|100%| O|  |TAMS 0x0000000082400000, 0x0000000082300000| Untracked 
|  36|0x0000000082400000, 0x0000000082500000, 0x0000000082500000|100%| O|  |TAMS 0x0000000082500000, 0x0000000082400000| Untracked 
|  37|0x0000000082500000, 0x0000000082600000, 0x0000000082600000|100%| O|  |TAMS 0x0000000082600000, 0x0000000082500000| Untracked 
|  38|0x0000000082600000, 0x0000000082700000, 0x0000000082700000|100%|HS|  |TAMS 0x0000000082700000, 0x0000000082600000| Complete 
|  39|0x0000000082700000, 0x0000000082800000, 0x0000000082800000|100%|HC|  |TAMS 0x0000000082800000, 0x0000000082700000| Complete 
|  40|0x0000000082800000, 0x0000000082900000, 0x0000000082900000|100%|HC|  |TAMS 0x0000000082900000, 0x0000000082800000| Complete 
|  41|0x0000000082900000, 0x0000000082a00000, 0x0000000082a00000|100%|HS|  |TAMS 0x0000000082a00000, 0x0000000082900000| Complete 
|  42|0x0000000082a00000, 0x0000000082b00000, 0x0000000082b00000|100%|HC|  |TAMS 0x0000000082b00000, 0x0000000082a00000| Complete 
|  43|0x0000000082b00000, 0x0000000082c00000, 0x0000000082c00000|100%|HC|  |TAMS 0x0000000082c00000, 0x0000000082b00000| Complete 
|  44|0x0000000082c00000, 0x0000000082d00000, 0x0000000082d00000|100%|HC|  |TAMS 0x0000000082d00000, 0x0000000082c00000| Complete 
|  45|0x0000000082d00000, 0x0000000082e00000, 0x0000000082e00000|100%| O|  |TAMS 0x0000000082e00000, 0x0000000082d00000| Untracked 
|  46|0x0000000082e00000, 0x0000000082f00000, 0x0000000082f00000|100%| O|  |TAMS 0x0000000082f00000, 0x0000000082e00000| Untracked 
|  47|0x0000000082f00000, 0x0000000083000000, 0x0000000083000000|100%| O|  |TAMS 0x0000000083000000, 0x0000000082f00000| Untracked 
|  48|0x0000000083000000, 0x0000000083100000, 0x0000000083100000|100%| O|  |TAMS 0x0000000083100000, 0x0000000083000000| Untracked 
|  49|0x0000000083100000, 0x0000000083200000, 0x0000000083200000|100%| O|  |TAMS 0x0000000083200000, 0x0000000083100000| Untracked 
|  50|0x0000000083200000, 0x0000000083300000, 0x0000000083300000|100%|HS|  |TAMS 0x0000000083300000, 0x0000000083200000| Complete 
|  51|0x0000000083300000, 0x0000000083400000, 0x0000000083400000|100%|HS|  |TAMS 0x0000000083400000, 0x0000000083300000| Complete 
|  52|0x0000000083400000, 0x0000000083500000, 0x0000000083500000|100%|HS|  |TAMS 0x0000000083500000, 0x0000000083400000| Complete 
|  53|0x0000000083500000, 0x0000000083600000, 0x0000000083600000|100%|HS|  |TAMS 0x0000000083600000, 0x0000000083500000| Complete 
|  54|0x0000000083600000, 0x0000000083700000, 0x0000000083700000|100%|HS|  |TAMS 0x0000000083700000, 0x0000000083600000| Complete 
|  55|0x0000000083700000, 0x0000000083800000, 0x0000000083800000|100%|HC|  |TAMS 0x0000000083800000, 0x0000000083700000| Complete 
|  56|0x0000000083800000, 0x0000000083900000, 0x0000000083900000|100%|HC|  |TAMS 0x0000000083900000, 0x0000000083800000| Complete 
|  57|0x0000000083900000, 0x0000000083a00000, 0x0000000083a00000|100%|HS|  |TAMS 0x0000000083a00000, 0x0000000083900000| Complete 
|  58|0x0000000083a00000, 0x0000000083b00000, 0x0000000083b00000|100%|HC|  |TAMS 0x0000000083b00000, 0x0000000083a00000| Complete 
|  59|0x0000000083b00000, 0x0000000083c00000, 0x0000000083c00000|100%| O|  |TAMS 0x0000000083c00000, 0x0000000083b00000| Untracked 
|  60|0x0000000083c00000, 0x0000000083d00000, 0x0000000083d00000|100%| O|  |TAMS 0x0000000083d00000, 0x0000000083c00000| Untracked 
|  61|0x0000000083d00000, 0x0000000083e00000, 0x0000000083e00000|100%| O|  |TAMS 0x0000000083e00000, 0x0000000083d00000| Untracked 
|  62|0x0000000083e00000, 0x0000000083f00000, 0x0000000083f00000|100%| O|  |TAMS 0x0000000083f00000, 0x0000000083e00000| Untracked 
|  63|0x0000000083f00000, 0x0000000084000000, 0x0000000084000000|100%| O|  |TAMS 0x0000000084000000, 0x0000000083f00000| Untracked 
|  64|0x0000000084000000, 0x0000000084100000, 0x0000000084100000|100%| O|  |TAMS 0x0000000084100000, 0x0000000084000000| Untracked 
|  65|0x0000000084100000, 0x0000000084200000, 0x0000000084200000|100%| O|  |TAMS 0x0000000084200000, 0x0000000084100000| Untracked 
|  66|0x0000000084200000, 0x0000000084300000, 0x0000000084300000|100%| O|  |TAMS 0x0000000084300000, 0x0000000084200000| Untracked 
|  67|0x0000000084300000, 0x0000000084400000, 0x0000000084400000|100%| O|  |TAMS 0x0000000084400000, 0x0000000084300000| Untracked 
|  68|0x0000000084400000, 0x0000000084500000, 0x0000000084500000|100%| O|  |TAMS 0x0000000084500000, 0x0000000084400000| Untracked 
|  69|0x0000000084500000, 0x0000000084600000, 0x0000000084600000|100%| O|  |TAMS 0x0000000084600000, 0x0000000084500000| Untracked 
|  70|0x0000000084600000, 0x0000000084700000, 0x0000000084700000|100%| O|  |TAMS 0x0000000084700000, 0x0000000084600000| Untracked 
|  71|0x0000000084700000, 0x0000000084800000, 0x0000000084800000|100%| O|  |TAMS 0x0000000084800000, 0x0000000084700000| Untracked 
|  72|0x0000000084800000, 0x0000000084900000, 0x0000000084900000|100%| O|  |TAMS 0x0000000084900000, 0x0000000084800000| Untracked 
|  73|0x0000000084900000, 0x0000000084a00000, 0x0000000084a00000|100%| O|  |TAMS 0x0000000084a00000, 0x0000000084900000| Untracked 
|  74|0x0000000084a00000, 0x0000000084b00000, 0x0000000084b00000|100%| O|  |TAMS 0x0000000084a00000, 0x0000000084a00000| Untracked 
|  75|0x0000000084b00000, 0x0000000084c00000, 0x0000000084c00000|100%| O|  |TAMS 0x0000000084c00000, 0x0000000084b00000| Untracked 
|  76|0x0000000084c00000, 0x0000000084d00000, 0x0000000084d00000|100%| O|  |TAMS 0x0000000084d00000, 0x0000000084c00000| Untracked 
|  77|0x0000000084d00000, 0x0000000084e00000, 0x0000000084e00000|100%| O|  |TAMS 0x0000000084e00000, 0x0000000084d00000| Untracked 
|  78|0x0000000084e00000, 0x0000000084f00000, 0x0000000084f00000|100%| O|  |TAMS 0x0000000084f00000, 0x0000000084e00000| Untracked 
|  79|0x0000000084f00000, 0x0000000085000000, 0x0000000085000000|100%|HS|  |TAMS 0x0000000085000000, 0x0000000084f00000| Complete 
|  80|0x0000000085000000, 0x0000000085100000, 0x0000000085100000|100%|HC|  |TAMS 0x0000000085100000, 0x0000000085000000| Complete 
|  81|0x0000000085100000, 0x0000000085200000, 0x0000000085200000|100%| O|  |TAMS 0x0000000085200000, 0x0000000085100000| Untracked 
|  82|0x0000000085200000, 0x0000000085300000, 0x0000000085300000|100%| O|  |TAMS 0x0000000085300000, 0x0000000085200000| Untracked 
|  83|0x0000000085300000, 0x0000000085400000, 0x0000000085400000|100%| O|  |TAMS 0x0000000085400000, 0x0000000085300000| Untracked 
|  84|0x0000000085400000, 0x0000000085500000, 0x0000000085500000|100%| O|  |TAMS 0x0000000085500000, 0x0000000085400000| Untracked 
|  85|0x0000000085500000, 0x0000000085600000, 0x0000000085600000|100%| O|  |TAMS 0x0000000085600000, 0x0000000085500000| Untracked 
|  86|0x0000000085600000, 0x0000000085700000, 0x0000000085700000|100%| O|  |TAMS 0x0000000085700000, 0x0000000085600000| Untracked 
|  87|0x0000000085700000, 0x0000000085800000, 0x0000000085800000|100%| O|  |TAMS 0x0000000085800000, 0x0000000085700000| Untracked 
|  88|0x0000000085800000, 0x0000000085900000, 0x0000000085900000|100%| O|  |TAMS 0x0000000085900000, 0x0000000085800000| Untracked 
|  89|0x0000000085900000, 0x0000000085a00000, 0x0000000085a00000|100%| O|  |TAMS 0x0000000085a00000, 0x0000000085900000| Untracked 
|  90|0x0000000085a00000, 0x0000000085b00000, 0x0000000085b00000|100%|HS|  |TAMS 0x0000000085b00000, 0x0000000085a00000| Complete 
|  91|0x0000000085b00000, 0x0000000085c00000, 0x0000000085c00000|100%|HC|  |TAMS 0x0000000085c00000, 0x0000000085b00000| Complete 
|  92|0x0000000085c00000, 0x0000000085d00000, 0x0000000085d00000|100%|HC|  |TAMS 0x0000000085d00000, 0x0000000085c00000| Complete 
|  93|0x0000000085d00000, 0x0000000085e00000, 0x0000000085e00000|100%|HS|  |TAMS 0x0000000085e00000, 0x0000000085d00000| Complete 
|  94|0x0000000085e00000, 0x0000000085f00000, 0x0000000085f00000|100%|HC|  |TAMS 0x0000000085f00000, 0x0000000085e00000| Complete 
|  95|0x0000000085f00000, 0x0000000086000000, 0x0000000086000000|100%|HC|  |TAMS 0x0000000086000000, 0x0000000085f00000| Complete 
|  96|0x0000000086000000, 0x0000000086100000, 0x0000000086100000|100%|HC|  |TAMS 0x0000000086100000, 0x0000000086000000| Complete 
|  97|0x0000000086100000, 0x0000000086200000, 0x0000000086200000|100%| O|  |TAMS 0x0000000086200000, 0x0000000086100000| Untracked 
|  98|0x0000000086200000, 0x0000000086300000, 0x0000000086300000|100%| O|  |TAMS 0x0000000086200000, 0x0000000086200000| Untracked 
|  99|0x0000000086300000, 0x0000000086400000, 0x0000000086400000|100%| O|  |TAMS 0x0000000086400000, 0x0000000086300000| Untracked 
| 100|0x0000000086400000, 0x0000000086500000, 0x0000000086500000|100%| O|  |TAMS 0x0000000086400000, 0x0000000086400000| Untracked 
| 101|0x0000000086500000, 0x0000000086500000, 0x0000000086600000|  0%| F|  |TAMS 0x0000000086500000, 0x0000000086500000| Untracked 
| 102|0x0000000086600000, 0x0000000086700000, 0x0000000086700000|100%| O|  |TAMS 0x0000000086700000, 0x0000000086600000| Untracked 
| 103|0x0000000086700000, 0x0000000086800000, 0x0000000086800000|100%| O|  |TAMS 0x0000000086800000, 0x0000000086700000| Untracked 
| 104|0x0000000086800000, 0x0000000086900000, 0x0000000086900000|100%| O|  |TAMS 0x0000000086900000, 0x0000000086800000| Untracked 
| 105|0x0000000086900000, 0x0000000086a00000, 0x0000000086a00000|100%| O|  |TAMS 0x0000000086a00000, 0x0000000086900000| Untracked 
| 106|0x0000000086a00000, 0x0000000086b00000, 0x0000000086b00000|100%| O|  |TAMS 0x0000000086a00000, 0x0000000086a00000| Untracked 
| 107|0x0000000086b00000, 0x0000000086c00000, 0x0000000086c00000|100%| O|  |TAMS 0x0000000086b00000, 0x0000000086b00000| Untracked 
| 108|0x0000000086c00000, 0x0000000086d00000, 0x0000000086d00000|100%| O|  |TAMS 0x0000000086d00000, 0x0000000086c00000| Untracked 
| 109|0x0000000086d00000, 0x0000000086e00000, 0x0000000086e00000|100%| O|  |TAMS 0x0000000086e00000, 0x0000000086d00000| Untracked 
| 110|0x0000000086e00000, 0x0000000086f00000, 0x0000000086f00000|100%| O|  |TAMS 0x0000000086f00000, 0x0000000086e00000| Untracked 
| 111|0x0000000086f00000, 0x0000000087000000, 0x0000000087000000|100%| O|  |TAMS 0x0000000086f00000, 0x0000000086f00000| Untracked 
| 112|0x0000000087000000, 0x0000000087100000, 0x0000000087100000|100%| O|  |TAMS 0x0000000087100000, 0x0000000087000000| Untracked 
| 113|0x0000000087100000, 0x0000000087200000, 0x0000000087200000|100%| O|  |TAMS 0x0000000087200000, 0x0000000087100000| Untracked 
| 114|0x0000000087200000, 0x0000000087300000, 0x0000000087300000|100%| O|  |TAMS 0x0000000087300000, 0x0000000087200000| Untracked 
| 115|0x0000000087300000, 0x0000000087400000, 0x0000000087400000|100%| O|  |TAMS 0x0000000087400000, 0x0000000087300000| Untracked 
| 116|0x0000000087400000, 0x0000000087500000, 0x0000000087500000|100%| O|  |TAMS 0x0000000087500000, 0x0000000087400000| Untracked 
| 117|0x0000000087500000, 0x0000000087600000, 0x0000000087600000|100%| O|  |TAMS 0x0000000087600000, 0x0000000087500000| Untracked 
| 118|0x0000000087600000, 0x0000000087700000, 0x0000000087700000|100%| O|  |TAMS 0x0000000087700000, 0x0000000087600000| Untracked 
| 119|0x0000000087700000, 0x0000000087800000, 0x0000000087800000|100%| O|  |TAMS 0x0000000087700000, 0x0000000087700000| Untracked 
| 120|0x0000000087800000, 0x0000000087900000, 0x0000000087900000|100%| O|  |TAMS 0x0000000087900000, 0x0000000087800000| Untracked 
| 121|0x0000000087900000, 0x0000000087a00000, 0x0000000087a00000|100%| O|  |TAMS 0x0000000087a00000, 0x0000000087900000| Untracked 
| 122|0x0000000087a00000, 0x0000000087b00000, 0x0000000087b00000|100%| O|  |TAMS 0x0000000087b00000, 0x0000000087a00000| Untracked 
| 123|0x0000000087b00000, 0x0000000087c00000, 0x0000000087c00000|100%| O|  |TAMS 0x0000000087c00000, 0x0000000087b00000| Untracked 
| 124|0x0000000087c00000, 0x0000000087d00000, 0x0000000087d00000|100%| O|  |TAMS 0x0000000087d00000, 0x0000000087c00000| Untracked 
| 125|0x0000000087d00000, 0x0000000087e00000, 0x0000000087e00000|100%| O|  |TAMS 0x0000000087e00000, 0x0000000087d00000| Untracked 
| 126|0x0000000087e00000, 0x0000000087f00000, 0x0000000087f00000|100%| O|  |TAMS 0x0000000087f00000, 0x0000000087e00000| Untracked 
| 127|0x0000000087f00000, 0x0000000088000000, 0x0000000088000000|100%| O|  |TAMS 0x0000000088000000, 0x0000000087f00000| Untracked 
| 128|0x0000000088000000, 0x0000000088000000, 0x0000000088100000|  0%| F|  |TAMS 0x0000000088000000, 0x0000000088000000| Untracked 
| 129|0x0000000088100000, 0x0000000088200000, 0x0000000088200000|100%| O|  |TAMS 0x0000000088200000, 0x0000000088100000| Untracked 
| 130|0x0000000088200000, 0x0000000088300000, 0x0000000088300000|100%| O|  |TAMS 0x0000000088300000, 0x0000000088200000| Untracked 
| 131|0x0000000088300000, 0x0000000088400000, 0x0000000088400000|100%| O|  |TAMS 0x0000000088400000, 0x0000000088300000| Untracked 
| 132|0x0000000088400000, 0x0000000088500000, 0x0000000088500000|100%| O|  |TAMS 0x0000000088500000, 0x0000000088400000| Untracked 
| 133|0x0000000088500000, 0x0000000088600000, 0x0000000088600000|100%| O|  |TAMS 0x0000000088600000, 0x0000000088500000| Untracked 
| 134|0x0000000088600000, 0x0000000088700000, 0x0000000088700000|100%| O|  |TAMS 0x0000000088700000, 0x0000000088600000| Untracked 
| 135|0x0000000088700000, 0x0000000088800000, 0x0000000088800000|100%| O|  |TAMS 0x0000000088800000, 0x0000000088700000| Untracked 
| 136|0x0000000088800000, 0x0000000088900000, 0x0000000088900000|100%| O|  |TAMS 0x0000000088900000, 0x0000000088800000| Untracked 
| 137|0x0000000088900000, 0x0000000088a00000, 0x0000000088a00000|100%| O|  |TAMS 0x0000000088a00000, 0x0000000088900000| Untracked 
| 138|0x0000000088a00000, 0x0000000088b00000, 0x0000000088b00000|100%| O|  |TAMS 0x0000000088a1a800, 0x0000000088a00000| Untracked 
| 139|0x0000000088b00000, 0x0000000088b7a200, 0x0000000088c00000| 47%| O|  |TAMS 0x0000000088b00000, 0x0000000088b00000| Untracked 
| 140|0x0000000088c00000, 0x0000000088c00000, 0x0000000088d00000|  0%| F|  |TAMS 0x0000000088c00000, 0x0000000088c00000| Untracked 
| 141|0x0000000088d00000, 0x0000000088d00000, 0x0000000088e00000|  0%| F|  |TAMS 0x0000000088d00000, 0x0000000088d00000| Untracked 
| 142|0x0000000088e00000, 0x0000000088e00000, 0x0000000088f00000|  0%| F|  |TAMS 0x0000000088e00000, 0x0000000088e00000| Untracked 
| 143|0x0000000088f00000, 0x0000000088f00000, 0x0000000089000000|  0%| F|  |TAMS 0x0000000088f00000, 0x0000000088f00000| Untracked 
| 144|0x0000000089000000, 0x0000000089000000, 0x0000000089100000|  0%| F|  |TAMS 0x0000000089000000, 0x0000000089000000| Untracked 
| 145|0x0000000089100000, 0x0000000089100000, 0x0000000089200000|  0%| F|  |TAMS 0x0000000089100000, 0x0000000089100000| Untracked 
| 146|0x0000000089200000, 0x0000000089200000, 0x0000000089300000|  0%| F|  |TAMS 0x0000000089200000, 0x0000000089200000| Untracked 
| 147|0x0000000089300000, 0x0000000089300000, 0x0000000089400000|  0%| F|  |TAMS 0x0000000089300000, 0x0000000089300000| Untracked 
| 148|0x0000000089400000, 0x0000000089400000, 0x0000000089500000|  0%| F|  |TAMS 0x0000000089400000, 0x0000000089400000| Untracked 
| 149|0x0000000089500000, 0x0000000089500000, 0x0000000089600000|  0%| F|  |TAMS 0x0000000089500000, 0x0000000089500000| Untracked 
| 150|0x0000000089600000, 0x0000000089600000, 0x0000000089700000|  0%| F|  |TAMS 0x0000000089600000, 0x0000000089600000| Untracked 
| 151|0x0000000089700000, 0x0000000089700000, 0x0000000089800000|  0%| F|  |TAMS 0x0000000089700000, 0x0000000089700000| Untracked 
| 152|0x0000000089800000, 0x0000000089800000, 0x0000000089900000|  0%| F|  |TAMS 0x0000000089800000, 0x0000000089800000| Untracked 
| 153|0x0000000089900000, 0x0000000089900000, 0x0000000089a00000|  0%| F|  |TAMS 0x0000000089900000, 0x0000000089900000| Untracked 
| 154|0x0000000089a00000, 0x0000000089a00000, 0x0000000089b00000|  0%| F|  |TAMS 0x0000000089a00000, 0x0000000089a00000| Untracked 
| 155|0x0000000089b00000, 0x0000000089b00000, 0x0000000089c00000|  0%| F|  |TAMS 0x0000000089b00000, 0x0000000089b00000| Untracked 
| 156|0x0000000089c00000, 0x0000000089c00000, 0x0000000089d00000|  0%| F|  |TAMS 0x0000000089c00000, 0x0000000089c00000| Untracked 
| 157|0x0000000089d00000, 0x0000000089d00000, 0x0000000089e00000|  0%| F|  |TAMS 0x0000000089d00000, 0x0000000089d00000| Untracked 
| 158|0x0000000089e00000, 0x0000000089e00000, 0x0000000089f00000|  0%| F|  |TAMS 0x0000000089e00000, 0x0000000089e00000| Untracked 
| 159|0x0000000089f00000, 0x0000000089f00000, 0x000000008a000000|  0%| F|  |TAMS 0x0000000089f00000, 0x0000000089f00000| Untracked 
| 160|0x000000008a000000, 0x000000008a000000, 0x000000008a100000|  0%| F|  |TAMS 0x000000008a000000, 0x000000008a000000| Untracked 
| 161|0x000000008a100000, 0x000000008a100000, 0x000000008a200000|  0%| F|  |TAMS 0x000000008a100000, 0x000000008a100000| Untracked 
| 162|0x000000008a200000, 0x000000008a200000, 0x000000008a300000|  0%| F|  |TAMS 0x000000008a200000, 0x000000008a200000| Untracked 
| 163|0x000000008a300000, 0x000000008a300000, 0x000000008a400000|  0%| F|  |TAMS 0x000000008a300000, 0x000000008a300000| Untracked 
| 164|0x000000008a400000, 0x000000008a400000, 0x000000008a500000|  0%| F|  |TAMS 0x000000008a400000, 0x000000008a400000| Untracked 
| 165|0x000000008a500000, 0x000000008a500000, 0x000000008a600000|  0%| F|  |TAMS 0x000000008a500000, 0x000000008a500000| Untracked 
| 166|0x000000008a600000, 0x000000008a600000, 0x000000008a700000|  0%| F|  |TAMS 0x000000008a600000, 0x000000008a600000| Untracked 
| 167|0x000000008a700000, 0x000000008a700000, 0x000000008a800000|  0%| F|  |TAMS 0x000000008a700000, 0x000000008a700000| Untracked 
| 168|0x000000008a800000, 0x000000008a800000, 0x000000008a900000|  0%| F|  |TAMS 0x000000008a800000, 0x000000008a800000| Untracked 
| 169|0x000000008a900000, 0x000000008a900000, 0x000000008aa00000|  0%| F|  |TAMS 0x000000008a900000, 0x000000008a900000| Untracked 
| 170|0x000000008aa00000, 0x000000008aa00000, 0x000000008ab00000|  0%| F|  |TAMS 0x000000008aa00000, 0x000000008aa00000| Untracked 
| 171|0x000000008ab00000, 0x000000008ab00000, 0x000000008ac00000|  0%| F|  |TAMS 0x000000008ab00000, 0x000000008ab00000| Untracked 
| 172|0x000000008ac00000, 0x000000008ac00000, 0x000000008ad00000|  0%| F|  |TAMS 0x000000008ac00000, 0x000000008ac00000| Untracked 
| 173|0x000000008ad00000, 0x000000008ad00000, 0x000000008ae00000|  0%| F|  |TAMS 0x000000008ad00000, 0x000000008ad00000| Untracked 
| 174|0x000000008ae00000, 0x000000008ae00000, 0x000000008af00000|  0%| F|  |TAMS 0x000000008ae00000, 0x000000008ae00000| Untracked 
| 175|0x000000008af00000, 0x000000008af00000, 0x000000008b000000|  0%| F|  |TAMS 0x000000008af00000, 0x000000008af00000| Untracked 
| 176|0x000000008b000000, 0x000000008b000000, 0x000000008b100000|  0%| F|  |TAMS 0x000000008b000000, 0x000000008b000000| Untracked 
| 177|0x000000008b100000, 0x000000008b100000, 0x000000008b200000|  0%| F|  |TAMS 0x000000008b100000, 0x000000008b100000| Untracked 
| 178|0x000000008b200000, 0x000000008b289300, 0x000000008b300000| 53%| S|CS|TAMS 0x000000008b200000, 0x000000008b200000| Complete 
| 179|0x000000008b300000, 0x000000008b400000, 0x000000008b400000|100%| S|CS|TAMS 0x000000008b300000, 0x000000008b300000| Complete 
| 180|0x000000008b400000, 0x000000008b400000, 0x000000008b500000|  0%| F|  |TAMS 0x000000008b400000, 0x000000008b400000| Untracked 
| 181|0x000000008b500000, 0x000000008b5bcc30, 0x000000008b600000| 73%| E|  |TAMS 0x000000008b500000, 0x000000008b500000| Complete 
| 182|0x000000008b600000, 0x000000008b700000, 0x000000008b700000|100%| E|CS|TAMS 0x000000008b600000, 0x000000008b600000| Complete 
| 183|0x000000008b700000, 0x000000008b800000, 0x000000008b800000|100%| E|CS|TAMS 0x000000008b700000, 0x000000008b700000| Complete 
| 184|0x000000008b800000, 0x000000008b900000, 0x000000008b900000|100%| E|CS|TAMS 0x000000008b800000, 0x000000008b800000| Complete 

Card table byte_map: [0x000001bd6b210000,0x000001bd6b610000] _byte_map_base: 0x000001bd6ae10000

Marking Bits (Prev, Next): (CMBitMap*) 0x000001bd563192f8, (CMBitMap*) 0x000001bd56319330
 Prev Bits: [0x000001bd6ba10000, 0x000001bd6da10000)
 Next Bits: [0x000001bd6da10000, 0x000001bd6fa10000)

Polling page: 0x000001bd5b590000

Metaspace:

Usage:
  Non-class:     99.85 MB capacity,    97.89 MB ( 98%) used,     1.62 MB (  2%) free+waste,   345.88 KB ( <1%) overhead. 
      Class:     15.50 MB capacity,    14.36 MB ( 93%) used,  1009.49 KB (  6%) free+waste,   158.31 KB ( <1%) overhead. 
       Both:    115.35 MB capacity,   112.25 MB ( 97%) used,     2.61 MB (  2%) free+waste,   504.19 KB ( <1%) overhead. 

Virtual space:
  Non-class space:      100.00 MB reserved,      99.92 MB (>99%) committed 
      Class space:        1.00 GB reserved,      15.63 MB (  2%) committed 
             Both:        1.10 GB reserved,     115.55 MB ( 10%) committed 

Chunk freelists:
   Non-Class:  8.00 KB
       Class:  31.00 KB
        Both:  39.00 KB

MaxMetaspaceSize: 17179869184.00 GB
CompressedClassSpaceSize: 1.00 GB

CodeHeap 'non-profiled nmethods': size=120064Kb used=8738Kb max_used=8738Kb free=111325Kb
 bounds [0x000001bd63070000, 0x000001bd63900000, 0x000001bd6a5b0000]
CodeHeap 'profiled nmethods': size=120000Kb used=32930Kb max_used=32930Kb free=87069Kb
 bounds [0x000001bd5bb40000, 0x000001bd5db70000, 0x000001bd63070000]
CodeHeap 'non-nmethods': size=5696Kb used=2345Kb max_used=2390Kb free=3350Kb
 bounds [0x000001bd5b5b0000, 0x000001bd5b820000, 0x000001bd5bb40000]
 total_blobs=15828 nmethods=14867 adapters=872
 compilation: enabled
              stopped_count=0, restarted_count=0
 full_count=0

Compilation events (20 events):
Event: 59.009 Thread 0x000001bd7b110000 14925       4       org.apache.xerces.parsers.AbstractSAXParser$AttributesProxy::getQName (11 bytes)
Event: 59.009 Thread 0x000001bd722eb000 14926       4       org.apache.xerces.parsers.AbstractSAXParser$AttributesProxy::getValue (11 bytes)
Event: 59.011 Thread 0x000001bd722eb000 nmethod 14926 0x000001bd638ef390 code [0x000001bd638ef540, 0x000001bd638ef658]
Event: 59.011 Thread 0x000001bd722eb000 14927       4       java.util.WeakHashMap::getTable (9 bytes)
Event: 59.011 Thread 0x000001bd7b110000 nmethod 14925 0x000001bd638ef810 code [0x000001bd638ef9c0, 0x000001bd638efaf8]
Event: 59.011 Thread 0x000001bd722eb000 nmethod 14927 0x000001bd638efc90 code [0x000001bd638efe20, 0x000001bd638efea8]
Event: 59.019 Thread 0x000001bd7b110000 14928       4       org.apache.xerces.dom.CoreDocumentImpl::createAttribute (48 bytes)
Event: 59.031 Thread 0x000001bd7b110000 nmethod 14928 0x000001bd638eff90 code [0x000001bd638f0140, 0x000001bd638f06d8]
Event: 59.045 Thread 0x000001bd722eb000 14929       4       java.util.Hashtable$Enumerator::hasNext (5 bytes)
Event: 59.049 Thread 0x000001bd722eb000 nmethod 14929 0x000001bd638f0a10 code [0x000001bd638f0ba0, 0x000001bd638f0dd8]
Event: 59.075 Thread 0x000001bd7b110000 14930       4       org.apache.xerces.impl.XMLNSDocumentScannerImpl::scanStartElement (873 bytes)
Event: 59.109 Thread 0x000001bd722eb000 14931       4       org.apache.xerces.dom.NodeImpl::isNormalized (17 bytes)
Event: 59.109 Thread 0x000001bd722f2000 14932   !   3       java.lang.Class::getEnumConstantsShared (71 bytes)
Event: 59.109 Thread 0x000001bd722eb000 nmethod 14931 0x000001bd638f0e90 code [0x000001bd638f1020, 0x000001bd638f1098]
Event: 59.110 Thread 0x000001bd722eb000 14933       4       com.google.common.base.CharMatcher$Is::matches (14 bytes)
Event: 59.110 Thread 0x000001bd722eb000 nmethod 14933 0x000001bd638f1110 code [0x000001bd638f12a0, 0x000001bd638f1318]
Event: 59.110 Thread 0x000001bd722f2000 nmethod 14932 0x000001bd5db5a710 code [0x000001bd5db5a9a0, 0x000001bd5db5b598]
Event: 59.129 Thread 0x000001bd722eb000 14934       4       org.apache.xerces.parsers.XIncludeAwareParserConfiguration::getFeature (34 bytes)
Event: 59.158 Thread 0x000001bd722eb000 nmethod 14934 0x000001bd638f1390 code [0x000001bd638f1580, 0x000001bd638f23a8]
Event: 59.162 Thread 0x000001bd722eb000 14935       4       org.apache.xerces.parsers.XML11Configuration::addRecognizedParamsAndSetDefaults (165 bytes)

GC Heap History (20 events):
Event: 21.003 GC heap before
{Heap before GC invocations=31 (full 0):
 garbage-first heap   total 189440K, used 161886K [0x0000000080000000, 0x0000000100000000)
  region size 1024K, 43 young (44032K), 5 survivors (5120K)
 Metaspace       used 104301K, capacity 106944K, committed 107056K, reserved 1142784K
  class space    used 13455K, capacity 14377K, committed 14464K, reserved 1048576K
}
Event: 21.012 GC heap after
{Heap after GC invocations=32 (full 0):
 garbage-first heap   total 189440K, used 123622K [0x0000000080000000, 0x0000000100000000)
  region size 1024K, 4 young (4096K), 4 survivors (4096K)
 Metaspace       used 104301K, capacity 106944K, committed 107056K, reserved 1142784K
  class space    used 13455K, capacity 14377K, committed 14464K, reserved 1048576K
}
Event: 21.391 GC heap before
{Heap before GC invocations=33 (full 0):
 garbage-first heap   total 189440K, used 162534K [0x0000000080000000, 0x0000000100000000)
  region size 1024K, 42 young (43008K), 4 survivors (4096K)
 Metaspace       used 106921K, capacity 109691K, committed 110000K, reserved 1144832K
  class space    used 13738K, capacity 14694K, committed 14848K, reserved 1048576K
}
Event: 21.401 GC heap after
{Heap after GC invocations=34 (full 0):
 garbage-first heap   total 189440K, used 126188K [0x0000000080000000, 0x0000000100000000)
  region size 1024K, 6 young (6144K), 6 survivors (6144K)
 Metaspace       used 106921K, capacity 109691K, committed 110000K, reserved 1144832K
  class space    used 13738K, capacity 14694K, committed 14848K, reserved 1048576K
}
Event: 21.718 GC heap before
{Heap before GC invocations=34 (full 0):
 garbage-first heap   total 189440K, used 163052K [0x0000000080000000, 0x0000000100000000)
  region size 1024K, 42 young (43008K), 6 survivors (6144K)
 Metaspace       used 107969K, capacity 110710K, committed 110896K, reserved 1144832K
  class space    used 13878K, capacity 14893K, committed 14976K, reserved 1048576K
}
Event: 21.730 GC heap after
{Heap after GC invocations=35 (full 0):
 garbage-first heap   total 189440K, used 128974K [0x0000000080000000, 0x0000000100000000)
  region size 1024K, 6 young (6144K), 6 survivors (6144K)
 Metaspace       used 107969K, capacity 110710K, committed 110896K, reserved 1144832K
  class space    used 13878K, capacity 14893K, committed 14976K, reserved 1048576K
}
Event: 55.318 GC heap before
{Heap before GC invocations=36 (full 0):
 garbage-first heap   total 189440K, used 162766K [0x0000000080000000, 0x0000000100000000)
  region size 1024K, 39 young (39936K), 6 survivors (6144K)
 Metaspace       used 110109K, capacity 112996K, committed 113328K, reserved 1146880K
  class space    used 14152K, capacity 15233K, committed 15360K, reserved 1048576K
}
Event: 55.328 GC heap after
{Heap after GC invocations=37 (full 0):
 garbage-first heap   total 189440K, used 131931K [0x0000000080000000, 0x0000000100000000)
  region size 1024K, 4 young (4096K), 4 survivors (4096K)
 Metaspace       used 110109K, capacity 112996K, committed 113328K, reserved 1146880K
  class space    used 14152K, capacity 15233K, committed 15360K, reserved 1048576K
}
Event: 55.858 GC heap before
{Heap before GC invocations=37 (full 0):
 garbage-first heap   total 189440K, used 161627K [0x0000000080000000, 0x0000000100000000)
  region size 1024K, 34 young (34816K), 4 survivors (4096K)
 Metaspace       used 111062K, capacity 114057K, committed 114096K, reserved 1148928K
  class space    used 14251K, capacity 15344K, committed 15360K, reserved 1048576K
}
Event: 55.880 GC heap after
{Heap after GC invocations=38 (full 0):
 garbage-first heap   total 189440K, used 135645K [0x0000000080000000, 0x0000000100000000)
  region size 1024K, 4 young (4096K), 4 survivors (4096K)
 Metaspace       used 111062K, capacity 114057K, committed 114096K, reserved 1148928K
  class space    used 14251K, capacity 15344K, committed 15360K, reserved 1048576K
}
Event: 56.675 GC heap before
{Heap before GC invocations=39 (full 0):
 garbage-first heap   total 189440K, used 161245K [0x0000000080000000, 0x0000000100000000)
  region size 1024K, 30 young (30720K), 4 survivors (4096K)
 Metaspace       used 113462K, capacity 116596K, committed 116784K, reserved 1150976K
  class space    used 14545K, capacity 15702K, committed 15744K, reserved 1048576K
}
Event: 56.688 GC heap after
{Heap after GC invocations=40 (full 0):
 garbage-first heap   total 189440K, used 138082K [0x0000000080000000, 0x0000000100000000)
  region size 1024K, 3 young (3072K), 3 survivors (3072K)
 Metaspace       used 113462K, capacity 116596K, committed 116784K, reserved 1150976K
  class space    used 14545K, capacity 15702K, committed 15744K, reserved 1048576K
}
Event: 56.861 GC heap before
{Heap before GC invocations=40 (full 0):
 garbage-first heap   total 189440K, used 144226K [0x0000000080000000, 0x0000000100000000)
  region size 1024K, 9 young (9216K), 3 survivors (3072K)
 Metaspace       used 113554K, capacity 116705K, committed 116784K, reserved 1150976K
  class space    used 14557K, capacity 15711K, committed 15744K, reserved 1048576K
}
Event: 56.871 GC heap after
{Heap after GC invocations=41 (full 0):
 garbage-first heap   total 189440K, used 135274K [0x0000000080000000, 0x0000000100000000)
  region size 1024K, 1 young (1024K), 1 survivors (1024K)
 Metaspace       used 113554K, capacity 116705K, committed 116784K, reserved 1150976K
  class space    used 14557K, capacity 15711K, committed 15744K, reserved 1048576K
}
Event: 57.892 GC heap before
{Heap before GC invocations=41 (full 0):
 garbage-first heap   total 189440K, used 159850K [0x0000000080000000, 0x0000000100000000)
  region size 1024K, 26 young (26624K), 1 survivors (1024K)
 Metaspace       used 114461K, capacity 117687K, committed 117936K, reserved 1150976K
  class space    used 14669K, capacity 15837K, committed 15872K, reserved 1048576K
}
Event: 57.902 GC heap after
{Heap after GC invocations=42 (full 0):
 garbage-first heap   total 189440K, used 136864K [0x0000000080000000, 0x0000000100000000)
  region size 1024K, 3 young (3072K), 3 survivors (3072K)
 Metaspace       used 114461K, capacity 117687K, committed 117936K, reserved 1150976K
  class space    used 14669K, capacity 15837K, committed 15872K, reserved 1048576K
}
Event: 58.778 GC heap before
{Heap before GC invocations=43 (full 0):
 garbage-first heap   total 189440K, used 160416K [0x0000000080000000, 0x0000000100000000)
  region size 1024K, 27 young (27648K), 3 survivors (3072K)
 Metaspace       used 114923K, capacity 118121K, committed 118320K, reserved 1150976K
  class space    used 14705K, capacity 15873K, committed 16000K, reserved 1048576K
}
Event: 58.785 GC heap after
{Heap after GC invocations=44 (full 0):
 garbage-first heap   total 189440K, used 141388K [0x0000000080000000, 0x0000000100000000)
  region size 1024K, 4 young (4096K), 4 survivors (4096K)
 Metaspace       used 114923K, capacity 118121K, committed 118320K, reserved 1150976K
  class space    used 14705K, capacity 15873K, committed 16000K, reserved 1048576K
}
Event: 59.075 GC heap before
{Heap before GC invocations=44 (full 0):
 garbage-first heap   total 189440K, used 146508K [0x0000000080000000, 0x0000000100000000)
  region size 1024K, 9 young (9216K), 4 survivors (4096K)
 Metaspace       used 114926K, capacity 118121K, committed 118320K, reserved 1150976K
  class space    used 14705K, capacity 15873K, committed 16000K, reserved 1048576K
}
Event: 59.082 GC heap after
{Heap after GC invocations=45 (full 0):
 garbage-first heap   total 189440K, used 142349K [0x0000000080000000, 0x0000000100000000)
  region size 1024K, 2 young (2048K), 2 survivors (2048K)
 Metaspace       used 114926K, capacity 118121K, committed 118320K, reserved 1150976K
  class space    used 14705K, capacity 15873K, committed 16000K, reserved 1048576K
}

Deoptimization events (20 events):
Event: 58.374 Thread 0x000001bd7b109800 Uncommon trap: trap_request=0xffffff4d fr.pc=0x000001bd630d18b4 relative=0x0000000000000374
Event: 58.374 Thread 0x000001bd7b109800 Uncommon trap: reason=unstable_if action=reinterpret pc=0x000001bd630d18b4 method=java.lang.StringUTF16.compress([CII)[B @ 13 c2
Event: 58.374 Thread 0x000001bd7b109800 DEOPT PACKING pc=0x000001bd630d18b4 sp=0x0000004b8daf9c80
Event: 58.374 Thread 0x000001bd7b109800 DEOPT UNPACKING pc=0x000001bd5b5d662f sp=0x0000004b8daf9bc0 mode 2
Event: 58.375 Thread 0x000001bd7b109800 DEOPT PACKING pc=0x000001bd5db20e9b sp=0x0000004b8daf9aa0
Event: 58.375 Thread 0x000001bd7b109800 DEOPT UNPACKING pc=0x000001bd5b5d6dde sp=0x0000004b8daf8f10 mode 0
Event: 58.377 Thread 0x000001bd7b109800 DEOPT PACKING pc=0x000001bd5db20e9b sp=0x0000004b8daf9c30
Event: 58.377 Thread 0x000001bd7b109800 DEOPT UNPACKING pc=0x000001bd5b5d6dde sp=0x0000004b8daf90a0 mode 0
Event: 58.400 Thread 0x000001bd7b109800 Uncommon trap: trap_request=0xffffff4d fr.pc=0x000001bd638b9c34 relative=0x0000000000000314
Event: 58.400 Thread 0x000001bd7b109800 Uncommon trap: reason=unstable_if action=reinterpret pc=0x000001bd638b9c34 method=java.lang.StringUTF16.compress([BI[BII)I @ 29 c2
Event: 58.400 Thread 0x000001bd7b109800 DEOPT PACKING pc=0x000001bd638b9c34 sp=0x0000004b8daf99e0
Event: 58.400 Thread 0x000001bd7b109800 DEOPT UNPACKING pc=0x000001bd5b5d662f sp=0x0000004b8daf9960 mode 2
Event: 58.400 Thread 0x000001bd7b109800 Uncommon trap: trap_request=0xffffff4d fr.pc=0x000001bd638bb434 relative=0x0000000000000a14
Event: 58.400 Thread 0x000001bd7b109800 Uncommon trap: reason=unstable_if action=reinterpret pc=0x000001bd638bb434 method=org.apache.xerces.impl.XMLEntityScanner.scanContent(Lorg/apache/xerces/xni/XMLString;)I @ 461 c2
Event: 58.400 Thread 0x000001bd7b109800 DEOPT PACKING pc=0x000001bd638bb434 sp=0x0000004b8daf9c40
Event: 58.400 Thread 0x000001bd7b109800 DEOPT UNPACKING pc=0x000001bd5b5d662f sp=0x0000004b8daf9bd8 mode 2
Event: 58.442 Thread 0x000001bd7b109800 DEOPT PACKING pc=0x000001bd5db20e9b sp=0x0000004b8daf9a20
Event: 58.442 Thread 0x000001bd7b109800 DEOPT UNPACKING pc=0x000001bd5b5d6dde sp=0x0000004b8daf8e90 mode 0
Event: 58.669 Thread 0x000001bd7b109800 DEOPT PACKING pc=0x000001bd5db11f46 sp=0x0000004b8daf9b70
Event: 58.669 Thread 0x000001bd7b109800 DEOPT UNPACKING pc=0x000001bd5b5d6dde sp=0x0000004b8daf8fd0 mode 0

Classes redefined (0 events):
No events

Internal exceptions (20 events):
Event: 56.032 Thread 0x000001bd73b7d800 Exception <a 'sun/nio/fs/WindowsException'{0x000000008b66a258}> (0x000000008b66a258) thrown at [./src/hotspot/share/prims/jni.cpp, line 615]
Event: 56.064 Thread 0x000001bd73b7d800 Exception <a 'sun/nio/fs/WindowsException'{0x000000008b511150}> (0x000000008b511150) thrown at [./src/hotspot/share/prims/jni.cpp, line 615]
Event: 56.064 Thread 0x000001bd73b7d800 Exception <a 'sun/nio/fs/WindowsException'{0x000000008b5124d8}> (0x000000008b5124d8) thrown at [./src/hotspot/share/prims/jni.cpp, line 615]
Event: 56.064 Thread 0x000001bd73b7d800 Exception <a 'sun/nio/fs/WindowsException'{0x000000008b5138b0}> (0x000000008b5138b0) thrown at [./src/hotspot/share/prims/jni.cpp, line 615]
Event: 56.064 Thread 0x000001bd73b7d800 Exception <a 'sun/nio/fs/WindowsException'{0x000000008b514c88}> (0x000000008b514c88) thrown at [./src/hotspot/share/prims/jni.cpp, line 615]
Event: 56.169 Thread 0x000001bd73b7d800 Exception <a 'java/lang/NoSuchMethodError'{0x000000008b1a2470}: 'java.lang.Object java.lang.invoke.Invokers$Holder.linkToTargetMethod(java.lang.Object, int, int, java.lang.Object)'> (0x000000008b1a2470) thrown at [./src/hotspot/share/interpreter/linkResolver.cpp, line 773]
Event: 56.344 Thread 0x000001bd787cb000 Exception <a 'java/lang/NoSuchMethodError'{0x000000008a871890}: <clinit>> (0x000000008a871890) thrown at [./src/hotspot/share/prims/jni.cpp, line 1362]
Event: 56.344 Thread 0x000001bd787cb000 Exception <a 'java/lang/NoSuchMethodError'{0x000000008a87b8c0}: <clinit>> (0x000000008a87b8c0) thrown at [./src/hotspot/share/prims/jni.cpp, line 1362]
Event: 56.350 Thread 0x000001bd787cb000 Exception <a 'java/lang/NoSuchMethodError'{0x000000008a708960}: <clinit>> (0x000000008a708960) thrown at [./src/hotspot/share/prims/jni.cpp, line 1362]
Event: 56.354 Thread 0x000001bd787cb000 Exception <a 'java/lang/NoSuchMethodError'{0x000000008a72fc60}: <clinit>> (0x000000008a72fc60) thrown at [./src/hotspot/share/prims/jni.cpp, line 1362]
Event: 56.355 Thread 0x000001bd787cb000 Exception <a 'java/lang/NoSuchMethodError'{0x000000008a730f38}: <clinit>> (0x000000008a730f38) thrown at [./src/hotspot/share/prims/jni.cpp, line 1362]
Event: 56.382 Thread 0x000001bd7b109000 Exception <a 'java/lang/NoSuchMethodError'{0x000000008a57d2c8}: <clinit>> (0x000000008a57d2c8) thrown at [./src/hotspot/share/prims/jni.cpp, line 1362]
Event: 56.387 Thread 0x000001bd7b109000 Exception <a 'java/lang/NoSuchMethodError'{0x000000008a5b4980}: <clinit>> (0x000000008a5b4980) thrown at [./src/hotspot/share/prims/jni.cpp, line 1362]
Event: 56.388 Thread 0x000001bd7b109000 Exception <a 'java/lang/NoSuchMethodError'{0x000000008a5cf518}: <clinit>> (0x000000008a5cf518) thrown at [./src/hotspot/share/prims/jni.cpp, line 1362]
Event: 56.461 Thread 0x000001bd73b7d800 Exception <a 'java/lang/NoSuchMethodError'{0x000000008a450060}: 'java.lang.Object java.lang.invoke.DirectMethodHandle$Holder.invokeInterface(java.lang.Object, java.lang.Object, int)'> (0x000000008a450060) thrown at [./src/hotspot/share/interpreter/linkResolver.cpp, line 773]
Event: 56.463 Thread 0x000001bd73b7d800 Exception <a 'java/lang/NoSuchMethodError'{0x000000008a465510}: 'void java.lang.invoke.DirectMethodHandle$Holder.invokeStatic(java.lang.Object, java.lang.Object, java.lang.Object, int)'> (0x000000008a465510) thrown at [./src/hotspot/share/interpreter/linkResolver.cpp, line 773]
Event: 56.465 Thread 0x000001bd787cb000 Exception <a 'java/lang/NoSuchMethodError'{0x000000008a4b6f78}: <clinit>> (0x000000008a4b6f78) thrown at [./src/hotspot/share/prims/jni.cpp, line 1362]
Event: 56.666 Thread 0x000001bd73b7d800 Exception <a 'java/lang/NoSuchMethodError'{0x0000000089fa8dd0}: 'void java.lang.invoke.DirectMethodHandle$Holder.invokeStatic(java.lang.Object, java.lang.Object, java.lang.Object, java.lang.Object, java.lang.Object, java.lang.Object, java.lang.Object)'> (0x0000000089fa8dd0) thrown at [./src/hotspot/share/interpreter/linkResolver.cpp, line 773]
Event: 56.702 Thread 0x000001bd787cb000 Exception <a 'java/lang/NoSuchMethodError'{0x000000008b868730}: <clinit>> (0x000000008b868730) thrown at [./src/hotspot/share/prims/jni.cpp, line 1362]
Event: 57.088 Thread 0x000001bd73b7d800 Exception <a 'java/lang/NoSuchMethodError'{0x000000008b0fa138}: <clinit>> (0x000000008b0fa138) thrown at [./src/hotspot/share/prims/jni.cpp, line 1362]

Events (20 events):
Event: 57.957 loading class com/android/resources/NightMode
Event: 57.957 loading class com/android/resources/NightMode done
Event: 57.957 loading class com/android/resources/TouchScreen
Event: 57.957 loading class com/android/resources/TouchScreen done
Event: 57.958 loading class com/android/resources/KeyboardState
Event: 57.958 loading class com/android/resources/KeyboardState done
Event: 57.958 loading class com/android/resources/Keyboard
Event: 57.958 loading class com/android/resources/Keyboard done
Event: 57.959 loading class com/android/resources/NavigationState
Event: 57.959 loading class com/android/resources/NavigationState done
Event: 57.959 loading class com/android/resources/Navigation
Event: 57.959 loading class com/android/resources/Navigation done
Event: 58.018 Executing VM operation: CGC_Operation
Event: 58.033 Executing VM operation: CGC_Operation done
Event: 58.095 Executing VM operation: CGC_Operation
Event: 58.095 Executing VM operation: CGC_Operation done
Event: 58.778 Executing VM operation: G1CollectForAllocation
Event: 58.786 Executing VM operation: G1CollectForAllocation done
Event: 59.075 Executing VM operation: G1CollectForAllocation
Event: 59.082 Executing VM operation: G1CollectForAllocation done


Dynamic libraries:
0x00007ff6f20d0000 - 0x00007ff6f20da000 	E:\AndroidStudio\jre\bin\java.exe
0x00007ffc0e350000 - 0x00007ffc0e545000 	C:\Windows\SYSTEM32\ntdll.dll
0x00007ffc0c9f0000 - 0x00007ffc0caae000 	C:\Windows\System32\KERNEL32.DLL
0x00007ffc0ba60000 - 0x00007ffc0bd28000 	C:\Windows\System32\KERNELBASE.dll
0x00007ffc0bde0000 - 0x00007ffc0bee0000 	C:\Windows\System32\ucrtbase.dll
0x00007ffbf1f90000 - 0x00007ffbf1fa9000 	E:\AndroidStudio\jre\bin\jli.dll
0x00007ffc0c760000 - 0x00007ffc0c901000 	C:\Windows\System32\USER32.dll
0x00007ffc0c0a0000 - 0x00007ffc0c0c2000 	C:\Windows\System32\win32u.dll
0x00007ffc0d440000 - 0x00007ffc0d46b000 	C:\Windows\System32\GDI32.dll
0x00007ffbf4880000 - 0x00007ffbf4b1a000 	C:\Windows\WinSxS\amd64_microsoft.windows.common-controls_6595b64144ccf1df_6.0.19041.1110_none_60b5254171f9507e\COMCTL32.dll
0x00007ffc0c0d0000 - 0x00007ffc0c1dd000 	C:\Windows\System32\gdi32full.dll
0x00007ffc0d470000 - 0x00007ffc0d50e000 	C:\Windows\System32\msvcrt.dll
0x00007ffc0c210000 - 0x00007ffc0c2ad000 	C:\Windows\System32\msvcp_win.dll
0x00007ffbf1f70000 - 0x00007ffbf1f87000 	E:\AndroidStudio\jre\bin\VCRUNTIME140.dll
0x00007ffc0d6c0000 - 0x00007ffc0d6f0000 	C:\Windows\System32\IMM32.DLL
0x00007ffbf13c0000 - 0x00007ffbf145d000 	E:\AndroidStudio\jre\bin\msvcp140.dll
0x00007ffbb7640000 - 0x00007ffbb8115000 	E:\AndroidStudio\jre\bin\server\jvm.dll
0x00007ffc0c940000 - 0x00007ffc0c9ee000 	C:\Windows\System32\ADVAPI32.dll
0x00007ffc0c5f0000 - 0x00007ffc0c68c000 	C:\Windows\System32\sechost.dll
0x00007ffc0c390000 - 0x00007ffc0c4b5000 	C:\Windows\System32\RPCRT4.dll
0x00007ffc0c910000 - 0x00007ffc0c918000 	C:\Windows\System32\PSAPI.DLL
0x00007ffc04d80000 - 0x00007ffc04d8a000 	C:\Windows\SYSTEM32\VERSION.dll
0x00007ffc075c0000 - 0x00007ffc075c9000 	C:\Windows\SYSTEM32\WSOCK32.dll
0x00007ffc01dc0000 - 0x00007ffc01de7000 	C:\Windows\SYSTEM32\WINMM.dll
0x00007ffc0e110000 - 0x00007ffc0e17b000 	C:\Windows\System32\WS2_32.dll
0x00007ffc09970000 - 0x00007ffc09982000 	C:\Windows\SYSTEM32\kernel.appcore.dll
0x00007ffbf5a60000 - 0x00007ffbf5a71000 	E:\AndroidStudio\jre\bin\verify.dll
0x00007ffc05890000 - 0x00007ffc05a74000 	C:\Windows\SYSTEM32\DBGHELP.DLL
0x00007ffbfae70000 - 0x00007ffbfae9c000 	C:\Windows\SYSTEM32\dbgcore.DLL
0x00007ffc0c2b0000 - 0x00007ffc0c332000 	C:\Windows\System32\bcryptPrimitives.dll
0x00007ffbf0680000 - 0x00007ffbf06a9000 	E:\AndroidStudio\jre\bin\java.dll
0x00007ffc04af0000 - 0x00007ffc04afb000 	E:\AndroidStudio\jre\bin\jimage.dll
0x00007ffbf1bf0000 - 0x00007ffbf1c08000 	E:\AndroidStudio\jre\bin\zip.dll
0x00007ffc0d880000 - 0x00007ffc0dfc4000 	C:\Windows\System32\SHELL32.dll
0x00007ffc09b70000 - 0x00007ffc0a305000 	C:\Windows\SYSTEM32\windows.storage.dll
0x00007ffc0cc60000 - 0x00007ffc0cfb5000 	C:\Windows\System32\combase.dll
0x00007ffc0b3e0000 - 0x00007ffc0b40e000 	C:\Windows\SYSTEM32\Wldp.dll
0x00007ffc0e260000 - 0x00007ffc0e30d000 	C:\Windows\System32\SHCORE.dll
0x00007ffc0c700000 - 0x00007ffc0c755000 	C:\Windows\System32\shlwapi.dll
0x00007ffc0b9a0000 - 0x00007ffc0b9bf000 	C:\Windows\SYSTEM32\profapi.dll
0x00007ffbf0900000 - 0x00007ffbf091a000 	E:\AndroidStudio\jre\bin\net.dll
0x00007ffc05040000 - 0x00007ffc0514c000 	C:\Windows\SYSTEM32\WINHTTP.dll
0x00007ffc0b140000 - 0x00007ffc0b1aa000 	C:\Windows\system32\mswsock.dll
0x00007ffbf0780000 - 0x00007ffbf0794000 	E:\AndroidStudio\jre\bin\nio.dll
0x00007ffbf6360000 - 0x00007ffbf6387000 	C:\Users\Rostya\.gradle\native\e1d6ef7f7dcc3fd88c89a11ec53ec762bb8ba0a96d01ffa2cd45eb1d1d8dd5c5\windows-amd64\native-platform.dll
0x00007ffbef5c0000 - 0x00007ffbef704000 	C:\Users\Rostya\.gradle\native\5664cfc778a61ccfe75a443a1ab52a65af34e5dc3c78e0209fed803814484fcb\windows-amd64\native-platform-file-events.dll
0x00007ffbfad50000 - 0x00007ffbfad5a000 	E:\AndroidStudio\jre\bin\management.dll
0x00007ffbf64f0000 - 0x00007ffbf64fd000 	E:\AndroidStudio\jre\bin\management_ext.dll
0x00007ffc0b340000 - 0x00007ffc0b358000 	C:\Windows\SYSTEM32\CRYPTSP.dll
0x00007ffc0aac0000 - 0x00007ffc0aaf4000 	C:\Windows\system32\rsaenh.dll
0x00007ffc0c1e0000 - 0x00007ffc0c207000 	C:\Windows\System32\bcrypt.dll
0x00007ffc0b960000 - 0x00007ffc0b98e000 	C:\Windows\SYSTEM32\USERENV.dll
0x00007ffc0b330000 - 0x00007ffc0b33c000 	C:\Windows\SYSTEM32\CRYPTBASE.dll
0x00007ffc0ae30000 - 0x00007ffc0ae6b000 	C:\Windows\SYSTEM32\IPHLPAPI.DLL
0x00007ffc0cbd0000 - 0x00007ffc0cbd8000 	C:\Windows\System32\NSI.dll
0x00007ffc05800000 - 0x00007ffc05817000 	C:\Windows\SYSTEM32\dhcpcsvc6.DLL
0x00007ffc057e0000 - 0x00007ffc057fd000 	C:\Windows\SYSTEM32\dhcpcsvc.DLL
0x00007ffc0ae70000 - 0x00007ffc0af3b000 	C:\Windows\SYSTEM32\DNSAPI.dll

dbghelp: loaded successfully - version: 4.0.5 - missing functions: none
symbol engine: initialized successfully - sym options: 0x614 - pdb path: .;E:\AndroidStudio\jre\bin;C:\Windows\SYSTEM32;C:\Windows\WinSxS\amd64_microsoft.windows.common-controls_6595b64144ccf1df_6.0.19041.1110_none_60b5254171f9507e;E:\AndroidStudio\jre\bin\server;C:\Users\Rostya\.gradle\native\e1d6ef7f7dcc3fd88c89a11ec53ec762bb8ba0a96d01ffa2cd45eb1d1d8dd5c5\windows-amd64;C:\Users\Rostya\.gradle\native\5664cfc778a61ccfe75a443a1ab52a65af34e5dc3c78e0209fed803814484fcb\windows-amd64

VM Arguments:
jvm_args: --add-opens=java.base/java.util=ALL-UNNAMED --add-opens=java.base/java.lang=ALL-UNNAMED --add-opens=java.base/java.lang.invoke=ALL-UNNAMED --add-opens=java.base/java.util=ALL-UNNAMED --add-opens=java.prefs/java.util.prefs=ALL-UNNAMED --add-opens=java.prefs/java.util.prefs=ALL-UNNAMED --add-opens=java.base/java.nio.charset=ALL-UNNAMED --add-opens=java.base/java.net=ALL-UNNAMED --add-opens=java.base/java.util.concurrent.atomic=ALL-UNNAMED -Xmx2048m -Dfile.encoding=UTF-8 -Duser.country=RU -Duser.language=ru -Duser.variant 
java_command: org.gradle.launcher.daemon.bootstrap.GradleDaemon 7.2
java_class_path (initial): C:\Users\Rostya\.gradle\wrapper\dists\gradle-7.2-bin\2dnblmf4td7x66yl1d74lt32g\gradle-7.2\lib\gradle-launcher-7.2.jar
Launcher Type: SUN_STANDARD

[Global flags]
     intx CICompilerCount                          = 3                                         {product} {ergonomic}
     uint ConcGCThreads                            = 2                                         {product} {ergonomic}
     uint G1ConcRefinementThreads                  = 6                                         {product} {ergonomic}
   size_t G1HeapRegionSize                         = 1048576                                   {product} {ergonomic}
    uintx GCDrainStackTargetSize                   = 64                                        {product} {ergonomic}
   size_t InitialHeapSize                          = 134217728                                 {product} {ergonomic}
   size_t MarkStackSize                            = 4194304                                   {product} {ergonomic}
   size_t MaxHeapSize                              = 2147483648                                {product} {command line}
   size_t MaxNewSize                               = 1287651328                                {product} {ergonomic}
   size_t MinHeapDeltaBytes                        = 1048576                                   {product} {ergonomic}
    uintx NonNMethodCodeHeapSize                   = 5830732                                {pd product} {ergonomic}
    uintx NonProfiledCodeHeapSize                  = 122913754                              {pd product} {ergonomic}
    uintx ProfiledCodeHeapSize                     = 122913754                              {pd product} {ergonomic}
    uintx ReservedCodeCacheSize                    = 251658240                              {pd product} {ergonomic}
     bool SegmentedCodeCache                       = true                                      {product} {ergonomic}
     bool UseCompressedClassPointers               = true                                 {lp64_product} {ergonomic}
     bool UseCompressedOops                        = true                                 {lp64_product} {ergonomic}
     bool UseG1GC                                  = true                                      {product} {ergonomic}
     bool UseLargePagesIndividualAllocation        = false                                  {pd product} {ergonomic}

Logging:
Log output configuration:
 #0: stdout all=warning uptime,level,tags
 #1: stderr all=off uptime,level,tags

Environment Variables:
PATH=C:\Windows\system32;C:\Windows;C:\Windows\System32\Wbem;C:\Windows\System32\WindowsPowerShell\v1.0\;C:\Windows\System32\OpenSSH\;C:\Program Files\Git\cmd;C:\Users\Rostya\AppData\Local\Microsoft\WindowsApps
USERNAME=Rostya
OS=Windows_NT
PROCESSOR_IDENTIFIER=AMD64 Family 21 Model 2 Stepping 0, AuthenticAMD



---------------  S Y S T E M  ---------------

OS: Windows 10 , 64 bit Build 19041 (10.0.19041.1466)
OS uptime: 0 days 0:22 hours

CPU:total 6 (initial active 6) (6 cores per cpu, 1 threads per core) family 21 model 2 stepping 0 microcode 0x0, cmov, cx8, fxsr, mmx, sse, sse2, sse3, ssse3, sse4.1, sse4.2, popcnt, avx, aes, clmul, mmxext, 3dnowpref, lzcnt, sse4a, tsc, tscinvbit, tscinv, bmi1, fma

Memory: 4k page, system-wide physical 8088M (2505M free)
TotalPageFile size 8088M (AvailPageFile size 4M)
current process WorkingSet (physical memory assigned to process): 484M, peak: 484M
current process commit charge ("private bytes"): 522M, peak: 523M

vm_info: OpenJDK 64-Bit Server VM (11.0.11+9-b60-7590822) for windows-amd64 JRE (11.0.11+9-b60-7590822), built on Jul 29 2021 21:43:44 by "builder" with MS VC++ 14.0 (VS2015)

END.
