#
# There is insufficient memory for the Java Runtime Environment to continue.
# Native memory allocation (malloc) failed to allocate 1056016 bytes for Chunk::new
# Possible reasons:
#   The system is out of physical RAM or swap space
#   The process is running with CompressedOops enabled, and the Java Heap may be blocking the growth of the native heap
# Possible solutions:
#   Reduce memory load on the system
#   Increase physical memory or swap space
#   Check if swap backing store is full
#   Decrease Java heap size (-Xmx/-Xms)
#   Decrease number of Java threads
#   Decrease Java thread stack sizes (-Xss)
#   Set larger code cache with -XX:ReservedCodeCacheSize=
#   JVM is running with Unscaled Compressed Oops mode in which the Java heap is
#     placed in the first 4GB address space. The Java Heap base address is the
#     maximum limit for the native heap growth. Please use -XX:HeapBaseMinAddress
#     to set the Java Heap base and to place the Java Heap above 4GB virtual address.
# This output file may be truncated or incomplete.
#
#  Out of Memory Error (./src/hotspot/share/memory/arena.cpp:197), pid=9172, tid=4840
#
# JRE version: OpenJDK Runtime Environment (11.0.11+9) (build 11.0.11+9-b60-7590822)
# Java VM: OpenJDK 64-Bit Server VM (11.0.11+9-b60-7590822, mixed mode, tiered, compressed oops, g1 gc, windows-amd64)
# No core dump will be written. Minidumps are not enabled by default on client versions of Windows
#

---------------  S U M M A R Y ------------

Command Line: --add-opens=java.base/java.util=ALL-UNNAMED --add-opens=java.base/java.lang=ALL-UNNAMED --add-opens=java.base/java.lang.invoke=ALL-UNNAMED --add-opens=java.base/java.util=ALL-UNNAMED --add-opens=java.prefs/java.util.prefs=ALL-UNNAMED --add-opens=java.prefs/java.util.prefs=ALL-UNNAMED --add-opens=java.base/java.nio.charset=ALL-UNNAMED --add-opens=java.base/java.net=ALL-UNNAMED --add-opens=java.base/java.util.concurrent.atomic=ALL-UNNAMED -Xmx2048m -Dfile.encoding=UTF-8 -Duser.country=RU -Duser.language=ru -Duser.variant org.gradle.launcher.daemon.bootstrap.GradleDaemon 7.2

Host: AMD FX(tm)-6350 Six-Core Processor             , 6 cores, 7G,  Windows 10 , 64 bit Build 19041 (10.0.19041.1466)
Time: Fri Feb  4 03:27:57 2022 Новосибирское стандартное время elapsed time: 6.381034 seconds (0d 0h 0m 6s)

---------------  T H R E A D  ---------------

Current thread (0x000002c252158800):  JavaThread "C2 CompilerThread0" daemon [_thread_in_native, id=4840, stack(0x000000f48f500000,0x000000f48f600000)]


Current CompileTask:
C2:   6381 5661       4       java.util.regex.Pattern::compile (498 bytes)

Stack: [0x000000f48f500000,0x000000f48f600000]
Native frames: (J=compiled Java code, j=interpreted, Vv=VM code, C=native code)
V  [jvm.dll+0x5f214a]
V  [jvm.dll+0x726fb5]
V  [jvm.dll+0x7285cd]
V  [jvm.dll+0x728c83]
V  [jvm.dll+0x243278]
V  [jvm.dll+0xbc53c]
V  [jvm.dll+0xbca3c]
V  [jvm.dll+0x353e3b]
V  [jvm.dll+0x321893]
V  [jvm.dll+0x320d8a]
V  [jvm.dll+0x1fc1e2]
V  [jvm.dll+0x1fb3d4]
V  [jvm.dll+0x183d6c]
V  [jvm.dll+0x209a57]
V  [jvm.dll+0x2082a1]
V  [jvm.dll+0x6ef58f]
V  [jvm.dll+0x6e80b5]
V  [jvm.dll+0x5f1036]
C  [ucrtbase.dll+0x21bb2]
C  [KERNEL32.DLL+0x17034]
C  [ntdll.dll+0x52651]


---------------  P R O C E S S  ---------------

Threads class SMR info:
_java_thread_list=0x000002c2565aff40, length=100, elements={
0x000002c237918000, 0x000002c252130000, 0x000002c252134000, 0x000002c252150800,
0x000002c252151000, 0x000002c252154000, 0x000002c252158800, 0x000002c252162000,
0x000002c252164800, 0x000002c252c19000, 0x000002c252e92800, 0x000002c255159800,
0x000002c254cc5800, 0x000002c25524b000, 0x000002c255979000, 0x000002c2544bc800,
0x000002c254378800, 0x000002c254090000, 0x000002c25560e800, 0x000002c254fc7000,
0x000002c255a79000, 0x000002c255a7b800, 0x000002c255a7a000, 0x000002c255a7d000,
0x000002c255a7a800, 0x000002c255a7c800, 0x000002c255a7e000, 0x000002c255a78800,
0x000002c255a7f000, 0x000002c255136000, 0x000002c25513a000, 0x000002c255139000,
0x000002c255137000, 0x000002c255137800, 0x000002c255138800, 0x000002c255134800,
0x000002c255135000, 0x000002c25513e000, 0x000002c25513c800, 0x000002c25513d800,
0x000002c255140800, 0x000002c25513b000, 0x000002c255141800, 0x000002c25513b800,
0x000002c255142000, 0x000002c255143000, 0x000002c25582a800, 0x000002c25582d000,
0x000002c25582c000, 0x000002c25582e000, 0x000002c255828000, 0x000002c25582e800,
0x000002c25582b800, 0x000002c255829000, 0x000002c25582f800, 0x000002c255829800,
0x000002c255836000, 0x000002c255833800, 0x000002c255835000, 0x000002c255834800,
0x000002c255830800, 0x000002c255837000, 0x000002c255831000, 0x000002c255832800,
0x000002c255832000, 0x000002c258303000, 0x000002c258301000, 0x000002c258303800,
0x000002c258305000, 0x000002c258304800, 0x000002c258302000, 0x000002c258306000,
0x000002c258300800, 0x000002c258307000, 0x000002c254ae5800, 0x000002c254aeb000,
0x000002c254aec000, 0x000002c254ae6800, 0x000002c254aed000, 0x000002c254ae8000,
0x000002c254aea800, 0x000002c254ae8800, 0x000002c254ae7000, 0x000002c254aed800,
0x000002c254aee800, 0x000002c254aef000, 0x000002c254ae9800, 0x000002c254af1000,
0x000002c254af0000, 0x000002c254af1800, 0x000002c254af2800, 0x000002c254af3800,
0x000002c254af4000, 0x000002c253e98000, 0x000002c253e94000, 0x000002c253e9a000,
0x000002c253e99000, 0x000002c253e96000, 0x000002c253e9a800, 0x000002c253e95000
}

Java Threads: ( => current thread )
  0x000002c237918000 JavaThread "main" [_thread_blocked, id=5312, stack(0x000000f48e900000,0x000000f48ea00000)]
  0x000002c252130000 JavaThread "Reference Handler" daemon [_thread_blocked, id=3712, stack(0x000000f48f000000,0x000000f48f100000)]
  0x000002c252134000 JavaThread "Finalizer" daemon [_thread_blocked, id=8932, stack(0x000000f48f100000,0x000000f48f200000)]
  0x000002c252150800 JavaThread "Signal Dispatcher" daemon [_thread_blocked, id=8756, stack(0x000000f48f200000,0x000000f48f300000)]
  0x000002c252151000 JavaThread "Attach Listener" daemon [_thread_blocked, id=4252, stack(0x000000f48f300000,0x000000f48f400000)]
  0x000002c252154000 JavaThread "Service Thread" daemon [_thread_blocked, id=10212, stack(0x000000f48f400000,0x000000f48f500000)]
=>0x000002c252158800 JavaThread "C2 CompilerThread0" daemon [_thread_in_native, id=4840, stack(0x000000f48f500000,0x000000f48f600000)]
  0x000002c252162000 JavaThread "C1 CompilerThread0" daemon [_thread_in_vm, id=8848, stack(0x000000f48f600000,0x000000f48f700000)]
  0x000002c252164800 JavaThread "Sweeper thread" daemon [_thread_blocked, id=3768, stack(0x000000f48f700000,0x000000f48f800000)]
  0x000002c252c19000 JavaThread "Common-Cleaner" daemon [_thread_blocked, id=880, stack(0x000000f48f800000,0x000000f48f900000)]
  0x000002c252e92800 JavaThread "C2 CompilerThread1" daemon [_thread_in_native, id=4224, stack(0x000000f48fa00000,0x000000f48fb00000)]
  0x000002c255159800 JavaThread "Daemon health stats" [_thread_blocked, id=7776, stack(0x000000f48fd00000,0x000000f48fe00000)]
  0x000002c254cc5800 JavaThread "Incoming local TCP Connector on port 51787" [_thread_in_native, id=5960, stack(0x000000f48fe00000,0x000000f48ff00000)]
  0x000002c25524b000 JavaThread "Daemon periodic checks" [_thread_blocked, id=9744, stack(0x000000f48ff00000,0x000000f490000000)]
  0x000002c255979000 JavaThread "Daemon" [_thread_blocked, id=7192, stack(0x000000f490000000,0x000000f490100000)]
  0x000002c2544bc800 JavaThread "Handler for socket connection from /127.0.0.1:51787 to /127.0.0.1:51788" [_thread_in_native, id=6176, stack(0x000000f490100000,0x000000f490200000)]
  0x000002c254378800 JavaThread "Cancel handler" [_thread_blocked, id=8692, stack(0x000000f490200000,0x000000f490300000)]
  0x000002c254090000 JavaThread "Daemon worker" [_thread_in_vm, id=8068, stack(0x000000f490300000,0x000000f490400000)]
  0x000002c25560e800 JavaThread "Asynchronous log dispatcher for DefaultDaemonConnection: socket connection from /127.0.0.1:51787 to /127.0.0.1:51788" [_thread_blocked, id=5656, stack(0x000000f490400000,0x000000f490500000)]
  0x000002c254fc7000 JavaThread "Stdin handler" [_thread_blocked, id=7432, stack(0x000000f490500000,0x000000f490600000)]
  0x000002c255a79000 JavaThread "Daemon client event forwarder" [_thread_blocked, id=5028, stack(0x000000f490600000,0x000000f490700000)]
  0x000002c255a7b800 JavaThread "Cache worker for journal cache (C:\Users\Rostya\.gradle\caches\journal-1)" [_thread_blocked, id=4672, stack(0x000000f490a00000,0x000000f490b00000)]
  0x000002c255a7a000 JavaThread "File lock request listener" [_thread_in_native, id=3528, stack(0x000000f490b00000,0x000000f490c00000)]
  0x000002c255a7d000 JavaThread "Cache worker for file hash cache (C:\Users\Rostya\.gradle\caches\7.2\fileHashes)" [_thread_blocked, id=2704, stack(0x000000f490d00000,0x000000f490e00000)]
  0x000002c255a7a800 JavaThread "Cache worker for file hash cache (E:\Program Files\androidProjects\GeoQuiz\.gradle\7.2\fileHashes)" [_thread_blocked, id=7628, stack(0x000000f490e00000,0x000000f490f00000)]
  0x000002c255a7c800 JavaThread "File watcher server" daemon [_thread_in_native, id=7996, stack(0x000000f490f00000,0x000000f491000000)]
  0x000002c255a7e000 JavaThread "File watcher consumer" daemon [_thread_blocked, id=1772, stack(0x000000f491000000,0x000000f491100000)]
  0x000002c255a78800 JavaThread "jar transforms" [_thread_blocked, id=752, stack(0x000000f491100000,0x000000f491200000)]
  0x000002c255a7f000 JavaThread "jar transforms Thread 2" [_thread_blocked, id=8216, stack(0x000000f491200000,0x000000f491300000)]
  0x000002c255136000 JavaThread "jar transforms Thread 3" [_thread_blocked, id=5944, stack(0x000000f491300000,0x000000f491400000)]
  0x000002c25513a000 JavaThread "jar transforms Thread 4" [_thread_blocked, id=8620, stack(0x000000f491400000,0x000000f491500000)]
  0x000002c255139000 JavaThread "jar transforms Thread 5" [_thread_blocked, id=1152, stack(0x000000f491500000,0x000000f491600000)]
  0x000002c255137000 JavaThread "jar transforms Thread 6" [_thread_blocked, id=8840, stack(0x000000f491600000,0x000000f491700000)]
  0x000002c255137800 JavaThread "Cache worker for checksums cache (E:\Program Files\androidProjects\GeoQuiz\.gradle\checksums)" [_thread_blocked, id=8396, stack(0x000000f491700000,0x000000f491800000)]
  0x000002c255138800 JavaThread "Cache worker for cache directory md-supplier (C:\Users\Rostya\.gradle\caches\7.2\md-supplier)" [_thread_blocked, id=8224, stack(0x000000f491800000,0x000000f491900000)]
  0x000002c255134800 JavaThread "Cache worker for cache directory md-rule (C:\Users\Rostya\.gradle\caches\7.2\md-rule)" [_thread_blocked, id=6680, stack(0x000000f491900000,0x000000f491a00000)]
  0x000002c255135000 JavaThread "Cache worker for execution history cache (C:\Users\Rostya\.gradle\caches\7.2\executionHistory)" [_thread_blocked, id=8552, stack(0x000000f491a00000,0x000000f491b00000)]
  0x000002c25513e000 JavaThread "Cache worker for file content cache (C:\Users\Rostya\.gradle\caches\7.2\fileContent)" [_thread_blocked, id=8100, stack(0x000000f491b00000,0x000000f491c00000)]
  0x000002c25513c800 JavaThread "Cache worker for dependencies-accessors (E:\Program Files\androidProjects\GeoQuiz\.gradle\7.2\dependencies-accessors)" [_thread_blocked, id=8432, stack(0x000000f491c00000,0x000000f491d00000)]
  0x000002c25513d800 JavaThread "Cache worker for Build Output Cleanup Cache (E:\Program Files\androidProjects\GeoQuiz\.gradle\buildOutputCleanup)" [_thread_blocked, id=8268, stack(0x000000f491d00000,0x000000f491e00000)]
  0x000002c255140800 JavaThread "Unconstrained build operations" [_thread_blocked, id=3508, stack(0x000000f491e00000,0x000000f491f00000)]
  0x000002c25513b000 JavaThread "Unconstrained build operations Thread 2" [_thread_blocked, id=3352, stack(0x000000f491f00000,0x000000f492000000)]
  0x000002c255141800 JavaThread "Unconstrained build operations Thread 3" [_thread_blocked, id=7252, stack(0x000000f492000000,0x000000f492100000)]
  0x000002c25513b800 JavaThread "Unconstrained build operations Thread 4" [_thread_blocked, id=10036, stack(0x000000f492100000,0x000000f492200000)]
  0x000002c255142000 JavaThread "Unconstrained build operations Thread 5" [_thread_blocked, id=1496, stack(0x000000f492200000,0x000000f492300000)]
  0x000002c255143000 JavaThread "Unconstrained build operations Thread 6" [_thread_blocked, id=8320, stack(0x000000f492300000,0x000000f492400000)]
  0x000002c25582a800 JavaThread "Unconstrained build operations Thread 7" [_thread_blocked, id=7424, stack(0x000000f492400000,0x000000f492500000)]
  0x000002c25582d000 JavaThread "Unconstrained build operations Thread 8" [_thread_blocked, id=3600, stack(0x000000f492500000,0x000000f492600000)]
  0x000002c25582c000 JavaThread "Unconstrained build operations Thread 9" [_thread_blocked, id=7644, stack(0x000000f492600000,0x000000f492700000)]
  0x000002c25582e000 JavaThread "Unconstrained build operations Thread 10" [_thread_blocked, id=9520, stack(0x000000f492700000,0x000000f492800000)]
  0x000002c255828000 JavaThread "Unconstrained build operations Thread 11" [_thread_blocked, id=8380, stack(0x000000f492800000,0x000000f492900000)]
  0x000002c25582e800 JavaThread "Unconstrained build operations Thread 12" [_thread_blocked, id=9164, stack(0x000000f492900000,0x000000f492a00000)]
  0x000002c25582b800 JavaThread "Unconstrained build operations Thread 13" [_thread_blocked, id=4196, stack(0x000000f492a00000,0x000000f492b00000)]
  0x000002c255829000 JavaThread "Unconstrained build operations Thread 14" [_thread_blocked, id=4784, stack(0x000000f492b00000,0x000000f492c00000)]
  0x000002c25582f800 JavaThread "Unconstrained build operations Thread 15" [_thread_blocked, id=9484, stack(0x000000f492c00000,0x000000f492d00000)]
  0x000002c255829800 JavaThread "Unconstrained build operations Thread 16" [_thread_blocked, id=6968, stack(0x000000f492d00000,0x000000f492e00000)]
  0x000002c255836000 JavaThread "Unconstrained build operations Thread 17" [_thread_blocked, id=1544, stack(0x000000f492e00000,0x000000f492f00000)]
  0x000002c255833800 JavaThread "Unconstrained build operations Thread 18" [_thread_blocked, id=4808, stack(0x000000f492f00000,0x000000f493000000)]
  0x000002c255835000 JavaThread "Unconstrained build operations Thread 19" [_thread_blocked, id=3952, stack(0x000000f493000000,0x000000f493100000)]
  0x000002c255834800 JavaThread "Unconstrained build operations Thread 20" [_thread_blocked, id=8612, stack(0x000000f493100000,0x000000f493200000)]
  0x000002c255830800 JavaThread "Unconstrained build operations Thread 21" [_thread_blocked, id=7528, stack(0x000000f493200000,0x000000f493300000)]
  0x000002c255837000 JavaThread "Unconstrained build operations Thread 22" [_thread_blocked, id=4804, stack(0x000000f493300000,0x000000f493400000)]
  0x000002c255831000 JavaThread "Unconstrained build operations Thread 23" [_thread_blocked, id=3108, stack(0x000000f493400000,0x000000f493500000)]
  0x000002c255832800 JavaThread "Unconstrained build operations Thread 24" [_thread_blocked, id=2348, stack(0x000000f493500000,0x000000f493600000)]
  0x000002c255832000 JavaThread "Unconstrained build operations Thread 25" [_thread_blocked, id=7972, stack(0x000000f493600000,0x000000f493700000)]
  0x000002c258303000 JavaThread "Unconstrained build operations Thread 26" [_thread_blocked, id=6484, stack(0x000000f493700000,0x000000f493800000)]
  0x000002c258301000 JavaThread "Unconstrained build operations Thread 27" [_thread_blocked, id=7292, stack(0x000000f493800000,0x000000f493900000)]
  0x000002c258303800 JavaThread "Unconstrained build operations Thread 28" [_thread_blocked, id=7112, stack(0x000000f493900000,0x000000f493a00000)]
  0x000002c258305000 JavaThread "Unconstrained build operations Thread 29" [_thread_blocked, id=7008, stack(0x000000f493a00000,0x000000f493b00000)]
  0x000002c258304800 JavaThread "Unconstrained build operations Thread 30" [_thread_blocked, id=9848, stack(0x000000f493b00000,0x000000f493c00000)]
  0x000002c258302000 JavaThread "Unconstrained build operations Thread 31" [_thread_blocked, id=8476, stack(0x000000f493c00000,0x000000f493d00000)]
  0x000002c258306000 JavaThread "Unconstrained build operations Thread 32" [_thread_blocked, id=8532, stack(0x000000f493d00000,0x000000f493e00000)]
  0x000002c258300800 JavaThread "Unconstrained build operations Thread 33" [_thread_blocked, id=4124, stack(0x000000f493e00000,0x000000f493f00000)]
  0x000002c258307000 JavaThread "Unconstrained build operations Thread 34" [_thread_blocked, id=9104, stack(0x000000f493f00000,0x000000f494000000)]
  0x000002c254ae5800 JavaThread "Unconstrained build operations Thread 35" [_thread_blocked, id=9320, stack(0x000000f494000000,0x000000f494100000)]
  0x000002c254aeb000 JavaThread "Unconstrained build operations Thread 36" [_thread_blocked, id=1744, stack(0x000000f494100000,0x000000f494200000)]
  0x000002c254aec000 JavaThread "Unconstrained build operations Thread 37" [_thread_blocked, id=6628, stack(0x000000f494200000,0x000000f494300000)]
  0x000002c254ae6800 JavaThread "Unconstrained build operations Thread 38" [_thread_blocked, id=1056, stack(0x000000f494300000,0x000000f494400000)]
  0x000002c254aed000 JavaThread "Unconstrained build operations Thread 39" [_thread_blocked, id=2144, stack(0x000000f494400000,0x000000f494500000)]
  0x000002c254ae8000 JavaThread "Unconstrained build operations Thread 40" [_thread_blocked, id=8808, stack(0x000000f494500000,0x000000f494600000)]
  0x000002c254aea800 JavaThread "Unconstrained build operations Thread 41" [_thread_blocked, id=3144, stack(0x000000f494600000,0x000000f494700000)]
  0x000002c254ae8800 JavaThread "Unconstrained build operations Thread 42" [_thread_blocked, id=3628, stack(0x000000f494700000,0x000000f494800000)]
  0x000002c254ae7000 JavaThread "Unconstrained build operations Thread 43" [_thread_blocked, id=8328, stack(0x000000f494800000,0x000000f494900000)]
  0x000002c254aed800 JavaThread "Unconstrained build operations Thread 44" [_thread_blocked, id=1076, stack(0x000000f494900000,0x000000f494a00000)]
  0x000002c254aee800 JavaThread "Unconstrained build operations Thread 45" [_thread_blocked, id=7784, stack(0x000000f494a00000,0x000000f494b00000)]
  0x000002c254aef000 JavaThread "Unconstrained build operations Thread 46" [_thread_blocked, id=1332, stack(0x000000f494b00000,0x000000f494c00000)]
  0x000002c254ae9800 JavaThread "Unconstrained build operations Thread 47" [_thread_blocked, id=3084, stack(0x000000f494c00000,0x000000f494d00000)]
  0x000002c254af1000 JavaThread "Unconstrained build operations Thread 48" [_thread_blocked, id=504, stack(0x000000f494d00000,0x000000f494e00000)]
  0x000002c254af0000 JavaThread "Unconstrained build operations Thread 49" [_thread_blocked, id=7476, stack(0x000000f494e00000,0x000000f494f00000)]
  0x000002c254af1800 JavaThread "Unconstrained build operations Thread 50" [_thread_blocked, id=4172, stack(0x000000f494f00000,0x000000f495000000)]
  0x000002c254af2800 JavaThread "Unconstrained build operations Thread 51" [_thread_blocked, id=7428, stack(0x000000f495000000,0x000000f495100000)]
  0x000002c254af3800 JavaThread "Unconstrained build operations Thread 52" [_thread_blocked, id=6576, stack(0x000000f495100000,0x000000f495200000)]
  0x000002c254af4000 JavaThread "Unconstrained build operations Thread 53" [_thread_blocked, id=7312, stack(0x000000f495200000,0x000000f495300000)]
  0x000002c253e98000 JavaThread "Unconstrained build operations Thread 54" [_thread_blocked, id=7012, stack(0x000000f495300000,0x000000f495400000)]
  0x000002c253e94000 JavaThread "Unconstrained build operations Thread 55" [_thread_blocked, id=1192, stack(0x000000f495400000,0x000000f495500000)]
  0x000002c253e9a000 JavaThread "Unconstrained build operations Thread 56" [_thread_blocked, id=5172, stack(0x000000f495500000,0x000000f495600000)]
  0x000002c253e99000 JavaThread "Unconstrained build operations Thread 57" [_thread_blocked, id=9844, stack(0x000000f495600000,0x000000f495700000)]
  0x000002c253e96000 JavaThread "Unconstrained build operations Thread 58" [_thread_blocked, id=8632, stack(0x000000f495700000,0x000000f495800000)]
  0x000002c253e9a800 JavaThread "Unconstrained build operations Thread 59" [_thread_blocked, id=6224, stack(0x000000f495800000,0x000000f495900000)]
  0x000002c253e95000 JavaThread "Unconstrained build operations Thread 60" [_thread_blocked, id=9120, stack(0x000000f495900000,0x000000f495a00000)]

Other Threads:
  0x000002c25212d800 VMThread "VM Thread" [stack: 0x000000f48ef00000,0x000000f48f000000] [id=7904]
  0x000002c252c87000 WatcherThread [stack: 0x000000f48f900000,0x000000f48fa00000] [id=4632]
  0x000002c237932000 GCTaskThread "GC Thread#0" [stack: 0x000000f48ea00000,0x000000f48eb00000] [id=3888]
  0x000002c253665800 GCTaskThread "GC Thread#1" [stack: 0x000000f48fb00000,0x000000f48fc00000] [id=2612]
  0x000002c2534fd000 GCTaskThread "GC Thread#2" [stack: 0x000000f48fc00000,0x000000f48fd00000] [id=7316]
  0x000002c255dd5800 GCTaskThread "GC Thread#3" [stack: 0x000000f490700000,0x000000f490800000] [id=5132]
  0x000002c255b1b800 GCTaskThread "GC Thread#4" [stack: 0x000000f490800000,0x000000f490900000] [id=9312]
  0x000002c255b1c000 GCTaskThread "GC Thread#5" [stack: 0x000000f490900000,0x000000f490a00000] [id=8168]
  0x000002c237963800 ConcurrentGCThread "G1 Main Marker" [stack: 0x000000f48eb00000,0x000000f48ec00000] [id=7724]
  0x000002c237966800 ConcurrentGCThread "G1 Conc#0" [stack: 0x000000f48ec00000,0x000000f48ed00000] [id=2984]
  0x000002c254606000 ConcurrentGCThread "G1 Conc#1" [stack: 0x000000f490c00000,0x000000f490d00000] [id=9388]
  0x000002c2379fd000 ConcurrentGCThread "G1 Refine#0" [stack: 0x000000f48ed00000,0x000000f48ee00000] [id=4888]
  0x000002c251f80800 ConcurrentGCThread "G1 Young RemSet Sampling" [stack: 0x000000f48ee00000,0x000000f48ef00000] [id=8212]

Threads with active compile tasks:
C2 CompilerThread0   6449 5661       4       java.util.regex.Pattern::compile (498 bytes)
C2 CompilerThread1   6449 5681       4       groovy.lang.MetaClassImpl::addMetaMethodToIndex (65 bytes)

VM state:not at safepoint (normal execution)

VM Mutex/Monitor currently owned by a thread:  ([mutex/lock_event])
[0x000002c237914ee0] SymbolTable_lock - owner thread: 0x000002c254090000

Heap address: 0x0000000080000000, size: 2048 MB, Compressed Oops mode: 32-bit
Narrow klass base: 0x0000000000000000, Narrow klass shift: 3
Compressed class space size: 1073741824 Address: 0x0000000100000000

Heap:
 garbage-first heap   total 189440K, used 111276K [0x0000000080000000, 0x0000000100000000)
  region size 1024K, 50 young (51200K), 4 survivors (4096K)
 Metaspace       used 52041K, capacity 53681K, committed 53960K, reserved 1095680K
  class space    used 6655K, capacity 7175K, committed 7296K, reserved 1048576K
Heap Regions: E=young(eden), S=young(survivor), O=old, HS=humongous(starts), HC=humongous(continues), CS=collection set, F=free, A=archive, TAMS=top-at-mark-start (previous, next)
|   0|0x0000000080000000, 0x0000000080100000, 0x0000000080100000|100%| O|  |TAMS 0x0000000080100000, 0x0000000080000000| Untracked 
|   1|0x0000000080100000, 0x0000000080200000, 0x0000000080200000|100%| O|  |TAMS 0x0000000080200000, 0x0000000080100000| Untracked 
|   2|0x0000000080200000, 0x0000000080300000, 0x0000000080300000|100%| O|  |TAMS 0x0000000080300000, 0x0000000080200000| Untracked 
|   3|0x0000000080300000, 0x0000000080400000, 0x0000000080400000|100%|HS|  |TAMS 0x0000000080400000, 0x0000000080300000| Complete 
|   4|0x0000000080400000, 0x0000000080500000, 0x0000000080500000|100%|HC|  |TAMS 0x0000000080500000, 0x0000000080400000| Complete 
|   5|0x0000000080500000, 0x0000000080600000, 0x0000000080600000|100%|HC|  |TAMS 0x0000000080600000, 0x0000000080500000| Complete 
|   6|0x0000000080600000, 0x0000000080700000, 0x0000000080700000|100%| O|  |TAMS 0x0000000080700000, 0x0000000080600000| Untracked 
|   7|0x0000000080700000, 0x0000000080800000, 0x0000000080800000|100%| O|  |TAMS 0x0000000080800000, 0x0000000080700000| Untracked 
|   8|0x0000000080800000, 0x0000000080900000, 0x0000000080900000|100%| O|  |TAMS 0x0000000080900000, 0x0000000080800000| Untracked 
|   9|0x0000000080900000, 0x0000000080a00000, 0x0000000080a00000|100%| O|  |TAMS 0x0000000080a00000, 0x0000000080900000| Untracked 
|  10|0x0000000080a00000, 0x0000000080b00000, 0x0000000080b00000|100%| O|  |TAMS 0x0000000080b00000, 0x0000000080a00000| Untracked 
|  11|0x0000000080b00000, 0x0000000080c00000, 0x0000000080c00000|100%| O|  |TAMS 0x0000000080c00000, 0x0000000080b00000| Untracked 
|  12|0x0000000080c00000, 0x0000000080d00000, 0x0000000080d00000|100%| O|  |TAMS 0x0000000080d00000, 0x0000000080c00000| Untracked 
|  13|0x0000000080d00000, 0x0000000080e00000, 0x0000000080e00000|100%| O|  |TAMS 0x0000000080e00000, 0x0000000080d00000| Untracked 
|  14|0x0000000080e00000, 0x0000000080f00000, 0x0000000080f00000|100%| O|  |TAMS 0x0000000080f00000, 0x0000000080e00000| Untracked 
|  15|0x0000000080f00000, 0x0000000081000000, 0x0000000081000000|100%| O|  |TAMS 0x0000000081000000, 0x0000000080f00000| Untracked 
|  16|0x0000000081000000, 0x0000000081100000, 0x0000000081100000|100%| O|  |TAMS 0x000000008100ac00, 0x0000000081000000| Untracked 
|  17|0x0000000081100000, 0x0000000081200000, 0x0000000081200000|100%|HS|  |TAMS 0x0000000081200000, 0x0000000081100000| Complete 
|  18|0x0000000081200000, 0x0000000081300000, 0x0000000081300000|100%|HC|  |TAMS 0x0000000081300000, 0x0000000081200000| Complete 
|  19|0x0000000081300000, 0x0000000081400000, 0x0000000081400000|100%|HS|  |TAMS 0x0000000081400000, 0x0000000081300000| Complete 
|  20|0x0000000081400000, 0x0000000081500000, 0x0000000081500000|100%|HC|  |TAMS 0x0000000081500000, 0x0000000081400000| Complete 
|  21|0x0000000081500000, 0x0000000081600000, 0x0000000081600000|100%|HC|  |TAMS 0x0000000081600000, 0x0000000081500000| Complete 
|  22|0x0000000081600000, 0x0000000081700000, 0x0000000081700000|100%|HS|  |TAMS 0x0000000081700000, 0x0000000081600000| Complete 
|  23|0x0000000081700000, 0x0000000081800000, 0x0000000081800000|100%|HC|  |TAMS 0x0000000081800000, 0x0000000081700000| Complete 
|  24|0x0000000081800000, 0x0000000081900000, 0x0000000081900000|100%|HC|  |TAMS 0x0000000081900000, 0x0000000081800000| Complete 
|  25|0x0000000081900000, 0x0000000081a00000, 0x0000000081a00000|100%|HC|  |TAMS 0x0000000081a00000, 0x0000000081900000| Complete 
|  26|0x0000000081a00000, 0x0000000081b00000, 0x0000000081b00000|100%|HS|  |TAMS 0x0000000081a00000, 0x0000000081a00000| Complete 
|  27|0x0000000081b00000, 0x0000000081c00000, 0x0000000081c00000|100%|HC|  |TAMS 0x0000000081b00000, 0x0000000081b00000| Complete 
|  28|0x0000000081c00000, 0x0000000081d00000, 0x0000000081d00000|100%|HC|  |TAMS 0x0000000081c00000, 0x0000000081c00000| Complete 
|  29|0x0000000081d00000, 0x0000000081e00000, 0x0000000081e00000|100%| O|  |TAMS 0x0000000081d00000, 0x0000000081d00000| Untracked 
|  30|0x0000000081e00000, 0x0000000081f00000, 0x0000000081f00000|100%| O|  |TAMS 0x0000000081e00000, 0x0000000081e00000| Untracked 
|  31|0x0000000081f00000, 0x0000000081fffff8, 0x0000000082000000| 99%| O|  |TAMS 0x0000000081f00000, 0x0000000081f00000| Untracked 
|  32|0x0000000082000000, 0x0000000082100000, 0x0000000082100000|100%| O|  |TAMS 0x0000000082000000, 0x0000000082000000| Untracked 
|  33|0x0000000082100000, 0x0000000082200000, 0x0000000082200000|100%| O|  |TAMS 0x0000000082100000, 0x0000000082100000| Untracked 
|  34|0x0000000082200000, 0x0000000082300000, 0x0000000082300000|100%| O|  |TAMS 0x0000000082200000, 0x0000000082200000| Untracked 
|  35|0x0000000082300000, 0x0000000082400000, 0x0000000082400000|100%| O|  |TAMS 0x0000000082300000, 0x0000000082300000| Untracked 
|  36|0x0000000082400000, 0x0000000082500000, 0x0000000082500000|100%| O|  |TAMS 0x0000000082400000, 0x0000000082400000| Untracked 
|  37|0x0000000082500000, 0x0000000082600000, 0x0000000082600000|100%| O|  |TAMS 0x0000000082500000, 0x0000000082500000| Untracked 
|  38|0x0000000082600000, 0x0000000082700000, 0x0000000082700000|100%| O|  |TAMS 0x0000000082600000, 0x0000000082600000| Untracked 
|  39|0x0000000082700000, 0x0000000082800000, 0x0000000082800000|100%|HS|  |TAMS 0x0000000082700000, 0x0000000082700000| Complete 
|  40|0x0000000082800000, 0x0000000082900000, 0x0000000082900000|100%|HC|  |TAMS 0x0000000082800000, 0x0000000082800000| Complete 
|  41|0x0000000082900000, 0x0000000082a00000, 0x0000000082a00000|100%|HC|  |TAMS 0x0000000082900000, 0x0000000082900000| Complete 
|  42|0x0000000082a00000, 0x0000000082b00000, 0x0000000082b00000|100%|HC|  |TAMS 0x0000000082a00000, 0x0000000082a00000| Complete 
|  43|0x0000000082b00000, 0x0000000082c00000, 0x0000000082c00000|100%| O|  |TAMS 0x0000000082b00000, 0x0000000082b00000| Untracked 
|  44|0x0000000082c00000, 0x0000000082d00000, 0x0000000082d00000|100%| O|  |TAMS 0x0000000082c00000, 0x0000000082c00000| Untracked 
|  45|0x0000000082d00000, 0x0000000082e00000, 0x0000000082e00000|100%| O|  |TAMS 0x0000000082d00000, 0x0000000082d00000| Untracked 
|  46|0x0000000082e00000, 0x0000000082f00000, 0x0000000082f00000|100%| O|  |TAMS 0x0000000082e00000, 0x0000000082e00000| Untracked 
|  47|0x0000000082f00000, 0x0000000083000000, 0x0000000083000000|100%| O|  |TAMS 0x0000000082f00000, 0x0000000082f00000| Untracked 
|  48|0x0000000083000000, 0x0000000083100000, 0x0000000083100000|100%| O|  |TAMS 0x0000000083000000, 0x0000000083000000| Untracked 
|  49|0x0000000083100000, 0x0000000083200000, 0x0000000083200000|100%| O|  |TAMS 0x0000000083100000, 0x0000000083100000| Untracked 
|  50|0x0000000083200000, 0x0000000083300000, 0x0000000083300000|100%| O|  |TAMS 0x0000000083200000, 0x0000000083200000| Untracked 
|  51|0x0000000083300000, 0x0000000083400000, 0x0000000083400000|100%| O|  |TAMS 0x0000000083300000, 0x0000000083300000| Untracked 
|  52|0x0000000083400000, 0x000000008346e800, 0x0000000083500000| 43%| O|  |TAMS 0x0000000083400000, 0x0000000083400000| Untracked 
|  53|0x0000000083500000, 0x0000000083600000, 0x0000000083600000|100%|HS|  |TAMS 0x0000000083500000, 0x0000000083500000| Complete 
|  54|0x0000000083600000, 0x0000000083700000, 0x0000000083700000|100%|HS|  |TAMS 0x0000000083600000, 0x0000000083600000| Complete 
|  55|0x0000000083700000, 0x0000000083800000, 0x0000000083800000|100%|HS|  |TAMS 0x0000000083700000, 0x0000000083700000| Complete 
|  56|0x0000000083800000, 0x0000000083900000, 0x0000000083900000|100%|HS|  |TAMS 0x0000000083800000, 0x0000000083800000| Complete 
|  57|0x0000000083900000, 0x0000000083a00000, 0x0000000083a00000|100%|HS|  |TAMS 0x0000000083900000, 0x0000000083900000| Complete 
|  58|0x0000000083a00000, 0x0000000083b00000, 0x0000000083b00000|100%|HC|  |TAMS 0x0000000083a00000, 0x0000000083a00000| Complete 
|  59|0x0000000083b00000, 0x0000000083c00000, 0x0000000083c00000|100%|HC|  |TAMS 0x0000000083b00000, 0x0000000083b00000| Complete 
|  60|0x0000000083c00000, 0x0000000083d00000, 0x0000000083d00000|100%|HS|  |TAMS 0x0000000083c00000, 0x0000000083c00000| Complete 
|  61|0x0000000083d00000, 0x0000000083e00000, 0x0000000083e00000|100%|HC|  |TAMS 0x0000000083d00000, 0x0000000083d00000| Complete 
|  62|0x0000000083e00000, 0x0000000083e00000, 0x0000000083f00000|  0%| F|  |TAMS 0x0000000083e00000, 0x0000000083e00000| Untracked 
|  63|0x0000000083f00000, 0x0000000083f00000, 0x0000000084000000|  0%| F|  |TAMS 0x0000000083f00000, 0x0000000083f00000| Untracked 
|  64|0x0000000084000000, 0x0000000084000000, 0x0000000084100000|  0%| F|  |TAMS 0x0000000084000000, 0x0000000084000000| Untracked 
|  65|0x0000000084100000, 0x0000000084100000, 0x0000000084200000|  0%| F|  |TAMS 0x0000000084100000, 0x0000000084100000| Untracked 
|  66|0x0000000084200000, 0x0000000084200000, 0x0000000084300000|  0%| F|  |TAMS 0x0000000084200000, 0x0000000084200000| Untracked 
|  67|0x0000000084300000, 0x0000000084300000, 0x0000000084400000|  0%| F|  |TAMS 0x0000000084300000, 0x0000000084300000| Untracked 
|  68|0x0000000084400000, 0x0000000084400000, 0x0000000084500000|  0%| F|  |TAMS 0x0000000084400000, 0x0000000084400000| Untracked 
|  69|0x0000000084500000, 0x0000000084500000, 0x0000000084600000|  0%| F|  |TAMS 0x0000000084500000, 0x0000000084500000| Untracked 
|  70|0x0000000084600000, 0x0000000084600000, 0x0000000084700000|  0%| F|  |TAMS 0x0000000084600000, 0x0000000084600000| Untracked 
|  71|0x0000000084700000, 0x0000000084700000, 0x0000000084800000|  0%| F|  |TAMS 0x0000000084700000, 0x0000000084700000| Untracked 
|  72|0x0000000084800000, 0x0000000084800000, 0x0000000084900000|  0%| F|  |TAMS 0x0000000084800000, 0x0000000084800000| Untracked 
|  73|0x0000000084900000, 0x0000000084900000, 0x0000000084a00000|  0%| F|  |TAMS 0x0000000084900000, 0x0000000084900000| Untracked 
|  74|0x0000000084a00000, 0x0000000084a00000, 0x0000000084b00000|  0%| F|  |TAMS 0x0000000084a00000, 0x0000000084a00000| Untracked 
|  75|0x0000000084b00000, 0x0000000084b00000, 0x0000000084c00000|  0%| F|  |TAMS 0x0000000084b00000, 0x0000000084b00000| Untracked 
|  76|0x0000000084c00000, 0x0000000084c00000, 0x0000000084d00000|  0%| F|  |TAMS 0x0000000084c00000, 0x0000000084c00000| Untracked 
|  77|0x0000000084d00000, 0x0000000084d00000, 0x0000000084e00000|  0%| F|  |TAMS 0x0000000084d00000, 0x0000000084d00000| Untracked 
|  78|0x0000000084e00000, 0x0000000084e00000, 0x0000000084f00000|  0%| F|  |TAMS 0x0000000084e00000, 0x0000000084e00000| Untracked 
|  79|0x0000000084f00000, 0x0000000084f00000, 0x0000000085000000|  0%| F|  |TAMS 0x0000000084f00000, 0x0000000084f00000| Untracked 
|  80|0x0000000085000000, 0x0000000085000000, 0x0000000085100000|  0%| F|  |TAMS 0x0000000085000000, 0x0000000085000000| Untracked 
|  81|0x0000000085100000, 0x0000000085100000, 0x0000000085200000|  0%| F|  |TAMS 0x0000000085100000, 0x0000000085100000| Untracked 
|  82|0x0000000085200000, 0x0000000085200000, 0x0000000085300000|  0%| F|  |TAMS 0x0000000085200000, 0x0000000085200000| Untracked 
|  83|0x0000000085300000, 0x0000000085300000, 0x0000000085400000|  0%| F|  |TAMS 0x0000000085300000, 0x0000000085300000| Untracked 
|  84|0x0000000085400000, 0x0000000085400000, 0x0000000085500000|  0%| F|  |TAMS 0x0000000085400000, 0x0000000085400000| Untracked 
|  85|0x0000000085500000, 0x0000000085500000, 0x0000000085600000|  0%| F|  |TAMS 0x0000000085500000, 0x0000000085500000| Untracked 
|  86|0x0000000085600000, 0x0000000085600000, 0x0000000085700000|  0%| F|  |TAMS 0x0000000085600000, 0x0000000085600000| Untracked 
|  87|0x0000000085700000, 0x0000000085700000, 0x0000000085800000|  0%| F|  |TAMS 0x0000000085700000, 0x0000000085700000| Untracked 
|  88|0x0000000085800000, 0x000000008583cbc0, 0x0000000085900000| 23%| S|CS|TAMS 0x0000000085800000, 0x0000000085800000| Complete 
|  89|0x0000000085900000, 0x0000000085a00000, 0x0000000085a00000|100%| S|CS|TAMS 0x0000000085900000, 0x0000000085900000| Complete 
|  90|0x0000000085a00000, 0x0000000085b00000, 0x0000000085b00000|100%| S|CS|TAMS 0x0000000085a00000, 0x0000000085a00000| Complete 
|  91|0x0000000085b00000, 0x0000000085c00000, 0x0000000085c00000|100%| S|CS|TAMS 0x0000000085b00000, 0x0000000085b00000| Complete 
|  92|0x0000000085c00000, 0x0000000085c00000, 0x0000000085d00000|  0%| F|  |TAMS 0x0000000085c00000, 0x0000000085c00000| Untracked 
|  93|0x0000000085d00000, 0x0000000085d00000, 0x0000000085e00000|  0%| F|  |TAMS 0x0000000085d00000, 0x0000000085d00000| Untracked 
|  94|0x0000000085e00000, 0x0000000085e00000, 0x0000000085f00000|  0%| F|  |TAMS 0x0000000085e00000, 0x0000000085e00000| Untracked 
|  95|0x0000000085f00000, 0x0000000085f00000, 0x0000000086000000|  0%| F|  |TAMS 0x0000000085f00000, 0x0000000085f00000| Untracked 
|  96|0x0000000086000000, 0x0000000086000000, 0x0000000086100000|  0%| F|  |TAMS 0x0000000086000000, 0x0000000086000000| Untracked 
|  97|0x0000000086100000, 0x0000000086100000, 0x0000000086200000|  0%| F|  |TAMS 0x0000000086100000, 0x0000000086100000| Untracked 
|  98|0x0000000086200000, 0x0000000086200000, 0x0000000086300000|  0%| F|  |TAMS 0x0000000086200000, 0x0000000086200000| Untracked 
|  99|0x0000000086300000, 0x0000000086300000, 0x0000000086400000|  0%| F|  |TAMS 0x0000000086300000, 0x0000000086300000| Untracked 
| 100|0x0000000086400000, 0x0000000086400000, 0x0000000086500000|  0%| F|  |TAMS 0x0000000086400000, 0x0000000086400000| Untracked 
| 101|0x0000000086500000, 0x0000000086500000, 0x0000000086600000|  0%| F|  |TAMS 0x0000000086500000, 0x0000000086500000| Untracked 
| 102|0x0000000086600000, 0x0000000086600000, 0x0000000086700000|  0%| F|  |TAMS 0x0000000086600000, 0x0000000086600000| Untracked 
| 103|0x0000000086700000, 0x0000000086700000, 0x0000000086800000|  0%| F|  |TAMS 0x0000000086700000, 0x0000000086700000| Untracked 
| 104|0x0000000086800000, 0x0000000086800000, 0x0000000086900000|  0%| F|  |TAMS 0x0000000086800000, 0x0000000086800000| Untracked 
| 105|0x0000000086900000, 0x0000000086900000, 0x0000000086a00000|  0%| F|  |TAMS 0x0000000086900000, 0x0000000086900000| Untracked 
| 106|0x0000000086a00000, 0x0000000086a00000, 0x0000000086b00000|  0%| F|  |TAMS 0x0000000086a00000, 0x0000000086a00000| Untracked 
| 107|0x0000000086b00000, 0x0000000086b00000, 0x0000000086c00000|  0%| F|  |TAMS 0x0000000086b00000, 0x0000000086b00000| Untracked 
| 108|0x0000000086c00000, 0x0000000086c00000, 0x0000000086d00000|  0%| F|  |TAMS 0x0000000086c00000, 0x0000000086c00000| Untracked 
| 109|0x0000000086d00000, 0x0000000086d00000, 0x0000000086e00000|  0%| F|  |TAMS 0x0000000086d00000, 0x0000000086d00000| Untracked 
| 110|0x0000000086e00000, 0x0000000086e00000, 0x0000000086f00000|  0%| F|  |TAMS 0x0000000086e00000, 0x0000000086e00000| Untracked 
| 111|0x0000000086f00000, 0x0000000086f00000, 0x0000000087000000|  0%| F|  |TAMS 0x0000000086f00000, 0x0000000086f00000| Untracked 
| 112|0x0000000087000000, 0x0000000087000000, 0x0000000087100000|  0%| F|  |TAMS 0x0000000087000000, 0x0000000087000000| Untracked 
| 113|0x0000000087100000, 0x0000000087100000, 0x0000000087200000|  0%| F|  |TAMS 0x0000000087100000, 0x0000000087100000| Untracked 
| 114|0x0000000087200000, 0x0000000087200000, 0x0000000087300000|  0%| F|  |TAMS 0x0000000087200000, 0x0000000087200000| Untracked 
| 115|0x0000000087300000, 0x0000000087300000, 0x0000000087400000|  0%| F|  |TAMS 0x0000000087300000, 0x0000000087300000| Untracked 
| 116|0x0000000087400000, 0x0000000087400000, 0x0000000087500000|  0%| F|  |TAMS 0x0000000087400000, 0x0000000087400000| Untracked 
| 117|0x0000000087500000, 0x0000000087500000, 0x0000000087600000|  0%| F|  |TAMS 0x0000000087500000, 0x0000000087500000| Untracked 
| 118|0x0000000087600000, 0x0000000087600000, 0x0000000087700000|  0%| F|  |TAMS 0x0000000087600000, 0x0000000087600000| Untracked 
| 119|0x0000000087700000, 0x0000000087700000, 0x0000000087800000|  0%| F|  |TAMS 0x0000000087700000, 0x0000000087700000| Untracked 
| 120|0x0000000087800000, 0x0000000087800000, 0x0000000087900000|  0%| F|  |TAMS 0x0000000087800000, 0x0000000087800000| Untracked 
| 121|0x0000000087900000, 0x0000000087900000, 0x0000000087a00000|  0%| F|  |TAMS 0x0000000087900000, 0x0000000087900000| Untracked 
| 122|0x0000000087a00000, 0x0000000087a00000, 0x0000000087b00000|  0%| F|  |TAMS 0x0000000087a00000, 0x0000000087a00000| Untracked 
| 123|0x0000000087b00000, 0x0000000087b00000, 0x0000000087c00000|  0%| F|  |TAMS 0x0000000087b00000, 0x0000000087b00000| Untracked 
| 124|0x0000000087c00000, 0x0000000087c00000, 0x0000000087d00000|  0%| F|  |TAMS 0x0000000087c00000, 0x0000000087c00000| Untracked 
| 125|0x0000000087d00000, 0x0000000087d00000, 0x0000000087e00000|  0%| F|  |TAMS 0x0000000087d00000, 0x0000000087d00000| Untracked 
| 126|0x0000000087e00000, 0x0000000087e00000, 0x0000000087f00000|  0%| F|  |TAMS 0x0000000087e00000, 0x0000000087e00000| Untracked 
| 127|0x0000000087f00000, 0x0000000087f00000, 0x0000000088000000|  0%| F|  |TAMS 0x0000000087f00000, 0x0000000087f00000| Untracked 
| 128|0x0000000088000000, 0x0000000088000000, 0x0000000088100000|  0%| F|  |TAMS 0x0000000088000000, 0x0000000088000000| Untracked 
| 129|0x0000000088100000, 0x0000000088100000, 0x0000000088200000|  0%| F|  |TAMS 0x0000000088100000, 0x0000000088100000| Untracked 
| 130|0x0000000088200000, 0x0000000088200000, 0x0000000088300000|  0%| F|  |TAMS 0x0000000088200000, 0x0000000088200000| Untracked 
| 131|0x0000000088300000, 0x0000000088300000, 0x0000000088400000|  0%| F|  |TAMS 0x0000000088300000, 0x0000000088300000| Untracked 
| 132|0x0000000088400000, 0x0000000088400000, 0x0000000088500000|  0%| F|  |TAMS 0x0000000088400000, 0x0000000088400000| Untracked 
| 133|0x0000000088500000, 0x0000000088500000, 0x0000000088600000|  0%| F|  |TAMS 0x0000000088500000, 0x0000000088500000| Untracked 
| 134|0x0000000088600000, 0x0000000088600000, 0x0000000088700000|  0%| F|  |TAMS 0x0000000088600000, 0x0000000088600000| Untracked 
| 135|0x0000000088700000, 0x0000000088700000, 0x0000000088800000|  0%| F|  |TAMS 0x0000000088700000, 0x0000000088700000| Untracked 
| 136|0x0000000088800000, 0x0000000088800000, 0x0000000088900000|  0%| F|  |TAMS 0x0000000088800000, 0x0000000088800000| Untracked 
| 137|0x0000000088900000, 0x0000000088900000, 0x0000000088a00000|  0%| F|  |TAMS 0x0000000088900000, 0x0000000088900000| Untracked 
| 138|0x0000000088a00000, 0x0000000088a00000, 0x0000000088b00000|  0%| F|  |TAMS 0x0000000088a00000, 0x0000000088a00000| Untracked 
| 139|0x0000000088b00000, 0x0000000088c00000, 0x0000000088c00000|100%| E|  |TAMS 0x0000000088b00000, 0x0000000088b00000| Complete 
| 140|0x0000000088c00000, 0x0000000088d00000, 0x0000000088d00000|100%| E|CS|TAMS 0x0000000088c00000, 0x0000000088c00000| Complete 
| 141|0x0000000088d00000, 0x0000000088e00000, 0x0000000088e00000|100%| E|CS|TAMS 0x0000000088d00000, 0x0000000088d00000| Complete 
| 142|0x0000000088e00000, 0x0000000088f00000, 0x0000000088f00000|100%| E|CS|TAMS 0x0000000088e00000, 0x0000000088e00000| Complete 
| 143|0x0000000088f00000, 0x0000000089000000, 0x0000000089000000|100%| E|CS|TAMS 0x0000000088f00000, 0x0000000088f00000| Complete 
| 144|0x0000000089000000, 0x0000000089100000, 0x0000000089100000|100%| E|CS|TAMS 0x0000000089000000, 0x0000000089000000| Complete 
| 145|0x0000000089100000, 0x0000000089200000, 0x0000000089200000|100%| E|CS|TAMS 0x0000000089100000, 0x0000000089100000| Complete 
| 146|0x0000000089200000, 0x0000000089300000, 0x0000000089300000|100%| E|CS|TAMS 0x0000000089200000, 0x0000000089200000| Complete 
| 147|0x0000000089300000, 0x0000000089400000, 0x0000000089400000|100%| E|CS|TAMS 0x0000000089300000, 0x0000000089300000| Complete 
| 148|0x0000000089400000, 0x0000000089500000, 0x0000000089500000|100%| E|CS|TAMS 0x0000000089400000, 0x0000000089400000| Complete 
| 149|0x0000000089500000, 0x0000000089600000, 0x0000000089600000|100%| E|CS|TAMS 0x0000000089500000, 0x0000000089500000| Complete 
| 150|0x0000000089600000, 0x0000000089700000, 0x0000000089700000|100%| E|CS|TAMS 0x0000000089600000, 0x0000000089600000| Complete 
| 151|0x0000000089700000, 0x0000000089800000, 0x0000000089800000|100%| E|CS|TAMS 0x0000000089700000, 0x0000000089700000| Complete 
| 152|0x0000000089800000, 0x0000000089900000, 0x0000000089900000|100%| E|CS|TAMS 0x0000000089800000, 0x0000000089800000| Complete 
| 153|0x0000000089900000, 0x0000000089a00000, 0x0000000089a00000|100%| E|CS|TAMS 0x0000000089900000, 0x0000000089900000| Complete 
| 154|0x0000000089a00000, 0x0000000089b00000, 0x0000000089b00000|100%| E|CS|TAMS 0x0000000089a00000, 0x0000000089a00000| Complete 
| 155|0x0000000089b00000, 0x0000000089c00000, 0x0000000089c00000|100%| E|CS|TAMS 0x0000000089b00000, 0x0000000089b00000| Complete 
| 156|0x0000000089c00000, 0x0000000089d00000, 0x0000000089d00000|100%| E|CS|TAMS 0x0000000089c00000, 0x0000000089c00000| Complete 
| 157|0x0000000089d00000, 0x0000000089e00000, 0x0000000089e00000|100%| E|CS|TAMS 0x0000000089d00000, 0x0000000089d00000| Complete 
| 158|0x0000000089e00000, 0x0000000089f00000, 0x0000000089f00000|100%| E|CS|TAMS 0x0000000089e00000, 0x0000000089e00000| Complete 
| 159|0x0000000089f00000, 0x000000008a000000, 0x000000008a000000|100%| E|  |TAMS 0x0000000089f00000, 0x0000000089f00000| Complete 
| 160|0x000000008a000000, 0x000000008a100000, 0x000000008a100000|100%| E|CS|TAMS 0x000000008a000000, 0x000000008a000000| Complete 
| 161|0x000000008a100000, 0x000000008a200000, 0x000000008a200000|100%| E|CS|TAMS 0x000000008a100000, 0x000000008a100000| Complete 
| 162|0x000000008a200000, 0x000000008a300000, 0x000000008a300000|100%| E|CS|TAMS 0x000000008a200000, 0x000000008a200000| Complete 
| 163|0x000000008a300000, 0x000000008a400000, 0x000000008a400000|100%| E|CS|TAMS 0x000000008a300000, 0x000000008a300000| Complete 
| 164|0x000000008a400000, 0x000000008a500000, 0x000000008a500000|100%| E|CS|TAMS 0x000000008a400000, 0x000000008a400000| Complete 
| 165|0x000000008a500000, 0x000000008a600000, 0x000000008a600000|100%| E|CS|TAMS 0x000000008a500000, 0x000000008a500000| Complete 
| 166|0x000000008a600000, 0x000000008a700000, 0x000000008a700000|100%| E|CS|TAMS 0x000000008a600000, 0x000000008a600000| Complete 
| 167|0x000000008a700000, 0x000000008a800000, 0x000000008a800000|100%| E|CS|TAMS 0x000000008a700000, 0x000000008a700000| Complete 
| 168|0x000000008a800000, 0x000000008a900000, 0x000000008a900000|100%| E|CS|TAMS 0x000000008a800000, 0x000000008a800000| Complete 
| 169|0x000000008a900000, 0x000000008aa00000, 0x000000008aa00000|100%| E|CS|TAMS 0x000000008a900000, 0x000000008a900000| Complete 
| 170|0x000000008aa00000, 0x000000008ab00000, 0x000000008ab00000|100%| E|CS|TAMS 0x000000008aa00000, 0x000000008aa00000| Complete 
| 171|0x000000008ab00000, 0x000000008ac00000, 0x000000008ac00000|100%| E|CS|TAMS 0x000000008ab00000, 0x000000008ab00000| Complete 
| 172|0x000000008ac00000, 0x000000008ad00000, 0x000000008ad00000|100%| E|CS|TAMS 0x000000008ac00000, 0x000000008ac00000| Complete 
| 173|0x000000008ad00000, 0x000000008ae00000, 0x000000008ae00000|100%| E|CS|TAMS 0x000000008ad00000, 0x000000008ad00000| Complete 
| 174|0x000000008ae00000, 0x000000008af00000, 0x000000008af00000|100%| E|CS|TAMS 0x000000008ae00000, 0x000000008ae00000| Complete 
| 175|0x000000008af00000, 0x000000008b000000, 0x000000008b000000|100%| E|CS|TAMS 0x000000008af00000, 0x000000008af00000| Complete 
| 176|0x000000008b000000, 0x000000008b100000, 0x000000008b100000|100%| E|CS|TAMS 0x000000008b000000, 0x000000008b000000| Complete 
| 177|0x000000008b100000, 0x000000008b200000, 0x000000008b200000|100%| E|CS|TAMS 0x000000008b100000, 0x000000008b100000| Complete 
| 178|0x000000008b200000, 0x000000008b300000, 0x000000008b300000|100%| E|CS|TAMS 0x000000008b200000, 0x000000008b200000| Complete 
| 179|0x000000008b300000, 0x000000008b400000, 0x000000008b400000|100%| E|CS|TAMS 0x000000008b300000, 0x000000008b300000| Complete 
| 180|0x000000008b400000, 0x000000008b500000, 0x000000008b500000|100%| E|CS|TAMS 0x000000008b400000, 0x000000008b400000| Complete 
| 181|0x000000008b500000, 0x000000008b600000, 0x000000008b600000|100%| E|CS|TAMS 0x000000008b500000, 0x000000008b500000| Complete 
| 182|0x000000008b600000, 0x000000008b700000, 0x000000008b700000|100%| E|CS|TAMS 0x000000008b600000, 0x000000008b600000| Complete 
| 183|0x000000008b700000, 0x000000008b800000, 0x000000008b800000|100%| E|CS|TAMS 0x000000008b700000, 0x000000008b700000| Complete 
| 184|0x000000008b800000, 0x000000008b900000, 0x000000008b900000|100%| E|CS|TAMS 0x000000008b800000, 0x000000008b800000| Complete 

Card table byte_map: [0x000002c24b080000,0x000002c24b480000] _byte_map_base: 0x000002c24ac80000

Marking Bits (Prev, Next): (CMBitMap*) 0x000002c23795aab8, (CMBitMap*) 0x000002c23795aaf0
 Prev Bits: [0x000002c24b880000, 0x000002c24d880000)
 Next Bits: [0x000002c24d880000, 0x000002c24f880000)

Polling page: 0x000002c236140000

Metaspace:

Usage:
  Non-class:     45.48 MB capacity,    44.37 MB ( 98%) used,   999.98 KB (  2%) free+waste,   140.63 KB ( <1%) overhead. 
      Class:      7.01 MB capacity,     6.51 MB ( 93%) used,   444.62 KB (  6%) free+waste,    67.44 KB ( <1%) overhead. 
       Both:     52.50 MB capacity,    50.88 MB ( 97%) used,     1.41 MB (  3%) free+waste,   208.06 KB ( <1%) overhead. 

Virtual space:
  Non-class space:       46.00 MB reserved,      45.57 MB (>99%) committed 
      Class space:        1.00 GB reserved,       7.13 MB ( <1%) committed 
             Both:        1.04 GB reserved,      52.70 MB (  5%) committed 

Chunk freelists:
   Non-Class:  24.00 KB
       Class:  20.00 KB
        Both:  44.00 KB

MaxMetaspaceSize: 17179869184.00 GB
CompressedClassSpaceSize: 1.00 GB

CodeHeap 'non-profiled nmethods': size=120064Kb used=2951Kb max_used=2951Kb free=117112Kb
 bounds [0x000002c242ef0000, 0x000002c2431e0000, 0x000002c24a430000]
CodeHeap 'profiled nmethods': size=120000Kb used=11695Kb max_used=11695Kb free=108304Kb
 bounds [0x000002c23b9c0000, 0x000002c23c530000, 0x000002c242ef0000]
CodeHeap 'non-nmethods': size=5696Kb used=2224Kb max_used=2266Kb free=3471Kb
 bounds [0x000002c23b430000, 0x000002c23b6a0000, 0x000002c23b9c0000]
 total_blobs=6483 nmethods=5686 adapters=709
 compilation: enabled
              stopped_count=0, restarted_count=0
 full_count=0

Compilation events (20 events):
Event: 6.343 Thread 0x000002c252162000 5688       3       org.gradle.internal.serialize.kryo.KryoBackedEncoder::writeSmallInt (11 bytes)
Event: 6.343 Thread 0x000002c252162000 nmethod 5688 0x000002c23c51db10 code [0x000002c23c51dce0, 0x000002c23c51de88]
Event: 6.355 Thread 0x000002c252162000 5690       3       jdk.internal.loader.ClassLoaders::bootLoader (4 bytes)
Event: 6.355 Thread 0x000002c252162000 nmethod 5690 0x000002c23c51df90 code [0x000002c23c51e140, 0x000002c23c51e238]
Event: 6.356 Thread 0x000002c252162000 5691       3       com.google.common.cache.LocalCache::usesWriteQueue (5 bytes)
Event: 6.356 Thread 0x000002c252162000 nmethod 5691 0x000002c23c51e290 code [0x000002c23c51e440, 0x000002c23c51e618]
Event: 6.356 Thread 0x000002c252162000 5692       3       java.net.URL::openConnection (9 bytes)
Event: 6.356 Thread 0x000002c252162000 nmethod 5692 0x000002c23c51e710 code [0x000002c23c51e8c0, 0x000002c23c51ea88]
Event: 6.362 Thread 0x000002c252162000 5693       1       org.gradle.api.internal.collections.AbstractIterationOrderRetainingElementSource$Element::isRealized (5 bytes)
Event: 6.362 Thread 0x000002c252162000 nmethod 5693 0x000002c2431cc190 code [0x000002c2431cc340, 0x000002c2431cc3f8]
Event: 6.365 Thread 0x000002c252162000 5694       3       java.nio.HeapByteBuffer::getInt (25 bytes)
Event: 6.365 Thread 0x000002c252162000 nmethod 5694 0x000002c23c51eb90 code [0x000002c23c51ed80, 0x000002c23c51f248]
Event: 6.365 Thread 0x000002c252162000 5695       3       java.lang.reflect.ProxyGenerator$ProxyMethod::codeUnwrapReturnValue (213 bytes)
Event: 6.366 Thread 0x000002c252e92800 nmethod 5654 0x000002c2431cc490 code [0x000002c2431cc760, 0x000002c2431cee60]
Event: 6.366 Thread 0x000002c252e92800 5660       4       com.sun.beans.introspect.MethodInfo$MethodOrder::compare (167 bytes)
Event: 6.368 Thread 0x000002c252162000 nmethod 5695 0x000002c23c51f410 code [0x000002c23c51fa20, 0x000002c23c522e08]
Event: 6.371 Thread 0x000002c252162000 5696       3       java.util.regex.Pattern::range (292 bytes)
Event: 6.374 Thread 0x000002c252162000 nmethod 5696 0x000002c23c524010 code [0x000002c23c5244c0, 0x000002c23c526748]
Event: 6.376 Thread 0x000002c252e92800 nmethod 5660 0x000002c2431d0410 code [0x000002c2431d0620, 0x000002c2431d0ea0]
Event: 6.376 Thread 0x000002c252e92800 5681       4       groovy.lang.MetaClassImpl::addMetaMethodToIndex (65 bytes)

GC Heap History (18 events):
Event: 0.665 GC heap before
{Heap before GC invocations=0 (full 0):
 garbage-first heap   total 131072K, used 27648K [0x0000000080000000, 0x0000000100000000)
  region size 1024K, 22 young (22528K), 0 survivors (0K)
 Metaspace       used 9998K, capacity 10272K, committed 10368K, reserved 1058816K
  class space    used 1037K, capacity 1105K, committed 1152K, reserved 1048576K
}
Event: 0.671 GC heap after
{Heap after GC invocations=1 (full 0):
 garbage-first heap   total 131072K, used 9514K [0x0000000080000000, 0x0000000100000000)
  region size 1024K, 3 young (3072K), 3 survivors (3072K)
 Metaspace       used 9998K, capacity 10272K, committed 10368K, reserved 1058816K
  class space    used 1037K, capacity 1105K, committed 1152K, reserved 1048576K
}
Event: 0.974 GC heap before
{Heap before GC invocations=1 (full 0):
 garbage-first heap   total 131072K, used 28970K [0x0000000080000000, 0x0000000100000000)
  region size 1024K, 22 young (22528K), 3 survivors (3072K)
 Metaspace       used 11183K, capacity 11456K, committed 11520K, reserved 1058816K
  class space    used 1174K, capacity 1244K, committed 1280K, reserved 1048576K
}
Event: 0.978 GC heap after
{Heap after GC invocations=2 (full 0):
 garbage-first heap   total 131072K, used 10506K [0x0000000080000000, 0x0000000100000000)
  region size 1024K, 1 young (1024K), 1 survivors (1024K)
 Metaspace       used 11183K, capacity 11456K, committed 11520K, reserved 1058816K
  class space    used 1174K, capacity 1244K, committed 1280K, reserved 1048576K
}
Event: 1.745 GC heap before
{Heap before GC invocations=2 (full 0):
 garbage-first heap   total 131072K, used 59658K [0x0000000080000000, 0x0000000100000000)
  region size 1024K, 49 young (50176K), 1 survivors (1024K)
 Metaspace       used 17390K, capacity 17838K, committed 18048K, reserved 1064960K
  class space    used 2022K, capacity 2150K, committed 2176K, reserved 1048576K
}
Event: 1.752 GC heap after
{Heap after GC invocations=3 (full 0):
 garbage-first heap   total 131072K, used 16698K [0x0000000080000000, 0x0000000100000000)
  region size 1024K, 7 young (7168K), 7 survivors (7168K)
 Metaspace       used 17390K, capacity 17838K, committed 18048K, reserved 1064960K
  class space    used 2022K, capacity 2150K, committed 2176K, reserved 1048576K
}
Event: 2.146 GC heap before
{Heap before GC invocations=3 (full 0):
 garbage-first heap   total 131072K, used 45370K [0x0000000080000000, 0x0000000100000000)
  region size 1024K, 36 young (36864K), 7 survivors (7168K)
 Metaspace       used 20629K, capacity 21130K, committed 21296K, reserved 1069056K
  class space    used 2531K, capacity 2676K, committed 2688K, reserved 1048576K
}
Event: 2.156 GC heap after
{Heap after GC invocations=4 (full 0):
 garbage-first heap   total 131072K, used 17885K [0x0000000080000000, 0x0000000100000000)
  region size 1024K, 2 young (2048K), 2 survivors (2048K)
 Metaspace       used 20629K, capacity 21130K, committed 21296K, reserved 1069056K
  class space    used 2531K, capacity 2676K, committed 2688K, reserved 1048576K
}
Event: 2.778 GC heap before
{Heap before GC invocations=5 (full 0):
 garbage-first heap   total 131072K, used 71133K [0x0000000080000000, 0x0000000100000000)
  region size 1024K, 54 young (55296K), 2 survivors (2048K)
 Metaspace       used 26423K, capacity 27146K, committed 27184K, reserved 1073152K
  class space    used 3459K, capacity 3688K, committed 3712K, reserved 1048576K
}
Event: 2.784 GC heap after
{Heap after GC invocations=6 (full 0):
 garbage-first heap   total 157696K, used 19859K [0x0000000080000000, 0x0000000100000000)
  region size 1024K, 4 young (4096K), 4 survivors (4096K)
 Metaspace       used 26423K, capacity 27146K, committed 27184K, reserved 1073152K
  class space    used 3459K, capacity 3688K, committed 3712K, reserved 1048576K
}
Event: 3.684 GC heap before
{Heap before GC invocations=6 (full 0):
 garbage-first heap   total 157696K, used 96659K [0x0000000080000000, 0x0000000100000000)
  region size 1024K, 72 young (73728K), 4 survivors (4096K)
 Metaspace       used 34495K, capacity 35482K, committed 35632K, reserved 1079296K
  class space    used 4537K, capacity 4890K, committed 4992K, reserved 1048576K
}
Event: 3.694 GC heap after
{Heap after GC invocations=7 (full 0):
 garbage-first heap   total 157696K, used 35238K [0x0000000080000000, 0x0000000100000000)
  region size 1024K, 10 young (10240K), 10 survivors (10240K)
 Metaspace       used 34495K, capacity 35482K, committed 35632K, reserved 1079296K
  class space    used 4537K, capacity 4890K, committed 4992K, reserved 1048576K
}
Event: 4.516 GC heap before
{Heap before GC invocations=8 (full 0):
 garbage-first heap   total 157696K, used 105894K [0x0000000080000000, 0x0000000100000000)
  region size 1024K, 77 young (78848K), 10 survivors (10240K)
 Metaspace       used 42015K, capacity 43137K, committed 43336K, reserved 1087488K
  class space    used 5379K, capacity 5774K, committed 5888K, reserved 1048576K
}
Event: 4.527 GC heap after
{Heap after GC invocations=9 (full 0):
 garbage-first heap   total 157696K, used 40800K [0x0000000080000000, 0x0000000100000000)
  region size 1024K, 6 young (6144K), 6 survivors (6144K)
 Metaspace       used 42015K, capacity 43137K, committed 43336K, reserved 1087488K
  class space    used 5379K, capacity 5774K, committed 5888K, reserved 1048576K
}
Event: 5.288 GC heap before
{Heap before GC invocations=9 (full 0):
 garbage-first heap   total 157696K, used 116576K [0x0000000080000000, 0x0000000100000000)
  region size 1024K, 73 young (74752K), 6 survivors (6144K)
 Metaspace       used 46390K, capacity 47656K, committed 47944K, reserved 1091584K
  class space    used 5879K, capacity 6330K, committed 6400K, reserved 1048576K
}
Event: 5.298 GC heap after
{Heap after GC invocations=10 (full 0):
 garbage-first heap   total 157696K, used 53824K [0x0000000080000000, 0x0000000100000000)
  region size 1024K, 10 young (10240K), 10 survivors (10240K)
 Metaspace       used 46390K, capacity 47656K, committed 47944K, reserved 1091584K
  class space    used 5879K, capacity 6330K, committed 6400K, reserved 1048576K
}
Event: 5.983 GC heap before
{Heap before GC invocations=10 (full 0):
 garbage-first heap   total 157696K, used 117312K [0x0000000080000000, 0x0000000100000000)
  region size 1024K, 72 young (73728K), 10 survivors (10240K)
 Metaspace       used 50065K, capacity 51507K, committed 51784K, reserved 1093632K
  class space    used 6407K, capacity 6886K, committed 6912K, reserved 1048576K
}
Event: 5.998 GC heap after
{Heap after GC invocations=11 (full 0):
 garbage-first heap   total 189440K, used 57004K [0x0000000080000000, 0x0000000100000000)
  region size 1024K, 4 young (4096K), 4 survivors (4096K)
 Metaspace       used 50065K, capacity 51507K, committed 51784K, reserved 1093632K
  class space    used 6407K, capacity 6886K, committed 6912K, reserved 1048576K
}

Deoptimization events (20 events):
Event: 6.274 Thread 0x000002c254090000 DEOPT PACKING pc=0x000002c23be9f8aa sp=0x000000f4903efbb0
Event: 6.274 Thread 0x000002c254090000 DEOPT UNPACKING pc=0x000002c23b456dde sp=0x000000f4903ef188 mode 0
Event: 6.283 Thread 0x000002c254090000 DEOPT PACKING pc=0x000002c23ba8312e sp=0x000000f4903f0220
Event: 6.283 Thread 0x000002c254090000 DEOPT UNPACKING pc=0x000002c23b456dde sp=0x000000f4903ef690 mode 0
Event: 6.285 Thread 0x000002c254090000 DEOPT PACKING pc=0x000002c23be9f8aa sp=0x000000f4903efbb0
Event: 6.285 Thread 0x000002c254090000 DEOPT UNPACKING pc=0x000002c23b456dde sp=0x000000f4903ef188 mode 0
Event: 6.290 Thread 0x000002c254090000 DEOPT PACKING pc=0x000002c23be9f8aa sp=0x000000f4903efbb0
Event: 6.290 Thread 0x000002c254090000 DEOPT UNPACKING pc=0x000002c23b456dde sp=0x000000f4903ef188 mode 0
Event: 6.346 Thread 0x000002c254090000 Uncommon trap: trap_request=0xffffffc6 fr.pc=0x000002c242fff084 relative=0x0000000000000224
Event: 6.346 Thread 0x000002c254090000 Uncommon trap: reason=bimorphic_or_optimized_type_check action=maybe_recompile pc=0x000002c242fff084 method=com.google.common.base.CharMatcher.indexIn(Ljava/lang/CharSequence;I)I @ 31 c2
Event: 6.346 Thread 0x000002c254090000 DEOPT PACKING pc=0x000002c242fff084 sp=0x000000f4903f8100
Event: 6.346 Thread 0x000002c254090000 DEOPT UNPACKING pc=0x000002c23b45662f sp=0x000000f4903f80a8 mode 2
Event: 6.346 Thread 0x000002c254090000 Uncommon trap: trap_request=0xffffffc6 fr.pc=0x000002c242fff084 relative=0x0000000000000224
Event: 6.346 Thread 0x000002c254090000 Uncommon trap: reason=bimorphic_or_optimized_type_check action=maybe_recompile pc=0x000002c242fff084 method=com.google.common.base.CharMatcher.indexIn(Ljava/lang/CharSequence;I)I @ 31 c2
Event: 6.346 Thread 0x000002c254090000 DEOPT PACKING pc=0x000002c242fff084 sp=0x000000f4903f8100
Event: 6.346 Thread 0x000002c254090000 DEOPT UNPACKING pc=0x000002c23b45662f sp=0x000000f4903f80a8 mode 2
Event: 6.348 Thread 0x000002c254090000 Uncommon trap: trap_request=0xffffffc6 fr.pc=0x000002c242fff084 relative=0x0000000000000224
Event: 6.348 Thread 0x000002c254090000 Uncommon trap: reason=bimorphic_or_optimized_type_check action=maybe_recompile pc=0x000002c242fff084 method=com.google.common.base.CharMatcher.indexIn(Ljava/lang/CharSequence;I)I @ 31 c2
Event: 6.348 Thread 0x000002c254090000 DEOPT PACKING pc=0x000002c242fff084 sp=0x000000f4903f99e0
Event: 6.348 Thread 0x000002c254090000 DEOPT UNPACKING pc=0x000002c23b45662f sp=0x000000f4903f9988 mode 2

Classes redefined (0 events):
No events

Internal exceptions (20 events):
Event: 6.241 Thread 0x000002c254090000 Exception <a 'java/security/PrivilegedActionException'{0x000000008a2f32a8}> (0x000000008a2f32a8) thrown at [./src/hotspot/share/prims/jvm.cpp, line 1306]
Event: 6.241 Thread 0x000002c254090000 Exception <a 'java/security/PrivilegedActionException'{0x000000008a2f6478}> (0x000000008a2f6478) thrown at [./src/hotspot/share/prims/jvm.cpp, line 1306]
Event: 6.241 Thread 0x000002c254090000 Exception <a 'java/security/PrivilegedActionException'{0x000000008a2f79e0}> (0x000000008a2f79e0) thrown at [./src/hotspot/share/prims/jvm.cpp, line 1306]
Event: 6.241 Thread 0x000002c254090000 Exception <a 'java/security/PrivilegedActionException'{0x000000008a2fac10}> (0x000000008a2fac10) thrown at [./src/hotspot/share/prims/jvm.cpp, line 1306]
Event: 6.241 Thread 0x000002c254090000 Exception <a 'java/security/PrivilegedActionException'{0x000000008a2fc178}> (0x000000008a2fc178) thrown at [./src/hotspot/share/prims/jvm.cpp, line 1306]
Event: 6.304 Thread 0x000002c254090000 Exception <a 'java/lang/ClassNotFoundException'{0x0000000089cfde98}: org/gradle/api/tasks/Delete_DecoratedBeanInfo> (0x0000000089cfde98) thrown at [./src/hotspot/share/classfile/systemDictionary.cpp, line 231]
Event: 6.305 Thread 0x000002c254090000 Exception <a 'java/lang/ClassNotFoundException'{0x0000000089b29018}: org/gradle/api/tasks/DeleteBeanInfo> (0x0000000089b29018) thrown at [./src/hotspot/share/classfile/systemDictionary.cpp, line 231]
Event: 6.306 Thread 0x000002c254090000 Exception <a 'java/lang/ClassNotFoundException'{0x0000000089b57718}: org/gradle/api/internal/ConventionTaskBeanInfo> (0x0000000089b57718) thrown at [./src/hotspot/share/classfile/systemDictionary.cpp, line 231]
Event: 6.307 Thread 0x000002c254090000 Exception <a 'java/lang/ClassNotFoundException'{0x0000000089b81eb8}: org/gradle/api/DefaultTaskBeanInfo> (0x0000000089b81eb8) thrown at [./src/hotspot/share/classfile/systemDictionary.cpp, line 231]
Event: 6.308 Thread 0x000002c254090000 Exception <a 'java/lang/ClassNotFoundException'{0x0000000089bb05d0}: org/gradle/api/internal/AbstractTaskBeanInfo> (0x0000000089bb05d0) thrown at [./src/hotspot/share/classfile/systemDictionary.cpp, line 231]
Event: 6.309 Thread 0x000002c254090000 Exception <a 'java/lang/ClassNotFoundException'{0x0000000089bdf1f8}: org/gradle/api/internal/AbstractTaskCustomizer> (0x0000000089bdf1f8) thrown at [./src/hotspot/share/classfile/systemDictionary.cpp, line 231]
Event: 6.313 Thread 0x000002c254090000 Exception <a 'java/lang/ClassNotFoundException'{0x0000000089a53528}: org/gradle/api/DefaultTaskCustomizer> (0x0000000089a53528) thrown at [./src/hotspot/share/classfile/systemDictionary.cpp, line 231]
Event: 6.316 Thread 0x000002c254090000 Exception <a 'java/lang/ClassNotFoundException'{0x0000000089ad6048}: org/gradle/api/internal/ConventionTaskCustomizer> (0x0000000089ad6048) thrown at [./src/hotspot/share/classfile/systemDictionary.cpp, line 231]
Event: 6.318 Thread 0x000002c254090000 Exception <a 'java/lang/ClassNotFoundException'{0x000000008990f8f8}: org/gradle/api/tasks/DeleteCustomizer> (0x000000008990f8f8) thrown at [./src/hotspot/share/classfile/systemDictionary.cpp, line 231]
Event: 6.319 Thread 0x000002c254090000 Exception <a 'java/lang/ClassNotFoundException'{0x000000008994f678}: org/gradle/api/tasks/Delete_DecoratedCustomizer> (0x000000008994f678) thrown at [./src/hotspot/share/classfile/systemDictionary.cpp, line 231]
Event: 6.339 Thread 0x000002c254090000 Exception <a 'java/lang/ClassNotFoundException'{0x0000000089870378}: build_ntizvycmhazpt1kkvs4bq7lqBeanInfo> (0x0000000089870378) thrown at [./src/hotspot/share/classfile/systemDictionary.cpp, line 231]
Event: 6.339 Thread 0x000002c254090000 Exception <a 'java/lang/ClassNotFoundException'{0x000000008987b310}: build_ntizvycmhazpt1kkvs4bq7lqCustomizer> (0x000000008987b310) thrown at [./src/hotspot/share/classfile/systemDictionary.cpp, line 231]
Event: 6.344 Thread 0x000002c254090000 Exception <a 'java/lang/ClassNotFoundException'{0x000000008970a718}: org/gradle/plugin/use/internal/PluginRequestCollector$PluginDependenciesSpecImplBeanInfo> (0x000000008970a718) thrown at [./src/hotspot/share/classfile/systemDictionary.cpp, line 231]
Event: 6.345 Thread 0x000002c254090000 Exception <a 'java/lang/ClassNotFoundException'{0x0000000089739500}: org/gradle/plugin/use/internal/PluginRequestCollector$PluginDependenciesSpecImplCustomizer> (0x0000000089739500) thrown at [./src/hotspot/share/classfile/systemDictionary.cpp, line 231]
Event: 6.350 Thread 0x000002c254090000 Exception <a 'java/lang/NoSuchMethodError'{0x00000000897b7b08}: 'void java.lang.invoke.DirectMethodHandle$Holder.invokeInterface(java.lang.Object, java.lang.Object)'> (0x00000000897b7b08) thrown at [./src/hotspot/share/interpreter/linkResolver.cpp, line 773]

Events (20 events):
Event: 6.376 loading class com/google/common/base/CharMatcher$JavaUpperCase
Event: 6.376 loading class com/google/common/base/CharMatcher$JavaUpperCase done
Event: 6.376 loading class com/google/common/base/CharMatcher$JavaDigit
Event: 6.376 loading class com/google/common/base/CharMatcher$JavaDigit done
Event: 6.377 loading class com/google/common/base/CharMatcher$JavaLetter
Event: 6.377 loading class com/google/common/base/CharMatcher$JavaLetter done
Event: 6.377 loading class com/google/common/base/CharMatcher$JavaLetterOrDigit
Event: 6.377 loading class com/google/common/base/CharMatcher$JavaLetterOrDigit done
Event: 6.377 loading class com/google/common/base/CharMatcher$Or
Event: 6.377 loading class com/google/common/base/CharMatcher$Or done
Event: 6.378 loading class com/google/common/base/CharMatcher$InRange
Event: 6.378 loading class com/google/common/base/CharMatcher$InRange done
Event: 6.378 loading class com/google/common/base/CharMatcher$Any
Event: 6.378 loading class com/google/common/base/CharMatcher$Any done
Event: 6.378 loading class com/google/common/base/CharMatcher$Negated
Event: 6.378 loading class com/google/common/base/CharMatcher$Negated done
Event: 6.379 loading class com/google/common/base/CharMatcher$And
Event: 6.379 loading class com/google/common/base/CharMatcher$And done
Event: 6.379 loading class com/google/common/base/CharMatcher$None
Event: 6.379 loading class com/google/common/base/CharMatcher$None done


Dynamic libraries:
0x00007ff6c8400000 - 0x00007ff6c840a000 	E:\AndroidStudio\jre\bin\java.exe
0x00007ffcf4a10000 - 0x00007ffcf4c05000 	C:\Windows\SYSTEM32\ntdll.dll
0x00007ffcf4360000 - 0x00007ffcf441e000 	C:\Windows\System32\KERNEL32.DLL
0x00007ffcf2590000 - 0x00007ffcf2858000 	C:\Windows\System32\KERNELBASE.dll
0x00007ffcf21b0000 - 0x00007ffcf22b0000 	C:\Windows\System32\ucrtbase.dll
0x00007ffce2e00000 - 0x00007ffce2e19000 	E:\AndroidStudio\jre\bin\jli.dll
0x00007ffce2de0000 - 0x00007ffce2df7000 	E:\AndroidStudio\jre\bin\VCRUNTIME140.dll
0x00007ffcf4430000 - 0x00007ffcf45d1000 	C:\Windows\System32\USER32.dll
0x00007ffcdb790000 - 0x00007ffcdba2a000 	C:\Windows\WinSxS\amd64_microsoft.windows.common-controls_6595b64144ccf1df_6.0.19041.1110_none_60b5254171f9507e\COMCTL32.dll
0x00007ffcf2460000 - 0x00007ffcf2482000 	C:\Windows\System32\win32u.dll
0x00007ffcf3750000 - 0x00007ffcf377b000 	C:\Windows\System32\GDI32.dll
0x00007ffcf38a0000 - 0x00007ffcf393e000 	C:\Windows\System32\msvcrt.dll
0x00007ffcf2350000 - 0x00007ffcf245d000 	C:\Windows\System32\gdi32full.dll
0x00007ffcf22b0000 - 0x00007ffcf234d000 	C:\Windows\System32\msvcp_win.dll
0x00007ffcf4740000 - 0x00007ffcf4770000 	C:\Windows\System32\IMM32.DLL
0x00007ffcdf2c0000 - 0x00007ffcdf35d000 	E:\AndroidStudio\jre\bin\msvcp140.dll
0x00007ffca4a40000 - 0x00007ffca5515000 	E:\AndroidStudio\jre\bin\server\jvm.dll
0x00007ffcf4670000 - 0x00007ffcf471e000 	C:\Windows\System32\ADVAPI32.dll
0x00007ffcf42b0000 - 0x00007ffcf434c000 	C:\Windows\System32\sechost.dll
0x00007ffcf2e20000 - 0x00007ffcf2f45000 	C:\Windows\System32\RPCRT4.dll
0x00007ffcf2db0000 - 0x00007ffcf2db8000 	C:\Windows\System32\PSAPI.DLL
0x00007ffce7d50000 - 0x00007ffce7d77000 	C:\Windows\SYSTEM32\WINMM.dll
0x00007ffcedbd0000 - 0x00007ffcedbd9000 	C:\Windows\SYSTEM32\WSOCK32.dll
0x00007ffceb2d0000 - 0x00007ffceb2da000 	C:\Windows\SYSTEM32\VERSION.dll
0x00007ffcf3940000 - 0x00007ffcf39ab000 	C:\Windows\System32\ws2_32.DLL
0x00007ffcf0030000 - 0x00007ffcf0042000 	C:\Windows\SYSTEM32\kernel.appcore.dll
0x00007ffceafc0000 - 0x00007ffceafd1000 	E:\AndroidStudio\jre\bin\verify.dll
0x00007ffcebf50000 - 0x00007ffcec134000 	C:\Windows\SYSTEM32\DBGHELP.DLL
0x00007ffce0520000 - 0x00007ffce054c000 	C:\Windows\SYSTEM32\dbgcore.DLL
0x00007ffcf29c0000 - 0x00007ffcf2a42000 	C:\Windows\System32\bcryptPrimitives.dll
0x00007ffcd83f0000 - 0x00007ffcd8419000 	E:\AndroidStudio\jre\bin\java.dll
0x00007ffcedbc0000 - 0x00007ffcedbcb000 	E:\AndroidStudio\jre\bin\jimage.dll
0x00007ffcda930000 - 0x00007ffcda948000 	E:\AndroidStudio\jre\bin\zip.dll
0x00007ffcf3b60000 - 0x00007ffcf42a4000 	C:\Windows\System32\SHELL32.dll
0x00007ffcf0230000 - 0x00007ffcf09c5000 	C:\Windows\SYSTEM32\windows.storage.dll
0x00007ffcf2a50000 - 0x00007ffcf2da5000 	C:\Windows\System32\combase.dll
0x00007ffcf1aa0000 - 0x00007ffcf1ace000 	C:\Windows\SYSTEM32\Wldp.dll
0x00007ffcf2fb0000 - 0x00007ffcf305d000 	C:\Windows\System32\SHCORE.dll
0x00007ffcf36f0000 - 0x00007ffcf3745000 	C:\Windows\System32\shlwapi.dll
0x00007ffcf2060000 - 0x00007ffcf207f000 	C:\Windows\SYSTEM32\profapi.dll
0x00007ffcd94c0000 - 0x00007ffcd94da000 	E:\AndroidStudio\jre\bin\net.dll
0x00007ffceb700000 - 0x00007ffceb80c000 	C:\Windows\SYSTEM32\WINHTTP.dll
0x00007ffcf1800000 - 0x00007ffcf186a000 	C:\Windows\system32\mswsock.dll
0x00007ffcd8340000 - 0x00007ffcd8354000 	E:\AndroidStudio\jre\bin\nio.dll
0x00007ffcedc70000 - 0x00007ffcedc97000 	C:\Users\Rostya\.gradle\native\e1d6ef7f7dcc3fd88c89a11ec53ec762bb8ba0a96d01ffa2cd45eb1d1d8dd5c5\windows-amd64\native-platform.dll
0x00007ffccb6f0000 - 0x00007ffccb834000 	C:\Users\Rostya\.gradle\native\5664cfc778a61ccfe75a443a1ab52a65af34e5dc3c78e0209fed803814484fcb\windows-amd64\native-platform-file-events.dll
0x00007ffceb080000 - 0x00007ffceb08a000 	E:\AndroidStudio\jre\bin\management.dll
0x00007ffceafb0000 - 0x00007ffceafbd000 	E:\AndroidStudio\jre\bin\management_ext.dll
0x00007ffcf1a00000 - 0x00007ffcf1a18000 	C:\Windows\SYSTEM32\CRYPTSP.dll
0x00007ffcf1180000 - 0x00007ffcf11b4000 	C:\Windows\system32\rsaenh.dll
0x00007ffcf2180000 - 0x00007ffcf21a7000 	C:\Windows\System32\bcrypt.dll
0x00007ffcf2020000 - 0x00007ffcf204e000 	C:\Windows\SYSTEM32\USERENV.dll
0x00007ffcf19f0000 - 0x00007ffcf19fc000 	C:\Windows\SYSTEM32\CRYPTBASE.dll
0x00007ffcf14f0000 - 0x00007ffcf152b000 	C:\Windows\SYSTEM32\IPHLPAPI.DLL
0x00007ffcf4420000 - 0x00007ffcf4428000 	C:\Windows\System32\NSI.dll
0x00007ffcebec0000 - 0x00007ffcebed7000 	C:\Windows\SYSTEM32\dhcpcsvc6.DLL
0x00007ffcebea0000 - 0x00007ffcebebd000 	C:\Windows\SYSTEM32\dhcpcsvc.DLL
0x00007ffcf1530000 - 0x00007ffcf15fb000 	C:\Windows\SYSTEM32\DNSAPI.dll

dbghelp: loaded successfully - version: 4.0.5 - missing functions: none
symbol engine: initialized successfully - sym options: 0x614 - pdb path: .;E:\AndroidStudio\jre\bin;C:\Windows\SYSTEM32;C:\Windows\WinSxS\amd64_microsoft.windows.common-controls_6595b64144ccf1df_6.0.19041.1110_none_60b5254171f9507e;E:\AndroidStudio\jre\bin\server;C:\Users\Rostya\.gradle\native\e1d6ef7f7dcc3fd88c89a11ec53ec762bb8ba0a96d01ffa2cd45eb1d1d8dd5c5\windows-amd64;C:\Users\Rostya\.gradle\native\5664cfc778a61ccfe75a443a1ab52a65af34e5dc3c78e0209fed803814484fcb\windows-amd64

VM Arguments:
jvm_args: --add-opens=java.base/java.util=ALL-UNNAMED --add-opens=java.base/java.lang=ALL-UNNAMED --add-opens=java.base/java.lang.invoke=ALL-UNNAMED --add-opens=java.base/java.util=ALL-UNNAMED --add-opens=java.prefs/java.util.prefs=ALL-UNNAMED --add-opens=java.prefs/java.util.prefs=ALL-UNNAMED --add-opens=java.base/java.nio.charset=ALL-UNNAMED --add-opens=java.base/java.net=ALL-UNNAMED --add-opens=java.base/java.util.concurrent.atomic=ALL-UNNAMED -Xmx2048m -Dfile.encoding=UTF-8 -Duser.country=RU -Duser.language=ru -Duser.variant 
java_command: org.gradle.launcher.daemon.bootstrap.GradleDaemon 7.2
java_class_path (initial): C:\Users\Rostya\.gradle\wrapper\dists\gradle-7.2-bin\2dnblmf4td7x66yl1d74lt32g\gradle-7.2\lib\gradle-launcher-7.2.jar
Launcher Type: SUN_STANDARD

[Global flags]
     intx CICompilerCount                          = 3                                         {product} {ergonomic}
     uint ConcGCThreads                            = 2                                         {product} {ergonomic}
     uint G1ConcRefinementThreads                  = 6                                         {product} {ergonomic}
   size_t G1HeapRegionSize                         = 1048576                                   {product} {ergonomic}
    uintx GCDrainStackTargetSize                   = 64                                        {product} {ergonomic}
   size_t InitialHeapSize                          = 134217728                                 {product} {ergonomic}
   size_t MarkStackSize                            = 4194304                                   {product} {ergonomic}
   size_t MaxHeapSize                              = 2147483648                                {product} {command line}
   size_t MaxNewSize                               = 1287651328                                {product} {ergonomic}
   size_t MinHeapDeltaBytes                        = 1048576                                   {product} {ergonomic}
    uintx NonNMethodCodeHeapSize                   = 5830732                                {pd product} {ergonomic}
    uintx NonProfiledCodeHeapSize                  = 122913754                              {pd product} {ergonomic}
    uintx ProfiledCodeHeapSize                     = 122913754                              {pd product} {ergonomic}
    uintx ReservedCodeCacheSize                    = 251658240                              {pd product} {ergonomic}
     bool SegmentedCodeCache                       = true                                      {product} {ergonomic}
     bool UseCompressedClassPointers               = true                                 {lp64_product} {ergonomic}
     bool UseCompressedOops                        = true                                 {lp64_product} {ergonomic}
     bool UseG1GC                                  = true                                      {product} {ergonomic}
     bool UseLargePagesIndividualAllocation        = false                                  {pd product} {ergonomic}

Logging:
Log output configuration:
 #0: stdout all=warning uptime,level,tags
 #1: stderr all=off uptime,level,tags

Environment Variables:
PATH=C:\Program Files\Common Files\Oracle\Java\javapath;C:\Windows\system32;C:\Windows;C:\Windows\System32\Wbem;C:\Windows\System32\WindowsPowerShell\v1.0\;C:\Windows\System32\OpenSSH\;C:\Program Files\Git\cmd;C:\Users\Rostya\AppData\Local\Microsoft\WindowsApps
USERNAME=Rostya
OS=Windows_NT
PROCESSOR_IDENTIFIER=AMD64 Family 21 Model 2 Stepping 0, AuthenticAMD



---------------  S Y S T E M  ---------------

OS: Windows 10 , 64 bit Build 19041 (10.0.19041.1466)
OS uptime: 0 days 0:43 hours

CPU:total 6 (initial active 6) (6 cores per cpu, 1 threads per core) family 21 model 2 stepping 0 microcode 0x0, cmov, cx8, fxsr, mmx, sse, sse2, sse3, ssse3, sse4.1, sse4.2, popcnt, avx, aes, clmul, mmxext, 3dnowpref, lzcnt, sse4a, tsc, tscinvbit, tscinv, bmi1, fma

Memory: 4k page, system-wide physical 8088M (2347M free)
TotalPageFile size 8088M (AvailPageFile size 5M)
current process WorkingSet (physical memory assigned to process): 346M, peak: 346M
current process commit charge ("private bytes"): 396M, peak: 396M

vm_info: OpenJDK 64-Bit Server VM (11.0.11+9-b60-7590822) for windows-amd64 JRE (11.0.11+9-b60-7590822), built on Jul 29 2021 21:43:44 by "builder" with MS VC++ 14.0 (VS2015)

END.
