#
# There is insufficient memory for the Java Runtime Environment to continue.
# Native memory allocation (malloc) failed to allocate 1089776 bytes for Chunk::new
# Possible reasons:
#   The system is out of physical RAM or swap space
#   The process is running with CompressedOops enabled, and the Java Heap may be blocking the growth of the native heap
# Possible solutions:
#   Reduce memory load on the system
#   Increase physical memory or swap space
#   Check if swap backing store is full
#   Decrease Java heap size (-Xmx/-Xms)
#   Decrease number of Java threads
#   Decrease Java thread stack sizes (-Xss)
#   Set larger code cache with -XX:ReservedCodeCacheSize=
#   JVM is running with Unscaled Compressed Oops mode in which the Java heap is
#     placed in the first 4GB address space. The Java Heap base address is the
#     maximum limit for the native heap growth. Please use -XX:HeapBaseMinAddress
#     to set the Java Heap base and to place the Java Heap above 4GB virtual address.
# This output file may be truncated or incomplete.
#
#  Out of Memory Error (./src/hotspot/share/memory/arena.cpp:197), pid=7040, tid=7768
#
# JRE version: OpenJDK Runtime Environment (11.0.11+9) (build 11.0.11+9-b60-7590822)
# Java VM: OpenJDK 64-Bit Server VM (11.0.11+9-b60-7590822, mixed mode, tiered, compressed oops, g1 gc, windows-amd64)
# No core dump will be written. Minidumps are not enabled by default on client versions of Windows
#

---------------  S U M M A R Y ------------

Command Line: --add-opens=java.base/java.util=ALL-UNNAMED --add-opens=java.base/java.lang=ALL-UNNAMED --add-opens=java.base/java.lang.invoke=ALL-UNNAMED --add-opens=java.base/java.util=ALL-UNNAMED --add-opens=java.prefs/java.util.prefs=ALL-UNNAMED --add-opens=java.prefs/java.util.prefs=ALL-UNNAMED --add-opens=java.base/java.nio.charset=ALL-UNNAMED --add-opens=java.base/java.net=ALL-UNNAMED --add-opens=java.base/java.util.concurrent.atomic=ALL-UNNAMED -Xmx2048m -Dfile.encoding=UTF-8 -Duser.country=RU -Duser.language=ru -Duser.variant org.gradle.launcher.daemon.bootstrap.GradleDaemon 7.2

Host: AMD FX(tm)-6350 Six-Core Processor             , 6 cores, 7G,  Windows 10 , 64 bit Build 19041 (10.0.19041.1466)
Time: Fri Feb  4 12:02:52 2022 Новосибирское стандартное время elapsed time: 6.932597 seconds (0d 0h 0m 6s)

---------------  T H R E A D  ---------------

Current thread (0x000002657d8ad800):  JavaThread "C2 CompilerThread1" daemon [_thread_in_native, id=7768, stack(0x000000d114700000,0x000000d114800000)]


Current CompileTask:
C2:   6932 6190       4       java.util.TreeMap::put (247 bytes)

Stack: [0x000000d114700000,0x000000d114800000]
Native frames: (J=compiled Java code, j=interpreted, Vv=VM code, C=native code)
V  [jvm.dll+0x5f214a]
V  [jvm.dll+0x726fb5]
V  [jvm.dll+0x7285cd]
V  [jvm.dll+0x728c83]
V  [jvm.dll+0x243278]
V  [jvm.dll+0xbc53c]
V  [jvm.dll+0xbca3c]
V  [jvm.dll+0x353e3b]
V  [jvm.dll+0x321893]
V  [jvm.dll+0x320d8a]
V  [jvm.dll+0x1fc1e2]
V  [jvm.dll+0x1fb3d4]
V  [jvm.dll+0x183d6c]
V  [jvm.dll+0x209a57]
V  [jvm.dll+0x2082a1]
V  [jvm.dll+0x6ef58f]
V  [jvm.dll+0x6e80b5]
V  [jvm.dll+0x5f1036]
C  [ucrtbase.dll+0x21bb2]
C  [KERNEL32.DLL+0x17034]
C  [ntdll.dll+0x52651]


---------------  P R O C E S S  ---------------

Threads class SMR info:
_java_thread_list=0x00000265102a9d30, length=101, elements={
0x0000026571b55000, 0x000002657cb7f800, 0x000002657cb88800, 0x000002657cb9b000,
0x000002657cb9d000, 0x000002657cb9e800, 0x000002657cbae800, 0x000002657cbb7000,
0x000002657cbb8800, 0x000002657d661000, 0x000002657d8ad800, 0x000002650f880800,
0x000002650fa91000, 0x000002650f4ee000, 0x000002657ecc7800, 0x000002650f3e3800,
0x000002650f321800, 0x000002650f322000, 0x000002657ec38800, 0x000002657ec39000,
0x000002657e643000, 0x000002657e643800, 0x000002657e641800, 0x000002657e642000,
0x0000026510af8000, 0x0000026510afe000, 0x0000026510afc000, 0x0000026510afe800,
0x0000026510af9000, 0x0000026510afa800, 0x0000026510afd000, 0x0000026510afb800,
0x0000026510aff800, 0x0000026510af9800, 0x0000026510b02800, 0x0000026510b02000,
0x0000026510b03800, 0x0000026510b06000, 0x0000026510b00000, 0x0000026510b05000,
0x000002651396e800, 0x0000026513969000, 0x000002651396b800, 0x000002651396f800,
0x000002651396a800, 0x000002651396a000, 0x000002651396d000, 0x0000026513970800,
0x0000026513972000, 0x0000026513971000, 0x000002651396c800, 0x0000026513973000,
0x0000026513973800, 0x000002651396e000, 0x0000026513976000, 0x0000026513974800,
0x0000026513977000, 0x0000026513977800, 0x0000026513975800, 0x00000265101a1800,
0x000002651019f000, 0x00000265101a0800, 0x00000265101a0000, 0x00000265101a5000,
0x00000265101a3000, 0x00000265101a5800, 0x00000265101a6800, 0x00000265101a4000,
0x00000265101a7800, 0x00000265101a8000, 0x00000265101a2800, 0x00000265101ab800,
0x00000265101ac000, 0x00000265101ad000, 0x00000265101a9000, 0x00000265101ae000,
0x00000265101a9800, 0x00000265101aa800, 0x000002657da6c000, 0x000002657da6e000,
0x000002657da6f800, 0x000002657da6e800, 0x000002657da6d000, 0x000002657da70000,
0x000002657da71000, 0x000002657da6b800, 0x000002657da72800, 0x000002657da73800,
0x000002657da74800, 0x000002657da77800, 0x000002657da72000, 0x000002657da76000,
0x000002657da75000, 0x000002657da7a000, 0x000002657da79000, 0x000002657da78800,
0x000002657da76800, 0x0000026510249800, 0x000002651024c000, 0x0000026510248000,
0x000002651024a800
}

Java Threads: ( => current thread )
  0x0000026571b55000 JavaThread "main" [_thread_blocked, id=8148, stack(0x000000d113600000,0x000000d113700000)]
  0x000002657cb7f800 JavaThread "Reference Handler" daemon [_thread_blocked, id=7980, stack(0x000000d113d00000,0x000000d113e00000)]
  0x000002657cb88800 JavaThread "Finalizer" daemon [_thread_blocked, id=4960, stack(0x000000d113e00000,0x000000d113f00000)]
  0x000002657cb9b000 JavaThread "Signal Dispatcher" daemon [_thread_blocked, id=7996, stack(0x000000d113f00000,0x000000d114000000)]
  0x000002657cb9d000 JavaThread "Attach Listener" daemon [_thread_blocked, id=2308, stack(0x000000d114000000,0x000000d114100000)]
  0x000002657cb9e800 JavaThread "Service Thread" daemon [_thread_blocked, id=8096, stack(0x000000d114100000,0x000000d114200000)]
  0x000002657cbae800 JavaThread "C2 CompilerThread0" daemon [_thread_in_native, id=8408, stack(0x000000d114200000,0x000000d114300000)]
  0x000002657cbb7000 JavaThread "C1 CompilerThread0" daemon [_thread_blocked, id=4024, stack(0x000000d114300000,0x000000d114400000)]
  0x000002657cbb8800 JavaThread "Sweeper thread" daemon [_thread_blocked, id=8284, stack(0x000000d114400000,0x000000d114500000)]
  0x000002657d661000 JavaThread "Common-Cleaner" daemon [_thread_blocked, id=4980, stack(0x000000d114500000,0x000000d114600000)]
=>0x000002657d8ad800 JavaThread "C2 CompilerThread1" daemon [_thread_in_native, id=7768, stack(0x000000d114700000,0x000000d114800000)]
  0x000002650f880800 JavaThread "Daemon health stats" [_thread_blocked, id=6080, stack(0x000000d114a00000,0x000000d114b00000)]
  0x000002650fa91000 JavaThread "Incoming local TCP Connector on port 57447" [_thread_in_native, id=2268, stack(0x000000d114b00000,0x000000d114c00000)]
  0x000002650f4ee000 JavaThread "Daemon periodic checks" [_thread_blocked, id=2592, stack(0x000000d114c00000,0x000000d114d00000)]
  0x000002657ecc7800 JavaThread "Daemon" [_thread_blocked, id=6192, stack(0x000000d114d00000,0x000000d114e00000)]
  0x000002650f3e3800 JavaThread "Handler for socket connection from /127.0.0.1:57447 to /127.0.0.1:57448" [_thread_in_native, id=8840, stack(0x000000d114e00000,0x000000d114f00000)]
  0x000002650f321800 JavaThread "Cancel handler" [_thread_blocked, id=1948, stack(0x000000d115200000,0x000000d115300000)]
  0x000002650f322000 JavaThread "Daemon worker" [_thread_in_Java, id=6368, stack(0x000000d115300000,0x000000d115400000)]
  0x000002657ec38800 JavaThread "Asynchronous log dispatcher for DefaultDaemonConnection: socket connection from /127.0.0.1:57447 to /127.0.0.1:57448" [_thread_blocked, id=1700, stack(0x000000d115400000,0x000000d115500000)]
  0x000002657ec39000 JavaThread "Stdin handler" [_thread_blocked, id=1992, stack(0x000000d115500000,0x000000d115600000)]
  0x000002657e643000 JavaThread "Daemon client event forwarder" [_thread_blocked, id=2372, stack(0x000000d115600000,0x000000d115700000)]
  0x000002657e643800 JavaThread "Cache worker for journal cache (C:\Users\Rostya\.gradle\caches\journal-1)" [_thread_blocked, id=8680, stack(0x000000d115700000,0x000000d115800000)]
  0x000002657e641800 JavaThread "File lock request listener" [_thread_in_native, id=8500, stack(0x000000d115800000,0x000000d115900000)]
  0x000002657e642000 JavaThread "Cache worker for file hash cache (C:\Users\Rostya\.gradle\caches\7.2\fileHashes)" [_thread_blocked, id=4192, stack(0x000000d115a00000,0x000000d115b00000)]
  0x0000026510af8000 JavaThread "Cache worker for file hash cache (E:\Program Files\androidProjects\GeoQuiz\.gradle\7.2\fileHashes)" [_thread_blocked, id=8224, stack(0x000000d115b00000,0x000000d115c00000)]
  0x0000026510afe000 JavaThread "File watcher server" daemon [_thread_in_native, id=2140, stack(0x000000d115c00000,0x000000d115d00000)]
  0x0000026510afc000 JavaThread "File watcher consumer" daemon [_thread_blocked, id=708, stack(0x000000d115d00000,0x000000d115e00000)]
  0x0000026510afe800 JavaThread "jar transforms" [_thread_blocked, id=832, stack(0x000000d115e00000,0x000000d115f00000)]
  0x0000026510af9000 JavaThread "jar transforms Thread 2" [_thread_blocked, id=6768, stack(0x000000d115f00000,0x000000d116000000)]
  0x0000026510afa800 JavaThread "jar transforms Thread 3" [_thread_blocked, id=5148, stack(0x000000d116000000,0x000000d116100000)]
  0x0000026510afd000 JavaThread "jar transforms Thread 4" [_thread_blocked, id=2744, stack(0x000000d116100000,0x000000d116200000)]
  0x0000026510afb800 JavaThread "jar transforms Thread 5" [_thread_blocked, id=2384, stack(0x000000d116200000,0x000000d116300000)]
  0x0000026510aff800 JavaThread "jar transforms Thread 6" [_thread_blocked, id=7572, stack(0x000000d116300000,0x000000d116400000)]
  0x0000026510af9800 JavaThread "Cache worker for checksums cache (E:\Program Files\androidProjects\GeoQuiz\.gradle\checksums)" [_thread_blocked, id=7804, stack(0x000000d116400000,0x000000d116500000)]
  0x0000026510b02800 JavaThread "Cache worker for cache directory md-supplier (C:\Users\Rostya\.gradle\caches\7.2\md-supplier)" [_thread_blocked, id=7204, stack(0x000000d116500000,0x000000d116600000)]
  0x0000026510b02000 JavaThread "Cache worker for cache directory md-rule (C:\Users\Rostya\.gradle\caches\7.2\md-rule)" [_thread_blocked, id=4920, stack(0x000000d116600000,0x000000d116700000)]
  0x0000026510b03800 JavaThread "Cache worker for execution history cache (C:\Users\Rostya\.gradle\caches\7.2\executionHistory)" [_thread_blocked, id=7548, stack(0x000000d116700000,0x000000d116800000)]
  0x0000026510b06000 JavaThread "Cache worker for file content cache (C:\Users\Rostya\.gradle\caches\7.2\fileContent)" [_thread_blocked, id=7088, stack(0x000000d116800000,0x000000d116900000)]
  0x0000026510b00000 JavaThread "Cache worker for dependencies-accessors (E:\Program Files\androidProjects\GeoQuiz\.gradle\7.2\dependencies-accessors)" [_thread_blocked, id=8664, stack(0x000000d116900000,0x000000d116a00000)]
  0x0000026510b05000 JavaThread "Cache worker for Build Output Cleanup Cache (E:\Program Files\androidProjects\GeoQuiz\.gradle\buildOutputCleanup)" [_thread_blocked, id=4744, stack(0x000000d116a00000,0x000000d116b00000)]
  0x000002651396e800 JavaThread "Unconstrained build operations" [_thread_blocked, id=4488, stack(0x000000d116b00000,0x000000d116c00000)]
  0x0000026513969000 JavaThread "Unconstrained build operations Thread 2" [_thread_blocked, id=8532, stack(0x000000d116c00000,0x000000d116d00000)]
  0x000002651396b800 JavaThread "Unconstrained build operations Thread 3" [_thread_blocked, id=8928, stack(0x000000d116d00000,0x000000d116e00000)]
  0x000002651396f800 JavaThread "Unconstrained build operations Thread 4" [_thread_blocked, id=8292, stack(0x000000d116e00000,0x000000d116f00000)]
  0x000002651396a800 JavaThread "Unconstrained build operations Thread 5" [_thread_blocked, id=7812, stack(0x000000d116f00000,0x000000d117000000)]
  0x000002651396a000 JavaThread "Unconstrained build operations Thread 6" [_thread_blocked, id=1404, stack(0x000000d117000000,0x000000d117100000)]
  0x000002651396d000 JavaThread "Unconstrained build operations Thread 7" [_thread_blocked, id=9124, stack(0x000000d117100000,0x000000d117200000)]
  0x0000026513970800 JavaThread "Unconstrained build operations Thread 8" [_thread_blocked, id=7932, stack(0x000000d117200000,0x000000d117300000)]
  0x0000026513972000 JavaThread "Unconstrained build operations Thread 9" [_thread_blocked, id=5752, stack(0x000000d117300000,0x000000d117400000)]
  0x0000026513971000 JavaThread "Unconstrained build operations Thread 10" [_thread_blocked, id=4604, stack(0x000000d117400000,0x000000d117500000)]
  0x000002651396c800 JavaThread "Unconstrained build operations Thread 11" [_thread_blocked, id=6276, stack(0x000000d117500000,0x000000d117600000)]
  0x0000026513973000 JavaThread "Unconstrained build operations Thread 12" [_thread_blocked, id=8692, stack(0x000000d117600000,0x000000d117700000)]
  0x0000026513973800 JavaThread "Unconstrained build operations Thread 13" [_thread_blocked, id=8584, stack(0x000000d117700000,0x000000d117800000)]
  0x000002651396e000 JavaThread "Unconstrained build operations Thread 14" [_thread_blocked, id=8424, stack(0x000000d117800000,0x000000d117900000)]
  0x0000026513976000 JavaThread "Unconstrained build operations Thread 15" [_thread_blocked, id=4732, stack(0x000000d117900000,0x000000d117a00000)]
  0x0000026513974800 JavaThread "Unconstrained build operations Thread 16" [_thread_blocked, id=7432, stack(0x000000d117a00000,0x000000d117b00000)]
  0x0000026513977000 JavaThread "Unconstrained build operations Thread 17" [_thread_blocked, id=1132, stack(0x000000d117b00000,0x000000d117c00000)]
  0x0000026513977800 JavaThread "Unconstrained build operations Thread 18" [_thread_blocked, id=7584, stack(0x000000d117c00000,0x000000d117d00000)]
  0x0000026513975800 JavaThread "Unconstrained build operations Thread 19" [_thread_blocked, id=1804, stack(0x000000d117d00000,0x000000d117e00000)]
  0x00000265101a1800 JavaThread "Unconstrained build operations Thread 20" [_thread_blocked, id=4380, stack(0x000000d117e00000,0x000000d117f00000)]
  0x000002651019f000 JavaThread "Unconstrained build operations Thread 21" [_thread_blocked, id=8460, stack(0x000000d117f00000,0x000000d118000000)]
  0x00000265101a0800 JavaThread "Unconstrained build operations Thread 22" [_thread_blocked, id=2680, stack(0x000000d118000000,0x000000d118100000)]
  0x00000265101a0000 JavaThread "Unconstrained build operations Thread 23" [_thread_blocked, id=8484, stack(0x000000d118100000,0x000000d118200000)]
  0x00000265101a5000 JavaThread "Unconstrained build operations Thread 24" [_thread_blocked, id=4628, stack(0x000000d118200000,0x000000d118300000)]
  0x00000265101a3000 JavaThread "Unconstrained build operations Thread 25" [_thread_blocked, id=6072, stack(0x000000d118300000,0x000000d118400000)]
  0x00000265101a5800 JavaThread "Unconstrained build operations Thread 26" [_thread_blocked, id=1160, stack(0x000000d118400000,0x000000d118500000)]
  0x00000265101a6800 JavaThread "Unconstrained build operations Thread 27" [_thread_blocked, id=6336, stack(0x000000d118500000,0x000000d118600000)]
  0x00000265101a4000 JavaThread "Unconstrained build operations Thread 28" [_thread_blocked, id=8372, stack(0x000000d118600000,0x000000d118700000)]
  0x00000265101a7800 JavaThread "Unconstrained build operations Thread 29" [_thread_blocked, id=1588, stack(0x000000d118700000,0x000000d118800000)]
  0x00000265101a8000 JavaThread "Unconstrained build operations Thread 30" [_thread_blocked, id=5696, stack(0x000000d118800000,0x000000d118900000)]
  0x00000265101a2800 JavaThread "Unconstrained build operations Thread 31" [_thread_blocked, id=4468, stack(0x000000d118900000,0x000000d118a00000)]
  0x00000265101ab800 JavaThread "Unconstrained build operations Thread 32" [_thread_blocked, id=9144, stack(0x000000d118a00000,0x000000d118b00000)]
  0x00000265101ac000 JavaThread "Unconstrained build operations Thread 33" [_thread_blocked, id=6140, stack(0x000000d118b00000,0x000000d118c00000)]
  0x00000265101ad000 JavaThread "Unconstrained build operations Thread 34" [_thread_blocked, id=5488, stack(0x000000d118c00000,0x000000d118d00000)]
  0x00000265101a9000 JavaThread "Unconstrained build operations Thread 35" [_thread_blocked, id=1512, stack(0x000000d118d00000,0x000000d118e00000)]
  0x00000265101ae000 JavaThread "Unconstrained build operations Thread 36" [_thread_blocked, id=7248, stack(0x000000d118e00000,0x000000d118f00000)]
  0x00000265101a9800 JavaThread "Unconstrained build operations Thread 37" [_thread_blocked, id=7564, stack(0x000000d118f00000,0x000000d119000000)]
  0x00000265101aa800 JavaThread "Unconstrained build operations Thread 38" [_thread_blocked, id=8328, stack(0x000000d119000000,0x000000d119100000)]
  0x000002657da6c000 JavaThread "Unconstrained build operations Thread 39" [_thread_blocked, id=5996, stack(0x000000d119100000,0x000000d119200000)]
  0x000002657da6e000 JavaThread "Unconstrained build operations Thread 40" [_thread_blocked, id=1780, stack(0x000000d119200000,0x000000d119300000)]
  0x000002657da6f800 JavaThread "Unconstrained build operations Thread 41" [_thread_blocked, id=1360, stack(0x000000d119300000,0x000000d119400000)]
  0x000002657da6e800 JavaThread "Unconstrained build operations Thread 42" [_thread_blocked, id=3524, stack(0x000000d119400000,0x000000d119500000)]
  0x000002657da6d000 JavaThread "Unconstrained build operations Thread 43" [_thread_blocked, id=4636, stack(0x000000d119500000,0x000000d119600000)]
  0x000002657da70000 JavaThread "Unconstrained build operations Thread 44" [_thread_blocked, id=8524, stack(0x000000d119600000,0x000000d119700000)]
  0x000002657da71000 JavaThread "Unconstrained build operations Thread 45" [_thread_blocked, id=1136, stack(0x000000d119700000,0x000000d119800000)]
  0x000002657da6b800 JavaThread "Unconstrained build operations Thread 46" [_thread_blocked, id=3764, stack(0x000000d119800000,0x000000d119900000)]
  0x000002657da72800 JavaThread "Unconstrained build operations Thread 47" [_thread_blocked, id=3416, stack(0x000000d119900000,0x000000d119a00000)]
  0x000002657da73800 JavaThread "Unconstrained build operations Thread 48" [_thread_blocked, id=5340, stack(0x000000d119a00000,0x000000d119b00000)]
  0x000002657da74800 JavaThread "Unconstrained build operations Thread 49" [_thread_blocked, id=2388, stack(0x000000d119b00000,0x000000d119c00000)]
  0x000002657da77800 JavaThread "Unconstrained build operations Thread 50" [_thread_blocked, id=1840, stack(0x000000d119c00000,0x000000d119d00000)]
  0x000002657da72000 JavaThread "Unconstrained build operations Thread 51" [_thread_blocked, id=7052, stack(0x000000d119d00000,0x000000d119e00000)]
  0x000002657da76000 JavaThread "Unconstrained build operations Thread 52" [_thread_blocked, id=8308, stack(0x000000d119e00000,0x000000d119f00000)]
  0x000002657da75000 JavaThread "Unconstrained build operations Thread 53" [_thread_blocked, id=6292, stack(0x000000d119f00000,0x000000d11a000000)]
  0x000002657da7a000 JavaThread "Unconstrained build operations Thread 54" [_thread_blocked, id=3512, stack(0x000000d11a000000,0x000000d11a100000)]
  0x000002657da79000 JavaThread "Unconstrained build operations Thread 55" [_thread_blocked, id=1148, stack(0x000000d11a100000,0x000000d11a200000)]
  0x000002657da78800 JavaThread "Unconstrained build operations Thread 56" [_thread_blocked, id=1756, stack(0x000000d11a200000,0x000000d11a300000)]
  0x000002657da76800 JavaThread "Unconstrained build operations Thread 57" [_thread_blocked, id=8140, stack(0x000000d11a300000,0x000000d11a400000)]
  0x0000026510249800 JavaThread "Unconstrained build operations Thread 58" [_thread_blocked, id=6352, stack(0x000000d11a400000,0x000000d11a500000)]
  0x000002651024c000 JavaThread "Unconstrained build operations Thread 59" [_thread_blocked, id=7188, stack(0x000000d11a500000,0x000000d11a600000)]
  0x0000026510248000 JavaThread "Unconstrained build operations Thread 60" [_thread_blocked, id=1460, stack(0x000000d11a600000,0x000000d11a700000)]
  0x000002651024a800 JavaThread "Memory manager" [_thread_blocked, id=5308, stack(0x000000d11a700000,0x000000d11a800000)]

Other Threads:
  0x000002657cb7d800 VMThread "VM Thread" [stack: 0x000000d113c00000,0x000000d113d00000] [id=6460]
  0x000002657d6a3000 WatcherThread [stack: 0x000000d114600000,0x000000d114700000] [id=1128]
  0x0000026571b6e800 GCTaskThread "GC Thread#0" [stack: 0x000000d113700000,0x000000d113800000] [id=1156]
  0x000002657e25d800 GCTaskThread "GC Thread#1" [stack: 0x000000d114800000,0x000000d114900000] [id=9120]
  0x000002657e321800 GCTaskThread "GC Thread#2" [stack: 0x000000d114900000,0x000000d114a00000] [id=5140]
  0x000002650f80f000 GCTaskThread "GC Thread#3" [stack: 0x000000d114f00000,0x000000d115000000] [id=6988]
  0x000002650f80f800 GCTaskThread "GC Thread#4" [stack: 0x000000d115000000,0x000000d115100000] [id=1280]
  0x000002650f0e4800 GCTaskThread "GC Thread#5" [stack: 0x000000d115100000,0x000000d115200000] [id=2232]
  0x0000026571b9e800 ConcurrentGCThread "G1 Main Marker" [stack: 0x000000d113800000,0x000000d113900000] [id=5096]
  0x0000026571ba0000 ConcurrentGCThread "G1 Conc#0" [stack: 0x000000d113900000,0x000000d113a00000] [id=5444]
  0x000002650f93d800 ConcurrentGCThread "G1 Conc#1" [stack: 0x000000d115900000,0x000000d115a00000] [id=6956]
  0x0000026571c2d800 ConcurrentGCThread "G1 Refine#0" [stack: 0x000000d113a00000,0x000000d113b00000] [id=4060]
  0x0000026571c2e800 ConcurrentGCThread "G1 Young RemSet Sampling" [stack: 0x000000d113b00000,0x000000d113c00000] [id=5552]

Threads with active compile tasks:
C2 CompilerThread0   6963 6236       4       java.util.regex.Matcher::search (154 bytes)
C1 CompilerThread0   6963 6303       2       java.io.InputStream::readNBytes (274 bytes)
C2 CompilerThread1   6963 6190       4       java.util.TreeMap::put (247 bytes)

VM state:not at safepoint (normal execution)

VM Mutex/Monitor currently owned by a thread: None

Heap address: 0x0000000080000000, size: 2048 MB, Compressed Oops mode: 32-bit
Narrow klass base: 0x0000000000000000, Narrow klass shift: 3
Compressed class space size: 1073741824 Address: 0x0000000100000000

Heap:
 garbage-first heap   total 189440K, used 123016K [0x0000000080000000, 0x0000000100000000)
  region size 1024K, 59 young (60416K), 10 survivors (10240K)
 Metaspace       used 61988K, capacity 63705K, committed 63892K, reserved 1105920K
  class space    used 7879K, capacity 8471K, committed 8524K, reserved 1048576K
Heap Regions: E=young(eden), S=young(survivor), O=old, HS=humongous(starts), HC=humongous(continues), CS=collection set, F=free, A=archive, TAMS=top-at-mark-start (previous, next)
|   0|0x0000000080000000, 0x0000000080100000, 0x0000000080100000|100%| O|  |TAMS 0x0000000080100000, 0x0000000080000000| Untracked 
|   1|0x0000000080100000, 0x0000000080200000, 0x0000000080200000|100%| O|  |TAMS 0x0000000080200000, 0x0000000080100000| Untracked 
|   2|0x0000000080200000, 0x0000000080300000, 0x0000000080300000|100%| O|  |TAMS 0x0000000080300000, 0x0000000080200000| Untracked 
|   3|0x0000000080300000, 0x0000000080400000, 0x0000000080400000|100%|HS|  |TAMS 0x0000000080400000, 0x0000000080300000| Complete 
|   4|0x0000000080400000, 0x0000000080500000, 0x0000000080500000|100%|HC|  |TAMS 0x0000000080500000, 0x0000000080400000| Complete 
|   5|0x0000000080500000, 0x0000000080600000, 0x0000000080600000|100%|HC|  |TAMS 0x0000000080600000, 0x0000000080500000| Complete 
|   6|0x0000000080600000, 0x0000000080700000, 0x0000000080700000|100%| O|  |TAMS 0x0000000080700000, 0x0000000080600000| Untracked 
|   7|0x0000000080700000, 0x0000000080800000, 0x0000000080800000|100%| O|  |TAMS 0x0000000080800000, 0x0000000080700000| Untracked 
|   8|0x0000000080800000, 0x0000000080900000, 0x0000000080900000|100%| O|  |TAMS 0x0000000080900000, 0x0000000080800000| Untracked 
|   9|0x0000000080900000, 0x0000000080a00000, 0x0000000080a00000|100%| O|  |TAMS 0x0000000080a00000, 0x0000000080900000| Untracked 
|  10|0x0000000080a00000, 0x0000000080b00000, 0x0000000080b00000|100%| O|  |TAMS 0x0000000080b00000, 0x0000000080a00000| Untracked 
|  11|0x0000000080b00000, 0x0000000080c00000, 0x0000000080c00000|100%| O|  |TAMS 0x0000000080c00000, 0x0000000080b00000| Untracked 
|  12|0x0000000080c00000, 0x0000000080d00000, 0x0000000080d00000|100%| O|  |TAMS 0x0000000080d00000, 0x0000000080c00000| Untracked 
|  13|0x0000000080d00000, 0x0000000080e00000, 0x0000000080e00000|100%| O|  |TAMS 0x0000000080e00000, 0x0000000080d00000| Untracked 
|  14|0x0000000080e00000, 0x0000000080f00000, 0x0000000080f00000|100%| O|  |TAMS 0x0000000080f00000, 0x0000000080e00000| Untracked 
|  15|0x0000000080f00000, 0x0000000081000000, 0x0000000081000000|100%| O|  |TAMS 0x0000000081000000, 0x0000000080f00000| Untracked 
|  16|0x0000000081000000, 0x0000000081100000, 0x0000000081100000|100%|HS|  |TAMS 0x0000000081100000, 0x0000000081000000| Complete 
|  17|0x0000000081100000, 0x0000000081200000, 0x0000000081200000|100%|HC|  |TAMS 0x0000000081200000, 0x0000000081100000| Complete 
|  18|0x0000000081200000, 0x0000000081300000, 0x0000000081300000|100%|HS|  |TAMS 0x0000000081300000, 0x0000000081200000| Complete 
|  19|0x0000000081300000, 0x0000000081400000, 0x0000000081400000|100%|HC|  |TAMS 0x0000000081400000, 0x0000000081300000| Complete 
|  20|0x0000000081400000, 0x0000000081500000, 0x0000000081500000|100%|HC|  |TAMS 0x0000000081500000, 0x0000000081400000| Complete 
|  21|0x0000000081500000, 0x0000000081600000, 0x0000000081600000|100%|HS|  |TAMS 0x0000000081600000, 0x0000000081500000| Complete 
|  22|0x0000000081600000, 0x0000000081700000, 0x0000000081700000|100%|HC|  |TAMS 0x0000000081700000, 0x0000000081600000| Complete 
|  23|0x0000000081700000, 0x0000000081800000, 0x0000000081800000|100%|HC|  |TAMS 0x0000000081800000, 0x0000000081700000| Complete 
|  24|0x0000000081800000, 0x0000000081900000, 0x0000000081900000|100%|HC|  |TAMS 0x0000000081900000, 0x0000000081800000| Complete 
|  25|0x0000000081900000, 0x0000000081a00000, 0x0000000081a00000|100%| O|  |TAMS 0x0000000081a00000, 0x0000000081900000| Untracked 
|  26|0x0000000081a00000, 0x0000000081b00000, 0x0000000081b00000|100%| O|  |TAMS 0x0000000081b00000, 0x0000000081a00000| Untracked 
|  27|0x0000000081b00000, 0x0000000081c00000, 0x0000000081c00000|100%| O|  |TAMS 0x0000000081c00000, 0x0000000081b00000| Untracked 
|  28|0x0000000081c00000, 0x0000000081d00000, 0x0000000081d00000|100%| O|  |TAMS 0x0000000081d00000, 0x0000000081c00000| Untracked 
|  29|0x0000000081d00000, 0x0000000081e00000, 0x0000000081e00000|100%| O|  |TAMS 0x0000000081e00000, 0x0000000081d00000| Untracked 
|  30|0x0000000081e00000, 0x0000000081f00000, 0x0000000081f00000|100%| O|  |TAMS 0x0000000081f00000, 0x0000000081e00000| Untracked 
|  31|0x0000000081f00000, 0x0000000082000000, 0x0000000082000000|100%| O|  |TAMS 0x0000000082000000, 0x0000000081f00000| Untracked 
|  32|0x0000000082000000, 0x0000000082100000, 0x0000000082100000|100%| O|  |TAMS 0x0000000082100000, 0x0000000082000000| Untracked 
|  33|0x0000000082100000, 0x0000000082200000, 0x0000000082200000|100%| O|  |TAMS 0x0000000082105800, 0x0000000082100000| Untracked 
|  34|0x0000000082200000, 0x0000000082300000, 0x0000000082300000|100%|HS|  |TAMS 0x0000000082200000, 0x0000000082200000| Complete 
|  35|0x0000000082300000, 0x0000000082400000, 0x0000000082400000|100%|HC|  |TAMS 0x0000000082300000, 0x0000000082300000| Complete 
|  36|0x0000000082400000, 0x0000000082500000, 0x0000000082500000|100%|HC|  |TAMS 0x0000000082400000, 0x0000000082400000| Complete 
|  37|0x0000000082500000, 0x0000000082600000, 0x0000000082600000|100%| O|  |TAMS 0x0000000082500000, 0x0000000082500000| Untracked 
|  38|0x0000000082600000, 0x0000000082700000, 0x0000000082700000|100%| O|  |TAMS 0x0000000082600000, 0x0000000082600000| Untracked 
|  39|0x0000000082700000, 0x0000000082800000, 0x0000000082800000|100%| O|  |TAMS 0x0000000082700000, 0x0000000082700000| Untracked 
|  40|0x0000000082800000, 0x0000000082900000, 0x0000000082900000|100%| O|  |TAMS 0x0000000082800000, 0x0000000082800000| Untracked 
|  41|0x0000000082900000, 0x0000000082a00000, 0x0000000082a00000|100%| O|  |TAMS 0x0000000082900000, 0x0000000082900000| Untracked 
|  42|0x0000000082a00000, 0x0000000082b00000, 0x0000000082b00000|100%| O|  |TAMS 0x0000000082a00000, 0x0000000082a00000| Untracked 
|  43|0x0000000082b00000, 0x0000000082c00000, 0x0000000082c00000|100%|HS|  |TAMS 0x0000000082b00000, 0x0000000082b00000| Complete 
|  44|0x0000000082c00000, 0x0000000082d00000, 0x0000000082d00000|100%|HC|  |TAMS 0x0000000082c00000, 0x0000000082c00000| Complete 
|  45|0x0000000082d00000, 0x0000000082e00000, 0x0000000082e00000|100%|HC|  |TAMS 0x0000000082d00000, 0x0000000082d00000| Complete 
|  46|0x0000000082e00000, 0x0000000082f00000, 0x0000000082f00000|100%|HC|  |TAMS 0x0000000082e00000, 0x0000000082e00000| Complete 
|  47|0x0000000082f00000, 0x0000000083000000, 0x0000000083000000|100%| O|  |TAMS 0x0000000082f00000, 0x0000000082f00000| Untracked 
|  48|0x0000000083000000, 0x0000000083100000, 0x0000000083100000|100%| O|  |TAMS 0x0000000083000000, 0x0000000083000000| Untracked 
|  49|0x0000000083100000, 0x0000000083200000, 0x0000000083200000|100%| O|  |TAMS 0x0000000083100000, 0x0000000083100000| Untracked 
|  50|0x0000000083200000, 0x0000000083300000, 0x0000000083300000|100%| O|  |TAMS 0x0000000083200000, 0x0000000083200000| Untracked 
|  51|0x0000000083300000, 0x0000000083400000, 0x0000000083400000|100%|HS|  |TAMS 0x0000000083300000, 0x0000000083300000| Complete 
|  52|0x0000000083400000, 0x0000000083500000, 0x0000000083500000|100%|HS|  |TAMS 0x0000000083400000, 0x0000000083400000| Complete 
|  53|0x0000000083500000, 0x0000000083600000, 0x0000000083600000|100%|HS|  |TAMS 0x0000000083500000, 0x0000000083500000| Complete 
|  54|0x0000000083600000, 0x0000000083700000, 0x0000000083700000|100%|HS|  |TAMS 0x0000000083600000, 0x0000000083600000| Complete 
|  55|0x0000000083700000, 0x0000000083800000, 0x0000000083800000|100%|HS|  |TAMS 0x0000000083700000, 0x0000000083700000| Complete 
|  56|0x0000000083800000, 0x0000000083900000, 0x0000000083900000|100%|HC|  |TAMS 0x0000000083800000, 0x0000000083800000| Complete 
|  57|0x0000000083900000, 0x0000000083a00000, 0x0000000083a00000|100%|HC|  |TAMS 0x0000000083900000, 0x0000000083900000| Complete 
|  58|0x0000000083a00000, 0x0000000083b00000, 0x0000000083b00000|100%|HS|  |TAMS 0x0000000083a00000, 0x0000000083a00000| Complete 
|  59|0x0000000083b00000, 0x0000000083c00000, 0x0000000083c00000|100%|HC|  |TAMS 0x0000000083b00000, 0x0000000083b00000| Complete 
|  60|0x0000000083c00000, 0x0000000083d00000, 0x0000000083d00000|100%| O|  |TAMS 0x0000000083c00000, 0x0000000083c00000| Untracked 
|  61|0x0000000083d00000, 0x0000000083e00000, 0x0000000083e00000|100%| O|  |TAMS 0x0000000083d00000, 0x0000000083d00000| Untracked 
|  62|0x0000000083e00000, 0x0000000083e22000, 0x0000000083f00000| 13%| O|  |TAMS 0x0000000083e00000, 0x0000000083e00000| Untracked 
|  63|0x0000000083f00000, 0x0000000083f00000, 0x0000000084000000|  0%| F|  |TAMS 0x0000000083f00000, 0x0000000083f00000| Untracked 
|  64|0x0000000084000000, 0x0000000084000000, 0x0000000084100000|  0%| F|  |TAMS 0x0000000084000000, 0x0000000084000000| Untracked 
|  65|0x0000000084100000, 0x0000000084100000, 0x0000000084200000|  0%| F|  |TAMS 0x0000000084100000, 0x0000000084100000| Untracked 
|  66|0x0000000084200000, 0x0000000084200000, 0x0000000084300000|  0%| F|  |TAMS 0x0000000084200000, 0x0000000084200000| Untracked 
|  67|0x0000000084300000, 0x0000000084300000, 0x0000000084400000|  0%| F|  |TAMS 0x0000000084300000, 0x0000000084300000| Untracked 
|  68|0x0000000084400000, 0x0000000084400000, 0x0000000084500000|  0%| F|  |TAMS 0x0000000084400000, 0x0000000084400000| Untracked 
|  69|0x0000000084500000, 0x0000000084500000, 0x0000000084600000|  0%| F|  |TAMS 0x0000000084500000, 0x0000000084500000| Untracked 
|  70|0x0000000084600000, 0x0000000084600000, 0x0000000084700000|  0%| F|  |TAMS 0x0000000084600000, 0x0000000084600000| Untracked 
|  71|0x0000000084700000, 0x0000000084700000, 0x0000000084800000|  0%| F|  |TAMS 0x0000000084700000, 0x0000000084700000| Untracked 
|  72|0x0000000084800000, 0x0000000084800000, 0x0000000084900000|  0%| F|  |TAMS 0x0000000084800000, 0x0000000084800000| Untracked 
|  73|0x0000000084900000, 0x0000000084900000, 0x0000000084a00000|  0%| F|  |TAMS 0x0000000084900000, 0x0000000084900000| Untracked 
|  74|0x0000000084a00000, 0x0000000084a00000, 0x0000000084b00000|  0%| F|  |TAMS 0x0000000084a00000, 0x0000000084a00000| Untracked 
|  75|0x0000000084b00000, 0x0000000084b00000, 0x0000000084c00000|  0%| F|  |TAMS 0x0000000084b00000, 0x0000000084b00000| Untracked 
|  76|0x0000000084c00000, 0x0000000084c00000, 0x0000000084d00000|  0%| F|  |TAMS 0x0000000084c00000, 0x0000000084c00000| Untracked 
|  77|0x0000000084d00000, 0x0000000084d00000, 0x0000000084e00000|  0%| F|  |TAMS 0x0000000084d00000, 0x0000000084d00000| Untracked 
|  78|0x0000000084e00000, 0x0000000084e00000, 0x0000000084f00000|  0%| F|  |TAMS 0x0000000084e00000, 0x0000000084e00000| Untracked 
|  79|0x0000000084f00000, 0x0000000084f00000, 0x0000000085000000|  0%| F|  |TAMS 0x0000000084f00000, 0x0000000084f00000| Untracked 
|  80|0x0000000085000000, 0x0000000085000000, 0x0000000085100000|  0%| F|  |TAMS 0x0000000085000000, 0x0000000085000000| Untracked 
|  81|0x0000000085100000, 0x0000000085100000, 0x0000000085200000|  0%| F|  |TAMS 0x0000000085100000, 0x0000000085100000| Untracked 
|  82|0x0000000085200000, 0x0000000085200000, 0x0000000085300000|  0%| F|  |TAMS 0x0000000085200000, 0x0000000085200000| Untracked 
|  83|0x0000000085300000, 0x0000000085300000, 0x0000000085400000|  0%| F|  |TAMS 0x0000000085300000, 0x0000000085300000| Untracked 
|  84|0x0000000085400000, 0x0000000085400000, 0x0000000085500000|  0%| F|  |TAMS 0x0000000085400000, 0x0000000085400000| Untracked 
|  85|0x0000000085500000, 0x0000000085500000, 0x0000000085600000|  0%| F|  |TAMS 0x0000000085500000, 0x0000000085500000| Untracked 
|  86|0x0000000085600000, 0x0000000085600000, 0x0000000085700000|  0%| F|  |TAMS 0x0000000085600000, 0x0000000085600000| Untracked 
|  87|0x0000000085700000, 0x0000000085700000, 0x0000000085800000|  0%| F|  |TAMS 0x0000000085700000, 0x0000000085700000| Untracked 
|  88|0x0000000085800000, 0x0000000085800000, 0x0000000085900000|  0%| F|  |TAMS 0x0000000085800000, 0x0000000085800000| Untracked 
|  89|0x0000000085900000, 0x0000000085900000, 0x0000000085a00000|  0%| F|  |TAMS 0x0000000085900000, 0x0000000085900000| Untracked 
|  90|0x0000000085a00000, 0x0000000085a00000, 0x0000000085b00000|  0%| F|  |TAMS 0x0000000085a00000, 0x0000000085a00000| Untracked 
|  91|0x0000000085b00000, 0x0000000085b00000, 0x0000000085c00000|  0%| F|  |TAMS 0x0000000085b00000, 0x0000000085b00000| Untracked 
|  92|0x0000000085c00000, 0x0000000085c00000, 0x0000000085d00000|  0%| F|  |TAMS 0x0000000085c00000, 0x0000000085c00000| Untracked 
|  93|0x0000000085d00000, 0x0000000085d00000, 0x0000000085e00000|  0%| F|  |TAMS 0x0000000085d00000, 0x0000000085d00000| Untracked 
|  94|0x0000000085e00000, 0x0000000085e00000, 0x0000000085f00000|  0%| F|  |TAMS 0x0000000085e00000, 0x0000000085e00000| Untracked 
|  95|0x0000000085f00000, 0x0000000085f00000, 0x0000000086000000|  0%| F|  |TAMS 0x0000000085f00000, 0x0000000085f00000| Untracked 
|  96|0x0000000086000000, 0x0000000086000000, 0x0000000086100000|  0%| F|  |TAMS 0x0000000086000000, 0x0000000086000000| Untracked 
|  97|0x0000000086100000, 0x0000000086100000, 0x0000000086200000|  0%| F|  |TAMS 0x0000000086100000, 0x0000000086100000| Untracked 
|  98|0x0000000086200000, 0x0000000086200000, 0x0000000086300000|  0%| F|  |TAMS 0x0000000086200000, 0x0000000086200000| Untracked 
|  99|0x0000000086300000, 0x0000000086400000, 0x0000000086400000|100%| S|CS|TAMS 0x0000000086300000, 0x0000000086300000| Complete 
| 100|0x0000000086400000, 0x0000000086500000, 0x0000000086500000|100%| S|CS|TAMS 0x0000000086400000, 0x0000000086400000| Complete 
| 101|0x0000000086500000, 0x0000000086600000, 0x0000000086600000|100%| S|CS|TAMS 0x0000000086500000, 0x0000000086500000| Complete 
| 102|0x0000000086600000, 0x0000000086700000, 0x0000000086700000|100%| S|CS|TAMS 0x0000000086600000, 0x0000000086600000| Complete 
| 103|0x0000000086700000, 0x0000000086800000, 0x0000000086800000|100%| S|CS|TAMS 0x0000000086700000, 0x0000000086700000| Complete 
| 104|0x0000000086800000, 0x0000000086900000, 0x0000000086900000|100%| S|CS|TAMS 0x0000000086800000, 0x0000000086800000| Complete 
| 105|0x0000000086900000, 0x0000000086a00000, 0x0000000086a00000|100%| S|CS|TAMS 0x0000000086900000, 0x0000000086900000| Complete 
| 106|0x0000000086a00000, 0x0000000086b00000, 0x0000000086b00000|100%| S|CS|TAMS 0x0000000086a00000, 0x0000000086a00000| Complete 
| 107|0x0000000086b00000, 0x0000000086c00000, 0x0000000086c00000|100%| S|CS|TAMS 0x0000000086b00000, 0x0000000086b00000| Complete 
| 108|0x0000000086c00000, 0x0000000086d00000, 0x0000000086d00000|100%| S|CS|TAMS 0x0000000086c00000, 0x0000000086c00000| Complete 
| 109|0x0000000086d00000, 0x0000000086d00000, 0x0000000086e00000|  0%| F|  |TAMS 0x0000000086d00000, 0x0000000086d00000| Untracked 
| 110|0x0000000086e00000, 0x0000000086e00000, 0x0000000086f00000|  0%| F|  |TAMS 0x0000000086e00000, 0x0000000086e00000| Untracked 
| 111|0x0000000086f00000, 0x0000000086f00000, 0x0000000087000000|  0%| F|  |TAMS 0x0000000086f00000, 0x0000000086f00000| Untracked 
| 112|0x0000000087000000, 0x0000000087000000, 0x0000000087100000|  0%| F|  |TAMS 0x0000000087000000, 0x0000000087000000| Untracked 
| 113|0x0000000087100000, 0x0000000087100000, 0x0000000087200000|  0%| F|  |TAMS 0x0000000087100000, 0x0000000087100000| Untracked 
| 114|0x0000000087200000, 0x0000000087200000, 0x0000000087300000|  0%| F|  |TAMS 0x0000000087200000, 0x0000000087200000| Untracked 
| 115|0x0000000087300000, 0x0000000087300000, 0x0000000087400000|  0%| F|  |TAMS 0x0000000087300000, 0x0000000087300000| Untracked 
| 116|0x0000000087400000, 0x0000000087400000, 0x0000000087500000|  0%| F|  |TAMS 0x0000000087400000, 0x0000000087400000| Untracked 
| 117|0x0000000087500000, 0x0000000087500000, 0x0000000087600000|  0%| F|  |TAMS 0x0000000087500000, 0x0000000087500000| Untracked 
| 118|0x0000000087600000, 0x0000000087600000, 0x0000000087700000|  0%| F|  |TAMS 0x0000000087600000, 0x0000000087600000| Untracked 
| 119|0x0000000087700000, 0x0000000087700000, 0x0000000087800000|  0%| F|  |TAMS 0x0000000087700000, 0x0000000087700000| Untracked 
| 120|0x0000000087800000, 0x0000000087800000, 0x0000000087900000|  0%| F|  |TAMS 0x0000000087800000, 0x0000000087800000| Untracked 
| 121|0x0000000087900000, 0x0000000087900000, 0x0000000087a00000|  0%| F|  |TAMS 0x0000000087900000, 0x0000000087900000| Untracked 
| 122|0x0000000087a00000, 0x0000000087a00000, 0x0000000087b00000|  0%| F|  |TAMS 0x0000000087a00000, 0x0000000087a00000| Untracked 
| 123|0x0000000087b00000, 0x0000000087b00000, 0x0000000087c00000|  0%| F|  |TAMS 0x0000000087b00000, 0x0000000087b00000| Untracked 
| 124|0x0000000087c00000, 0x0000000087c00000, 0x0000000087d00000|  0%| F|  |TAMS 0x0000000087c00000, 0x0000000087c00000| Untracked 
| 125|0x0000000087d00000, 0x0000000087d00000, 0x0000000087e00000|  0%| F|  |TAMS 0x0000000087d00000, 0x0000000087d00000| Untracked 
| 126|0x0000000087e00000, 0x0000000087e00000, 0x0000000087f00000|  0%| F|  |TAMS 0x0000000087e00000, 0x0000000087e00000| Untracked 
| 127|0x0000000087f00000, 0x0000000087f00000, 0x0000000088000000|  0%| F|  |TAMS 0x0000000087f00000, 0x0000000087f00000| Untracked 
| 128|0x0000000088000000, 0x0000000088000000, 0x0000000088100000|  0%| F|  |TAMS 0x0000000088000000, 0x0000000088000000| Untracked 
| 129|0x0000000088100000, 0x0000000088100000, 0x0000000088200000|  0%| F|  |TAMS 0x0000000088100000, 0x0000000088100000| Untracked 
| 130|0x0000000088200000, 0x0000000088200000, 0x0000000088300000|  0%| F|  |TAMS 0x0000000088200000, 0x0000000088200000| Untracked 
| 131|0x0000000088300000, 0x0000000088300000, 0x0000000088400000|  0%| F|  |TAMS 0x0000000088300000, 0x0000000088300000| Untracked 
| 132|0x0000000088400000, 0x0000000088400000, 0x0000000088500000|  0%| F|  |TAMS 0x0000000088400000, 0x0000000088400000| Untracked 
| 133|0x0000000088500000, 0x0000000088500000, 0x0000000088600000|  0%| F|  |TAMS 0x0000000088500000, 0x0000000088500000| Untracked 
| 134|0x0000000088600000, 0x0000000088680800, 0x0000000088700000| 50%| E|  |TAMS 0x0000000088600000, 0x0000000088600000| Complete 
| 135|0x0000000088700000, 0x0000000088800000, 0x0000000088800000|100%| E|CS|TAMS 0x0000000088700000, 0x0000000088700000| Complete 
| 136|0x0000000088800000, 0x0000000088900000, 0x0000000088900000|100%| E|CS|TAMS 0x0000000088800000, 0x0000000088800000| Complete 
| 137|0x0000000088900000, 0x0000000088a00000, 0x0000000088a00000|100%| E|CS|TAMS 0x0000000088900000, 0x0000000088900000| Complete 
| 138|0x0000000088a00000, 0x0000000088b00000, 0x0000000088b00000|100%| E|CS|TAMS 0x0000000088a00000, 0x0000000088a00000| Complete 
| 139|0x0000000088b00000, 0x0000000088c00000, 0x0000000088c00000|100%| E|CS|TAMS 0x0000000088b00000, 0x0000000088b00000| Complete 
| 140|0x0000000088c00000, 0x0000000088d00000, 0x0000000088d00000|100%| E|CS|TAMS 0x0000000088c00000, 0x0000000088c00000| Complete 
| 141|0x0000000088d00000, 0x0000000088e00000, 0x0000000088e00000|100%| E|CS|TAMS 0x0000000088d00000, 0x0000000088d00000| Complete 
| 142|0x0000000088e00000, 0x0000000088f00000, 0x0000000088f00000|100%| E|CS|TAMS 0x0000000088e00000, 0x0000000088e00000| Complete 
| 143|0x0000000088f00000, 0x0000000089000000, 0x0000000089000000|100%| E|CS|TAMS 0x0000000088f00000, 0x0000000088f00000| Complete 
| 144|0x0000000089000000, 0x0000000089100000, 0x0000000089100000|100%| E|CS|TAMS 0x0000000089000000, 0x0000000089000000| Complete 
| 145|0x0000000089100000, 0x0000000089200000, 0x0000000089200000|100%| E|CS|TAMS 0x0000000089100000, 0x0000000089100000| Complete 
| 146|0x0000000089200000, 0x0000000089300000, 0x0000000089300000|100%| E|CS|TAMS 0x0000000089200000, 0x0000000089200000| Complete 
| 147|0x0000000089300000, 0x0000000089400000, 0x0000000089400000|100%| E|CS|TAMS 0x0000000089300000, 0x0000000089300000| Complete 
| 148|0x0000000089400000, 0x0000000089500000, 0x0000000089500000|100%| E|CS|TAMS 0x0000000089400000, 0x0000000089400000| Complete 
| 149|0x0000000089500000, 0x0000000089600000, 0x0000000089600000|100%| E|CS|TAMS 0x0000000089500000, 0x0000000089500000| Complete 
| 150|0x0000000089600000, 0x0000000089700000, 0x0000000089700000|100%| E|CS|TAMS 0x0000000089600000, 0x0000000089600000| Complete 
| 151|0x0000000089700000, 0x0000000089800000, 0x0000000089800000|100%| E|CS|TAMS 0x0000000089700000, 0x0000000089700000| Complete 
| 152|0x0000000089800000, 0x0000000089900000, 0x0000000089900000|100%| E|CS|TAMS 0x0000000089800000, 0x0000000089800000| Complete 
| 153|0x0000000089900000, 0x0000000089a00000, 0x0000000089a00000|100%| E|CS|TAMS 0x0000000089900000, 0x0000000089900000| Complete 
| 154|0x0000000089a00000, 0x0000000089b00000, 0x0000000089b00000|100%| E|CS|TAMS 0x0000000089a00000, 0x0000000089a00000| Complete 
| 155|0x0000000089b00000, 0x0000000089c00000, 0x0000000089c00000|100%| E|CS|TAMS 0x0000000089b00000, 0x0000000089b00000| Complete 
| 156|0x0000000089c00000, 0x0000000089d00000, 0x0000000089d00000|100%| E|CS|TAMS 0x0000000089c00000, 0x0000000089c00000| Complete 
| 157|0x0000000089d00000, 0x0000000089e00000, 0x0000000089e00000|100%| E|CS|TAMS 0x0000000089d00000, 0x0000000089d00000| Complete 
| 158|0x0000000089e00000, 0x0000000089f00000, 0x0000000089f00000|100%| E|CS|TAMS 0x0000000089e00000, 0x0000000089e00000| Complete 
| 159|0x0000000089f00000, 0x000000008a000000, 0x000000008a000000|100%| E|CS|TAMS 0x0000000089f00000, 0x0000000089f00000| Complete 
| 160|0x000000008a000000, 0x000000008a100000, 0x000000008a100000|100%| E|CS|TAMS 0x000000008a000000, 0x000000008a000000| Complete 
| 161|0x000000008a100000, 0x000000008a200000, 0x000000008a200000|100%| E|CS|TAMS 0x000000008a100000, 0x000000008a100000| Complete 
| 162|0x000000008a200000, 0x000000008a300000, 0x000000008a300000|100%| E|CS|TAMS 0x000000008a200000, 0x000000008a200000| Complete 
| 163|0x000000008a300000, 0x000000008a400000, 0x000000008a400000|100%| E|CS|TAMS 0x000000008a300000, 0x000000008a300000| Complete 
| 164|0x000000008a400000, 0x000000008a500000, 0x000000008a500000|100%| E|CS|TAMS 0x000000008a400000, 0x000000008a400000| Complete 
| 165|0x000000008a500000, 0x000000008a600000, 0x000000008a600000|100%| E|CS|TAMS 0x000000008a500000, 0x000000008a500000| Complete 
| 166|0x000000008a600000, 0x000000008a700000, 0x000000008a700000|100%| E|CS|TAMS 0x000000008a600000, 0x000000008a600000| Complete 
| 167|0x000000008a700000, 0x000000008a800000, 0x000000008a800000|100%| E|CS|TAMS 0x000000008a700000, 0x000000008a700000| Complete 
| 168|0x000000008a800000, 0x000000008a900000, 0x000000008a900000|100%| E|CS|TAMS 0x000000008a800000, 0x000000008a800000| Complete 
| 169|0x000000008a900000, 0x000000008aa00000, 0x000000008aa00000|100%| E|CS|TAMS 0x000000008a900000, 0x000000008a900000| Complete 
| 170|0x000000008aa00000, 0x000000008ab00000, 0x000000008ab00000|100%| E|CS|TAMS 0x000000008aa00000, 0x000000008aa00000| Complete 
| 171|0x000000008ab00000, 0x000000008ac00000, 0x000000008ac00000|100%| E|CS|TAMS 0x000000008ab00000, 0x000000008ab00000| Complete 
| 172|0x000000008ac00000, 0x000000008ad00000, 0x000000008ad00000|100%| E|CS|TAMS 0x000000008ac00000, 0x000000008ac00000| Complete 
| 173|0x000000008ad00000, 0x000000008ae00000, 0x000000008ae00000|100%| E|CS|TAMS 0x000000008ad00000, 0x000000008ad00000| Complete 
| 174|0x000000008ae00000, 0x000000008af00000, 0x000000008af00000|100%| E|CS|TAMS 0x000000008ae00000, 0x000000008ae00000| Complete 
| 175|0x000000008af00000, 0x000000008b000000, 0x000000008b000000|100%| E|CS|TAMS 0x000000008af00000, 0x000000008af00000| Complete 
| 176|0x000000008b000000, 0x000000008b100000, 0x000000008b100000|100%| E|CS|TAMS 0x000000008b000000, 0x000000008b000000| Complete 
| 177|0x000000008b100000, 0x000000008b200000, 0x000000008b200000|100%| E|CS|TAMS 0x000000008b100000, 0x000000008b100000| Complete 
| 178|0x000000008b200000, 0x000000008b300000, 0x000000008b300000|100%| E|CS|TAMS 0x000000008b200000, 0x000000008b200000| Complete 
| 179|0x000000008b300000, 0x000000008b400000, 0x000000008b400000|100%| E|CS|TAMS 0x000000008b300000, 0x000000008b300000| Complete 
| 180|0x000000008b400000, 0x000000008b500000, 0x000000008b500000|100%| E|CS|TAMS 0x000000008b400000, 0x000000008b400000| Complete 
| 181|0x000000008b500000, 0x000000008b600000, 0x000000008b600000|100%| E|CS|TAMS 0x000000008b500000, 0x000000008b500000| Complete 
| 182|0x000000008b600000, 0x000000008b700000, 0x000000008b700000|100%| E|CS|TAMS 0x000000008b600000, 0x000000008b600000| Complete 
| 183|0x000000008b700000, 0x000000008b800000, 0x000000008b800000|100%| E|CS|TAMS 0x000000008b700000, 0x000000008b700000| Complete 
| 184|0x000000008b800000, 0x000000008b900000, 0x000000008b900000|100%| E|CS|TAMS 0x000000008b800000, 0x000000008b800000| Complete 

Card table byte_map: [0x0000026575b60000,0x0000026575f60000] _byte_map_base: 0x0000026575760000

Marking Bits (Prev, Next): (CMBitMap*) 0x0000026571b95df0, (CMBitMap*) 0x0000026571b95db8
 Prev Bits: [0x0000026578360000, 0x000002657a360000)
 Next Bits: [0x0000026576360000, 0x0000026578360000)

Polling page: 0x000002656fb10000

Metaspace:

Usage:
  Non-class:     53.94 MB capacity,    52.84 MB ( 98%) used,   960.21 KB (  2%) free+waste,   164.69 KB ( <1%) overhead. 
      Class:      8.27 MB capacity,     7.70 MB ( 93%) used,   512.82 KB (  6%) free+waste,    78.31 KB ( <1%) overhead. 
       Both:     62.21 MB capacity,    60.54 MB ( 97%) used,     1.44 MB (  2%) free+waste,   243.00 KB ( <1%) overhead. 

Virtual space:
  Non-class space:       56.00 MB reserved,      54.07 MB ( 97%) committed 
      Class space:        1.00 GB reserved,       8.32 MB ( <1%) committed 
             Both:        1.05 GB reserved,      62.39 MB (  6%) committed 

Chunk freelists:
   Non-Class:  6.00 KB
       Class:  9.00 KB
        Both:  15.00 KB

MaxMetaspaceSize: 17179869184.00 GB
CompressedClassSpaceSize: 1.00 GB

CodeHeap 'non-profiled nmethods': size=120064Kb used=3222Kb max_used=3222Kb free=116841Kb
 bounds [0x0000026507ac0000, 0x0000026507df0000, 0x000002650f000000]
CodeHeap 'profiled nmethods': size=120000Kb used=12397Kb max_used=12397Kb free=107602Kb
 bounds [0x0000026500590000, 0x00000265011b0000, 0x0000026507ac0000]
CodeHeap 'non-nmethods': size=5696Kb used=2255Kb max_used=2292Kb free=3440Kb
 bounds [0x0000026500000000, 0x0000026500270000, 0x0000026500590000]
 total_blobs=7108 nmethods=6265 adapters=755
 compilation: enabled
              stopped_count=0, restarted_count=0
 full_count=0

Compilation events (20 events):
Event: 6.919 Thread 0x000002657cbb7000 6251  s    3       java.io.ByteArrayInputStream::skip (43 bytes)
Event: 6.919 Thread 0x000002657cbb7000 nmethod 6251 0x0000026501197790 code [0x0000026501197940, 0x0000026501197c58]
Event: 6.919 Thread 0x000002657cbb7000 6252       1       java.security.Provider$Service::getProvider (5 bytes)
Event: 6.919 Thread 0x000002657cbb7000 nmethod 6252 0x0000026507dd7790 code [0x0000026507dd7940, 0x0000026507dd79f8]
Event: 6.920 Thread 0x000002657cbb7000 6253       3       java.lang.CharacterDataLatin1::isWhitespace (23 bytes)
Event: 6.920 Thread 0x000002657cbb7000 nmethod 6253 0x0000026501197d10 code [0x0000026501197ec0, 0x00000265011980b8]
Event: 6.923 Thread 0x000002657cbb7000 6254       3       java.util.zip.Inflater::inflate (9 bytes)
Event: 6.923 Thread 0x000002657cbb7000 nmethod 6254 0x0000026501198210 code [0x00000265011983c0, 0x0000026501198508]
Event: 6.924 Thread 0x000002657cbb7000 6255       3       jdk.internal.misc.Unsafe::getCharUnaligned (12 bytes)
Event: 6.924 Thread 0x000002657cbb7000 nmethod 6255 0x0000026501198610 code [0x00000265011987c0, 0x00000265011989f8]
Event: 6.924 Thread 0x000002657cbb7000 6260       3       java.lang.Character::reverseBytes (14 bytes)
Event: 6.924 Thread 0x000002657cbb7000 nmethod 6260 0x0000026501198b10 code [0x0000026501198cc0, 0x0000026501198db8]
Event: 6.924 Thread 0x000002657cbb7000 6259       3       jdk.internal.misc.Unsafe::convEndian (16 bytes)
Event: 6.924 Thread 0x000002657cbb7000 nmethod 6259 0x0000026501198e90 code [0x0000026501199040, 0x00000265011991f8]
Event: 6.924 Thread 0x000002657cbb7000 6257       3       java.nio.HeapByteBuffer::getChar (25 bytes)
Event: 6.925 Thread 0x000002657cbb7000 nmethod 6257 0x0000026501199290 code [0x0000026501199480, 0x00000265011998e8]
Event: 6.925 Thread 0x000002657cbb7000 6256       3       jdk.internal.misc.Unsafe::getCharUnaligned (34 bytes)
Event: 6.925 Thread 0x000002657cbb7000 nmethod 6256 0x0000026501199b10 code [0x0000026501199ce0, 0x000002650119a078]
Event: 6.926 Thread 0x000002657cbb7000 6262       2       java.lang.StringUTF16::putChar (54 bytes)
Event: 6.926 Thread 0x000002657cbb7000 nmethod 6262 0x000002650119a210 code [0x000002650119a3c0, 0x000002650119a4f8]

GC Heap History (20 events):
Event: 0.953 GC heap before
{Heap before GC invocations=1 (full 0):
 garbage-first heap   total 131072K, used 28788K [0x0000000080000000, 0x0000000100000000)
  region size 1024K, 22 young (22528K), 3 survivors (3072K)
 Metaspace       used 11186K, capacity 11456K, committed 11520K, reserved 1058816K
  class space    used 1174K, capacity 1244K, committed 1280K, reserved 1048576K
}
Event: 0.957 GC heap after
{Heap after GC invocations=2 (full 0):
 garbage-first heap   total 131072K, used 10101K [0x0000000080000000, 0x0000000100000000)
  region size 1024K, 1 young (1024K), 1 survivors (1024K)
 Metaspace       used 11186K, capacity 11456K, committed 11520K, reserved 1058816K
  class space    used 1174K, capacity 1244K, committed 1280K, reserved 1048576K
}
Event: 1.594 GC heap before
{Heap before GC invocations=2 (full 0):
 garbage-first heap   total 131072K, used 57205K [0x0000000080000000, 0x0000000100000000)
  region size 1024K, 47 young (48128K), 1 survivors (1024K)
 Metaspace       used 16546K, capacity 16954K, committed 17152K, reserved 1064960K
  class space    used 1916K, capacity 2036K, committed 2048K, reserved 1048576K
}
Event: 1.600 GC heap after
{Heap after GC invocations=3 (full 0):
 garbage-first heap   total 131072K, used 16027K [0x0000000080000000, 0x0000000100000000)
  region size 1024K, 6 young (6144K), 6 survivors (6144K)
 Metaspace       used 16546K, capacity 16954K, committed 17152K, reserved 1064960K
  class space    used 1916K, capacity 2036K, committed 2048K, reserved 1048576K
}
Event: 1.950 GC heap before
{Heap before GC invocations=3 (full 0):
 garbage-first heap   total 131072K, used 47771K [0x0000000080000000, 0x0000000100000000)
  region size 1024K, 38 young (38912K), 6 survivors (6144K)
 Metaspace       used 20662K, capacity 21194K, committed 21296K, reserved 1069056K
  class space    used 2532K, capacity 2676K, committed 2688K, reserved 1048576K
}
Event: 1.959 GC heap after
{Heap after GC invocations=4 (full 0):
 garbage-first heap   total 131072K, used 17582K [0x0000000080000000, 0x0000000100000000)
  region size 1024K, 2 young (2048K), 2 survivors (2048K)
 Metaspace       used 20662K, capacity 21194K, committed 21296K, reserved 1069056K
  class space    used 2532K, capacity 2676K, committed 2688K, reserved 1048576K
}
Event: 2.489 GC heap before
{Heap before GC invocations=5 (full 0):
 garbage-first heap   total 131072K, used 68782K [0x0000000080000000, 0x0000000100000000)
  region size 1024K, 52 young (53248K), 2 survivors (2048K)
 Metaspace       used 26040K, capacity 26682K, committed 26928K, reserved 1073152K
  class space    used 3391K, capacity 3597K, committed 3712K, reserved 1048576K
}
Event: 2.493 GC heap after
{Heap after GC invocations=6 (full 0):
 garbage-first heap   total 157696K, used 19446K [0x0000000080000000, 0x0000000100000000)
  region size 1024K, 4 young (4096K), 4 survivors (4096K)
 Metaspace       used 26040K, capacity 26682K, committed 26928K, reserved 1073152K
  class space    used 3391K, capacity 3597K, committed 3712K, reserved 1048576K
}
Event: 3.228 GC heap before
{Heap before GC invocations=6 (full 0):
 garbage-first heap   total 157696K, used 92150K [0x0000000080000000, 0x0000000100000000)
  region size 1024K, 67 young (68608K), 4 survivors (4096K)
 Metaspace       used 32854K, capacity 33842K, committed 33968K, reserved 1079296K
  class space    used 4434K, capacity 4794K, committed 4864K, reserved 1048576K
}
Event: 3.235 GC heap after
{Heap after GC invocations=7 (full 0):
 garbage-first heap   total 157696K, used 34050K [0x0000000080000000, 0x0000000100000000)
  region size 1024K, 9 young (9216K), 9 survivors (9216K)
 Metaspace       used 32854K, capacity 33842K, committed 33968K, reserved 1079296K
  class space    used 4434K, capacity 4794K, committed 4864K, reserved 1048576K
}
Event: 3.390 GC heap before
{Heap before GC invocations=7 (full 0):
 garbage-first heap   total 157696K, used 40194K [0x0000000080000000, 0x0000000100000000)
  region size 1024K, 16 young (16384K), 9 survivors (9216K)
 Metaspace       used 34645K, capacity 35558K, committed 35632K, reserved 1079296K
  class space    used 4552K, capacity 4919K, committed 4992K, reserved 1048576K
}
Event: 3.402 GC heap after
{Heap after GC invocations=8 (full 0):
 garbage-first heap   total 157696K, used 35539K [0x0000000080000000, 0x0000000100000000)
  region size 1024K, 2 young (2048K), 2 survivors (2048K)
 Metaspace       used 34645K, capacity 35558K, committed 35632K, reserved 1079296K
  class space    used 4552K, capacity 4919K, committed 4992K, reserved 1048576K
}
Event: 4.152 GC heap before
{Heap before GC invocations=9 (full 0):
 garbage-first heap   total 157696K, used 99027K [0x0000000080000000, 0x0000000100000000)
  region size 1024K, 62 young (63488K), 2 survivors (2048K)
 Metaspace       used 41502K, capacity 42571K, committed 42644K, reserved 1087488K
  class space    used 5313K, capacity 5695K, committed 5708K, reserved 1048576K
}
Event: 4.162 GC heap after
{Heap after GC invocations=10 (full 0):
 garbage-first heap   total 157696K, used 40428K [0x0000000080000000, 0x0000000100000000)
  region size 1024K, 7 young (7168K), 7 survivors (7168K)
 Metaspace       used 41502K, capacity 42571K, committed 42644K, reserved 1087488K
  class space    used 5313K, capacity 5695K, committed 5708K, reserved 1048576K
}
Event: 4.787 GC heap before
{Heap before GC invocations=11 (full 0):
 garbage-first heap   total 157696K, used 105964K [0x0000000080000000, 0x0000000100000000)
  region size 1024K, 68 young (69632K), 7 survivors (7168K)
 Metaspace       used 45386K, capacity 46606K, committed 46740K, reserved 1089536K
  class space    used 5726K, capacity 6176K, committed 6220K, reserved 1048576K
}
Event: 4.799 GC heap after
{Heap after GC invocations=12 (full 0):
 garbage-first heap   total 157696K, used 47999K [0x0000000080000000, 0x0000000100000000)
  region size 1024K, 6 young (6144K), 6 survivors (6144K)
 Metaspace       used 45386K, capacity 46606K, committed 46740K, reserved 1089536K
  class space    used 5726K, capacity 6176K, committed 6220K, reserved 1048576K
}
Event: 5.422 GC heap before
{Heap before GC invocations=12 (full 0):
 garbage-first heap   total 157696K, used 114559K [0x0000000080000000, 0x0000000100000000)
  region size 1024K, 67 young (68608K), 6 survivors (6144K)
 Metaspace       used 49447K, capacity 50840K, committed 50964K, reserved 1093632K
  class space    used 6353K, capacity 6799K, committed 6860K, reserved 1048576K
}
Event: 5.431 GC heap after
{Heap after GC invocations=13 (full 0):
 garbage-first heap   total 189440K, used 56088K [0x0000000080000000, 0x0000000100000000)
  region size 1024K, 4 young (4096K), 4 survivors (4096K)
 Metaspace       used 49447K, capacity 50840K, committed 50964K, reserved 1093632K
  class space    used 6353K, capacity 6799K, committed 6860K, reserved 1048576K
}
Event: 6.277 GC heap before
{Heap before GC invocations=13 (full 0):
 garbage-first heap   total 189440K, used 143128K [0x0000000080000000, 0x0000000100000000)
  region size 1024K, 80 young (81920K), 4 survivors (4096K)
 Metaspace       used 54447K, capacity 56085K, committed 56212K, reserved 1097728K
  class space    used 6943K, capacity 7470K, committed 7500K, reserved 1048576K
}
Event: 6.285 GC heap after
{Heap after GC invocations=14 (full 0):
 garbage-first heap   total 189440K, used 73864K [0x0000000080000000, 0x0000000100000000)
  region size 1024K, 10 young (10240K), 10 survivors (10240K)
 Metaspace       used 54447K, capacity 56085K, committed 56212K, reserved 1097728K
  class space    used 6943K, capacity 7470K, committed 7500K, reserved 1048576K
}

Deoptimization events (20 events):
Event: 6.905 Thread 0x000002650f322000 Uncommon trap: trap_request=0xffffffc6 fr.pc=0x0000026507c69c34 relative=0x0000000000000b74
Event: 6.905 Thread 0x000002650f322000 Uncommon trap: reason=bimorphic_or_optimized_type_check action=maybe_recompile pc=0x0000026507c69c34 method=java.util.regex.Pattern$Start.match(Ljava/util/regex/Matcher;ILjava/lang/CharSequence;)Z @ 44 c2
Event: 6.905 Thread 0x000002650f322000 DEOPT PACKING pc=0x0000026507c69c34 sp=0x000000d1153f20f0
Event: 6.905 Thread 0x000002650f322000 DEOPT UNPACKING pc=0x000002650002662f sp=0x000000d1153f2040 mode 2
Event: 6.905 Thread 0x000002650f322000 Uncommon trap: trap_request=0xffffffc6 fr.pc=0x0000026507c4167c relative=0x00000000000005fc
Event: 6.905 Thread 0x000002650f322000 Uncommon trap: reason=bimorphic_or_optimized_type_check action=maybe_recompile pc=0x0000026507c4167c method=java.util.regex.Pattern$Start.match(Ljava/util/regex/Matcher;ILjava/lang/CharSequence;)Z @ 44 c2
Event: 6.905 Thread 0x000002650f322000 DEOPT PACKING pc=0x0000026507c4167c sp=0x000000d1153f2060
Event: 6.905 Thread 0x000002650f322000 DEOPT UNPACKING pc=0x000002650002662f sp=0x000000d1153f2030 mode 2
Event: 6.908 Thread 0x000002650f322000 Uncommon trap: trap_request=0xffffffc6 fr.pc=0x0000026507c566a4 relative=0x0000000000000904
Event: 6.908 Thread 0x000002650f322000 Uncommon trap: reason=bimorphic_or_optimized_type_check action=maybe_recompile pc=0x0000026507c566a4 method=java.util.regex.Pattern$Start.match(Ljava/util/regex/Matcher;ILjava/lang/CharSequence;)Z @ 44 c2
Event: 6.908 Thread 0x000002650f322000 DEOPT PACKING pc=0x0000026507c566a4 sp=0x000000d1153f20d0
Event: 6.908 Thread 0x000002650f322000 DEOPT UNPACKING pc=0x000002650002662f sp=0x000000d1153f2040 mode 2
Event: 6.920 Thread 0x000002650f322000 Uncommon trap: trap_request=0xffffff4d fr.pc=0x0000026507b8dba0 relative=0x0000000000000080
Event: 6.920 Thread 0x000002650f322000 Uncommon trap: reason=unstable_if action=reinterpret pc=0x0000026507b8dba0 method=java.lang.CharacterDataLatin1.isWhitespace(I)Z @ 14 c2
Event: 6.920 Thread 0x000002650f322000 DEOPT PACKING pc=0x0000026507b8dba0 sp=0x000000d1153f3bf0
Event: 6.920 Thread 0x000002650f322000 DEOPT UNPACKING pc=0x000002650002662f sp=0x000000d1153f3b60 mode 2
Event: 6.926 Thread 0x000002650f322000 Uncommon trap: trap_request=0xffffff4d fr.pc=0x0000026507d6c3c8 relative=0x0000000000000308
Event: 6.926 Thread 0x000002650f322000 Uncommon trap: reason=unstable_if action=reinterpret pc=0x0000026507d6c3c8 method=java.lang.String.<init>([CIILjava/lang/Void;)V @ 43 c2
Event: 6.926 Thread 0x000002650f322000 DEOPT PACKING pc=0x0000026507d6c3c8 sp=0x000000d1153f22b0
Event: 6.926 Thread 0x000002650f322000 DEOPT UNPACKING pc=0x000002650002662f sp=0x000000d1153f21f8 mode 2

Classes redefined (0 events):
No events

Internal exceptions (20 events):
Event: 5.898 Thread 0x000002650f322000 Exception <a 'java/lang/ClassNotFoundException'{0x0000000088e55b60}: org/gradle/api/internal/AbstractTaskCustomizer> (0x0000000088e55b60) thrown at [./src/hotspot/share/classfile/systemDictionary.cpp, line 231]
Event: 5.901 Thread 0x000002650f322000 Exception <a 'java/lang/ClassNotFoundException'{0x0000000088ec9c28}: org/gradle/api/DefaultTaskCustomizer> (0x0000000088ec9c28) thrown at [./src/hotspot/share/classfile/systemDictionary.cpp, line 231]
Event: 5.904 Thread 0x000002650f322000 Exception <a 'java/lang/ClassNotFoundException'{0x0000000088d4c9c0}: org/gradle/api/internal/ConventionTaskCustomizer> (0x0000000088d4c9c0) thrown at [./src/hotspot/share/classfile/systemDictionary.cpp, line 231]
Event: 5.905 Thread 0x000002650f322000 Exception <a 'java/lang/ClassNotFoundException'{0x0000000088d86010}: org/gradle/api/tasks/DeleteCustomizer> (0x0000000088d86010) thrown at [./src/hotspot/share/classfile/systemDictionary.cpp, line 231]
Event: 5.907 Thread 0x000002650f322000 Exception <a 'java/lang/ClassNotFoundException'{0x0000000088dc5d90}: org/gradle/api/tasks/Delete_DecoratedCustomizer> (0x0000000088dc5d90) thrown at [./src/hotspot/share/classfile/systemDictionary.cpp, line 231]
Event: 5.929 Thread 0x000002650f322000 Exception <a 'java/lang/ClassNotFoundException'{0x0000000088cf1450}: build_ntizvycmhazpt1kkvs4bq7lqBeanInfo> (0x0000000088cf1450) thrown at [./src/hotspot/share/classfile/systemDictionary.cpp, line 231]
Event: 5.930 Thread 0x000002650f322000 Exception <a 'java/lang/ClassNotFoundException'{0x0000000088cfc3e8}: build_ntizvycmhazpt1kkvs4bq7lqCustomizer> (0x0000000088cfc3e8) thrown at [./src/hotspot/share/classfile/systemDictionary.cpp, line 231]
Event: 5.935 Thread 0x000002650f322000 Exception <a 'java/lang/ClassNotFoundException'{0x0000000088b81590}: org/gradle/plugin/use/internal/PluginRequestCollector$PluginDependenciesSpecImplBeanInfo> (0x0000000088b81590) thrown at [./src/hotspot/share/classfile/systemDictionary.cpp, line 231]
Event: 5.936 Thread 0x000002650f322000 Exception <a 'java/lang/ClassNotFoundException'{0x0000000088bb0378}: org/gradle/plugin/use/internal/PluginRequestCollector$PluginDependenciesSpecImplCustomizer> (0x0000000088bb0378) thrown at [./src/hotspot/share/classfile/systemDictionary.cpp, line 231]
Event: 5.942 Thread 0x000002650f322000 Exception <a 'java/lang/NoSuchMethodError'{0x0000000088a2ebb0}: 'void java.lang.invoke.DirectMethodHandle$Holder.invokeInterface(java.lang.Object, java.lang.Object)'> (0x0000000088a2ebb0) thrown at [./src/hotspot/share/interpreter/linkResolver.cpp, line 773]
Event: 6.056 Thread 0x000002650f322000 Exception <a 'java/lang/NoSuchMethodError'{0x0000000087e59a88}: 'java.lang.Object java.lang.invoke.DirectMethodHandle$Holder.invokeStatic(java.lang.Object, java.lang.Object, java.lang.Object, java.lang.Object, int)'> (0x0000000087e59a88) thrown at [./src/hotspot/share/interpreter/linkResolver.cpp, line 773]
Event: 6.056 Thread 0x000002650f322000 Exception <a 'java/lang/NoSuchMethodError'{0x0000000087e5e480}: 'java.lang.Object java.lang.invoke.DirectMethodHandle$Holder.invokeSpecial(java.lang.Object, java.lang.Object, java.lang.Object, java.lang.Object, java.lang.Object, int)'> (0x0000000087e5e480) thrown at [./src/hotspot/share/interpreter/linkResolver.cpp, line 773]
Event: 6.056 Thread 0x000002650f322000 Exception <a 'java/lang/NoSuchMethodError'{0x0000000087e62ac0}: 'java.lang.Object java.lang.invoke.Invokers$Holder.linkToTargetMethod(java.lang.Object, java.lang.Object, java.lang.Object, int, java.lang.Object)'> (0x0000000087e62ac0) thrown at [./src/hotspot/share/interpreter/linkResolver.cpp, line 773]
Event: 6.250 Thread 0x000002650f322000 Exception <a 'java/lang/NoSuchMethodError'{0x0000000086fe78b8}: 'java.lang.Object java.lang.invoke.DirectMethodHandle$Holder.invokeSpecial(java.lang.Object, java.lang.Object, int, int, java.lang.Object, java.lang.Object, java.lang.Object)'> (0x0000000086fe78b8) thrown at [./src/hotspot/share/interpreter/linkResolver.cpp, line 773]
Event: 6.250 Thread 0x000002650f322000 Exception <a 'java/lang/NoSuchMethodError'{0x0000000086febe38}: 'java.lang.Object java.lang.invoke.DelegatingMethodHandle$Holder.reinvoke_L(java.lang.Object, int, int, java.lang.Object, java.lang.Object, java.lang.Object)'> (0x0000000086febe38) thrown at [./src/hotspot/share/interpreter/linkResolver.cpp, line 773]
Event: 6.463 Thread 0x000002650f322000 Exception <a 'java/lang/NoSuchMethodError'{0x000000008ad10770}: 'int java.lang.invoke.DirectMethodHandle$Holder.invokeInterface(java.lang.Object, java.lang.Object, java.lang.Object, java.lang.Object)'> (0x000000008ad10770) thrown at [./src/hotspot/share/interpreter/linkResolver.cpp, line 773]
Event: 6.677 Thread 0x000002650f322000 Exception <a 'java/lang/NoSuchMethodError'{0x0000000089e6f128}: 'void java.lang.invoke.DirectMethodHandle$Holder.invokeInterface(java.lang.Object, java.lang.Object, java.lang.Object, java.lang.Object)'> (0x0000000089e6f128) thrown at [./src/hotspot/share/interpreter/linkResolver.cpp, line 773]
Event: 6.772 Thread 0x000002650f322000 Exception <a 'java/lang/IncompatibleClassChangeError'{0x00000000896b1970}: Found class java.lang.Object, but interface was expected> (0x00000000896b1970) thrown at [./src/hotspot/share/interpreter/linkResolver.cpp, line 839]
Event: 6.816 Thread 0x000002650f322000 Implicit null exception at 0x0000026507da9bd4 to 0x0000026507da9d4c
Event: 6.881 Thread 0x000002650f322000 Implicit null exception at 0x0000026507bdf20b to 0x0000026507bdf2e4

Events (20 events):
Event: 6.929 loading class java/security/PrivateKey done
Event: 6.929 loading class java/security/interfaces/RSAPrivateKey done
Event: 6.929 loading class sun/security/rsa/RSASignature$SHA1withRSA
Event: 6.929 loading class sun/security/rsa/RSASignature
Event: 6.929 loading class sun/security/rsa/RSASignature done
Event: 6.929 loading class sun/security/rsa/RSASignature$SHA1withRSA done
Event: 6.929 loading class sun/security/rsa/RSAPrivateKeyImpl
Event: 6.929 loading class sun/security/pkcs/PKCS8Key
Event: 6.930 loading class sun/security/pkcs/PKCS8Key done
Event: 6.930 loading class sun/security/rsa/RSAPrivateKeyImpl done
Event: 6.930 loading class sun/security/rsa/RSAPrivateCrtKeyImpl
Event: 6.930 loading class java/security/interfaces/RSAPrivateCrtKey
Event: 6.930 loading class java/security/interfaces/RSAPrivateCrtKey done
Event: 6.930 loading class sun/security/rsa/RSAPrivateCrtKeyImpl done
Event: 6.930 loading class sun/security/rsa/RSAUtil$1
Event: 6.930 loading class sun/security/rsa/RSAUtil$1 done
Event: 6.930 loading class sun/security/rsa/RSACore
Event: 6.930 loading class sun/security/rsa/RSACore done
Event: 6.930 loading class sun/security/rsa/RSAPadding
Event: 6.930 loading class sun/security/rsa/RSAPadding done


Dynamic libraries:
0x00007ff7f3360000 - 0x00007ff7f336a000 	E:\ANDROID STUDIO\jre\bin\java.exe
0x00007ffc0e350000 - 0x00007ffc0e545000 	C:\Windows\SYSTEM32\ntdll.dll
0x00007ffc0c9f0000 - 0x00007ffc0caae000 	C:\Windows\System32\KERNEL32.DLL
0x00007ffc0ba60000 - 0x00007ffc0bd28000 	C:\Windows\System32\KERNELBASE.dll
0x00007ffc092f0000 - 0x00007ffc09380000 	C:\Windows\SYSTEM32\apphelp.dll
0x00007ffc0bde0000 - 0x00007ffc0bee0000 	C:\Windows\System32\ucrtbase.dll
0x00007ffbf6300000 - 0x00007ffbf6317000 	E:\ANDROID STUDIO\jre\bin\VCRUNTIME140.dll
0x00007ffbf5c30000 - 0x00007ffbf5c49000 	E:\ANDROID STUDIO\jre\bin\jli.dll
0x00007ffc0c760000 - 0x00007ffc0c901000 	C:\Windows\System32\USER32.dll
0x00007ffc0c0a0000 - 0x00007ffc0c0c2000 	C:\Windows\System32\win32u.dll
0x00007ffc0d440000 - 0x00007ffc0d46b000 	C:\Windows\System32\GDI32.dll
0x00007ffc0c0d0000 - 0x00007ffc0c1dd000 	C:\Windows\System32\gdi32full.dll
0x00007ffc0c210000 - 0x00007ffc0c2ad000 	C:\Windows\System32\msvcp_win.dll
0x00007ffbf4880000 - 0x00007ffbf4b1a000 	C:\Windows\WinSxS\amd64_microsoft.windows.common-controls_6595b64144ccf1df_6.0.19041.1110_none_60b5254171f9507e\COMCTL32.dll
0x00007ffc0d470000 - 0x00007ffc0d50e000 	C:\Windows\System32\msvcrt.dll
0x00007ffc0d6c0000 - 0x00007ffc0d6f0000 	C:\Windows\System32\IMM32.DLL
0x00007ffbf5b90000 - 0x00007ffbf5c2d000 	E:\ANDROID STUDIO\jre\bin\msvcp140.dll
0x00007ffbd1910000 - 0x00007ffbd23e5000 	E:\ANDROID STUDIO\jre\bin\server\jvm.dll
0x00007ffc0c940000 - 0x00007ffc0c9ee000 	C:\Windows\System32\ADVAPI32.dll
0x00007ffc0c5f0000 - 0x00007ffc0c68c000 	C:\Windows\System32\sechost.dll
0x00007ffc0c390000 - 0x00007ffc0c4b5000 	C:\Windows\System32\RPCRT4.dll
0x00007ffc0c910000 - 0x00007ffc0c918000 	C:\Windows\System32\PSAPI.DLL
0x00007ffc09260000 - 0x00007ffc09269000 	C:\Windows\SYSTEM32\WSOCK32.dll
0x00007ffc01dc0000 - 0x00007ffc01de7000 	C:\Windows\SYSTEM32\WINMM.dll
0x00007ffc0e110000 - 0x00007ffc0e17b000 	C:\Windows\System32\WS2_32.dll
0x00007ffc04d80000 - 0x00007ffc04d8a000 	C:\Windows\SYSTEM32\VERSION.dll
0x00007ffc09970000 - 0x00007ffc09982000 	C:\Windows\SYSTEM32\kernel.appcore.dll
0x00007ffc07500000 - 0x00007ffc07511000 	E:\ANDROID STUDIO\jre\bin\verify.dll
0x00007ffc05890000 - 0x00007ffc05a74000 	C:\Windows\SYSTEM32\DBGHELP.DLL
0x00007ffbfae70000 - 0x00007ffbfae9c000 	C:\Windows\SYSTEM32\dbgcore.DLL
0x00007ffc0c2b0000 - 0x00007ffc0c332000 	C:\Windows\System32\bcryptPrimitives.dll
0x00007ffbfb9e0000 - 0x00007ffbfba09000 	E:\ANDROID STUDIO\jre\bin\java.dll
0x00007ffc09270000 - 0x00007ffc0927b000 	E:\ANDROID STUDIO\jre\bin\jimage.dll
0x00007ffc04730000 - 0x00007ffc04748000 	E:\ANDROID STUDIO\jre\bin\zip.dll
0x00007ffc0d880000 - 0x00007ffc0dfc4000 	C:\Windows\System32\SHELL32.dll
0x00007ffc09b70000 - 0x00007ffc0a305000 	C:\Windows\SYSTEM32\windows.storage.dll
0x00007ffc0cc60000 - 0x00007ffc0cfb5000 	C:\Windows\System32\combase.dll
0x00007ffc0b3e0000 - 0x00007ffc0b40e000 	C:\Windows\SYSTEM32\Wldp.dll
0x00007ffc0e260000 - 0x00007ffc0e30d000 	C:\Windows\System32\SHCORE.dll
0x00007ffc0c700000 - 0x00007ffc0c755000 	C:\Windows\System32\shlwapi.dll
0x00007ffc0b9a0000 - 0x00007ffc0b9bf000 	C:\Windows\SYSTEM32\profapi.dll
0x00007ffc01da0000 - 0x00007ffc01dba000 	E:\ANDROID STUDIO\jre\bin\net.dll
0x00007ffc05040000 - 0x00007ffc0514c000 	C:\Windows\SYSTEM32\WINHTTP.dll
0x00007ffc0b140000 - 0x00007ffc0b1aa000 	C:\Windows\system32\mswsock.dll
0x00007ffbfb9c0000 - 0x00007ffbfb9d4000 	E:\ANDROID STUDIO\jre\bin\nio.dll
0x00007ffbf1e90000 - 0x00007ffbf1eb7000 	C:\Users\Rostya\.gradle\native\e1d6ef7f7dcc3fd88c89a11ec53ec762bb8ba0a96d01ffa2cd45eb1d1d8dd5c5\windows-amd64\native-platform.dll
0x00007ffbea890000 - 0x00007ffbea9d4000 	C:\Users\Rostya\.gradle\native\5664cfc778a61ccfe75a443a1ab52a65af34e5dc3c78e0209fed803814484fcb\windows-amd64\native-platform-file-events.dll
0x00007ffc09250000 - 0x00007ffc0925a000 	E:\ANDROID STUDIO\jre\bin\management.dll
0x00007ffc07760000 - 0x00007ffc0776d000 	E:\ANDROID STUDIO\jre\bin\management_ext.dll
0x00007ffc0b340000 - 0x00007ffc0b358000 	C:\Windows\SYSTEM32\CRYPTSP.dll
0x00007ffc0aac0000 - 0x00007ffc0aaf4000 	C:\Windows\system32\rsaenh.dll
0x00007ffc0c1e0000 - 0x00007ffc0c207000 	C:\Windows\System32\bcrypt.dll
0x00007ffc0b960000 - 0x00007ffc0b98e000 	C:\Windows\SYSTEM32\USERENV.dll
0x00007ffc0b330000 - 0x00007ffc0b33c000 	C:\Windows\SYSTEM32\CRYPTBASE.dll
0x00007ffc0ae30000 - 0x00007ffc0ae6b000 	C:\Windows\SYSTEM32\IPHLPAPI.DLL
0x00007ffc0cbd0000 - 0x00007ffc0cbd8000 	C:\Windows\System32\NSI.dll
0x00007ffc05800000 - 0x00007ffc05817000 	C:\Windows\SYSTEM32\dhcpcsvc6.DLL
0x00007ffc057e0000 - 0x00007ffc057fd000 	C:\Windows\SYSTEM32\dhcpcsvc.DLL
0x00007ffc0ae70000 - 0x00007ffc0af3b000 	C:\Windows\SYSTEM32\DNSAPI.dll

dbghelp: loaded successfully - version: 4.0.5 - missing functions: none
symbol engine: initialized successfully - sym options: 0x614 - pdb path: .;E:\ANDROID STUDIO\jre\bin;C:\Windows\SYSTEM32;C:\Windows\WinSxS\amd64_microsoft.windows.common-controls_6595b64144ccf1df_6.0.19041.1110_none_60b5254171f9507e;E:\ANDROID STUDIO\jre\bin\server;C:\Users\Rostya\.gradle\native\e1d6ef7f7dcc3fd88c89a11ec53ec762bb8ba0a96d01ffa2cd45eb1d1d8dd5c5\windows-amd64;C:\Users\Rostya\.gradle\native\5664cfc778a61ccfe75a443a1ab52a65af34e5dc3c78e0209fed803814484fcb\windows-amd64

VM Arguments:
jvm_args: --add-opens=java.base/java.util=ALL-UNNAMED --add-opens=java.base/java.lang=ALL-UNNAMED --add-opens=java.base/java.lang.invoke=ALL-UNNAMED --add-opens=java.base/java.util=ALL-UNNAMED --add-opens=java.prefs/java.util.prefs=ALL-UNNAMED --add-opens=java.prefs/java.util.prefs=ALL-UNNAMED --add-opens=java.base/java.nio.charset=ALL-UNNAMED --add-opens=java.base/java.net=ALL-UNNAMED --add-opens=java.base/java.util.concurrent.atomic=ALL-UNNAMED -Xmx2048m -Dfile.encoding=UTF-8 -Duser.country=RU -Duser.language=ru -Duser.variant 
java_command: org.gradle.launcher.daemon.bootstrap.GradleDaemon 7.2
java_class_path (initial): C:\Users\Rostya\.gradle\wrapper\dists\gradle-7.2-bin\2dnblmf4td7x66yl1d74lt32g\gradle-7.2\lib\gradle-launcher-7.2.jar
Launcher Type: SUN_STANDARD

[Global flags]
     intx CICompilerCount                          = 3                                         {product} {ergonomic}
     uint ConcGCThreads                            = 2                                         {product} {ergonomic}
     uint G1ConcRefinementThreads                  = 6                                         {product} {ergonomic}
   size_t G1HeapRegionSize                         = 1048576                                   {product} {ergonomic}
    uintx GCDrainStackTargetSize                   = 64                                        {product} {ergonomic}
   size_t InitialHeapSize                          = 134217728                                 {product} {ergonomic}
   size_t MarkStackSize                            = 4194304                                   {product} {ergonomic}
   size_t MaxHeapSize                              = 2147483648                                {product} {command line}
   size_t MaxNewSize                               = 1287651328                                {product} {ergonomic}
   size_t MinHeapDeltaBytes                        = 1048576                                   {product} {ergonomic}
    uintx NonNMethodCodeHeapSize                   = 5830732                                {pd product} {ergonomic}
    uintx NonProfiledCodeHeapSize                  = 122913754                              {pd product} {ergonomic}
    uintx ProfiledCodeHeapSize                     = 122913754                              {pd product} {ergonomic}
    uintx ReservedCodeCacheSize                    = 251658240                              {pd product} {ergonomic}
     bool SegmentedCodeCache                       = true                                      {product} {ergonomic}
     bool UseCompressedClassPointers               = true                                 {lp64_product} {ergonomic}
     bool UseCompressedOops                        = true                                 {lp64_product} {ergonomic}
     bool UseG1GC                                  = true                                      {product} {ergonomic}
     bool UseLargePagesIndividualAllocation        = false                                  {pd product} {ergonomic}

Logging:
Log output configuration:
 #0: stdout all=warning uptime,level,tags
 #1: stderr all=off uptime,level,tags

Environment Variables:
PATH=C:\Windows\system32;C:\Windows;C:\Windows\System32\Wbem;C:\Windows\System32\WindowsPowerShell\v1.0\;C:\Windows\System32\OpenSSH\;C:\Program Files\Git\cmd;C:\Users\Rostya\AppData\Local\Microsoft\WindowsApps
USERNAME=Rostya
OS=Windows_NT
PROCESSOR_IDENTIFIER=AMD64 Family 21 Model 2 Stepping 0, AuthenticAMD



---------------  S Y S T E M  ---------------

OS: Windows 10 , 64 bit Build 19041 (10.0.19041.1466)
OS uptime: 0 days 1:10 hours

CPU:total 6 (initial active 6) (6 cores per cpu, 1 threads per core) family 21 model 2 stepping 0 microcode 0x0, cmov, cx8, fxsr, mmx, sse, sse2, sse3, ssse3, sse4.1, sse4.2, popcnt, avx, aes, clmul, mmxext, 3dnowpref, lzcnt, sse4a, tsc, tscinvbit, tscinv, bmi1, fma

Memory: 4k page, system-wide physical 8088M (2372M free)
TotalPageFile size 8088M (AvailPageFile size 14M)
current process WorkingSet (physical memory assigned to process): 376M, peak: 382M
current process commit charge ("private bytes"): 422M, peak: 429M

vm_info: OpenJDK 64-Bit Server VM (11.0.11+9-b60-7590822) for windows-amd64 JRE (11.0.11+9-b60-7590822), built on Jul 29 2021 21:43:44 by "builder" with MS VC++ 14.0 (VS2015)

END.
