#
# There is insufficient memory for the Java Runtime Environment to continue.
# Native memory allocation (malloc) failed to allocate 1546096 bytes for Chunk::new
# Possible reasons:
#   The system is out of physical RAM or swap space
#   The process is running with CompressedOops enabled, and the Java Heap may be blocking the growth of the native heap
# Possible solutions:
#   Reduce memory load on the system
#   Increase physical memory or swap space
#   Check if swap backing store is full
#   Decrease Java heap size (-Xmx/-Xms)
#   Decrease number of Java threads
#   Decrease Java thread stack sizes (-Xss)
#   Set larger code cache with -XX:ReservedCodeCacheSize=
#   JVM is running with Unscaled Compressed Oops mode in which the Java heap is
#     placed in the first 4GB address space. The Java Heap base address is the
#     maximum limit for the native heap growth. Please use -XX:HeapBaseMinAddress
#     to set the Java Heap base and to place the Java Heap above 4GB virtual address.
# This output file may be truncated or incomplete.
#
#  Out of Memory Error (./src/hotspot/share/memory/arena.cpp:197), pid=7148, tid=7416
#
# JRE version: OpenJDK Runtime Environment (11.0.11+9) (build 11.0.11+9-b60-7590822)
# Java VM: OpenJDK 64-Bit Server VM (11.0.11+9-b60-7590822, mixed mode, tiered, compressed oops, g1 gc, windows-amd64)
# No core dump will be written. Minidumps are not enabled by default on client versions of Windows
#

---------------  S U M M A R Y ------------

Command Line: --add-opens=java.base/java.util=ALL-UNNAMED --add-opens=java.base/java.lang=ALL-UNNAMED --add-opens=java.base/java.lang.invoke=ALL-UNNAMED --add-opens=java.base/java.util=ALL-UNNAMED --add-opens=java.prefs/java.util.prefs=ALL-UNNAMED --add-opens=java.prefs/java.util.prefs=ALL-UNNAMED --add-opens=java.base/java.nio.charset=ALL-UNNAMED --add-opens=java.base/java.net=ALL-UNNAMED --add-opens=java.base/java.util.concurrent.atomic=ALL-UNNAMED -Xmx2048m -Dfile.encoding=UTF-8 -Duser.country=RU -Duser.language=ru -Duser.variant org.gradle.launcher.daemon.bootstrap.GradleDaemon 7.2

Host: AMD FX(tm)-6350 Six-Core Processor             , 6 cores, 7G,  Windows 10 , 64 bit Build 19041 (10.0.19041.1466)
Time: Fri Feb  4 03:10:12 2022 Новосибирское стандартное время elapsed time: 193.609358 seconds (0d 0h 3m 13s)

---------------  T H R E A D  ---------------

Current thread (0x000002e4b238d000):  JavaThread "C2 CompilerThread1" daemon [_thread_in_native, id=7416, stack(0x000000f410800000,0x000000f410900000)]


Current CompileTask:
C2: 193609 18147   !   4       com.google.common.cache.LocalCache$Segment::lockedGetOrLoad (447 bytes)

Stack: [0x000000f410800000,0x000000f410900000]
Native frames: (J=compiled Java code, j=interpreted, Vv=VM code, C=native code)
V  [jvm.dll+0x5f214a]
V  [jvm.dll+0x726fb5]
V  [jvm.dll+0x7285cd]
V  [jvm.dll+0x728c83]
V  [jvm.dll+0x243278]
V  [jvm.dll+0xbc53c]
V  [jvm.dll+0xbca3c]
V  [jvm.dll+0x353e3b]
V  [jvm.dll+0x321893]
V  [jvm.dll+0x320d8a]
V  [jvm.dll+0x1fc1e2]
V  [jvm.dll+0x1fb3d4]
V  [jvm.dll+0x183d6c]
V  [jvm.dll+0x209a57]
V  [jvm.dll+0x2082a1]
V  [jvm.dll+0x6ef58f]
V  [jvm.dll+0x6e80b5]
V  [jvm.dll+0x5f1036]
C  [ucrtbase.dll+0x21bb2]
C  [KERNEL32.DLL+0x17034]
C  [ntdll.dll+0x52651]


---------------  P R O C E S S  ---------------

Threads class SMR info:
_java_thread_list=0x000002e4af5ebd80, length=101, elements={
0x000002e48e59a000, 0x000002e4a85e8000, 0x000002e4a85f2000, 0x000002e4a8f7c000,
0x000002e4a8f80800, 0x000002e4a8f82000, 0x000002e4a8602000, 0x000002e4a8607000,
0x000002e4a8608800, 0x000002e4a90c2000, 0x000002e4ab00b000, 0x000002e4aa0af800,
0x000002e4ab837800, 0x000002e4aa2ad800, 0x000002e4aa8e8800, 0x000002e4aa042800,
0x000002e4aa09e800, 0x000002e4ab2c5800, 0x000002e4ab45b000, 0x000002e4ab45c000,
0x000002e4ab45d000, 0x000002e4ab458000, 0x000002e4ab457000, 0x000002e4ab45d800,
0x000002e4ab458800, 0x000002e4ab459800, 0x000002e4ab45a800, 0x000002e4aa73d800,
0x000002e4aa73b000, 0x000002e4aa740000, 0x000002e4aa740800, 0x000002e4aa73e000,
0x000002e4aa73c800, 0x000002e4aa73f000, 0x000002e4aa73b800, 0x000002e4aa744800,
0x000002e4aa741800, 0x000002e4aa743000, 0x000002e4aa749800, 0x000002e4aa744000,
0x000002e4aa747000, 0x000002e4aa748000, 0x000002e4aa746800, 0x000002e4aa749000,
0x000002e4af07e800, 0x000002e4af07d000, 0x000002e4af07d800, 0x000002e4af079000,
0x000002e4af07c000, 0x000002e4af07a800, 0x000002e4af079800, 0x000002e4af07f800,
0x000002e4af080000, 0x000002e4af081000, 0x000002e4af07b000, 0x000002e4af086800,
0x000002e4af087800, 0x000002e4af082800, 0x000002e4af083800, 0x000002e4af086000,
0x000002e4af084000, 0x000002e4af085000, 0x000002e4af082000, 0x000002e4b1ed3000,
0x000002e4b1ed3800, 0x000002e4b1ed0800, 0x000002e4b1ed1800, 0x000002e4b1ed2000,
0x000002e4b1ed4800, 0x000002e4b1ecf000, 0x000002e4b1ed5800, 0x000002e4b1ecf800,
0x000002e4b1ed7000, 0x000002e4b1ed8000, 0x000002e4b1eda800, 0x000002e4b1ed8800,
0x000002e4b1ed9800, 0x000002e4b1edb000, 0x000002e4b1edc000, 0x000002e4b1ed6000,
0x000002e4b1edc800, 0x000002e4b1edd800, 0x000002e4ad24e000, 0x000002e4ad250800,
0x000002e4ad250000, 0x000002e4ad24f000, 0x000002e4ad252800, 0x000002e4ad251800,
0x000002e4ad253000, 0x000002e4ad24d800, 0x000002e4ad255800, 0x000002e4ad259800,
0x000002e4ad254000, 0x000002e4ad257000, 0x000002e4ad256800, 0x000002e4ad255000,
0x000002e4ad25c000, 0x000002e4ad25b800, 0x000002e4ad259000, 0x000002e4ad25a800,
0x000002e4b238d000
}

Java Threads: ( => current thread )
  0x000002e48e59a000 JavaThread "main" [_thread_blocked, id=8792, stack(0x000000f410900000,0x000000f410a00000)]
  0x000002e4a85e8000 JavaThread "Reference Handler" daemon [_thread_blocked, id=6492, stack(0x000000f411000000,0x000000f411100000)]
  0x000002e4a85f2000 JavaThread "Finalizer" daemon [_thread_blocked, id=1188, stack(0x000000f411100000,0x000000f411200000)]
  0x000002e4a8f7c000 JavaThread "Signal Dispatcher" daemon [_thread_blocked, id=7724, stack(0x000000f411200000,0x000000f411300000)]
  0x000002e4a8f80800 JavaThread "Attach Listener" daemon [_thread_blocked, id=1648, stack(0x000000f411300000,0x000000f411400000)]
  0x000002e4a8f82000 JavaThread "Service Thread" daemon [_thread_blocked, id=1676, stack(0x000000f411400000,0x000000f411500000)]
  0x000002e4a8602000 JavaThread "C2 CompilerThread0" daemon [_thread_in_native, id=1712, stack(0x000000f411500000,0x000000f411600000)]
  0x000002e4a8607000 JavaThread "C1 CompilerThread0" daemon [_thread_blocked, id=1760, stack(0x000000f411600000,0x000000f411700000)]
  0x000002e4a8608800 JavaThread "Sweeper thread" daemon [_thread_blocked, id=1740, stack(0x000000f411700000,0x000000f411800000)]
  0x000002e4a90c2000 JavaThread "Common-Cleaner" daemon [_thread_blocked, id=1736, stack(0x000000f411800000,0x000000f411900000)]
  0x000002e4ab00b000 JavaThread "Daemon health stats" [_thread_blocked, id=1984, stack(0x000000f411d00000,0x000000f411e00000)]
  0x000002e4aa0af800 JavaThread "Incoming local TCP Connector on port 51075" [_thread_in_native, id=1708, stack(0x000000f411e00000,0x000000f411f00000)]
  0x000002e4ab837800 JavaThread "Daemon periodic checks" [_thread_blocked, id=2540, stack(0x000000f411f00000,0x000000f412000000)]
  0x000002e4aa2ad800 JavaThread "Daemon" [_thread_blocked, id=6988, stack(0x000000f412000000,0x000000f412100000)]
  0x000002e4aa8e8800 JavaThread "Handler for socket connection from /127.0.0.1:51075 to /127.0.0.1:51076" [_thread_in_native, id=8188, stack(0x000000f412100000,0x000000f412200000)]
  0x000002e4aa042800 JavaThread "Cancel handler" [_thread_blocked, id=5332, stack(0x000000f412200000,0x000000f412300000)]
  0x000002e4aa09e800 JavaThread "Daemon worker" [_thread_blocked, id=3840, stack(0x000000f412300000,0x000000f412400000)]
  0x000002e4ab2c5800 JavaThread "Asynchronous log dispatcher for DefaultDaemonConnection: socket connection from /127.0.0.1:51075 to /127.0.0.1:51076" [_thread_blocked, id=7000, stack(0x000000f412400000,0x000000f412500000)]
  0x000002e4ab45b000 JavaThread "Daemon client event forwarder" [_thread_blocked, id=8768, stack(0x000000f412600000,0x000000f412700000)]
  0x000002e4ab45c000 JavaThread "Cache worker for journal cache (C:\Users\Rostya\.gradle\caches\journal-1)" [_thread_blocked, id=5904, stack(0x000000f412700000,0x000000f412800000)]
  0x000002e4ab45d000 JavaThread "File lock request listener" [_thread_in_native, id=1528, stack(0x000000f412800000,0x000000f412900000)]
  0x000002e4ab458000 JavaThread "Cache worker for file hash cache (C:\Users\Rostya\.gradle\caches\7.2\fileHashes)" [_thread_blocked, id=8516, stack(0x000000f412d00000,0x000000f412e00000)]
  0x000002e4ab457000 JavaThread "Cache worker for file hash cache (E:\Program Files\androidProjects\GeoQuiz\.gradle\7.2\fileHashes)" [_thread_blocked, id=8176, stack(0x000000f412e00000,0x000000f412f00000)]
  0x000002e4ab45d800 JavaThread "File watcher server" daemon [_thread_in_native, id=9400, stack(0x000000f412f00000,0x000000f413000000)]
  0x000002e4ab458800 JavaThread "File watcher consumer" daemon [_thread_blocked, id=7720, stack(0x000000f413000000,0x000000f413100000)]
  0x000002e4ab459800 JavaThread "jar transforms" [_thread_blocked, id=1036, stack(0x000000f411a00000,0x000000f411b00000)]
  0x000002e4ab45a800 JavaThread "jar transforms Thread 2" [_thread_blocked, id=6272, stack(0x000000f413100000,0x000000f413200000)]
  0x000002e4aa73d800 JavaThread "jar transforms Thread 3" [_thread_blocked, id=3716, stack(0x000000f413200000,0x000000f413300000)]
  0x000002e4aa73b000 JavaThread "jar transforms Thread 4" [_thread_blocked, id=1468, stack(0x000000f413300000,0x000000f413400000)]
  0x000002e4aa740000 JavaThread "jar transforms Thread 5" [_thread_blocked, id=2716, stack(0x000000f413400000,0x000000f413500000)]
  0x000002e4aa740800 JavaThread "jar transforms Thread 6" [_thread_blocked, id=5756, stack(0x000000f413500000,0x000000f413600000)]
  0x000002e4aa73e000 JavaThread "Cache worker for checksums cache (E:\Program Files\androidProjects\GeoQuiz\.gradle\checksums)" [_thread_blocked, id=1500, stack(0x000000f413600000,0x000000f413700000)]
  0x000002e4aa73c800 JavaThread "Cache worker for cache directory md-supplier (C:\Users\Rostya\.gradle\caches\7.2\md-supplier)" [_thread_blocked, id=3892, stack(0x000000f413700000,0x000000f413800000)]
  0x000002e4aa73f000 JavaThread "Cache worker for cache directory md-rule (C:\Users\Rostya\.gradle\caches\7.2\md-rule)" [_thread_blocked, id=824, stack(0x000000f413900000,0x000000f413a00000)]
  0x000002e4aa73b800 JavaThread "Cache worker for execution history cache (C:\Users\Rostya\.gradle\caches\7.2\executionHistory)" [_thread_blocked, id=5604, stack(0x000000f413a00000,0x000000f413b00000)]
  0x000002e4aa744800 JavaThread "Cache worker for file content cache (C:\Users\Rostya\.gradle\caches\7.2\fileContent)" [_thread_blocked, id=8620, stack(0x000000f413b00000,0x000000f413c00000)]
  0x000002e4aa741800 JavaThread "Cache worker for dependencies-accessors (E:\Program Files\androidProjects\GeoQuiz\.gradle\7.2\dependencies-accessors)" [_thread_blocked, id=5172, stack(0x000000f413c00000,0x000000f413d00000)]
  0x000002e4aa743000 JavaThread "Cache worker for Build Output Cleanup Cache (E:\Program Files\androidProjects\GeoQuiz\.gradle\buildOutputCleanup)" [_thread_blocked, id=9176, stack(0x000000f413d00000,0x000000f413e00000)]
  0x000002e4aa749800 JavaThread "Unconstrained build operations" [_thread_blocked, id=5036, stack(0x000000f413e00000,0x000000f413f00000)]
  0x000002e4aa744000 JavaThread "Unconstrained build operations Thread 2" [_thread_blocked, id=8288, stack(0x000000f413f00000,0x000000f414000000)]
  0x000002e4aa747000 JavaThread "Unconstrained build operations Thread 3" [_thread_blocked, id=9040, stack(0x000000f413800000,0x000000f413900000)]
  0x000002e4aa748000 JavaThread "Unconstrained build operations Thread 4" [_thread_blocked, id=7104, stack(0x000000f414100000,0x000000f414200000)]
  0x000002e4aa746800 JavaThread "Unconstrained build operations Thread 5" [_thread_blocked, id=8244, stack(0x000000f414200000,0x000000f414300000)]
  0x000002e4aa749000 JavaThread "Unconstrained build operations Thread 6" [_thread_blocked, id=5432, stack(0x000000f414300000,0x000000f414400000)]
  0x000002e4af07e800 JavaThread "Unconstrained build operations Thread 7" [_thread_blocked, id=3932, stack(0x000000f414400000,0x000000f414500000)]
  0x000002e4af07d000 JavaThread "Unconstrained build operations Thread 8" [_thread_blocked, id=9924, stack(0x000000f414500000,0x000000f414600000)]
  0x000002e4af07d800 JavaThread "Unconstrained build operations Thread 9" [_thread_blocked, id=7344, stack(0x000000f414600000,0x000000f414700000)]
  0x000002e4af079000 JavaThread "Unconstrained build operations Thread 10" [_thread_blocked, id=5064, stack(0x000000f414700000,0x000000f414800000)]
  0x000002e4af07c000 JavaThread "Unconstrained build operations Thread 11" [_thread_blocked, id=8424, stack(0x000000f414800000,0x000000f414900000)]
  0x000002e4af07a800 JavaThread "Unconstrained build operations Thread 12" [_thread_blocked, id=5872, stack(0x000000f414900000,0x000000f414a00000)]
  0x000002e4af079800 JavaThread "Unconstrained build operations Thread 13" [_thread_blocked, id=9704, stack(0x000000f414a00000,0x000000f414b00000)]
  0x000002e4af07f800 JavaThread "Unconstrained build operations Thread 14" [_thread_blocked, id=9764, stack(0x000000f414b00000,0x000000f414c00000)]
  0x000002e4af080000 JavaThread "Unconstrained build operations Thread 15" [_thread_in_native, id=9800, stack(0x000000f414c00000,0x000000f414d00000)]
  0x000002e4af081000 JavaThread "Unconstrained build operations Thread 16" [_thread_blocked, id=4020, stack(0x000000f414d00000,0x000000f414e00000)]
  0x000002e4af07b000 JavaThread "Unconstrained build operations Thread 17" [_thread_blocked, id=9096, stack(0x000000f414e00000,0x000000f414f00000)]
  0x000002e4af086800 JavaThread "Unconstrained build operations Thread 18" [_thread_blocked, id=8836, stack(0x000000f414f00000,0x000000f415000000)]
  0x000002e4af087800 JavaThread "Unconstrained build operations Thread 19" [_thread_blocked, id=5072, stack(0x000000f415000000,0x000000f415100000)]
  0x000002e4af082800 JavaThread "Unconstrained build operations Thread 20" [_thread_blocked, id=9900, stack(0x000000f415100000,0x000000f415200000)]
  0x000002e4af083800 JavaThread "Unconstrained build operations Thread 21" [_thread_blocked, id=1640, stack(0x000000f415200000,0x000000f415300000)]
  0x000002e4af086000 JavaThread "Unconstrained build operations Thread 22" [_thread_blocked, id=1516, stack(0x000000f415300000,0x000000f415400000)]
  0x000002e4af084000 JavaThread "Unconstrained build operations Thread 23" [_thread_blocked, id=3540, stack(0x000000f415400000,0x000000f415500000)]
  0x000002e4af085000 JavaThread "Unconstrained build operations Thread 24" [_thread_blocked, id=6956, stack(0x000000f415500000,0x000000f415600000)]
  0x000002e4af082000 JavaThread "Unconstrained build operations Thread 25" [_thread_blocked, id=3640, stack(0x000000f415600000,0x000000f415700000)]
  0x000002e4b1ed3000 JavaThread "Unconstrained build operations Thread 26" [_thread_blocked, id=8280, stack(0x000000f415700000,0x000000f415800000)]
  0x000002e4b1ed3800 JavaThread "Unconstrained build operations Thread 27" [_thread_blocked, id=3256, stack(0x000000f415800000,0x000000f415900000)]
  0x000002e4b1ed0800 JavaThread "Unconstrained build operations Thread 28" [_thread_blocked, id=5020, stack(0x000000f415900000,0x000000f415a00000)]
  0x000002e4b1ed1800 JavaThread "Unconstrained build operations Thread 29" [_thread_blocked, id=9848, stack(0x000000f415a00000,0x000000f415b00000)]
  0x000002e4b1ed2000 JavaThread "Unconstrained build operations Thread 30" [_thread_blocked, id=5576, stack(0x000000f415b00000,0x000000f415c00000)]
  0x000002e4b1ed4800 JavaThread "Unconstrained build operations Thread 31" [_thread_blocked, id=9668, stack(0x000000f415c00000,0x000000f415d00000)]
  0x000002e4b1ecf000 JavaThread "Unconstrained build operations Thread 32" [_thread_blocked, id=6808, stack(0x000000f415d00000,0x000000f415e00000)]
  0x000002e4b1ed5800 JavaThread "Unconstrained build operations Thread 33" [_thread_blocked, id=8748, stack(0x000000f415e00000,0x000000f415f00000)]
  0x000002e4b1ecf800 JavaThread "Unconstrained build operations Thread 34" [_thread_blocked, id=5168, stack(0x000000f415f00000,0x000000f416000000)]
  0x000002e4b1ed7000 JavaThread "Unconstrained build operations Thread 35" [_thread_blocked, id=8772, stack(0x000000f416000000,0x000000f416100000)]
  0x000002e4b1ed8000 JavaThread "Unconstrained build operations Thread 36" [_thread_blocked, id=8588, stack(0x000000f416100000,0x000000f416200000)]
  0x000002e4b1eda800 JavaThread "Unconstrained build operations Thread 37" [_thread_blocked, id=6964, stack(0x000000f416200000,0x000000f416300000)]
  0x000002e4b1ed8800 JavaThread "Unconstrained build operations Thread 38" [_thread_blocked, id=8380, stack(0x000000f416300000,0x000000f416400000)]
  0x000002e4b1ed9800 JavaThread "Unconstrained build operations Thread 39" [_thread_blocked, id=5932, stack(0x000000f416400000,0x000000f416500000)]
  0x000002e4b1edb000 JavaThread "Unconstrained build operations Thread 40" [_thread_blocked, id=8208, stack(0x000000f416500000,0x000000f416600000)]
  0x000002e4b1edc000 JavaThread "Unconstrained build operations Thread 41" [_thread_blocked, id=7956, stack(0x000000f416600000,0x000000f416700000)]
  0x000002e4b1ed6000 JavaThread "Unconstrained build operations Thread 42" [_thread_blocked, id=1964, stack(0x000000f416700000,0x000000f416800000)]
  0x000002e4b1edc800 JavaThread "Unconstrained build operations Thread 43" [_thread_blocked, id=2532, stack(0x000000f416800000,0x000000f416900000)]
  0x000002e4b1edd800 JavaThread "Unconstrained build operations Thread 44" [_thread_blocked, id=9752, stack(0x000000f416900000,0x000000f416a00000)]
  0x000002e4ad24e000 JavaThread "Unconstrained build operations Thread 45" [_thread_blocked, id=9388, stack(0x000000f416a00000,0x000000f416b00000)]
  0x000002e4ad250800 JavaThread "Unconstrained build operations Thread 46" [_thread_blocked, id=4264, stack(0x000000f416b00000,0x000000f416c00000)]
  0x000002e4ad250000 JavaThread "Unconstrained build operations Thread 47" [_thread_in_native, id=6340, stack(0x000000f416c00000,0x000000f416d00000)]
  0x000002e4ad24f000 JavaThread "Unconstrained build operations Thread 48" [_thread_blocked, id=4112, stack(0x000000f416d00000,0x000000f416e00000)]
  0x000002e4ad252800 JavaThread "Unconstrained build operations Thread 49" [_thread_blocked, id=9224, stack(0x000000f416e00000,0x000000f416f00000)]
  0x000002e4ad251800 JavaThread "Unconstrained build operations Thread 50" [_thread_blocked, id=4156, stack(0x000000f416f00000,0x000000f417000000)]
  0x000002e4ad253000 JavaThread "Unconstrained build operations Thread 51" [_thread_blocked, id=7248, stack(0x000000f417000000,0x000000f417100000)]
  0x000002e4ad24d800 JavaThread "Unconstrained build operations Thread 52" [_thread_blocked, id=4252, stack(0x000000f417100000,0x000000f417200000)]
  0x000002e4ad255800 JavaThread "Unconstrained build operations Thread 53" [_thread_blocked, id=6800, stack(0x000000f417300000,0x000000f417400000)]
  0x000002e4ad259800 JavaThread "Unconstrained build operations Thread 54" [_thread_blocked, id=9720, stack(0x000000f417400000,0x000000f417500000)]
  0x000002e4ad254000 JavaThread "Unconstrained build operations Thread 55" [_thread_blocked, id=4320, stack(0x000000f417500000,0x000000f417600000)]
  0x000002e4ad257000 JavaThread "Unconstrained build operations Thread 56" [_thread_blocked, id=3080, stack(0x000000f417600000,0x000000f417700000)]
  0x000002e4ad256800 JavaThread "Unconstrained build operations Thread 57" [_thread_blocked, id=2592, stack(0x000000f417700000,0x000000f417800000)]
  0x000002e4ad255000 JavaThread "Unconstrained build operations Thread 58" [_thread_blocked, id=8308, stack(0x000000f417800000,0x000000f417900000)]
  0x000002e4ad25c000 JavaThread "Unconstrained build operations Thread 59" [_thread_blocked, id=1204, stack(0x000000f417900000,0x000000f417a00000)]
  0x000002e4ad25b800 JavaThread "Unconstrained build operations Thread 60" [_thread_blocked, id=5268, stack(0x000000f417a00000,0x000000f417b00000)]
  0x000002e4ad259000 JavaThread "Memory manager" [_thread_blocked, id=9696, stack(0x000000f410700000,0x000000f410800000)]
  0x000002e4ad25a800 JavaThread "build event listener" [_thread_blocked, id=7156, stack(0x000000f410600000,0x000000f410700000)]
=>0x000002e4b238d000 JavaThread "C2 CompilerThread1" daemon [_thread_in_native, id=7416, stack(0x000000f410800000,0x000000f410900000)]

Other Threads:
  0x000002e4a85e2800 VMThread "VM Thread" [stack: 0x000000f410f00000,0x000000f411000000] [id=4884]
  0x000002e4a90ff000 WatcherThread [stack: 0x000000f411900000,0x000000f411a00000] [id=1732]
  0x000002e48e5b3800 GCTaskThread "GC Thread#0" [stack: 0x000000f410a00000,0x000000f410b00000] [id=6864]
  0x000002e4aa195000 GCTaskThread "GC Thread#1" [stack: 0x000000f411b00000,0x000000f411c00000] [id=1852]
  0x000002e4a9667000 GCTaskThread "GC Thread#2" [stack: 0x000000f411c00000,0x000000f411d00000] [id=2004]
  0x000002e4ab1b0000 GCTaskThread "GC Thread#3" [stack: 0x000000f412900000,0x000000f412a00000] [id=1404]
  0x000002e4ab69d800 GCTaskThread "GC Thread#4" [stack: 0x000000f412a00000,0x000000f412b00000] [id=1444]
  0x000002e4ab13f800 GCTaskThread "GC Thread#5" [stack: 0x000000f412b00000,0x000000f412c00000] [id=1584]
  0x000002e48e5e3000 ConcurrentGCThread "G1 Main Marker" [stack: 0x000000f410b00000,0x000000f410c00000] [id=3340]
  0x000002e48e5e5800 ConcurrentGCThread "G1 Conc#0" [stack: 0x000000f410c00000,0x000000f410d00000] [id=9200]
  0x000002e4ab13d800 ConcurrentGCThread "G1 Conc#1" [stack: 0x000000f412c00000,0x000000f412d00000] [id=3580]
  0x000002e4a8432800 ConcurrentGCThread "G1 Refine#0" [stack: 0x000000f410d00000,0x000000f410e00000] [id=10028]
  0x000002e4a8433000 ConcurrentGCThread "G1 Young RemSet Sampling" [stack: 0x000000f410e00000,0x000000f410f00000] [id=6080]

Threads with active compile tasks:
C2 CompilerThread0 193688 18303       4       java.time.LocalDateTime::ofInstant (38 bytes)
C2 CompilerThread1 193688 18147   !   4       com.google.common.cache.LocalCache$Segment::lockedGetOrLoad (447 bytes)

VM state:not at safepoint (normal execution)

VM Mutex/Monitor currently owned by a thread: None

Heap address: 0x0000000080000000, size: 2048 MB, Compressed Oops mode: 32-bit
Narrow klass base: 0x0000000000000000, Narrow klass shift: 3
Compressed class space size: 1073741824 Address: 0x0000000100000000

Heap:
 garbage-first heap   total 273408K, used 148053K [0x0000000080000000, 0x0000000100000000)
  region size 1024K, 12 young (12288K), 8 survivors (8192K)
 Metaspace       used 112243K, capacity 114980K, committed 115316K, reserved 1148928K
  class space    used 13940K, capacity 15008K, committed 15104K, reserved 1048576K
Heap Regions: E=young(eden), S=young(survivor), O=old, HS=humongous(starts), HC=humongous(continues), CS=collection set, F=free, A=archive, TAMS=top-at-mark-start (previous, next)
|   0|0x0000000080000000, 0x0000000080100000, 0x0000000080100000|100%| O|  |TAMS 0x0000000080100000, 0x0000000080100000| Untracked 
|   1|0x0000000080100000, 0x0000000080200000, 0x0000000080200000|100%| O|  |TAMS 0x0000000080200000, 0x0000000080200000| Untracked 
|   2|0x0000000080200000, 0x0000000080300000, 0x0000000080300000|100%| O|  |TAMS 0x0000000080300000, 0x0000000080300000| Untracked 
|   3|0x0000000080300000, 0x0000000080400000, 0x0000000080400000|100%|HS|  |TAMS 0x0000000080400000, 0x0000000080400000| Complete 
|   4|0x0000000080400000, 0x0000000080500000, 0x0000000080500000|100%|HC|  |TAMS 0x0000000080500000, 0x0000000080500000| Complete 
|   5|0x0000000080500000, 0x0000000080600000, 0x0000000080600000|100%|HC|  |TAMS 0x0000000080600000, 0x0000000080600000| Complete 
|   6|0x0000000080600000, 0x0000000080700000, 0x0000000080700000|100%| O|  |TAMS 0x0000000080700000, 0x0000000080700000| Untracked 
|   7|0x0000000080700000, 0x0000000080800000, 0x0000000080800000|100%| O|  |TAMS 0x0000000080800000, 0x0000000080800000| Untracked 
|   8|0x0000000080800000, 0x0000000080900000, 0x0000000080900000|100%| O|  |TAMS 0x0000000080900000, 0x0000000080900000| Untracked 
|   9|0x0000000080900000, 0x0000000080a00000, 0x0000000080a00000|100%| O|  |TAMS 0x0000000080a00000, 0x0000000080a00000| Untracked 
|  10|0x0000000080a00000, 0x0000000080b00000, 0x0000000080b00000|100%| O|  |TAMS 0x0000000080b00000, 0x0000000080b00000| Untracked 
|  11|0x0000000080b00000, 0x0000000080c00000, 0x0000000080c00000|100%| O|  |TAMS 0x0000000080c00000, 0x0000000080c00000| Untracked 
|  12|0x0000000080c00000, 0x0000000080d00000, 0x0000000080d00000|100%| O|  |TAMS 0x0000000080d00000, 0x0000000080d00000| Untracked 
|  13|0x0000000080d00000, 0x0000000080e00000, 0x0000000080e00000|100%| O|  |TAMS 0x0000000080e00000, 0x0000000080e00000| Untracked 
|  14|0x0000000080e00000, 0x0000000080f00000, 0x0000000080f00000|100%|HS|  |TAMS 0x0000000080f00000, 0x0000000080f00000| Complete 
|  15|0x0000000080f00000, 0x0000000081000000, 0x0000000081000000|100%|HC|  |TAMS 0x0000000081000000, 0x0000000081000000| Complete 
|  16|0x0000000081000000, 0x0000000081100000, 0x0000000081100000|100%|HS|  |TAMS 0x0000000081100000, 0x0000000081100000| Complete 
|  17|0x0000000081100000, 0x0000000081200000, 0x0000000081200000|100%|HC|  |TAMS 0x0000000081200000, 0x0000000081200000| Complete 
|  18|0x0000000081200000, 0x0000000081300000, 0x0000000081300000|100%|HC|  |TAMS 0x0000000081300000, 0x0000000081300000| Complete 
|  19|0x0000000081300000, 0x0000000081400000, 0x0000000081400000|100%|HS|  |TAMS 0x0000000081400000, 0x0000000081400000| Complete 
|  20|0x0000000081400000, 0x0000000081500000, 0x0000000081500000|100%|HC|  |TAMS 0x0000000081500000, 0x0000000081500000| Complete 
|  21|0x0000000081500000, 0x0000000081600000, 0x0000000081600000|100%|HC|  |TAMS 0x0000000081600000, 0x0000000081600000| Complete 
|  22|0x0000000081600000, 0x0000000081700000, 0x0000000081700000|100%|HC|  |TAMS 0x0000000081700000, 0x0000000081700000| Complete 
|  23|0x0000000081700000, 0x0000000081800000, 0x0000000081800000|100%| O|  |TAMS 0x0000000081800000, 0x0000000081800000| Untracked 
|  24|0x0000000081800000, 0x0000000081900000, 0x0000000081900000|100%| O|  |TAMS 0x0000000081900000, 0x0000000081900000| Untracked 
|  25|0x0000000081900000, 0x0000000081a00000, 0x0000000081a00000|100%| O|  |TAMS 0x0000000081a00000, 0x0000000081a00000| Untracked 
|  26|0x0000000081a00000, 0x0000000081b00000, 0x0000000081b00000|100%| O|  |TAMS 0x0000000081b00000, 0x0000000081b00000| Untracked 
|  27|0x0000000081b00000, 0x0000000081c00000, 0x0000000081c00000|100%| O|  |TAMS 0x0000000081c00000, 0x0000000081c00000| Untracked 
|  28|0x0000000081c00000, 0x0000000081d00000, 0x0000000081d00000|100%| O|  |TAMS 0x0000000081d00000, 0x0000000081d00000| Untracked 
|  29|0x0000000081d00000, 0x0000000081e00000, 0x0000000081e00000|100%| O|  |TAMS 0x0000000081e00000, 0x0000000081e00000| Untracked 
|  30|0x0000000081e00000, 0x0000000081f00000, 0x0000000081f00000|100%| O|  |TAMS 0x0000000081f00000, 0x0000000081f00000| Untracked 
|  31|0x0000000081f00000, 0x0000000082000000, 0x0000000082000000|100%| O|  |TAMS 0x0000000082000000, 0x0000000082000000| Untracked 
|  32|0x0000000082000000, 0x0000000082100000, 0x0000000082100000|100%| O|  |TAMS 0x0000000082100000, 0x0000000082100000| Untracked 
|  33|0x0000000082100000, 0x0000000082200000, 0x0000000082200000|100%| O|  |TAMS 0x0000000082200000, 0x0000000082200000| Untracked 
|  34|0x0000000082200000, 0x0000000082300000, 0x0000000082300000|100%| O|  |TAMS 0x0000000082300000, 0x0000000082300000| Untracked 
|  35|0x0000000082300000, 0x0000000082400000, 0x0000000082400000|100%| O|  |TAMS 0x0000000082400000, 0x0000000082400000| Untracked 
|  36|0x0000000082400000, 0x0000000082500000, 0x0000000082500000|100%|HS|  |TAMS 0x0000000082500000, 0x0000000082500000| Complete 
|  37|0x0000000082500000, 0x0000000082600000, 0x0000000082600000|100%|HC|  |TAMS 0x0000000082600000, 0x0000000082600000| Complete 
|  38|0x0000000082600000, 0x0000000082700000, 0x0000000082700000|100%|HC|  |TAMS 0x0000000082700000, 0x0000000082700000| Complete 
|  39|0x0000000082700000, 0x0000000082800000, 0x0000000082800000|100%|HC|  |TAMS 0x0000000082800000, 0x0000000082800000| Complete 
|  40|0x0000000082800000, 0x0000000082900000, 0x0000000082900000|100%| O|  |TAMS 0x0000000082900000, 0x0000000082900000| Untracked 
|  41|0x0000000082900000, 0x0000000082a00000, 0x0000000082a00000|100%| O|  |TAMS 0x0000000082a00000, 0x0000000082a00000| Untracked 
|  42|0x0000000082a00000, 0x0000000082b00000, 0x0000000082b00000|100%| O|  |TAMS 0x0000000082b00000, 0x0000000082b00000| Untracked 
|  43|0x0000000082b00000, 0x0000000082c00000, 0x0000000082c00000|100%| O|  |TAMS 0x0000000082c00000, 0x0000000082c00000| Untracked 
|  44|0x0000000082c00000, 0x0000000082d00000, 0x0000000082d00000|100%| O|  |TAMS 0x0000000082d00000, 0x0000000082d00000| Untracked 
|  45|0x0000000082d00000, 0x0000000082e00000, 0x0000000082e00000|100%| O|  |TAMS 0x0000000082e00000, 0x0000000082e00000| Untracked 
|  46|0x0000000082e00000, 0x0000000082f00000, 0x0000000082f00000|100%| O|  |TAMS 0x0000000082f00000, 0x0000000082f00000| Untracked 
|  47|0x0000000082f00000, 0x0000000083000000, 0x0000000083000000|100%| O|  |TAMS 0x0000000083000000, 0x0000000083000000| Untracked 
|  48|0x0000000083000000, 0x0000000083100000, 0x0000000083100000|100%| O|  |TAMS 0x0000000083100000, 0x0000000083100000| Untracked 
|  49|0x0000000083100000, 0x0000000083200000, 0x0000000083200000|100%| O|  |TAMS 0x0000000083200000, 0x0000000083200000| Untracked 
|  50|0x0000000083200000, 0x0000000083300000, 0x0000000083300000|100%| O|  |TAMS 0x0000000083300000, 0x0000000083300000| Untracked 
|  51|0x0000000083300000, 0x0000000083400000, 0x0000000083400000|100%| O|  |TAMS 0x0000000083400000, 0x0000000083400000| Untracked 
|  52|0x0000000083400000, 0x0000000083500000, 0x0000000083500000|100%| O|  |TAMS 0x0000000083500000, 0x0000000083500000| Untracked 
|  53|0x0000000083500000, 0x0000000083600000, 0x0000000083600000|100%| O|  |TAMS 0x0000000083600000, 0x0000000083600000| Untracked 
|  54|0x0000000083600000, 0x0000000083700000, 0x0000000083700000|100%| O|  |TAMS 0x0000000083700000, 0x0000000083700000| Untracked 
|  55|0x0000000083700000, 0x0000000083800000, 0x0000000083800000|100%| O|  |TAMS 0x0000000083800000, 0x0000000083800000| Untracked 
|  56|0x0000000083800000, 0x0000000083900000, 0x0000000083900000|100%| O|  |TAMS 0x0000000083900000, 0x0000000083900000| Untracked 
|  57|0x0000000083900000, 0x0000000083a00000, 0x0000000083a00000|100%|HS|  |TAMS 0x0000000083a00000, 0x0000000083a00000| Complete 
|  58|0x0000000083a00000, 0x0000000083b00000, 0x0000000083b00000|100%|HC|  |TAMS 0x0000000083b00000, 0x0000000083b00000| Complete 
|  59|0x0000000083b00000, 0x0000000083c00000, 0x0000000083c00000|100%|HC|  |TAMS 0x0000000083c00000, 0x0000000083c00000| Complete 
|  60|0x0000000083c00000, 0x0000000083d00000, 0x0000000083d00000|100%| O|  |TAMS 0x0000000083d00000, 0x0000000083d00000| Untracked 
|  61|0x0000000083d00000, 0x0000000083e00000, 0x0000000083e00000|100%| O|  |TAMS 0x0000000083e00000, 0x0000000083e00000| Untracked 
|  62|0x0000000083e00000, 0x0000000083f00000, 0x0000000083f00000|100%| O|  |TAMS 0x0000000083f00000, 0x0000000083f00000| Untracked 
|  63|0x0000000083f00000, 0x0000000084000000, 0x0000000084000000|100%| O|  |TAMS 0x0000000084000000, 0x0000000084000000| Untracked 
|  64|0x0000000084000000, 0x0000000084100000, 0x0000000084100000|100%| O|  |TAMS 0x0000000084100000, 0x0000000084100000| Untracked 
|  65|0x0000000084100000, 0x0000000084200000, 0x0000000084200000|100%| O|  |TAMS 0x0000000084200000, 0x0000000084200000| Untracked 
|  66|0x0000000084200000, 0x0000000084300000, 0x0000000084300000|100%| O|  |TAMS 0x0000000084300000, 0x0000000084300000| Untracked 
|  67|0x0000000084300000, 0x0000000084400000, 0x0000000084400000|100%| O|  |TAMS 0x0000000084400000, 0x0000000084400000| Untracked 
|  68|0x0000000084400000, 0x0000000084500000, 0x0000000084500000|100%| O|  |TAMS 0x0000000084500000, 0x0000000084500000| Untracked 
|  69|0x0000000084500000, 0x0000000084600000, 0x0000000084600000|100%| O|  |TAMS 0x0000000084600000, 0x0000000084600000| Untracked 
|  70|0x0000000084600000, 0x0000000084700000, 0x0000000084700000|100%| O|  |TAMS 0x0000000084700000, 0x0000000084700000| Untracked 
|  71|0x0000000084700000, 0x0000000084800000, 0x0000000084800000|100%| O|  |TAMS 0x0000000084800000, 0x0000000084800000| Untracked 
|  72|0x0000000084800000, 0x0000000084900000, 0x0000000084900000|100%| O|  |TAMS 0x0000000084900000, 0x0000000084900000| Untracked 
|  73|0x0000000084900000, 0x0000000084a00000, 0x0000000084a00000|100%| O|  |TAMS 0x0000000084a00000, 0x0000000084a00000| Untracked 
|  74|0x0000000084a00000, 0x0000000084b00000, 0x0000000084b00000|100%| O|  |TAMS 0x0000000084b00000, 0x0000000084b00000| Untracked 
|  75|0x0000000084b00000, 0x0000000084c00000, 0x0000000084c00000|100%|HS|  |TAMS 0x0000000084c00000, 0x0000000084c00000| Complete 
|  76|0x0000000084c00000, 0x0000000084d00000, 0x0000000084d00000|100%|HS|  |TAMS 0x0000000084d00000, 0x0000000084d00000| Complete 
|  77|0x0000000084d00000, 0x0000000084e00000, 0x0000000084e00000|100%| O|  |TAMS 0x0000000084e00000, 0x0000000084e00000| Untracked 
|  78|0x0000000084e00000, 0x0000000084f00000, 0x0000000084f00000|100%|HS|  |TAMS 0x0000000084f00000, 0x0000000084f00000| Complete 
|  79|0x0000000084f00000, 0x0000000085000000, 0x0000000085000000|100%|HS|  |TAMS 0x0000000085000000, 0x0000000085000000| Complete 
|  80|0x0000000085000000, 0x0000000085100000, 0x0000000085100000|100%|HS|  |TAMS 0x0000000085100000, 0x0000000085100000| Complete 
|  81|0x0000000085100000, 0x0000000085200000, 0x0000000085200000|100%|HC|  |TAMS 0x0000000085200000, 0x0000000085200000| Complete 
|  82|0x0000000085200000, 0x0000000085300000, 0x0000000085300000|100%|HC|  |TAMS 0x0000000085300000, 0x0000000085300000| Complete 
|  83|0x0000000085300000, 0x0000000085400000, 0x0000000085400000|100%|HS|  |TAMS 0x0000000085400000, 0x0000000085400000| Complete 
|  84|0x0000000085400000, 0x0000000085500000, 0x0000000085500000|100%|HC|  |TAMS 0x0000000085500000, 0x0000000085500000| Complete 
|  85|0x0000000085500000, 0x0000000085600000, 0x0000000085600000|100%|HS|  |TAMS 0x0000000085600000, 0x0000000085600000| Complete 
|  86|0x0000000085600000, 0x0000000085700000, 0x0000000085700000|100%|HC|  |TAMS 0x0000000085700000, 0x0000000085700000| Complete 
|  87|0x0000000085700000, 0x0000000085800000, 0x0000000085800000|100%|HS|  |TAMS 0x0000000085800000, 0x0000000085800000| Complete 
|  88|0x0000000085800000, 0x0000000085900000, 0x0000000085900000|100%|HC|  |TAMS 0x0000000085900000, 0x0000000085900000| Complete 
|  89|0x0000000085900000, 0x0000000085a00000, 0x0000000085a00000|100%|HC|  |TAMS 0x0000000085a00000, 0x0000000085a00000| Complete 
|  90|0x0000000085a00000, 0x0000000085b00000, 0x0000000085b00000|100%|HS|  |TAMS 0x0000000085b00000, 0x0000000085b00000| Complete 
|  91|0x0000000085b00000, 0x0000000085c00000, 0x0000000085c00000|100%|HC|  |TAMS 0x0000000085c00000, 0x0000000085c00000| Complete 
|  92|0x0000000085c00000, 0x0000000085d00000, 0x0000000085d00000|100%|HC|  |TAMS 0x0000000085d00000, 0x0000000085d00000| Complete 
|  93|0x0000000085d00000, 0x0000000085e00000, 0x0000000085e00000|100%|HC|  |TAMS 0x0000000085e00000, 0x0000000085e00000| Complete 
|  94|0x0000000085e00000, 0x0000000085f00000, 0x0000000085f00000|100%| O|  |TAMS 0x0000000085f00000, 0x0000000085f00000| Untracked 
|  95|0x0000000085f00000, 0x0000000086000000, 0x0000000086000000|100%| O|  |TAMS 0x0000000086000000, 0x0000000086000000| Untracked 
|  96|0x0000000086000000, 0x0000000086100000, 0x0000000086100000|100%| O|  |TAMS 0x0000000086100000, 0x0000000086100000| Untracked 
|  97|0x0000000086100000, 0x0000000086200000, 0x0000000086200000|100%| O|  |TAMS 0x0000000086200000, 0x0000000086200000| Untracked 
|  98|0x0000000086200000, 0x0000000086300000, 0x0000000086300000|100%| O|  |TAMS 0x0000000086300000, 0x0000000086300000| Untracked 
|  99|0x0000000086300000, 0x0000000086400000, 0x0000000086400000|100%| O|  |TAMS 0x0000000086400000, 0x0000000086400000| Untracked 
| 100|0x0000000086400000, 0x0000000086500000, 0x0000000086500000|100%| O|  |TAMS 0x0000000086500000, 0x0000000086500000| Untracked 
| 101|0x0000000086500000, 0x0000000086600000, 0x0000000086600000|100%| O|  |TAMS 0x0000000086600000, 0x0000000086600000| Untracked 
| 102|0x0000000086600000, 0x0000000086700000, 0x0000000086700000|100%| O|  |TAMS 0x0000000086700000, 0x0000000086700000| Untracked 
| 103|0x0000000086700000, 0x0000000086800000, 0x0000000086800000|100%| O|  |TAMS 0x0000000086800000, 0x0000000086800000| Untracked 
| 104|0x0000000086800000, 0x0000000086900000, 0x0000000086900000|100%| O|  |TAMS 0x0000000086900000, 0x0000000086900000| Untracked 
| 105|0x0000000086900000, 0x0000000086a00000, 0x0000000086a00000|100%| O|  |TAMS 0x0000000086a00000, 0x0000000086a00000| Untracked 
| 106|0x0000000086a00000, 0x0000000086b00000, 0x0000000086b00000|100%| O|  |TAMS 0x0000000086b00000, 0x0000000086b00000| Untracked 
| 107|0x0000000086b00000, 0x0000000086c00000, 0x0000000086c00000|100%| O|  |TAMS 0x0000000086c00000, 0x0000000086c00000| Untracked 
| 108|0x0000000086c00000, 0x0000000086d00000, 0x0000000086d00000|100%| O|  |TAMS 0x0000000086d00000, 0x0000000086d00000| Untracked 
| 109|0x0000000086d00000, 0x0000000086e00000, 0x0000000086e00000|100%| O|  |TAMS 0x0000000086e00000, 0x0000000086e00000| Untracked 
| 110|0x0000000086e00000, 0x0000000086f00000, 0x0000000086f00000|100%| O|  |TAMS 0x0000000086f00000, 0x0000000086f00000| Untracked 
| 111|0x0000000086f00000, 0x0000000087000000, 0x0000000087000000|100%| O|  |TAMS 0x0000000087000000, 0x0000000087000000| Untracked 
| 112|0x0000000087000000, 0x0000000087100000, 0x0000000087100000|100%| O|  |TAMS 0x0000000087100000, 0x0000000087100000| Untracked 
| 113|0x0000000087100000, 0x0000000087200000, 0x0000000087200000|100%| O|  |TAMS 0x0000000087200000, 0x0000000087200000| Untracked 
| 114|0x0000000087200000, 0x0000000087300000, 0x0000000087300000|100%| O|  |TAMS 0x0000000087300000, 0x0000000087300000| Untracked 
| 115|0x0000000087300000, 0x0000000087400000, 0x0000000087400000|100%| O|  |TAMS 0x0000000087400000, 0x0000000087400000| Untracked 
| 116|0x0000000087400000, 0x0000000087500000, 0x0000000087500000|100%| O|  |TAMS 0x0000000087500000, 0x0000000087500000| Untracked 
| 117|0x0000000087500000, 0x0000000087600000, 0x0000000087600000|100%| O|  |TAMS 0x0000000087600000, 0x0000000087600000| Untracked 
| 118|0x0000000087600000, 0x0000000087700000, 0x0000000087700000|100%| O|  |TAMS 0x0000000087700000, 0x0000000087700000| Untracked 
| 119|0x0000000087700000, 0x0000000087800000, 0x0000000087800000|100%| O|  |TAMS 0x0000000087800000, 0x0000000087800000| Untracked 
| 120|0x0000000087800000, 0x0000000087900000, 0x0000000087900000|100%| O|  |TAMS 0x0000000087900000, 0x0000000087900000| Untracked 
| 121|0x0000000087900000, 0x0000000087a00000, 0x0000000087a00000|100%| O|  |TAMS 0x0000000087a00000, 0x0000000087a00000| Untracked 
| 122|0x0000000087a00000, 0x0000000087b00000, 0x0000000087b00000|100%| O|  |TAMS 0x0000000087b00000, 0x0000000087b00000| Untracked 
| 123|0x0000000087b00000, 0x0000000087c00000, 0x0000000087c00000|100%| O|  |TAMS 0x0000000087c00000, 0x0000000087c00000| Untracked 
| 124|0x0000000087c00000, 0x0000000087d00000, 0x0000000087d00000|100%| O|  |TAMS 0x0000000087d00000, 0x0000000087d00000| Untracked 
| 125|0x0000000087d00000, 0x0000000087e00000, 0x0000000087e00000|100%| O|  |TAMS 0x0000000087e00000, 0x0000000087e00000| Untracked 
| 126|0x0000000087e00000, 0x0000000087f00000, 0x0000000087f00000|100%| O|  |TAMS 0x0000000087f00000, 0x0000000087f00000| Untracked 
| 127|0x0000000087f00000, 0x0000000088000000, 0x0000000088000000|100%| O|  |TAMS 0x0000000088000000, 0x0000000088000000| Untracked 
| 128|0x0000000088000000, 0x0000000088100000, 0x0000000088100000|100%| O|  |TAMS 0x0000000088100000, 0x0000000088100000| Untracked 
| 129|0x0000000088100000, 0x0000000088200000, 0x0000000088200000|100%| O|  |TAMS 0x0000000088200000, 0x0000000088200000| Untracked 
| 130|0x0000000088200000, 0x0000000088300000, 0x0000000088300000|100%| O|  |TAMS 0x0000000088300000, 0x0000000088300000| Untracked 
| 131|0x0000000088300000, 0x0000000088400000, 0x0000000088400000|100%|HS|  |TAMS 0x0000000088400000, 0x0000000088400000| Complete 
| 132|0x0000000088400000, 0x00000000884b9600, 0x0000000088500000| 72%| O|  |TAMS 0x0000000088400000, 0x00000000884b9600| Untracked 
| 133|0x0000000088500000, 0x0000000088600000, 0x0000000088600000|100%| O|  |TAMS 0x00000000885ff800, 0x0000000088600000| Untracked 
| 134|0x0000000088600000, 0x0000000088600000, 0x0000000088700000|  0%| F|  |TAMS 0x0000000088600000, 0x0000000088600000| Untracked 
| 135|0x0000000088700000, 0x0000000088700000, 0x0000000088800000|  0%| F|  |TAMS 0x0000000088700000, 0x0000000088700000| Untracked 
| 136|0x0000000088800000, 0x0000000088800000, 0x0000000088900000|  0%| F|  |TAMS 0x0000000088800000, 0x0000000088800000| Untracked 
| 137|0x0000000088900000, 0x0000000088900000, 0x0000000088a00000|  0%| F|  |TAMS 0x0000000088900000, 0x0000000088900000| Untracked 
| 138|0x0000000088a00000, 0x0000000088a00000, 0x0000000088b00000|  0%| F|  |TAMS 0x0000000088a00000, 0x0000000088a00000| Untracked 
| 139|0x0000000088b00000, 0x0000000088b00000, 0x0000000088c00000|  0%| F|  |TAMS 0x0000000088b00000, 0x0000000088b00000| Untracked 
| 140|0x0000000088c00000, 0x0000000088c00000, 0x0000000088d00000|  0%| F|  |TAMS 0x0000000088c00000, 0x0000000088c00000| Untracked 
| 141|0x0000000088d00000, 0x0000000088d00000, 0x0000000088e00000|  0%| F|  |TAMS 0x0000000088d00000, 0x0000000088d00000| Untracked 
| 142|0x0000000088e00000, 0x0000000088e00000, 0x0000000088f00000|  0%| F|  |TAMS 0x0000000088e00000, 0x0000000088e00000| Untracked 
| 143|0x0000000088f00000, 0x0000000088f00000, 0x0000000089000000|  0%| F|  |TAMS 0x0000000088f00000, 0x0000000088f00000| Untracked 
| 144|0x0000000089000000, 0x0000000089000000, 0x0000000089100000|  0%| F|  |TAMS 0x0000000089000000, 0x0000000089000000| Untracked 
| 145|0x0000000089100000, 0x0000000089100000, 0x0000000089200000|  0%| F|  |TAMS 0x0000000089100000, 0x0000000089100000| Untracked 
| 146|0x0000000089200000, 0x0000000089200000, 0x0000000089300000|  0%| F|  |TAMS 0x0000000089200000, 0x0000000089200000| Untracked 
| 147|0x0000000089300000, 0x0000000089300000, 0x0000000089400000|  0%| F|  |TAMS 0x0000000089300000, 0x0000000089300000| Untracked 
| 148|0x0000000089400000, 0x0000000089400000, 0x0000000089500000|  0%| F|  |TAMS 0x0000000089400000, 0x0000000089400000| Untracked 
| 149|0x0000000089500000, 0x0000000089500000, 0x0000000089600000|  0%| F|  |TAMS 0x0000000089500000, 0x0000000089500000| Untracked 
| 150|0x0000000089600000, 0x0000000089600000, 0x0000000089700000|  0%| F|  |TAMS 0x0000000089600000, 0x0000000089600000| Untracked 
| 151|0x0000000089700000, 0x0000000089700000, 0x0000000089800000|  0%| F|  |TAMS 0x0000000089700000, 0x0000000089700000| Untracked 
| 152|0x0000000089800000, 0x0000000089800000, 0x0000000089900000|  0%| F|  |TAMS 0x0000000089800000, 0x0000000089800000| Untracked 
| 153|0x0000000089900000, 0x0000000089900000, 0x0000000089a00000|  0%| F|  |TAMS 0x0000000089900000, 0x0000000089900000| Untracked 
| 154|0x0000000089a00000, 0x0000000089a00000, 0x0000000089b00000|  0%| F|  |TAMS 0x0000000089a00000, 0x0000000089a00000| Untracked 
| 155|0x0000000089b00000, 0x0000000089b00000, 0x0000000089c00000|  0%| F|  |TAMS 0x0000000089b00000, 0x0000000089b00000| Untracked 
| 156|0x0000000089c00000, 0x0000000089c00000, 0x0000000089d00000|  0%| F|  |TAMS 0x0000000089c00000, 0x0000000089c00000| Untracked 
| 157|0x0000000089d00000, 0x0000000089d00000, 0x0000000089e00000|  0%| F|  |TAMS 0x0000000089d00000, 0x0000000089d00000| Untracked 
| 158|0x0000000089e00000, 0x0000000089e00000, 0x0000000089f00000|  0%| F|  |TAMS 0x0000000089e00000, 0x0000000089e00000| Untracked 
| 159|0x0000000089f00000, 0x0000000089f00000, 0x000000008a000000|  0%| F|  |TAMS 0x0000000089f00000, 0x0000000089f00000| Untracked 
| 160|0x000000008a000000, 0x000000008a000000, 0x000000008a100000|  0%| F|  |TAMS 0x000000008a000000, 0x000000008a000000| Untracked 
| 161|0x000000008a100000, 0x000000008a100000, 0x000000008a200000|  0%| F|  |TAMS 0x000000008a100000, 0x000000008a100000| Untracked 
| 162|0x000000008a200000, 0x000000008a200000, 0x000000008a300000|  0%| F|  |TAMS 0x000000008a200000, 0x000000008a200000| Untracked 
| 163|0x000000008a300000, 0x000000008a300000, 0x000000008a400000|  0%| F|  |TAMS 0x000000008a300000, 0x000000008a300000| Untracked 
| 164|0x000000008a400000, 0x000000008a4dc0a0, 0x000000008a500000| 85%| S|CS|TAMS 0x000000008a400000, 0x000000008a400000| Complete 
| 165|0x000000008a500000, 0x000000008a600000, 0x000000008a600000|100%| S|CS|TAMS 0x000000008a500000, 0x000000008a500000| Complete 
| 166|0x000000008a600000, 0x000000008a700000, 0x000000008a700000|100%| S|CS|TAMS 0x000000008a600000, 0x000000008a600000| Complete 
| 167|0x000000008a700000, 0x000000008a700000, 0x000000008a800000|  0%| F|  |TAMS 0x000000008a700000, 0x000000008a700000| Untracked 
| 168|0x000000008a800000, 0x000000008a800000, 0x000000008a900000|  0%| F|  |TAMS 0x000000008a800000, 0x000000008a800000| Untracked 
| 169|0x000000008a900000, 0x000000008aa00000, 0x000000008aa00000|100%| S|CS|TAMS 0x000000008a900000, 0x000000008a900000| Complete 
| 170|0x000000008aa00000, 0x000000008aa00000, 0x000000008ab00000|  0%| F|  |TAMS 0x000000008aa00000, 0x000000008aa00000| Untracked 
| 171|0x000000008ab00000, 0x000000008ab00000, 0x000000008ac00000|  0%| F|  |TAMS 0x000000008ab00000, 0x000000008ab00000| Untracked 
| 172|0x000000008ac00000, 0x000000008ac00000, 0x000000008ad00000|  0%| F|  |TAMS 0x000000008ac00000, 0x000000008ac00000| Untracked 
| 173|0x000000008ad00000, 0x000000008ad00000, 0x000000008ae00000|  0%| F|  |TAMS 0x000000008ad00000, 0x000000008ad00000| Untracked 
| 174|0x000000008ae00000, 0x000000008ae00000, 0x000000008af00000|  0%| F|  |TAMS 0x000000008ae00000, 0x000000008ae00000| Untracked 
| 175|0x000000008af00000, 0x000000008b000000, 0x000000008b000000|100%| S|CS|TAMS 0x000000008af00000, 0x000000008af00000| Complete 
| 176|0x000000008b000000, 0x000000008b100000, 0x000000008b100000|100%| S|CS|TAMS 0x000000008b000000, 0x000000008b000000| Complete 
| 177|0x000000008b100000, 0x000000008b200000, 0x000000008b200000|100%| S|CS|TAMS 0x000000008b100000, 0x000000008b100000| Complete 
| 178|0x000000008b200000, 0x000000008b300000, 0x000000008b300000|100%| S|CS|TAMS 0x000000008b200000, 0x000000008b200000| Complete 
| 179|0x000000008b300000, 0x000000008b300000, 0x000000008b400000|  0%| F|  |TAMS 0x000000008b300000, 0x000000008b300000| Untracked 
| 180|0x000000008b400000, 0x000000008b400000, 0x000000008b500000|  0%| F|  |TAMS 0x000000008b400000, 0x000000008b400000| Untracked 
| 181|0x000000008b500000, 0x000000008b500000, 0x000000008b600000|  0%| F|  |TAMS 0x000000008b500000, 0x000000008b500000| Untracked 
| 182|0x000000008b600000, 0x000000008b600000, 0x000000008b700000|  0%| F|  |TAMS 0x000000008b600000, 0x000000008b600000| Untracked 
| 183|0x000000008b700000, 0x000000008b700000, 0x000000008b800000|  0%| F|  |TAMS 0x000000008b700000, 0x000000008b700000| Untracked 
| 184|0x000000008b800000, 0x000000008b800000, 0x000000008b900000|  0%| F|  |TAMS 0x000000008b800000, 0x000000008b800000| Untracked 
| 185|0x000000008b900000, 0x000000008b900000, 0x000000008ba00000|  0%| F|  |TAMS 0x000000008b900000, 0x000000008b900000| Untracked 
| 186|0x000000008ba00000, 0x000000008ba00000, 0x000000008bb00000|  0%| F|  |TAMS 0x000000008ba00000, 0x000000008ba00000| Untracked 
| 187|0x000000008bb00000, 0x000000008bb00000, 0x000000008bc00000|  0%| F|  |TAMS 0x000000008bb00000, 0x000000008bb00000| Untracked 
| 188|0x000000008bc00000, 0x000000008bc00000, 0x000000008bd00000|  0%| F|  |TAMS 0x000000008bc00000, 0x000000008bc00000| Untracked 
| 189|0x000000008bd00000, 0x000000008bd00000, 0x000000008be00000|  0%| F|  |TAMS 0x000000008bd00000, 0x000000008bd00000| Untracked 
| 190|0x000000008be00000, 0x000000008be00000, 0x000000008bf00000|  0%| F|  |TAMS 0x000000008be00000, 0x000000008be00000| Untracked 
| 191|0x000000008bf00000, 0x000000008bf00000, 0x000000008c000000|  0%| F|  |TAMS 0x000000008bf00000, 0x000000008bf00000| Untracked 
| 192|0x000000008c000000, 0x000000008c000000, 0x000000008c100000|  0%| F|  |TAMS 0x000000008c000000, 0x000000008c000000| Untracked 
| 193|0x000000008c100000, 0x000000008c100000, 0x000000008c200000|  0%| F|  |TAMS 0x000000008c100000, 0x000000008c100000| Untracked 
| 194|0x000000008c200000, 0x000000008c200000, 0x000000008c300000|  0%| F|  |TAMS 0x000000008c200000, 0x000000008c200000| Untracked 
| 195|0x000000008c300000, 0x000000008c300000, 0x000000008c400000|  0%| F|  |TAMS 0x000000008c300000, 0x000000008c300000| Untracked 
| 196|0x000000008c400000, 0x000000008c400000, 0x000000008c500000|  0%| F|  |TAMS 0x000000008c400000, 0x000000008c400000| Untracked 
| 197|0x000000008c500000, 0x000000008c500000, 0x000000008c600000|  0%| F|  |TAMS 0x000000008c500000, 0x000000008c500000| Untracked 
| 198|0x000000008c600000, 0x000000008c600000, 0x000000008c700000|  0%| F|  |TAMS 0x000000008c600000, 0x000000008c600000| Untracked 
| 199|0x000000008c700000, 0x000000008c700000, 0x000000008c800000|  0%| F|  |TAMS 0x000000008c700000, 0x000000008c700000| Untracked 
| 200|0x000000008c800000, 0x000000008c800000, 0x000000008c900000|  0%| F|  |TAMS 0x000000008c800000, 0x000000008c800000| Untracked 
| 201|0x000000008c900000, 0x000000008c900000, 0x000000008ca00000|  0%| F|  |TAMS 0x000000008c900000, 0x000000008c900000| Untracked 
| 202|0x000000008ca00000, 0x000000008ca00000, 0x000000008cb00000|  0%| F|  |TAMS 0x000000008ca00000, 0x000000008ca00000| Untracked 
| 203|0x000000008cb00000, 0x000000008cb00000, 0x000000008cc00000|  0%| F|  |TAMS 0x000000008cb00000, 0x000000008cb00000| Untracked 
| 204|0x000000008cc00000, 0x000000008cc00000, 0x000000008cd00000|  0%| F|  |TAMS 0x000000008cc00000, 0x000000008cc00000| Untracked 
| 205|0x000000008cd00000, 0x000000008cd00000, 0x000000008ce00000|  0%| F|  |TAMS 0x000000008cd00000, 0x000000008cd00000| Untracked 
| 206|0x000000008ce00000, 0x000000008ce00000, 0x000000008cf00000|  0%| F|  |TAMS 0x000000008ce00000, 0x000000008ce00000| Untracked 
| 207|0x000000008cf00000, 0x000000008cf00000, 0x000000008d000000|  0%| F|  |TAMS 0x000000008cf00000, 0x000000008cf00000| Untracked 
| 208|0x000000008d000000, 0x000000008d000000, 0x000000008d100000|  0%| F|  |TAMS 0x000000008d000000, 0x000000008d000000| Untracked 
| 209|0x000000008d100000, 0x000000008d100000, 0x000000008d200000|  0%| F|  |TAMS 0x000000008d100000, 0x000000008d100000| Untracked 
| 210|0x000000008d200000, 0x000000008d200000, 0x000000008d300000|  0%| F|  |TAMS 0x000000008d200000, 0x000000008d200000| Untracked 
| 211|0x000000008d300000, 0x000000008d300000, 0x000000008d400000|  0%| F|  |TAMS 0x000000008d300000, 0x000000008d300000| Untracked 
| 212|0x000000008d400000, 0x000000008d400000, 0x000000008d500000|  0%| F|  |TAMS 0x000000008d400000, 0x000000008d400000| Untracked 
| 213|0x000000008d500000, 0x000000008d500000, 0x000000008d600000|  0%| F|  |TAMS 0x000000008d500000, 0x000000008d500000| Untracked 
| 214|0x000000008d600000, 0x000000008d600000, 0x000000008d700000|  0%| F|  |TAMS 0x000000008d600000, 0x000000008d600000| Untracked 
| 215|0x000000008d700000, 0x000000008d700000, 0x000000008d800000|  0%| F|  |TAMS 0x000000008d700000, 0x000000008d700000| Untracked 
| 216|0x000000008d800000, 0x000000008d800000, 0x000000008d900000|  0%| F|  |TAMS 0x000000008d800000, 0x000000008d800000| Untracked 
| 217|0x000000008d900000, 0x000000008d900000, 0x000000008da00000|  0%| F|  |TAMS 0x000000008d900000, 0x000000008d900000| Untracked 
| 218|0x000000008da00000, 0x000000008da00000, 0x000000008db00000|  0%| F|  |TAMS 0x000000008da00000, 0x000000008da00000| Untracked 
| 219|0x000000008db00000, 0x000000008db00000, 0x000000008dc00000|  0%| F|  |TAMS 0x000000008db00000, 0x000000008db00000| Untracked 
| 220|0x000000008dc00000, 0x000000008dc00000, 0x000000008dd00000|  0%| F|  |TAMS 0x000000008dc00000, 0x000000008dc00000| Untracked 
| 221|0x000000008dd00000, 0x000000008dd00000, 0x000000008de00000|  0%| F|  |TAMS 0x000000008dd00000, 0x000000008dd00000| Untracked 
| 222|0x000000008de00000, 0x000000008de00000, 0x000000008df00000|  0%| F|  |TAMS 0x000000008de00000, 0x000000008de00000| Untracked 
| 223|0x000000008df00000, 0x000000008df00000, 0x000000008e000000|  0%| F|  |TAMS 0x000000008df00000, 0x000000008df00000| Untracked 
| 224|0x000000008e000000, 0x000000008e000000, 0x000000008e100000|  0%| F|  |TAMS 0x000000008e000000, 0x000000008e000000| Untracked 
| 225|0x000000008e100000, 0x000000008e100000, 0x000000008e200000|  0%| F|  |TAMS 0x000000008e100000, 0x000000008e100000| Untracked 
| 226|0x000000008e200000, 0x000000008e200000, 0x000000008e300000|  0%| F|  |TAMS 0x000000008e200000, 0x000000008e200000| Untracked 
| 227|0x000000008e300000, 0x000000008e300000, 0x000000008e400000|  0%| F|  |TAMS 0x000000008e300000, 0x000000008e300000| Untracked 
| 228|0x000000008e400000, 0x000000008e400000, 0x000000008e500000|  0%| F|  |TAMS 0x000000008e400000, 0x000000008e400000| Untracked 
| 229|0x000000008e500000, 0x000000008e500000, 0x000000008e600000|  0%| F|  |TAMS 0x000000008e500000, 0x000000008e500000| Untracked 
| 230|0x000000008e600000, 0x000000008e600000, 0x000000008e700000|  0%| F|  |TAMS 0x000000008e600000, 0x000000008e600000| Untracked 
| 231|0x000000008e700000, 0x000000008e700000, 0x000000008e800000|  0%| F|  |TAMS 0x000000008e700000, 0x000000008e700000| Untracked 
| 232|0x000000008e800000, 0x000000008e800000, 0x000000008e900000|  0%| F|  |TAMS 0x000000008e800000, 0x000000008e800000| Untracked 
| 233|0x000000008e900000, 0x000000008e900000, 0x000000008ea00000|  0%| F|  |TAMS 0x000000008e900000, 0x000000008e900000| Untracked 
| 234|0x000000008ea00000, 0x000000008ea00000, 0x000000008eb00000|  0%| F|  |TAMS 0x000000008ea00000, 0x000000008ea00000| Untracked 
| 235|0x000000008eb00000, 0x000000008eb00000, 0x000000008ec00000|  0%| F|  |TAMS 0x000000008eb00000, 0x000000008eb00000| Untracked 
| 236|0x000000008ec00000, 0x000000008ec00000, 0x000000008ed00000|  0%| F|  |TAMS 0x000000008ec00000, 0x000000008ec00000| Untracked 
| 237|0x000000008ed00000, 0x000000008ed00000, 0x000000008ee00000|  0%| F|  |TAMS 0x000000008ed00000, 0x000000008ed00000| Untracked 
| 238|0x000000008ee00000, 0x000000008ee00000, 0x000000008ef00000|  0%| F|  |TAMS 0x000000008ee00000, 0x000000008ee00000| Untracked 
| 239|0x000000008ef00000, 0x000000008ef00000, 0x000000008f000000|  0%| F|  |TAMS 0x000000008ef00000, 0x000000008ef00000| Untracked 
| 240|0x000000008f000000, 0x000000008f000000, 0x000000008f100000|  0%| F|  |TAMS 0x000000008f000000, 0x000000008f000000| Untracked 
| 241|0x000000008f100000, 0x000000008f100000, 0x000000008f200000|  0%| F|  |TAMS 0x000000008f100000, 0x000000008f100000| Untracked 
| 242|0x000000008f200000, 0x000000008f200000, 0x000000008f300000|  0%| F|  |TAMS 0x000000008f200000, 0x000000008f200000| Untracked 
| 243|0x000000008f300000, 0x000000008f300000, 0x000000008f400000|  0%| F|  |TAMS 0x000000008f300000, 0x000000008f300000| Untracked 
| 244|0x000000008f400000, 0x000000008f400000, 0x000000008f500000|  0%| F|  |TAMS 0x000000008f400000, 0x000000008f400000| Untracked 
| 245|0x000000008f500000, 0x000000008f500000, 0x000000008f600000|  0%| F|  |TAMS 0x000000008f500000, 0x000000008f500000| Untracked 
| 246|0x000000008f600000, 0x000000008f600000, 0x000000008f700000|  0%| F|  |TAMS 0x000000008f600000, 0x000000008f600000| Untracked 
| 247|0x000000008f700000, 0x000000008f700000, 0x000000008f800000|  0%| F|  |TAMS 0x000000008f700000, 0x000000008f700000| Untracked 
| 248|0x000000008f800000, 0x000000008f800000, 0x000000008f900000|  0%| F|  |TAMS 0x000000008f800000, 0x000000008f800000| Untracked 
| 249|0x000000008f900000, 0x000000008f900000, 0x000000008fa00000|  0%| F|  |TAMS 0x000000008f900000, 0x000000008f900000| Untracked 
| 250|0x000000008fa00000, 0x000000008fa00000, 0x000000008fb00000|  0%| F|  |TAMS 0x000000008fa00000, 0x000000008fa00000| Untracked 
| 251|0x000000008fb00000, 0x000000008fb00000, 0x000000008fc00000|  0%| F|  |TAMS 0x000000008fb00000, 0x000000008fb00000| Untracked 
| 252|0x000000008fc00000, 0x000000008fc00000, 0x000000008fd00000|  0%| F|  |TAMS 0x000000008fc00000, 0x000000008fc00000| Untracked 
| 253|0x000000008fd00000, 0x000000008fd00000, 0x000000008fe00000|  0%| F|  |TAMS 0x000000008fd00000, 0x000000008fd00000| Untracked 
| 254|0x000000008fe00000, 0x000000008fe00000, 0x000000008ff00000|  0%| F|  |TAMS 0x000000008fe00000, 0x000000008fe00000| Untracked 
| 255|0x000000008ff00000, 0x000000008ff00000, 0x0000000090000000|  0%| F|  |TAMS 0x000000008ff00000, 0x000000008ff00000| Untracked 
| 256|0x0000000090000000, 0x0000000090000000, 0x0000000090100000|  0%| F|  |TAMS 0x0000000090000000, 0x0000000090000000| Untracked 
| 257|0x0000000090100000, 0x0000000090100000, 0x0000000090200000|  0%| F|  |TAMS 0x0000000090100000, 0x0000000090100000| Untracked 
| 258|0x0000000090200000, 0x0000000090200000, 0x0000000090300000|  0%| F|  |TAMS 0x0000000090200000, 0x0000000090200000| Untracked 
| 259|0x0000000090300000, 0x0000000090300000, 0x0000000090400000|  0%| F|  |TAMS 0x0000000090300000, 0x0000000090300000| Untracked 
| 260|0x0000000090400000, 0x0000000090400000, 0x0000000090500000|  0%| F|  |TAMS 0x0000000090400000, 0x0000000090400000| Untracked 
| 261|0x0000000090500000, 0x0000000090500000, 0x0000000090600000|  0%| F|  |TAMS 0x0000000090500000, 0x0000000090500000| Untracked 
| 262|0x0000000090600000, 0x0000000090605318, 0x0000000090700000|  2%| E|  |TAMS 0x0000000090600000, 0x0000000090600000| Complete 
| 263|0x0000000090700000, 0x0000000090800000, 0x0000000090800000|100%| E|CS|TAMS 0x0000000090700000, 0x0000000090700000| Complete 
| 264|0x0000000090800000, 0x0000000090900000, 0x0000000090900000|100%| E|CS|TAMS 0x0000000090800000, 0x0000000090800000| Complete 
| 265|0x0000000090900000, 0x0000000090a00000, 0x0000000090a00000|100%| E|CS|TAMS 0x0000000090900000, 0x0000000090900000| Complete 
| 266|0x0000000090a00000, 0x0000000090b00000, 0x0000000090b00000|100%| E|CS|TAMS 0x0000000090a00000, 0x0000000090a00000| Complete 

Card table byte_map: [0x000002e4a15b0000,0x000002e4a19b0000] _byte_map_base: 0x000002e4a11b0000

Marking Bits (Prev, Next): (CMBitMap*) 0x000002e48e5da678, (CMBitMap*) 0x000002e48e5da6b0
 Prev Bits: [0x000002e4a1db0000, 0x000002e4a3db0000)
 Next Bits: [0x000002e4a3db0000, 0x000002e4a5db0000)

Polling page: 0x000002e48c580000

Metaspace:

Usage:
  Non-class:     97.63 MB capacity,    96.00 MB ( 98%) used,     1.32 MB (  1%) free+waste,   312.19 KB ( <1%) overhead. 
      Class:     14.66 MB capacity,    13.61 MB ( 93%) used,   926.79 KB (  6%) free+waste,   141.13 KB ( <1%) overhead. 
       Both:    112.29 MB capacity,   109.61 MB ( 98%) used,     2.23 MB (  2%) free+waste,   453.31 KB ( <1%) overhead. 

Virtual space:
  Non-class space:       98.00 MB reserved,      97.86 MB (>99%) committed 
      Class space:        1.00 GB reserved,      14.75 MB (  1%) committed 
             Both:        1.10 GB reserved,     112.61 MB ( 10%) committed 

Chunk freelists:
   Non-Class:  48.00 KB
       Class:  0 bytes
        Both:  48.00 KB

MaxMetaspaceSize: 17179869184.00 GB
CompressedClassSpaceSize: 1.00 GB

CodeHeap 'non-profiled nmethods': size=120064Kb used=14924Kb max_used=14924Kb free=105139Kb
 bounds [0x000002e499b50000, 0x000002e49a9f0000, 0x000002e4a1090000]
CodeHeap 'profiled nmethods': size=120000Kb used=36258Kb max_used=36258Kb free=83741Kb
 bounds [0x000002e492620000, 0x000002e4949b0000, 0x000002e499b50000]
CodeHeap 'non-nmethods': size=5696Kb used=2352Kb max_used=2392Kb free=3343Kb
 bounds [0x000002e492090000, 0x000002e492300000, 0x000002e492620000]
 total_blobs=16845 nmethods=15877 adapters=879
 compilation: enabled
              stopped_count=0, restarted_count=0
 full_count=0

Compilation events (20 events):
Event: 193.567 Thread 0x000002e4a8607000 18306       3       java.util.zip.ZipEntry::setMethod (26 bytes)
Event: 193.567 Thread 0x000002e4a8607000 nmethod 18306 0x000002e49497f290 code [0x000002e49497f460, 0x000002e49497f6a8]
Event: 193.567 Thread 0x000002e4a8607000 18307       3       java.util.zip.ZipOutputStream::writeExtra (106 bytes)
Event: 193.567 Thread 0x000002e4a8607000 nmethod 18307 0x000002e49497f790 code [0x000002e49497f9c0, 0x000002e4949802a8]
Event: 193.567 Thread 0x000002e4a8607000 18308  s    3       java.util.Vector::add (25 bytes)
Event: 193.568 Thread 0x000002e4a8607000 nmethod 18308 0x000002e494980610 code [0x000002e494980820, 0x000002e494980f38]
Event: 193.568 Thread 0x000002e4a8607000 18310       3       java.util.zip.ZipOutputStream::closeEntry (507 bytes)
Event: 193.573 Thread 0x000002e4a8607000 nmethod 18310 0x000002e494981190 code [0x000002e494981a40, 0x000002e494986b18]
Event: 193.573 Thread 0x000002e4a8607000 18311       3       com.android.builder.packaging.JarMerger::write (51 bytes)
Event: 193.574 Thread 0x000002e4a8607000 nmethod 18311 0x000002e494988590 code [0x000002e494988800, 0x000002e494989278]
Event: 193.574 Thread 0x000002e4a8607000 18312       3       java.util.jar.JarOutputStream::putNextEntry (81 bytes)
Event: 193.574 Thread 0x000002e4a8607000 nmethod 18312 0x000002e494989610 code [0x000002e494989820, 0x000002e494989fb8]
Event: 193.574 Thread 0x000002e4a8607000 18313       3       java.util.zip.ZipOutputStream::putNextEntry (337 bytes)
Event: 193.576 Thread 0x000002e4a8607000 nmethod 18313 0x000002e49498a290 code [0x000002e49498a620, 0x000002e49498be38]
Event: 193.576 Thread 0x000002e4a8607000 18314       3       java.util.zip.ZipOutputStream::writeLOC (621 bytes)
Event: 193.578 Thread 0x000002e4a8607000 nmethod 18314 0x000002e49498c510 code [0x000002e49498ca20, 0x000002e49498e4b8]
Event: 193.581 Thread 0x000002e4a8602000 nmethod 18282 0x000002e49a9d8190 code [0x000002e49a9d8380, 0x000002e49a9d9048]
Event: 193.581 Thread 0x000002e4a8602000 18288  s    4       java.io.BufferedOutputStream::write (67 bytes)
Event: 193.587 Thread 0x000002e4a8602000 nmethod 18288 0x000002e49a9d9690 code [0x000002e49a9d9860, 0x000002e49a9d9e58]
Event: 193.587 Thread 0x000002e4a8602000 18286   !   4       java.util.zip.Deflater::setInput (69 bytes)

GC Heap History (20 events):
Event: 173.350 GC heap after
{Heap after GC invocations=96 (full 0):
 garbage-first heap   total 273408K, used 130255K [0x0000000080000000, 0x0000000100000000)
  region size 1024K, 8 young (8192K), 8 survivors (8192K)
 Metaspace       used 103402K, capacity 105786K, committed 106100K, reserved 1142784K
  class space    used 12861K, capacity 13682K, committed 13824K, reserved 1048576K
}
Event: 174.912 GC heap before
{Heap before GC invocations=96 (full 0):
 garbage-first heap   total 273408K, used 147663K [0x0000000080000000, 0x0000000100000000)
  region size 1024K, 27 young (27648K), 8 survivors (8192K)
 Metaspace       used 104150K, capacity 106611K, committed 106740K, reserved 1142784K
  class space    used 12986K, capacity 13847K, committed 13952K, reserved 1048576K
}
Event: 174.921 GC heap after
{Heap after GC invocations=97 (full 0):
 garbage-first heap   total 273408K, used 131585K [0x0000000080000000, 0x0000000100000000)
  region size 1024K, 8 young (8192K), 8 survivors (8192K)
 Metaspace       used 104150K, capacity 106611K, committed 106740K, reserved 1142784K
  class space    used 12986K, capacity 13847K, committed 13952K, reserved 1048576K
}
Event: 179.454 GC heap before
{Heap before GC invocations=98 (full 0):
 garbage-first heap   total 273408K, used 223745K [0x0000000080000000, 0x0000000100000000)
  region size 1024K, 98 young (100352K), 8 survivors (8192K)
 Metaspace       used 105135K, capacity 107639K, committed 107892K, reserved 1142784K
  class space    used 13074K, capacity 13985K, committed 14080K, reserved 1048576K
}
Event: 179.465 GC heap after
{Heap after GC invocations=99 (full 0):
 garbage-first heap   total 273408K, used 134333K [0x0000000080000000, 0x0000000100000000)
  region size 1024K, 8 young (8192K), 8 survivors (8192K)
 Metaspace       used 105135K, capacity 107639K, committed 107892K, reserved 1142784K
  class space    used 13074K, capacity 13985K, committed 14080K, reserved 1048576K
}
Event: 182.445 GC heap before
{Heap before GC invocations=99 (full 0):
 garbage-first heap   total 273408K, used 208061K [0x0000000080000000, 0x0000000100000000)
  region size 1024K, 82 young (83968K), 8 survivors (8192K)
 Metaspace       used 105519K, capacity 108047K, committed 108148K, reserved 1142784K
  class space    used 13099K, capacity 14027K, committed 14080K, reserved 1048576K
}
Event: 182.471 GC heap after
{Heap after GC invocations=100 (full 0):
 garbage-first heap   total 273408K, used 135818K [0x0000000080000000, 0x0000000100000000)
  region size 1024K, 6 young (6144K), 6 survivors (6144K)
 Metaspace       used 105519K, capacity 108047K, committed 108148K, reserved 1142784K
  class space    used 13099K, capacity 14027K, committed 14080K, reserved 1048576K
}
Event: 183.149 GC heap before
{Heap before GC invocations=101 (full 0):
 garbage-first heap   total 273408K, used 234122K [0x0000000080000000, 0x0000000100000000)
  region size 1024K, 96 young (98304K), 6 survivors (6144K)
 Metaspace       used 105589K, capacity 108117K, committed 108404K, reserved 1144832K
  class space    used 13099K, capacity 14027K, committed 14080K, reserved 1048576K
}
Event: 183.158 GC heap after
{Heap after GC invocations=102 (full 0):
 garbage-first heap   total 273408K, used 139435K [0x0000000080000000, 0x0000000100000000)
  region size 1024K, 9 young (9216K), 9 survivors (9216K)
 Metaspace       used 105589K, capacity 108117K, committed 108404K, reserved 1144832K
  class space    used 13099K, capacity 14027K, committed 14080K, reserved 1048576K
}
Event: 183.854 GC heap before
{Heap before GC invocations=102 (full 0):
 garbage-first heap   total 273408K, used 228523K [0x0000000080000000, 0x0000000100000000)
  region size 1024K, 97 young (99328K), 9 survivors (9216K)
 Metaspace       used 105647K, capacity 108246K, committed 108404K, reserved 1144832K
  class space    used 13099K, capacity 14027K, committed 14080K, reserved 1048576K
}
Event: 183.865 GC heap after
{Heap after GC invocations=103 (full 0):
 garbage-first heap   total 273408K, used 141530K [0x0000000080000000, 0x0000000100000000)
  region size 1024K, 7 young (7168K), 7 survivors (7168K)
 Metaspace       used 105647K, capacity 108246K, committed 108404K, reserved 1144832K
  class space    used 13099K, capacity 14027K, committed 14080K, reserved 1048576K
}
Event: 184.234 GC heap before
{Heap before GC invocations=104 (full 0):
 garbage-first heap   total 273408K, used 207066K [0x0000000080000000, 0x0000000100000000)
  region size 1024K, 73 young (74752K), 7 survivors (7168K)
 Metaspace       used 105678K, capacity 108246K, committed 108404K, reserved 1144832K
  class space    used 13102K, capacity 14027K, committed 14080K, reserved 1048576K
}
Event: 184.246 GC heap after
{Heap after GC invocations=105 (full 0):
 garbage-first heap   total 273408K, used 143570K [0x0000000080000000, 0x0000000100000000)
  region size 1024K, 9 young (9216K), 9 survivors (9216K)
 Metaspace       used 105678K, capacity 108246K, committed 108404K, reserved 1144832K
  class space    used 13102K, capacity 14027K, committed 14080K, reserved 1048576K
}
Event: 184.937 GC heap before
{Heap before GC invocations=106 (full 0):
 garbage-first heap   total 273408K, used 228562K [0x0000000080000000, 0x0000000100000000)
  region size 1024K, 92 young (94208K), 9 survivors (9216K)
 Metaspace       used 106042K, capacity 108635K, committed 108916K, reserved 1144832K
  class space    used 13137K, capacity 14050K, committed 14080K, reserved 1048576K
}
Event: 184.945 GC heap after
{Heap after GC invocations=107 (full 0):
 garbage-first heap   total 273408K, used 140492K [0x0000000080000000, 0x0000000100000000)
  region size 1024K, 5 young (5120K), 5 survivors (5120K)
 Metaspace       used 106042K, capacity 108635K, committed 108916K, reserved 1144832K
  class space    used 13137K, capacity 14050K, committed 14080K, reserved 1048576K
}
Event: 189.125 GC heap before
{Heap before GC invocations=107 (full 0):
 garbage-first heap   total 273408K, used 227532K [0x0000000080000000, 0x0000000100000000)
  region size 1024K, 91 young (93184K), 5 survivors (5120K)
 Metaspace       used 107396K, capacity 109921K, committed 110068K, reserved 1144832K
  class space    used 13293K, capacity 14168K, committed 14208K, reserved 1048576K
}
Event: 189.130 GC heap after
{Heap after GC invocations=108 (full 0):
 garbage-first heap   total 273408K, used 142957K [0x0000000080000000, 0x0000000100000000)
  region size 1024K, 7 young (7168K), 7 survivors (7168K)
 Metaspace       used 107396K, capacity 109921K, committed 110068K, reserved 1144832K
  class space    used 13293K, capacity 14168K, committed 14208K, reserved 1048576K
}
Event: 192.764 GC heap before
{Heap before GC invocations=109 (full 0):
 garbage-first heap   total 273408K, used 229997K [0x0000000080000000, 0x0000000100000000)
  region size 1024K, 93 young (95232K), 7 survivors (7168K)
 Metaspace       used 107702K, capacity 110278K, committed 110452K, reserved 1144832K
  class space    used 13318K, capacity 14240K, committed 14336K, reserved 1048576K
}
Event: 192.770 GC heap after
{Heap after GC invocations=110 (full 0):
 garbage-first heap   total 273408K, used 143400K [0x0000000080000000, 0x0000000100000000)
  region size 1024K, 7 young (7168K), 7 survivors (7168K)
 Metaspace       used 107702K, capacity 110278K, committed 110452K, reserved 1144832K
  class space    used 13318K, capacity 14240K, committed 14336K, reserved 1048576K
}
Event: 193.591 GC heap before
{Heap before GC invocations=110 (full 0):
 garbage-first heap   total 273408K, used 231464K [0x0000000080000000, 0x0000000100000000)
  region size 1024K, 95 young (97280K), 7 survivors (7168K)
 Metaspace       used 112218K, capacity 114980K, committed 115316K, reserved 1148928K
  class space    used 13940K, capacity 15008K, committed 15104K, reserved 1048576K
}

Deoptimization events (20 events):
Event: 193.391 Thread 0x000002e4af086000 Uncommon trap: trap_request=0xffffffc6 fr.pc=0x000002e49a82a1a0 relative=0x0000000000000580
Event: 193.391 Thread 0x000002e4af086000 Uncommon trap: reason=bimorphic_or_optimized_type_check action=maybe_recompile pc=0x000002e49a82a1a0 method=java.io.BufferedOutputStream.flushBuffer()V @ 20 c2
Event: 193.391 Thread 0x000002e4af086000 DEOPT PACKING pc=0x000002e49a82a1a0 sp=0x000000f4153fb2a0
Event: 193.391 Thread 0x000002e4af086000 DEOPT UNPACKING pc=0x000002e4920b662f sp=0x000000f4153fb1f8 mode 2
Event: 193.408 Thread 0x000002e4af086000 Uncommon trap: trap_request=0xffffff4d fr.pc=0x000002e499cee0ec relative=0x000000000000024c
Event: 193.408 Thread 0x000002e4af086000 Uncommon trap: reason=unstable_if action=reinterpret pc=0x000002e499cee0ec method=java.io.BufferedOutputStream.write(I)V @ 9 c2
Event: 193.408 Thread 0x000002e4af086000 DEOPT PACKING pc=0x000002e499cee0ec sp=0x000000f4153fb2b0
Event: 193.408 Thread 0x000002e4af086000 DEOPT UNPACKING pc=0x000002e4920b662f sp=0x000000f4153fb258 mode 2
Event: 193.548 Thread 0x000002e4ad253000 Uncommon trap: trap_request=0xffffff4d fr.pc=0x000002e49a26d4bc relative=0x000000000000065c
Event: 193.548 Thread 0x000002e4ad253000 Uncommon trap: reason=unstable_if action=reinterpret pc=0x000002e49a26d4bc method=org.objectweb.asm.MethodWriter.visitFieldInsn(ILjava/lang/String;Ljava/lang/String;Ljava/lang/String;)V @ 50 c2
Event: 193.548 Thread 0x000002e4ad253000 DEOPT PACKING pc=0x000002e49a26d4bc sp=0x000000f4170fb5e0
Event: 193.548 Thread 0x000002e4ad253000 DEOPT UNPACKING pc=0x000002e4920b662f sp=0x000000f4170fb5a8 mode 2
Event: 193.549 Thread 0x000002e4af080000 Uncommon trap: trap_request=0xffffff4d fr.pc=0x000002e49a7d58dc relative=0x0000000000000a9c
Event: 193.549 Thread 0x000002e4af080000 Uncommon trap: reason=unstable_if action=reinterpret pc=0x000002e49a7d58dc method=java.util.TimSort.<init>([Ljava/lang/Object;Ljava/util/Comparator;[Ljava/lang/Object;II)V @ 34 c2
Event: 193.549 Thread 0x000002e4af080000 DEOPT PACKING pc=0x000002e49a7d58dc sp=0x000000f414cfaf70
Event: 193.549 Thread 0x000002e4af080000 DEOPT UNPACKING pc=0x000002e4920b662f sp=0x000000f414cfade8 mode 2
Event: 193.550 Thread 0x000002e4af080000 Uncommon trap: trap_request=0xffffff4d fr.pc=0x000002e49a9ab8c4 relative=0x0000000000001884
Event: 193.550 Thread 0x000002e4af080000 Uncommon trap: reason=unstable_if action=reinterpret pc=0x000002e49a9ab8c4 method=java.util.TimSort.ensureCapacity(I)[Ljava/lang/Object; @ 5 c2
Event: 193.550 Thread 0x000002e4af080000 DEOPT PACKING pc=0x000002e49a9ab8c4 sp=0x000000f414cfad20
Event: 193.550 Thread 0x000002e4af080000 DEOPT UNPACKING pc=0x000002e4920b662f sp=0x000000f414cfac78 mode 2

Classes redefined (0 events):
No events

Internal exceptions (20 events):
Event: 190.197 Thread 0x000002e4aa09e800 Exception <a 'java/lang/NoSuchMethodError'{0x000000008cd96eb0}: 'int java.lang.invoke.DirectMethodHandle$Holder.invokeSpecialIFC(java.lang.Object, java.lang.Object, java.lang.Object)'> (0x000000008cd96eb0) thrown at [./src/hotspot/share/interpreter/linkResolver.cpp, line 773]
Event: 192.318 Thread 0x000002e4aa09e800 Implicit null exception at 0x000002e499f512f6 to 0x000002e499f51480
Event: 192.823 Thread 0x000002e4aa749000 Exception <a 'sun/nio/fs/WindowsException'{0x000000008e09bfb0}> (0x000000008e09bfb0) thrown at [./src/hotspot/share/prims/jni.cpp, line 615]
Event: 192.848 Thread 0x000002e4aa09e800 Exception <a 'java/lang/NoSuchMethodError'{0x000000008e0d9488}: 'void java.lang.invoke.DirectMethodHandle$Holder.invokeStatic(java.lang.Object, int, java.lang.Object)'> (0x000000008e0d9488) thrown at [./src/hotspot/share/interpreter/linkResolver.cpp, line 773]
Event: 192.867 Thread 0x000002e4aa09e800 Implicit null exception at 0x000002e49a07f96d to 0x000002e49a08197c
Event: 193.009 Thread 0x000002e4aa09e800 Exception <a 'java/lang/NoSuchMethodError'{0x000000008d740900}: 'java.lang.Object java.lang.invoke.DirectMethodHandle$Holder.invokeStaticInit(java.lang.Object, java.lang.Object, java.lang.Object, java.lang.Object, java.lang.Object, java.lang.Object, java.lang.Object, java.lang.Object, java.lang.Object, java.lang.Object, java.lang.Object, java.lang.Object, java.lang.Object, java.lang.Object, java.lang.Object, java.lang.Object, java.lang.Object, java.lang.Object, int, java.lang.Object, java.lang.Object)'> (0
Event: 193.045 Thread 0x000002e4aa09e800 Exception <a 'java/lang/NoSuchMethodError'{0x000000008d574f40}: 'int java.lang.invoke.DirectMethodHandle$Holder.invokeVirtual(java.lang.Object, java.lang.Object, java.lang.Object, java.lang.Object)'> (0x000000008d574f40) thrown at [./src/hotspot/share/interpreter/linkResolver.cpp, line 773]
Event: 193.098 Thread 0x000002e4aa09e800 Exception <a 'java/lang/NoSuchMethodError'{0x000000008d3e9130}: 'java.lang.Object java.lang.invoke.DirectMethodHandle$Holder.invokeStatic(java.lang.Object, int, java.lang.Object, java.lang.Object)'> (0x000000008d3e9130) thrown at [./src/hotspot/share/interpreter/linkResolver.cpp, line 773]
Event: 193.353 Thread 0x000002e4af086000 Exception <a 'sun/nio/fs/WindowsException'{0x000000008c096d30}> (0x000000008c096d30) thrown at [./src/hotspot/share/prims/jni.cpp, line 615]
Event: 193.353 Thread 0x000002e4b1ed9800 Exception <a 'sun/nio/fs/WindowsException'{0x000000008c2f5d20}> (0x000000008c2f5d20) thrown at [./src/hotspot/share/prims/jni.cpp, line 615]
Event: 193.362 Thread 0x000002e4af080000 Exception <a 'sun/nio/fs/WindowsException'{0x000000008bf39058}> (0x000000008bf39058) thrown at [./src/hotspot/share/prims/jni.cpp, line 615]
Event: 193.367 Thread 0x000002e4b1edb000 Exception <a 'sun/nio/fs/WindowsException'{0x000000008bfad798}> (0x000000008bfad798) thrown at [./src/hotspot/share/prims/jni.cpp, line 615]
Event: 193.420 Thread 0x000002e4af080000 Exception <a 'sun/nio/fs/WindowsException'{0x000000008bc40078}> (0x000000008bc40078) thrown at [./src/hotspot/share/prims/jni.cpp, line 615]
Event: 193.453 Thread 0x000002e4af086000 Exception <a 'sun/nio/fs/WindowsException'{0x000000008bc8e5b0}> (0x000000008bc8e5b0) thrown at [./src/hotspot/share/prims/jni.cpp, line 615]
Event: 193.465 Thread 0x000002e4b1edb000 Exception <a 'sun/nio/fs/WindowsException'{0x000000008bcd1920}> (0x000000008bcd1920) thrown at [./src/hotspot/share/prims/jni.cpp, line 615]
Event: 193.494 Thread 0x000002e4b1ed3800 Exception <a 'sun/nio/fs/WindowsException'{0x000000008bb45320}> (0x000000008bb45320) thrown at [./src/hotspot/share/prims/jni.cpp, line 615]
Event: 193.498 Thread 0x000002e4af080000 Exception <a 'sun/nio/fs/WindowsException'{0x000000008bb88418}> (0x000000008bb88418) thrown at [./src/hotspot/share/prims/jni.cpp, line 615]
Event: 193.498 Thread 0x000002e4b1ed5800 Exception <a 'sun/nio/fs/WindowsException'{0x000000008bb7f920}> (0x000000008bb7f920) thrown at [./src/hotspot/share/prims/jni.cpp, line 615]
Event: 193.502 Thread 0x000002e4ad250000 Exception <a 'sun/nio/fs/WindowsException'{0x000000008bbd2b18}> (0x000000008bbd2b18) thrown at [./src/hotspot/share/prims/jni.cpp, line 615]
Event: 193.540 Thread 0x000002e4ad253000 Exception <a 'sun/nio/fs/WindowsException'{0x000000008b78fa50}> (0x000000008b78fa50) thrown at [./src/hotspot/share/prims/jni.cpp, line 615]

Events (20 events):
Event: 193.500 loading class com/google/common/collect/Maps$IteratorBasedAbstractMap done
Event: 193.501 loading class com/android/ide/common/symbols/Symbol$BasicAttributeSymbol
Event: 193.501 loading class com/android/ide/common/symbols/Symbol$BasicAttributeSymbol done
Event: 193.502 loading class com/android/ide/common/symbols/Symbol$AttributeSymbol
Event: 193.502 loading class com/android/ide/common/symbols/Symbol$AttributeSymbol done
Event: 193.526 loading class com/android/ide/common/symbols/Symbol$BasicStyleableSymbol
Event: 193.526 loading class com/android/ide/common/symbols/Symbol$BasicStyleableSymbol done
Event: 193.544 loading class kotlin/comparisons/ComparisonsKt
Event: 193.544 loading class kotlin/comparisons/ComparisonsKt done
Event: 193.544 loading class kotlin/comparisons/ComparisonsKt
Event: 193.544 loading class kotlin/comparisons/ComparisonsKt done
Event: 193.544 loading class kotlin/comparisons/ComparisonsKt___ComparisonsKt
Event: 193.544 loading class kotlin/comparisons/ComparisonsKt___ComparisonsKt done
Event: 193.544 loading class kotlin/comparisons/ComparisonsKt___ComparisonsJvmKt
Event: 193.544 loading class kotlin/comparisons/ComparisonsKt___ComparisonsJvmKt done
Event: 193.545 loading class kotlin/comparisons/ComparisonsKt__ComparisonsKt
Event: 193.545 loading class kotlin/comparisons/ComparisonsKt__ComparisonsKt done
Event: 193.584 Executing VM operation: G1CollectForAllocation
Event: 193.584 Executing VM operation: G1CollectForAllocation done
Event: 193.591 Executing VM operation: G1CollectForAllocation


Dynamic libraries:
0x00007ff6c8400000 - 0x00007ff6c840a000 	E:\AndroidStudio\jre\bin\java.exe
0x00007ffcf4a10000 - 0x00007ffcf4c05000 	C:\Windows\SYSTEM32\ntdll.dll
0x00007ffcf4360000 - 0x00007ffcf441e000 	C:\Windows\System32\KERNEL32.DLL
0x00007ffcf2590000 - 0x00007ffcf2858000 	C:\Windows\System32\KERNELBASE.dll
0x00007ffcefa00000 - 0x00007ffcefa90000 	C:\Windows\SYSTEM32\apphelp.dll
0x00007ffcf21b0000 - 0x00007ffcf22b0000 	C:\Windows\System32\ucrtbase.dll
0x00007ffcedc50000 - 0x00007ffcedc69000 	E:\AndroidStudio\jre\bin\jli.dll
0x00007ffcf4430000 - 0x00007ffcf45d1000 	C:\Windows\System32\USER32.dll
0x00007ffcf2460000 - 0x00007ffcf2482000 	C:\Windows\System32\win32u.dll
0x00007ffcf3750000 - 0x00007ffcf377b000 	C:\Windows\System32\GDI32.dll
0x00007ffcf2350000 - 0x00007ffcf245d000 	C:\Windows\System32\gdi32full.dll
0x00007ffcf22b0000 - 0x00007ffcf234d000 	C:\Windows\System32\msvcp_win.dll
0x00007ffcdb790000 - 0x00007ffcdba2a000 	C:\Windows\WinSxS\amd64_microsoft.windows.common-controls_6595b64144ccf1df_6.0.19041.1110_none_60b5254171f9507e\COMCTL32.dll
0x00007ffcf38a0000 - 0x00007ffcf393e000 	C:\Windows\System32\msvcrt.dll
0x00007ffcedc30000 - 0x00007ffcedc47000 	E:\AndroidStudio\jre\bin\VCRUNTIME140.dll
0x00007ffcf4740000 - 0x00007ffcf4770000 	C:\Windows\System32\IMM32.DLL
0x00007ffcd5b70000 - 0x00007ffcd5c0d000 	E:\AndroidStudio\jre\bin\msvcp140.dll
0x00007ffca4a40000 - 0x00007ffca5515000 	E:\AndroidStudio\jre\bin\server\jvm.dll
0x00007ffcf4670000 - 0x00007ffcf471e000 	C:\Windows\System32\ADVAPI32.dll
0x00007ffcf42b0000 - 0x00007ffcf434c000 	C:\Windows\System32\sechost.dll
0x00007ffcf2e20000 - 0x00007ffcf2f45000 	C:\Windows\System32\RPCRT4.dll
0x00007ffcf2db0000 - 0x00007ffcf2db8000 	C:\Windows\System32\PSAPI.DLL
0x00007ffcedbd0000 - 0x00007ffcedbd9000 	C:\Windows\SYSTEM32\WSOCK32.dll
0x00007ffcf3940000 - 0x00007ffcf39ab000 	C:\Windows\System32\WS2_32.dll
0x00007ffce7d50000 - 0x00007ffce7d77000 	C:\Windows\SYSTEM32\WINMM.dll
0x00007ffceb2d0000 - 0x00007ffceb2da000 	C:\Windows\SYSTEM32\VERSION.dll
0x00007ffcf0030000 - 0x00007ffcf0042000 	C:\Windows\SYSTEM32\kernel.appcore.dll
0x00007ffceafc0000 - 0x00007ffceafd1000 	E:\AndroidStudio\jre\bin\verify.dll
0x00007ffcebf50000 - 0x00007ffcec134000 	C:\Windows\SYSTEM32\DBGHELP.DLL
0x00007ffce0520000 - 0x00007ffce054c000 	C:\Windows\SYSTEM32\dbgcore.DLL
0x00007ffcf29c0000 - 0x00007ffcf2a42000 	C:\Windows\System32\bcryptPrimitives.dll
0x00007ffcd83f0000 - 0x00007ffcd8419000 	E:\AndroidStudio\jre\bin\java.dll
0x00007ffcedbc0000 - 0x00007ffcedbcb000 	E:\AndroidStudio\jre\bin\jimage.dll
0x00007ffcda930000 - 0x00007ffcda948000 	E:\AndroidStudio\jre\bin\zip.dll
0x00007ffcf3b60000 - 0x00007ffcf42a4000 	C:\Windows\System32\SHELL32.dll
0x00007ffcf0230000 - 0x00007ffcf09c5000 	C:\Windows\SYSTEM32\windows.storage.dll
0x00007ffcf2a50000 - 0x00007ffcf2da5000 	C:\Windows\System32\combase.dll
0x00007ffcf1aa0000 - 0x00007ffcf1ace000 	C:\Windows\SYSTEM32\Wldp.dll
0x00007ffcf2fb0000 - 0x00007ffcf305d000 	C:\Windows\System32\SHCORE.dll
0x00007ffcf36f0000 - 0x00007ffcf3745000 	C:\Windows\System32\shlwapi.dll
0x00007ffcf2060000 - 0x00007ffcf207f000 	C:\Windows\SYSTEM32\profapi.dll
0x00007ffcd94c0000 - 0x00007ffcd94da000 	E:\AndroidStudio\jre\bin\net.dll
0x00007ffceb700000 - 0x00007ffceb80c000 	C:\Windows\SYSTEM32\WINHTTP.dll
0x00007ffcf1800000 - 0x00007ffcf186a000 	C:\Windows\system32\mswsock.dll
0x00007ffcd8340000 - 0x00007ffcd8354000 	E:\AndroidStudio\jre\bin\nio.dll
0x00007ffcedc70000 - 0x00007ffcedc97000 	C:\Users\Rostya\.gradle\native\e1d6ef7f7dcc3fd88c89a11ec53ec762bb8ba0a96d01ffa2cd45eb1d1d8dd5c5\windows-amd64\native-platform.dll
0x00007ffcb6fd0000 - 0x00007ffcb7114000 	C:\Users\Rostya\.gradle\native\5664cfc778a61ccfe75a443a1ab52a65af34e5dc3c78e0209fed803814484fcb\windows-amd64\native-platform-file-events.dll
0x00007ffceb080000 - 0x00007ffceb08a000 	E:\AndroidStudio\jre\bin\management.dll
0x00007ffceafb0000 - 0x00007ffceafbd000 	E:\AndroidStudio\jre\bin\management_ext.dll
0x00007ffcf1a00000 - 0x00007ffcf1a18000 	C:\Windows\SYSTEM32\CRYPTSP.dll
0x00007ffcf1180000 - 0x00007ffcf11b4000 	C:\Windows\system32\rsaenh.dll
0x00007ffcf2180000 - 0x00007ffcf21a7000 	C:\Windows\System32\bcrypt.dll
0x00007ffcf2020000 - 0x00007ffcf204e000 	C:\Windows\SYSTEM32\USERENV.dll
0x00007ffcf19f0000 - 0x00007ffcf19fc000 	C:\Windows\SYSTEM32\CRYPTBASE.dll
0x00007ffcf14f0000 - 0x00007ffcf152b000 	C:\Windows\SYSTEM32\IPHLPAPI.DLL
0x00007ffcf4420000 - 0x00007ffcf4428000 	C:\Windows\System32\NSI.dll
0x00007ffcebec0000 - 0x00007ffcebed7000 	C:\Windows\SYSTEM32\dhcpcsvc6.DLL
0x00007ffcebea0000 - 0x00007ffcebebd000 	C:\Windows\SYSTEM32\dhcpcsvc.DLL
0x00007ffcf1530000 - 0x00007ffcf15fb000 	C:\Windows\SYSTEM32\DNSAPI.dll
0x00007ffce26e0000 - 0x00007ffce2707000 	E:\AndroidStudio\jre\bin\sunec.dll
0x00007ffceb620000 - 0x00007ffceb62a000 	C:\Windows\System32\rasadhlp.dll
0x00007ffceb540000 - 0x00007ffceb5bf000 	C:\Windows\System32\fwpuclnt.dll
0x00007ffcf0e10000 - 0x00007ffcf0e43000 	C:\Windows\SYSTEM32\ntmarta.dll

dbghelp: loaded successfully - version: 4.0.5 - missing functions: none
symbol engine: initialized successfully - sym options: 0x614 - pdb path: .;E:\AndroidStudio\jre\bin;C:\Windows\SYSTEM32;C:\Windows\WinSxS\amd64_microsoft.windows.common-controls_6595b64144ccf1df_6.0.19041.1110_none_60b5254171f9507e;E:\AndroidStudio\jre\bin\server;C:\Users\Rostya\.gradle\native\e1d6ef7f7dcc3fd88c89a11ec53ec762bb8ba0a96d01ffa2cd45eb1d1d8dd5c5\windows-amd64;C:\Users\Rostya\.gradle\native\5664cfc778a61ccfe75a443a1ab52a65af34e5dc3c78e0209fed803814484fcb\windows-amd64

VM Arguments:
jvm_args: --add-opens=java.base/java.util=ALL-UNNAMED --add-opens=java.base/java.lang=ALL-UNNAMED --add-opens=java.base/java.lang.invoke=ALL-UNNAMED --add-opens=java.base/java.util=ALL-UNNAMED --add-opens=java.prefs/java.util.prefs=ALL-UNNAMED --add-opens=java.prefs/java.util.prefs=ALL-UNNAMED --add-opens=java.base/java.nio.charset=ALL-UNNAMED --add-opens=java.base/java.net=ALL-UNNAMED --add-opens=java.base/java.util.concurrent.atomic=ALL-UNNAMED -Xmx2048m -Dfile.encoding=UTF-8 -Duser.country=RU -Duser.language=ru -Duser.variant 
java_command: org.gradle.launcher.daemon.bootstrap.GradleDaemon 7.2
java_class_path (initial): C:\Users\Rostya\.gradle\wrapper\dists\gradle-7.2-bin\2dnblmf4td7x66yl1d74lt32g\gradle-7.2\lib\gradle-launcher-7.2.jar
Launcher Type: SUN_STANDARD

[Global flags]
     intx CICompilerCount                          = 3                                         {product} {ergonomic}
     uint ConcGCThreads                            = 2                                         {product} {ergonomic}
     uint G1ConcRefinementThreads                  = 6                                         {product} {ergonomic}
   size_t G1HeapRegionSize                         = 1048576                                   {product} {ergonomic}
    uintx GCDrainStackTargetSize                   = 64                                        {product} {ergonomic}
   size_t InitialHeapSize                          = 134217728                                 {product} {ergonomic}
   size_t MarkStackSize                            = 4194304                                   {product} {ergonomic}
   size_t MaxHeapSize                              = 2147483648                                {product} {command line}
   size_t MaxNewSize                               = 1287651328                                {product} {ergonomic}
   size_t MinHeapDeltaBytes                        = 1048576                                   {product} {ergonomic}
    uintx NonNMethodCodeHeapSize                   = 5830732                                {pd product} {ergonomic}
    uintx NonProfiledCodeHeapSize                  = 122913754                              {pd product} {ergonomic}
    uintx ProfiledCodeHeapSize                     = 122913754                              {pd product} {ergonomic}
    uintx ReservedCodeCacheSize                    = 251658240                              {pd product} {ergonomic}
     bool SegmentedCodeCache                       = true                                      {product} {ergonomic}
     bool UseCompressedClassPointers               = true                                 {lp64_product} {ergonomic}
     bool UseCompressedOops                        = true                                 {lp64_product} {ergonomic}
     bool UseG1GC                                  = true                                      {product} {ergonomic}
     bool UseLargePagesIndividualAllocation        = false                                  {pd product} {ergonomic}

Logging:
Log output configuration:
 #0: stdout all=warning uptime,level,tags
 #1: stderr all=off uptime,level,tags

Environment Variables:
PATH=C:\Program Files\Common Files\Oracle\Java\javapath;C:\Windows\system32;C:\Windows;C:\Windows\System32\Wbem;C:\Windows\System32\WindowsPowerShell\v1.0\;C:\Windows\System32\OpenSSH\;C:\Program Files\Git\cmd;C:\Users\Rostya\AppData\Local\Microsoft\WindowsApps
USERNAME=Rostya
OS=Windows_NT
PROCESSOR_IDENTIFIER=AMD64 Family 21 Model 2 Stepping 0, AuthenticAMD



---------------  S Y S T E M  ---------------

OS: Windows 10 , 64 bit Build 19041 (10.0.19041.1466)
OS uptime: 0 days 0:25 hours

CPU:total 6 (initial active 6) (6 cores per cpu, 1 threads per core) family 21 model 2 stepping 0 microcode 0x0, cmov, cx8, fxsr, mmx, sse, sse2, sse3, ssse3, sse4.1, sse4.2, popcnt, avx, aes, clmul, mmxext, 3dnowpref, lzcnt, sse4a, tsc, tscinvbit, tscinv, bmi1, fma

Memory: 4k page, system-wide physical 8088M (2597M free)
TotalPageFile size 8088M (AvailPageFile size 3M)
current process WorkingSet (physical memory assigned to process): 591M, peak: 591M
current process commit charge ("private bytes"): 621M, peak: 622M

vm_info: OpenJDK 64-Bit Server VM (11.0.11+9-b60-7590822) for windows-amd64 JRE (11.0.11+9-b60-7590822), built on Jul 29 2021 21:43:44 by "builder" with MS VC++ 14.0 (VS2015)

END.
