#
# There is insufficient memory for the Java Runtime Environment to continue.
# Native memory allocation (malloc) failed to allocate 2317936 bytes for Chunk::new
# Possible reasons:
#   The system is out of physical RAM or swap space
#   The process is running with CompressedOops enabled, and the Java Heap may be blocking the growth of the native heap
# Possible solutions:
#   Reduce memory load on the system
#   Increase physical memory or swap space
#   Check if swap backing store is full
#   Decrease Java heap size (-Xmx/-Xms)
#   Decrease number of Java threads
#   Decrease Java thread stack sizes (-Xss)
#   Set larger code cache with -XX:ReservedCodeCacheSize=
#   JVM is running with Unscaled Compressed Oops mode in which the Java heap is
#     placed in the first 4GB address space. The Java Heap base address is the
#     maximum limit for the native heap growth. Please use -XX:HeapBaseMinAddress
#     to set the Java Heap base and to place the Java Heap above 4GB virtual address.
# This output file may be truncated or incomplete.
#
#  Out of Memory Error (arena.cpp:189), pid=6188, tid=8052
#
# JRE version: OpenJDK Runtime Environment (17.0.2+8) (build 17.0.2+8-86)
# Java VM: OpenJDK 64-Bit Server VM (17.0.2+8-86, mixed mode, sharing, tiered, compressed oops, compressed class ptrs, g1 gc, windows-amd64)
# No core dump will be written. Minidumps are not enabled by default on client versions of Windows
#

---------------  S U M M A R Y ------------

Command Line: --add-opens=java.base/java.util=ALL-UNNAMED --add-opens=java.base/java.lang=ALL-UNNAMED --add-opens=java.base/java.lang.invoke=ALL-UNNAMED --add-opens=java.base/java.util=ALL-UNNAMED --add-opens=java.prefs/java.util.prefs=ALL-UNNAMED --add-opens=java.prefs/java.util.prefs=ALL-UNNAMED --add-opens=java.base/java.nio.charset=ALL-UNNAMED --add-opens=java.base/java.net=ALL-UNNAMED --add-opens=java.base/java.util.concurrent.atomic=ALL-UNNAMED -Xmx2048m -Dfile.encoding=UTF-8 -Duser.country=RU -Duser.language=ru -Duser.variant org.gradle.launcher.daemon.bootstrap.GradleDaemon 7.2

Host: AMD FX(tm)-6350 Six-Core Processor             , 6 cores, 7G,  Windows 10 , 64 bit Build 19041 (10.0.19041.1466)
Time: Fri Feb  4 12:03:22 2022  Windows 10 , 64 bit Build 19041 (10.0.19041.1466) elapsed time: 11.312162 seconds (0d 0h 0m 11s)

---------------  T H R E A D  ---------------

Current thread (0x00000238f88ad9b0):  JavaThread "C2 CompilerThread0" daemon [_thread_in_native, id=8052, stack(0x000000582f000000,0x000000582f100000)]


Current CompileTask:
C2:  11312 10126       4       org.apache.xerces.impl.XMLNSDocumentScannerImpl::scanStartElement (873 bytes)

Stack: [0x000000582f000000,0x000000582f100000]
Native frames: (J=compiled Java code, j=interpreted, Vv=VM code, C=native code)
V  [jvm.dll+0x670baa]
V  [jvm.dll+0x7cfcb4]
V  [jvm.dll+0x7d145e]
V  [jvm.dll+0x7d1ac3]
V  [jvm.dll+0x242bc5]
V  [jvm.dll+0xaa57b]
V  [jvm.dll+0xaab0c]
V  [jvm.dll+0x35fd07]
V  [jvm.dll+0x32a331]
V  [jvm.dll+0x3297da]
V  [jvm.dll+0x215c91]
V  [jvm.dll+0x2150b1]
V  [jvm.dll+0x1a1bbd]
V  [jvm.dll+0x224908]
V  [jvm.dll+0x222a6c]
V  [jvm.dll+0x7859bb]
V  [jvm.dll+0x77ff7a]
V  [jvm.dll+0x66fa35]
C  [ucrtbase.dll+0x21bb2]
C  [KERNEL32.DLL+0x17034]
C  [ntdll.dll+0x52651]


---------------  P R O C E S S  ---------------

Threads class SMR info:
_java_thread_list=0x00000238fba50ac0, length=112, elements={
0x00000238e9b8ab10, 0x00000238f888ac30, 0x00000238f888baa0, 0x00000238f88a0ec0,
0x00000238f88a1870, 0x00000238f88a2220, 0x00000238f88acc20, 0x00000238f88ad9b0,
0x00000238f88bb190, 0x00000238f88c1310, 0x00000238f94b9c40, 0x00000238f94be530,
0x00000238f88b9840, 0x00000238fa61a950, 0x00000238fa6187a0, 0x00000238fa619610,
0x00000238fa619ae0, 0x00000238fa6182d0, 0x00000238fa619140, 0x00000238fa618c70,
0x00000238fa619fb0, 0x00000238fa61a480, 0x00000238fa616f90, 0x00000238fa617e00,
0x00000238fa617460, 0x00000238fa617930, 0x00000238fd82cb70, 0x00000238fd82c1d0,
0x00000238fd82a020, 0x00000238fd82c6a0, 0x00000238fd82ed20, 0x00000238fd82d510,
0x00000238fd82f6c0, 0x00000238fd830a00, 0x00000238fd82d040, 0x00000238fd830060,
0x00000238fd82a9c0, 0x00000238fd829680, 0x00000238fd82d9e0, 0x00000238fd82deb0,
0x00000238fd82e850, 0x00000238fd82b360, 0x00000238fd82ae90, 0x00000238fd82b830,
0x00000238fe671300, 0x00000238fe672640, 0x00000238fe6781b0, 0x00000238fe674cc0,
0x00000238fe672b10, 0x00000238fe678680, 0x00000238fe6747f0, 0x00000238fe676000,
0x00000238fe6764d0, 0x00000238fe6717d0, 0x00000238fe678b50, 0x00000238fe671ca0,
0x00000238fe675190, 0x00000238fe673e50, 0x00000238fe675660, 0x00000238fe677810,
0x00000238fe672170, 0x00000238fe674320, 0x00000238fe672fe0, 0x00000238fe6734b0,
0x00000238fe673980, 0x00000238fe6769a0, 0x00000238fe676e70, 0x00000238fe675b30,
0x00000238fe677340, 0x00000238fe677ce0, 0x00000238fe64ad50, 0x00000238fe64b220,
0x00000238fe64c090, 0x00000238fe64d3d0, 0x00000238fe64cf00, 0x00000238fe64bbc0,
0x00000238fe64a3b0, 0x00000238fe649ee0, 0x00000238fe64c560, 0x00000238fe64a880,
0x00000238fe64b6f0, 0x00000238fe64ca30, 0x00000238fe64d8a0, 0x00000238fd2e4340,
0x00000238fd2e2b30, 0x00000238fd2e4ce0, 0x00000238fd2e6020, 0x00000238fd2e51b0,
0x00000238fd2e39a0, 0x00000238fd2e3000, 0x00000238fd2e34d0, 0x00000238fd2e3e70,
0x00000238fd2e4810, 0x00000238fd2e5680, 0x00000238fd2e5b50, 0x00000238fd2e2660,
0x00000238fbc49c90, 0x00000238fbc4a630, 0x00000238fbc4ee60, 0x00000238fbc4b4a0,
0x00000238fbc497c0, 0x00000238fbc4afd0, 0x00000238fbc4b970, 0x00000238fbc4be40,
0x00000238fbc4f330, 0x00000238fbc48480, 0x00000238fbc4dff0, 0x00000238fbc48e20,
0x00000238fbc4f800, 0x00000238fbc492f0, 0x00000238fbc4a160, 0x00000238fbc48950
}

Java Threads: ( => current thread )
  0x00000238e9b8ab10 JavaThread "main" [_thread_blocked, id=4492, stack(0x000000582e300000,0x000000582e400000)]
  0x00000238f888ac30 JavaThread "Reference Handler" daemon [_thread_blocked, id=3688, stack(0x000000582ea00000,0x000000582eb00000)]
  0x00000238f888baa0 JavaThread "Finalizer" daemon [_thread_blocked, id=2296, stack(0x000000582eb00000,0x000000582ec00000)]
  0x00000238f88a0ec0 JavaThread "Signal Dispatcher" daemon [_thread_blocked, id=2604, stack(0x000000582ec00000,0x000000582ed00000)]
  0x00000238f88a1870 JavaThread "Attach Listener" daemon [_thread_blocked, id=6056, stack(0x000000582ed00000,0x000000582ee00000)]
  0x00000238f88a2220 JavaThread "Service Thread" daemon [_thread_blocked, id=8476, stack(0x000000582ee00000,0x000000582ef00000)]
  0x00000238f88acc20 JavaThread "Monitor Deflation Thread" daemon [_thread_blocked, id=2128, stack(0x000000582ef00000,0x000000582f000000)]
=>0x00000238f88ad9b0 JavaThread "C2 CompilerThread0" daemon [_thread_in_native, id=8052, stack(0x000000582f000000,0x000000582f100000)]
  0x00000238f88bb190 JavaThread "C1 CompilerThread0" daemon [_thread_blocked, id=1224, stack(0x000000582f100000,0x000000582f200000)]
  0x00000238f88c1310 JavaThread "Sweeper thread" daemon [_thread_blocked, id=1476, stack(0x000000582f200000,0x000000582f300000)]
  0x00000238f94b9c40 JavaThread "Common-Cleaner" daemon [_thread_blocked, id=6676, stack(0x000000582f300000,0x000000582f400000)]
  0x00000238f94be530 JavaThread "Notification Thread" daemon [_thread_blocked, id=8240, stack(0x000000582f400000,0x000000582f500000)]
  0x00000238f88b9840 JavaThread "C2 CompilerThread1" daemon [_thread_in_native, id=484, stack(0x000000582f600000,0x000000582f700000)]
  0x00000238fa61a950 JavaThread "Daemon health stats" [_thread_blocked, id=6356, stack(0x000000582fb00000,0x000000582fc00000)]
  0x00000238fa6187a0 JavaThread "Incoming local TCP Connector on port 57482" [_thread_in_native, id=6212, stack(0x000000582fc00000,0x000000582fd00000)]
  0x00000238fa619610 JavaThread "Daemon periodic checks" [_thread_blocked, id=400, stack(0x000000582fd00000,0x000000582fe00000)]
  0x00000238fa619ae0 JavaThread "Daemon" [_thread_blocked, id=5184, stack(0x000000582fe00000,0x000000582ff00000)]
  0x00000238fa6182d0 JavaThread "Handler for socket connection from /127.0.0.1:57482 to /127.0.0.1:57483" [_thread_in_native, id=3168, stack(0x000000582ff00000,0x0000005830000000)]
  0x00000238fa619140 JavaThread "Cancel handler" [_thread_blocked, id=8072, stack(0x0000005830000000,0x0000005830100000)]
  0x00000238fa618c70 JavaThread "Daemon worker" [_thread_blocked, id=6076, stack(0x0000005830100000,0x0000005830200000)]
  0x00000238fa619fb0 JavaThread "Asynchronous log dispatcher for DefaultDaemonConnection: socket connection from /127.0.0.1:57482 to /127.0.0.1:57483" [_thread_blocked, id=3836, stack(0x0000005830200000,0x0000005830300000)]
  0x00000238fa61a480 JavaThread "Stdin handler" [_thread_blocked, id=7956, stack(0x0000005830300000,0x0000005830400000)]
  0x00000238fa616f90 JavaThread "Daemon client event forwarder" [_thread_blocked, id=8756, stack(0x0000005830400000,0x0000005830500000)]
  0x00000238fa617e00 JavaThread "Cache worker for journal cache (C:\Users\Rostya\.gradle\caches\journal-1)" [_thread_blocked, id=8416, stack(0x0000005830500000,0x0000005830600000)]
  0x00000238fa617460 JavaThread "File lock request listener" [_thread_in_native, id=3816, stack(0x0000005830600000,0x0000005830700000)]
  0x00000238fa617930 JavaThread "Cache worker for file hash cache (C:\Users\Rostya\.gradle\caches\7.2\fileHashes)" [_thread_blocked, id=5344, stack(0x0000005830700000,0x0000005830800000)]
  0x00000238fd82cb70 JavaThread "Cache worker for file hash cache (E:\Program Files\androidProjects\GeoQuiz\.gradle\7.2\fileHashes)" [_thread_blocked, id=8884, stack(0x0000005830800000,0x0000005830900000)]
  0x00000238fd82c1d0 JavaThread "File watcher server" daemon [_thread_in_native, id=5400, stack(0x0000005830a00000,0x0000005830b00000)]
  0x00000238fd82a020 JavaThread "File watcher consumer" daemon [_thread_blocked, id=5932, stack(0x0000005830b00000,0x0000005830c00000)]
  0x00000238fd82c6a0 JavaThread "Cache worker for checksums cache (E:\Program Files\androidProjects\GeoQuiz\.gradle\checksums)" [_thread_blocked, id=8216, stack(0x0000005830c00000,0x0000005830d00000)]
  0x00000238fd82ed20 JavaThread "Cache worker for cache directory md-supplier (C:\Users\Rostya\.gradle\caches\7.2\md-supplier)" [_thread_blocked, id=9024, stack(0x0000005830d00000,0x0000005830e00000)]
  0x00000238fd82d510 JavaThread "Cache worker for cache directory md-rule (C:\Users\Rostya\.gradle\caches\7.2\md-rule)" [_thread_blocked, id=2772, stack(0x0000005830e00000,0x0000005830f00000)]
  0x00000238fd82f6c0 JavaThread "Cache worker for execution history cache (C:\Users\Rostya\.gradle\caches\7.2\executionHistory)" [_thread_blocked, id=4596, stack(0x0000005830f00000,0x0000005831000000)]
  0x00000238fd830a00 JavaThread "jar transforms" [_thread_blocked, id=5392, stack(0x0000005831200000,0x0000005831300000)]
  0x00000238fd82d040 JavaThread "jar transforms Thread 2" [_thread_blocked, id=3412, stack(0x0000005831300000,0x0000005831400000)]
  0x00000238fd830060 JavaThread "Cache worker for file content cache (C:\Users\Rostya\.gradle\caches\7.2\fileContent)" [_thread_blocked, id=240, stack(0x0000005831400000,0x0000005831500000)]
  0x00000238fd82a9c0 JavaThread "Cache worker for dependencies-accessors (E:\Program Files\androidProjects\GeoQuiz\.gradle\7.2\dependencies-accessors)" [_thread_blocked, id=8412, stack(0x0000005831500000,0x0000005831600000)]
  0x00000238fd829680 JavaThread "jar transforms Thread 3" [_thread_blocked, id=8768, stack(0x0000005831600000,0x0000005831700000)]
  0x00000238fd82d9e0 JavaThread "Cache worker for Build Output Cleanup Cache (E:\Program Files\androidProjects\GeoQuiz\.gradle\buildOutputCleanup)" [_thread_blocked, id=6808, stack(0x0000005831700000,0x0000005831800000)]
  0x00000238fd82deb0 JavaThread "Unconstrained build operations" [_thread_blocked, id=4668, stack(0x0000005831800000,0x0000005831900000)]
  0x00000238fd82e850 JavaThread "Unconstrained build operations Thread 2" [_thread_blocked, id=2736, stack(0x0000005831900000,0x0000005831a00000)]
  0x00000238fd82b360 JavaThread "Unconstrained build operations Thread 3" [_thread_blocked, id=1596, stack(0x0000005831a00000,0x0000005831b00000)]
  0x00000238fd82ae90 JavaThread "Unconstrained build operations Thread 4" [_thread_blocked, id=4196, stack(0x0000005831b00000,0x0000005831c00000)]
  0x00000238fd82b830 JavaThread "Unconstrained build operations Thread 5" [_thread_blocked, id=5784, stack(0x0000005831c00000,0x0000005831d00000)]
  0x00000238fe671300 JavaThread "Unconstrained build operations Thread 6" [_thread_blocked, id=4444, stack(0x0000005831d00000,0x0000005831e00000)]
  0x00000238fe672640 JavaThread "Unconstrained build operations Thread 7" [_thread_blocked, id=8624, stack(0x0000005831e00000,0x0000005831f00000)]
  0x00000238fe6781b0 JavaThread "Unconstrained build operations Thread 8" [_thread_blocked, id=9164, stack(0x0000005831f00000,0x0000005832000000)]
  0x00000238fe674cc0 JavaThread "Unconstrained build operations Thread 9" [_thread_blocked, id=1520, stack(0x0000005832000000,0x0000005832100000)]
  0x00000238fe672b10 JavaThread "Unconstrained build operations Thread 10" [_thread_blocked, id=2660, stack(0x0000005832100000,0x0000005832200000)]
  0x00000238fe678680 JavaThread "Unconstrained build operations Thread 11" [_thread_blocked, id=3404, stack(0x0000005832200000,0x0000005832300000)]
  0x00000238fe6747f0 JavaThread "Unconstrained build operations Thread 12" [_thread_blocked, id=8512, stack(0x0000005832300000,0x0000005832400000)]
  0x00000238fe676000 JavaThread "Unconstrained build operations Thread 13" [_thread_blocked, id=3340, stack(0x0000005832400000,0x0000005832500000)]
  0x00000238fe6764d0 JavaThread "Unconstrained build operations Thread 14" [_thread_blocked, id=6284, stack(0x0000005832500000,0x0000005832600000)]
  0x00000238fe6717d0 JavaThread "Unconstrained build operations Thread 15" [_thread_blocked, id=8588, stack(0x0000005832600000,0x0000005832700000)]
  0x00000238fe678b50 JavaThread "Unconstrained build operations Thread 16" [_thread_blocked, id=3328, stack(0x0000005832700000,0x0000005832800000)]
  0x00000238fe671ca0 JavaThread "Unconstrained build operations Thread 17" [_thread_blocked, id=4032, stack(0x0000005832800000,0x0000005832900000)]
  0x00000238fe675190 JavaThread "Unconstrained build operations Thread 18" [_thread_blocked, id=1288, stack(0x0000005832900000,0x0000005832a00000)]
  0x00000238fe673e50 JavaThread "Unconstrained build operations Thread 19" [_thread_blocked, id=2460, stack(0x0000005832a00000,0x0000005832b00000)]
  0x00000238fe675660 JavaThread "Unconstrained build operations Thread 20" [_thread_blocked, id=1068, stack(0x0000005832b00000,0x0000005832c00000)]
  0x00000238fe677810 JavaThread "Unconstrained build operations Thread 21" [_thread_blocked, id=7232, stack(0x0000005832c00000,0x0000005832d00000)]
  0x00000238fe672170 JavaThread "Unconstrained build operations Thread 22" [_thread_blocked, id=5160, stack(0x0000005832d00000,0x0000005832e00000)]
  0x00000238fe674320 JavaThread "Unconstrained build operations Thread 23" [_thread_blocked, id=2024, stack(0x0000005832e00000,0x0000005832f00000)]
  0x00000238fe672fe0 JavaThread "Unconstrained build operations Thread 24" [_thread_blocked, id=7468, stack(0x0000005832f00000,0x0000005833000000)]
  0x00000238fe6734b0 JavaThread "Unconstrained build operations Thread 25" [_thread_blocked, id=6776, stack(0x0000005833000000,0x0000005833100000)]
  0x00000238fe673980 JavaThread "Unconstrained build operations Thread 26" [_thread_blocked, id=3556, stack(0x0000005833100000,0x0000005833200000)]
  0x00000238fe6769a0 JavaThread "Unconstrained build operations Thread 27" [_thread_blocked, id=6280, stack(0x0000005833200000,0x0000005833300000)]
  0x00000238fe676e70 JavaThread "Unconstrained build operations Thread 28" [_thread_blocked, id=8508, stack(0x0000005833300000,0x0000005833400000)]
  0x00000238fe675b30 JavaThread "Unconstrained build operations Thread 29" [_thread_blocked, id=9032, stack(0x0000005833400000,0x0000005833500000)]
  0x00000238fe677340 JavaThread "Unconstrained build operations Thread 30" [_thread_blocked, id=5760, stack(0x0000005833500000,0x0000005833600000)]
  0x00000238fe677ce0 JavaThread "Unconstrained build operations Thread 31" [_thread_blocked, id=8948, stack(0x0000005833600000,0x0000005833700000)]
  0x00000238fe64ad50 JavaThread "Unconstrained build operations Thread 32" [_thread_blocked, id=8572, stack(0x0000005833700000,0x0000005833800000)]
  0x00000238fe64b220 JavaThread "Unconstrained build operations Thread 33" [_thread_blocked, id=1984, stack(0x0000005833800000,0x0000005833900000)]
  0x00000238fe64c090 JavaThread "Unconstrained build operations Thread 34" [_thread_blocked, id=3204, stack(0x0000005833900000,0x0000005833a00000)]
  0x00000238fe64d3d0 JavaThread "Unconstrained build operations Thread 35" [_thread_blocked, id=5548, stack(0x0000005833a00000,0x0000005833b00000)]
  0x00000238fe64cf00 JavaThread "Unconstrained build operations Thread 36" [_thread_blocked, id=1912, stack(0x0000005833b00000,0x0000005833c00000)]
  0x00000238fe64bbc0 JavaThread "Unconstrained build operations Thread 37" [_thread_blocked, id=2188, stack(0x0000005833c00000,0x0000005833d00000)]
  0x00000238fe64a3b0 JavaThread "Unconstrained build operations Thread 38" [_thread_blocked, id=9092, stack(0x0000005833d00000,0x0000005833e00000)]
  0x00000238fe649ee0 JavaThread "Unconstrained build operations Thread 39" [_thread_blocked, id=6380, stack(0x0000005833e00000,0x0000005833f00000)]
  0x00000238fe64c560 JavaThread "Unconstrained build operations Thread 40" [_thread_blocked, id=3500, stack(0x0000005833f00000,0x0000005834000000)]
  0x00000238fe64a880 JavaThread "Unconstrained build operations Thread 41" [_thread_blocked, id=7036, stack(0x0000005834000000,0x0000005834100000)]
  0x00000238fe64b6f0 JavaThread "Unconstrained build operations Thread 42" [_thread_blocked, id=3692, stack(0x0000005834100000,0x0000005834200000)]
  0x00000238fe64ca30 JavaThread "Unconstrained build operations Thread 43" [_thread_blocked, id=8780, stack(0x0000005834200000,0x0000005834300000)]
  0x00000238fe64d8a0 JavaThread "Unconstrained build operations Thread 44" [_thread_blocked, id=2348, stack(0x0000005834300000,0x0000005834400000)]
  0x00000238fd2e4340 JavaThread "Unconstrained build operations Thread 45" [_thread_blocked, id=8068, stack(0x0000005834400000,0x0000005834500000)]
  0x00000238fd2e2b30 JavaThread "Unconstrained build operations Thread 46" [_thread_blocked, id=6120, stack(0x0000005834500000,0x0000005834600000)]
  0x00000238fd2e4ce0 JavaThread "Unconstrained build operations Thread 47" [_thread_blocked, id=1192, stack(0x0000005834600000,0x0000005834700000)]
  0x00000238fd2e6020 JavaThread "Unconstrained build operations Thread 48" [_thread_blocked, id=8480, stack(0x0000005834700000,0x0000005834800000)]
  0x00000238fd2e51b0 JavaThread "Unconstrained build operations Thread 49" [_thread_blocked, id=3048, stack(0x0000005834800000,0x0000005834900000)]
  0x00000238fd2e39a0 JavaThread "Unconstrained build operations Thread 50" [_thread_blocked, id=6240, stack(0x0000005834900000,0x0000005834a00000)]
  0x00000238fd2e3000 JavaThread "Unconstrained build operations Thread 51" [_thread_blocked, id=8880, stack(0x0000005834a00000,0x0000005834b00000)]
  0x00000238fd2e34d0 JavaThread "Unconstrained build operations Thread 52" [_thread_blocked, id=5872, stack(0x0000005834b00000,0x0000005834c00000)]
  0x00000238fd2e3e70 JavaThread "Unconstrained build operations Thread 53" [_thread_blocked, id=7920, stack(0x0000005834c00000,0x0000005834d00000)]
  0x00000238fd2e4810 JavaThread "Unconstrained build operations Thread 54" [_thread_blocked, id=5568, stack(0x0000005834d00000,0x0000005834e00000)]
  0x00000238fd2e5680 JavaThread "Unconstrained build operations Thread 55" [_thread_blocked, id=1308, stack(0x0000005834e00000,0x0000005834f00000)]
  0x00000238fd2e5b50 JavaThread "Unconstrained build operations Thread 56" [_thread_blocked, id=5668, stack(0x0000005834f00000,0x0000005835000000)]
  0x00000238fd2e2660 JavaThread "Unconstrained build operations Thread 57" [_thread_blocked, id=2940, stack(0x0000005835000000,0x0000005835100000)]
  0x00000238fbc49c90 JavaThread "Unconstrained build operations Thread 58" [_thread_blocked, id=3896, stack(0x0000005835100000,0x0000005835200000)]
  0x00000238fbc4a630 JavaThread "Unconstrained build operations Thread 59" [_thread_blocked, id=3972, stack(0x0000005835200000,0x0000005835300000)]
  0x00000238fbc4ee60 JavaThread "Unconstrained build operations Thread 60" [_thread_blocked, id=2616, stack(0x0000005835300000,0x0000005835400000)]
  0x00000238fbc4b4a0 JavaThread "jar transforms Thread 4" [_thread_blocked, id=8728, stack(0x0000005835400000,0x0000005835500000)]
  0x00000238fbc497c0 JavaThread "jar transforms Thread 5" [_thread_blocked, id=8060, stack(0x0000005835500000,0x0000005835600000)]
  0x00000238fbc4afd0 JavaThread "jar transforms Thread 6" [_thread_blocked, id=8172, stack(0x0000005835600000,0x0000005835700000)]
  0x00000238fbc4b970 JavaThread "Memory manager" [_thread_blocked, id=9088, stack(0x0000005835700000,0x0000005835800000)]
  0x00000238fbc4be40 JavaThread "build event listener" [_thread_blocked, id=8956, stack(0x0000005835800000,0x0000005835900000)]
  0x00000238fbc4f330 JavaThread "build event listener" [_thread_blocked, id=8084, stack(0x0000005835900000,0x0000005835a00000)]
  0x00000238fbc48480 JavaThread "Execution worker for ':'" [_thread_blocked, id=1032, stack(0x0000005835a00000,0x0000005835b00000)]
  0x00000238fbc4dff0 JavaThread "Execution worker for ':' Thread 2" [_thread_blocked, id=8996, stack(0x0000005835b00000,0x0000005835c00000)]
  0x00000238fbc48e20 JavaThread "Execution worker for ':' Thread 3" [_thread_blocked, id=1764, stack(0x0000005835c00000,0x0000005835d00000)]
  0x00000238fbc4f800 JavaThread "Execution worker for ':' Thread 4" [_thread_blocked, id=8784, stack(0x0000005835d00000,0x0000005835e00000)]
  0x00000238fbc492f0 JavaThread "Execution worker for ':' Thread 5" [_thread_in_vm, id=8012, stack(0x0000005835e00000,0x0000005835f00000)]
  0x00000238fbc4a160 JavaThread "Cache worker for execution history cache (E:\Program Files\androidProjects\GeoQuiz\.gradle\7.2\executionHistory)" [_thread_blocked, id=612, stack(0x0000005835f00000,0x0000005836000000)]
  0x00000238fbc48950 JavaThread "WorkerExecutor Queue" [_thread_blocked, id=1252, stack(0x0000005836000000,0x0000005836100000)]

Other Threads:
  0x00000238f8886780 VMThread "VM Thread" [stack: 0x000000582e900000,0x000000582ea00000] [id=7720]
  0x00000238f94c0a10 WatcherThread [stack: 0x000000582f500000,0x000000582f600000] [id=6720]
  0x00000238e9bc8a00 GCTaskThread "GC Thread#0" [stack: 0x000000582e400000,0x000000582e500000] [id=2124]
  0x00000238f9e83c00 GCTaskThread "GC Thread#1" [stack: 0x000000582f700000,0x000000582f800000] [id=3864]
  0x00000238f98ab9c0 GCTaskThread "GC Thread#2" [stack: 0x000000582f800000,0x000000582f900000] [id=6692]
  0x00000238f98c15b0 GCTaskThread "GC Thread#3" [stack: 0x000000582f900000,0x000000582fa00000] [id=9100]
  0x00000238f9e39440 GCTaskThread "GC Thread#4" [stack: 0x000000582fa00000,0x000000582fb00000] [id=6820]
  0x00000238fd322a30 GCTaskThread "GC Thread#5" [stack: 0x0000005830900000,0x0000005830a00000] [id=9008]
  0x00000238e9bd9940 ConcurrentGCThread "G1 Main Marker" [stack: 0x000000582e500000,0x000000582e600000] [id=3988]
  0x00000238e9bda350 ConcurrentGCThread "G1 Conc#0" [stack: 0x000000582e600000,0x000000582e700000] [id=6032]
  0x00000238fb9e5650 ConcurrentGCThread "G1 Conc#1" [stack: 0x0000005831000000,0x0000005831100000] [id=2768]
  0x00000238e9c5cc80 ConcurrentGCThread "G1 Refine#0" [stack: 0x000000582e700000,0x000000582e800000] [id=5472]
  0x00000238fd55cc20 ConcurrentGCThread "G1 Refine#1" [stack: 0x0000005831100000,0x0000005831200000] [id=1868]
  0x00000238e9c5e6b0 ConcurrentGCThread "G1 Service" [stack: 0x000000582e800000,0x000000582e900000] [id=8776]

Threads with active compile tasks:
C2 CompilerThread0    11342 10126       4       org.apache.xerces.impl.XMLNSDocumentScannerImpl::scanStartElement (873 bytes)
C2 CompilerThread1    11342 10103       4       org.apache.xerces.impl.XMLNSDocumentScannerImpl::scanAttribute (586 bytes)

VM state: not at safepoint (normal execution)

VM Mutex/Monitor currently owned by a thread: None

Heap address: 0x0000000080000000, size: 2048 MB, Compressed Oops mode: 32-bit

CDS archive(s) mapped at: [0x0000000800000000-0x0000000800bc0000-0x0000000800bc0000), size 12320768, SharedBaseAddress: 0x0000000800000000, ArchiveRelocationMode: 0.
Compressed class space mapped at: 0x0000000800c00000-0x0000000840c00000, reserved size: 1073741824
Narrow klass base: 0x0000000800000000, Narrow klass shift: 0, Narrow klass range: 0x100000000

GC Precious Log:
 CPUs: 6 total, 6 available
 Memory: 8088M
 Large Page Support: Disabled
 NUMA Support: Disabled
 Compressed Oops: Enabled (32-bit)
 Heap Region Size: 1M
 Heap Min Capacity: 8M
 Heap Initial Capacity: 128M
 Heap Max Capacity: 2G
 Pre-touch: Disabled
 Parallel Workers: 6
 Concurrent Workers: 2
 Concurrent Refinement Workers: 6
 Periodic GC: Disabled

Heap:
 garbage-first heap   total 163840K, used 98601K [0x0000000080000000, 0x0000000100000000)
  region size 1024K, 2 young (2048K), 1 survivors (1024K)
 Metaspace       used 75595K, committed 76160K, reserved 1122304K
  class space    used 10323K, committed 10560K, reserved 1048576K

Heap Regions: E=young(eden), S=young(survivor), O=old, HS=humongous(starts), HC=humongous(continues), CS=collection set, F=free, OA=open archive, CA=closed archive, TAMS=top-at-mark-start (previous, next)
|   0|0x0000000080000000, 0x0000000080100000, 0x0000000080100000|100%| O|  |TAMS 0x0000000080100000, 0x0000000080000000| Untracked 
|   1|0x0000000080100000, 0x0000000080200000, 0x0000000080200000|100%| O|  |TAMS 0x0000000080200000, 0x0000000080100000| Untracked 
|   2|0x0000000080200000, 0x0000000080300000, 0x0000000080300000|100%| O|  |TAMS 0x0000000080300000, 0x0000000080200000| Untracked 
|   3|0x0000000080300000, 0x0000000080400000, 0x0000000080400000|100%|HS|  |TAMS 0x0000000080400000, 0x0000000080300000| Complete 
|   4|0x0000000080400000, 0x0000000080500000, 0x0000000080500000|100%|HC|  |TAMS 0x0000000080500000, 0x0000000080400000| Complete 
|   5|0x0000000080500000, 0x0000000080600000, 0x0000000080600000|100%|HC|  |TAMS 0x0000000080600000, 0x0000000080500000| Complete 
|   6|0x0000000080600000, 0x0000000080700000, 0x0000000080700000|100%| O|  |TAMS 0x0000000080700000, 0x0000000080600000| Untracked 
|   7|0x0000000080700000, 0x0000000080800000, 0x0000000080800000|100%| O|  |TAMS 0x0000000080800000, 0x0000000080700000| Untracked 
|   8|0x0000000080800000, 0x0000000080900000, 0x0000000080900000|100%| O|  |TAMS 0x0000000080900000, 0x0000000080800000| Untracked 
|   9|0x0000000080900000, 0x0000000080a00000, 0x0000000080a00000|100%| O|  |TAMS 0x0000000080a00000, 0x0000000080900000| Untracked 
|  10|0x0000000080a00000, 0x0000000080b00000, 0x0000000080b00000|100%| O|  |TAMS 0x0000000080b00000, 0x0000000080a00000| Untracked 
|  11|0x0000000080b00000, 0x0000000080c00000, 0x0000000080c00000|100%| O|  |TAMS 0x0000000080c00000, 0x0000000080b00000| Untracked 
|  12|0x0000000080c00000, 0x0000000080d00000, 0x0000000080d00000|100%| O|  |TAMS 0x0000000080d00000, 0x0000000080c00000| Untracked 
|  13|0x0000000080d00000, 0x0000000080e00000, 0x0000000080e00000|100%| O|  |TAMS 0x0000000080e00000, 0x0000000080d00000| Untracked 
|  14|0x0000000080e00000, 0x0000000080f00000, 0x0000000080f00000|100%| O|  |TAMS 0x0000000080f00000, 0x0000000080e00000| Untracked 
|  15|0x0000000080f00000, 0x0000000081000000, 0x0000000081000000|100%| O|  |TAMS 0x0000000081000000, 0x0000000080f00000| Untracked 
|  16|0x0000000081000000, 0x0000000081100000, 0x0000000081100000|100%| O|  |TAMS 0x0000000081100000, 0x0000000081000000| Untracked 
|  17|0x0000000081100000, 0x0000000081200000, 0x0000000081200000|100%| O|  |TAMS 0x0000000081200000, 0x0000000081100000| Untracked 
|  18|0x0000000081200000, 0x00000000812ab800, 0x0000000081300000| 66%| O|  |TAMS 0x00000000812ab800, 0x0000000081200000| Untracked 
|  19|0x0000000081300000, 0x0000000081400000, 0x0000000081400000|100%| O|  |TAMS 0x0000000081400000, 0x0000000081300000| Untracked 
|  20|0x0000000081400000, 0x0000000081500000, 0x0000000081500000|100%|HS|  |TAMS 0x0000000081500000, 0x0000000081400000| Complete 
|  21|0x0000000081500000, 0x0000000081600000, 0x0000000081600000|100%| O|  |TAMS 0x0000000081600000, 0x0000000081500000| Untracked 
|  22|0x0000000081600000, 0x0000000081700000, 0x0000000081700000|100%| O|  |TAMS 0x0000000081700000, 0x0000000081600000| Untracked 
|  23|0x0000000081700000, 0x0000000081800000, 0x0000000081800000|100%| O|  |TAMS 0x0000000081800000, 0x0000000081700000| Untracked 
|  24|0x0000000081800000, 0x0000000081900000, 0x0000000081900000|100%| O|  |TAMS 0x0000000081900000, 0x0000000081800000| Untracked 
|  25|0x0000000081900000, 0x0000000081a00000, 0x0000000081a00000|100%|HS|  |TAMS 0x0000000081a00000, 0x0000000081900000| Complete 
|  26|0x0000000081a00000, 0x0000000081b00000, 0x0000000081b00000|100%|HS|  |TAMS 0x0000000081b00000, 0x0000000081a00000| Complete 
|  27|0x0000000081b00000, 0x0000000081c00000, 0x0000000081c00000|100%|HS|  |TAMS 0x0000000081c00000, 0x0000000081b00000| Complete 
|  28|0x0000000081c00000, 0x0000000081d00000, 0x0000000081d00000|100%|HS|  |TAMS 0x0000000081d00000, 0x0000000081c00000| Complete 
|  29|0x0000000081d00000, 0x0000000081e00000, 0x0000000081e00000|100%|HC|  |TAMS 0x0000000081e00000, 0x0000000081d00000| Complete 
|  30|0x0000000081e00000, 0x0000000081f00000, 0x0000000081f00000|100%| O|  |TAMS 0x0000000081f00000, 0x0000000081e00000| Untracked 
|  31|0x0000000081f00000, 0x0000000082000000, 0x0000000082000000|100%| O|  |TAMS 0x0000000082000000, 0x0000000081f00000| Untracked 
|  32|0x0000000082000000, 0x0000000082100000, 0x0000000082100000|100%| O|  |TAMS 0x0000000082100000, 0x0000000082000000| Untracked 
|  33|0x0000000082100000, 0x0000000082200000, 0x0000000082200000|100%| O|  |TAMS 0x0000000082200000, 0x0000000082100000| Untracked 
|  34|0x0000000082200000, 0x0000000082300000, 0x0000000082300000|100%|HS|  |TAMS 0x0000000082300000, 0x0000000082200000| Complete 
|  35|0x0000000082300000, 0x0000000082400000, 0x0000000082400000|100%|HC|  |TAMS 0x0000000082400000, 0x0000000082300000| Complete 
|  36|0x0000000082400000, 0x0000000082500000, 0x0000000082500000|100%|HC|  |TAMS 0x0000000082500000, 0x0000000082400000| Complete 
|  37|0x0000000082500000, 0x0000000082600000, 0x0000000082600000|100%| O|  |TAMS 0x0000000082600000, 0x0000000082500000| Untracked 
|  38|0x0000000082600000, 0x0000000082700000, 0x0000000082700000|100%| O|  |TAMS 0x0000000082700000, 0x0000000082600000| Untracked 
|  39|0x0000000082700000, 0x0000000082800000, 0x0000000082800000|100%| O|  |TAMS 0x0000000082800000, 0x0000000082700000| Untracked 
|  40|0x0000000082800000, 0x0000000082900000, 0x0000000082900000|100%| O|  |TAMS 0x0000000082900000, 0x0000000082800000| Untracked 
|  41|0x0000000082900000, 0x0000000082a00000, 0x0000000082a00000|100%| O|  |TAMS 0x0000000082a00000, 0x0000000082900000| Untracked 
|  42|0x0000000082a00000, 0x0000000082b00000, 0x0000000082b00000|100%| O|  |TAMS 0x0000000082b00000, 0x0000000082a00000| Untracked 
|  43|0x0000000082b00000, 0x0000000082c00000, 0x0000000082c00000|100%| O|  |TAMS 0x0000000082c00000, 0x0000000082b00000| Untracked 
|  44|0x0000000082c00000, 0x0000000082d00000, 0x0000000082d00000|100%| O|  |TAMS 0x0000000082d00000, 0x0000000082c00000| Untracked 
|  45|0x0000000082d00000, 0x0000000082e00000, 0x0000000082e00000|100%| O|  |TAMS 0x0000000082e00000, 0x0000000082d00000| Untracked 
|  46|0x0000000082e00000, 0x0000000082f00000, 0x0000000082f00000|100%| O|  |TAMS 0x0000000082f00000, 0x0000000082e00000| Untracked 
|  47|0x0000000082f00000, 0x0000000083000000, 0x0000000083000000|100%| O|  |TAMS 0x0000000083000000, 0x0000000082f00000| Untracked 
|  48|0x0000000083000000, 0x0000000083100000, 0x0000000083100000|100%| O|  |TAMS 0x0000000083100000, 0x0000000083000000| Untracked 
|  49|0x0000000083100000, 0x0000000083200000, 0x0000000083200000|100%| O|  |TAMS 0x0000000083200000, 0x0000000083100000| Untracked 
|  50|0x0000000083200000, 0x0000000083300000, 0x0000000083300000|100%| O|  |TAMS 0x0000000083300000, 0x0000000083200000| Untracked 
|  51|0x0000000083300000, 0x0000000083400000, 0x0000000083400000|100%| O|  |TAMS 0x0000000083400000, 0x0000000083300000| Untracked 
|  52|0x0000000083400000, 0x0000000083500000, 0x0000000083500000|100%| O|  |TAMS 0x0000000083500000, 0x0000000083400000| Untracked 
|  53|0x0000000083500000, 0x0000000083600000, 0x0000000083600000|100%| O|  |TAMS 0x0000000083600000, 0x0000000083500000| Untracked 
|  54|0x0000000083600000, 0x0000000083700000, 0x0000000083700000|100%| O|  |TAMS 0x0000000083700000, 0x0000000083600000| Untracked 
|  55|0x0000000083700000, 0x0000000083800000, 0x0000000083800000|100%| O|  |TAMS 0x0000000083800000, 0x0000000083700000| Untracked 
|  56|0x0000000083800000, 0x0000000083900000, 0x0000000083900000|100%| O|  |TAMS 0x0000000083900000, 0x0000000083800000| Untracked 
|  57|0x0000000083900000, 0x0000000083a00000, 0x0000000083a00000|100%| O|  |TAMS 0x0000000083a00000, 0x0000000083900000| Untracked 
|  58|0x0000000083a00000, 0x0000000083b00000, 0x0000000083b00000|100%| O|  |TAMS 0x0000000083b00000, 0x0000000083a00000| Untracked 
|  59|0x0000000083b00000, 0x0000000083c00000, 0x0000000083c00000|100%| O|  |TAMS 0x0000000083c00000, 0x0000000083b00000| Untracked 
|  60|0x0000000083c00000, 0x0000000083d00000, 0x0000000083d00000|100%| O|  |TAMS 0x0000000083d00000, 0x0000000083c00000| Untracked 
|  61|0x0000000083d00000, 0x0000000083e00000, 0x0000000083e00000|100%| O|  |TAMS 0x0000000083e00000, 0x0000000083d00000| Untracked 
|  62|0x0000000083e00000, 0x0000000083f00000, 0x0000000083f00000|100%| O|  |TAMS 0x0000000083f00000, 0x0000000083e00000| Untracked 
|  63|0x0000000083f00000, 0x0000000084000000, 0x0000000084000000|100%| O|  |TAMS 0x0000000084000000, 0x0000000083f00000| Untracked 
|  64|0x0000000084000000, 0x0000000084100000, 0x0000000084100000|100%| O|  |TAMS 0x0000000084100000, 0x0000000084000000| Untracked 
|  65|0x0000000084100000, 0x0000000084200000, 0x0000000084200000|100%| O|  |TAMS 0x0000000084200000, 0x0000000084100000| Untracked 
|  66|0x0000000084200000, 0x0000000084300000, 0x0000000084300000|100%| O|  |TAMS 0x0000000084300000, 0x0000000084200000| Untracked 
|  67|0x0000000084300000, 0x0000000084400000, 0x0000000084400000|100%| O|  |TAMS 0x0000000084400000, 0x0000000084300000| Untracked 
|  68|0x0000000084400000, 0x0000000084500000, 0x0000000084500000|100%| O|  |TAMS 0x0000000084500000, 0x0000000084400000| Untracked 
|  69|0x0000000084500000, 0x0000000084500000, 0x0000000084600000|  0%| F|  |TAMS 0x0000000084500000, 0x0000000084500000| Untracked 
|  70|0x0000000084600000, 0x0000000084700000, 0x0000000084700000|100%| O|  |TAMS 0x0000000084600000, 0x0000000084600000| Untracked 
|  71|0x0000000084700000, 0x0000000084800000, 0x0000000084800000|100%| O|  |TAMS 0x0000000084700000, 0x0000000084700000| Untracked 
|  72|0x0000000084800000, 0x0000000084900000, 0x0000000084900000|100%| O|  |TAMS 0x0000000084800000, 0x0000000084800000| Untracked 
|  73|0x0000000084900000, 0x0000000084a00000, 0x0000000084a00000|100%| O|  |TAMS 0x0000000084900000, 0x0000000084900000| Untracked 
|  74|0x0000000084a00000, 0x0000000084b00000, 0x0000000084b00000|100%| O|  |TAMS 0x0000000084a00000, 0x0000000084a00000| Untracked 
|  75|0x0000000084b00000, 0x0000000084c00000, 0x0000000084c00000|100%| O|  |TAMS 0x0000000084b00000, 0x0000000084b00000| Untracked 
|  76|0x0000000084c00000, 0x0000000084d00000, 0x0000000084d00000|100%| O|  |TAMS 0x0000000084c00000, 0x0000000084c00000| Untracked 
|  77|0x0000000084d00000, 0x0000000084e00000, 0x0000000084e00000|100%| O|  |TAMS 0x0000000084d00000, 0x0000000084d00000| Untracked 
|  78|0x0000000084e00000, 0x0000000084f00000, 0x0000000084f00000|100%| O|  |TAMS 0x0000000084e00000, 0x0000000084e00000| Untracked 
|  79|0x0000000084f00000, 0x0000000085000000, 0x0000000085000000|100%|HS|  |TAMS 0x0000000084f00000, 0x0000000084f00000| Complete 
|  80|0x0000000085000000, 0x0000000085100000, 0x0000000085100000|100%| O|  |TAMS 0x0000000085000000, 0x0000000085000000| Untracked 
|  81|0x0000000085100000, 0x0000000085200000, 0x0000000085200000|100%| O|  |TAMS 0x0000000085100000, 0x0000000085100000| Untracked 
|  82|0x0000000085200000, 0x0000000085300000, 0x0000000085300000|100%| O|  |TAMS 0x0000000085200000, 0x0000000085200000| Untracked 
|  83|0x0000000085300000, 0x0000000085400000, 0x0000000085400000|100%| O|  |TAMS 0x0000000085300000, 0x0000000085300000| Untracked 
|  84|0x0000000085400000, 0x0000000085500000, 0x0000000085500000|100%| O|  |TAMS 0x0000000085400000, 0x0000000085400000| Untracked 
|  85|0x0000000085500000, 0x0000000085600000, 0x0000000085600000|100%| O|  |TAMS 0x0000000085500000, 0x0000000085500000| Untracked 
|  86|0x0000000085600000, 0x0000000085700000, 0x0000000085700000|100%| O|  |TAMS 0x0000000085600000, 0x0000000085600000| Untracked 
|  87|0x0000000085700000, 0x0000000085800000, 0x0000000085800000|100%| O|  |TAMS 0x0000000085700000, 0x0000000085700000| Untracked 
|  88|0x0000000085800000, 0x0000000085900000, 0x0000000085900000|100%| O|  |TAMS 0x0000000085800000, 0x0000000085800000| Untracked 
|  89|0x0000000085900000, 0x0000000085a00000, 0x0000000085a00000|100%| O|  |TAMS 0x0000000085900000, 0x0000000085900000| Untracked 
|  90|0x0000000085a00000, 0x0000000085b00000, 0x0000000085b00000|100%| O|  |TAMS 0x0000000085a00000, 0x0000000085a00000| Untracked 
|  91|0x0000000085b00000, 0x0000000085c00000, 0x0000000085c00000|100%| O|  |TAMS 0x0000000085b00000, 0x0000000085b00000| Untracked 
|  92|0x0000000085c00000, 0x0000000085cda400, 0x0000000085d00000| 85%| O|  |TAMS 0x0000000085c00000, 0x0000000085c00000| Untracked 
|  93|0x0000000085d00000, 0x0000000085d00000, 0x0000000085e00000|  0%| F|  |TAMS 0x0000000085d00000, 0x0000000085d00000| Untracked 
|  94|0x0000000085e00000, 0x0000000085e00000, 0x0000000085f00000|  0%| F|  |TAMS 0x0000000085e00000, 0x0000000085e00000| Untracked 
|  95|0x0000000085f00000, 0x0000000085f00000, 0x0000000086000000|  0%| F|  |TAMS 0x0000000085f00000, 0x0000000085f00000| Untracked 
|  96|0x0000000086000000, 0x0000000086000000, 0x0000000086100000|  0%| F|  |TAMS 0x0000000086000000, 0x0000000086000000| Untracked 
|  97|0x0000000086100000, 0x0000000086100000, 0x0000000086200000|  0%| F|  |TAMS 0x0000000086100000, 0x0000000086100000| Untracked 
|  98|0x0000000086200000, 0x0000000086200000, 0x0000000086300000|  0%| F|  |TAMS 0x0000000086200000, 0x0000000086200000| Untracked 
|  99|0x0000000086300000, 0x0000000086300000, 0x0000000086400000|  0%| F|  |TAMS 0x0000000086300000, 0x0000000086300000| Untracked 
| 100|0x0000000086400000, 0x0000000086400000, 0x0000000086500000|  0%| F|  |TAMS 0x0000000086400000, 0x0000000086400000| Untracked 
| 101|0x0000000086500000, 0x0000000086500000, 0x0000000086600000|  0%| F|  |TAMS 0x0000000086500000, 0x0000000086500000| Untracked 
| 102|0x0000000086600000, 0x0000000086600000, 0x0000000086700000|  0%| F|  |TAMS 0x0000000086600000, 0x0000000086600000| Untracked 
| 103|0x0000000086700000, 0x0000000086700000, 0x0000000086800000|  0%| F|  |TAMS 0x0000000086700000, 0x0000000086700000| Untracked 
| 104|0x0000000086800000, 0x0000000086800000, 0x0000000086900000|  0%| F|  |TAMS 0x0000000086800000, 0x0000000086800000| Untracked 
| 105|0x0000000086900000, 0x0000000086900000, 0x0000000086a00000|  0%| F|  |TAMS 0x0000000086900000, 0x0000000086900000| Untracked 
| 106|0x0000000086a00000, 0x0000000086a00000, 0x0000000086b00000|  0%| F|  |TAMS 0x0000000086a00000, 0x0000000086a00000| Untracked 
| 107|0x0000000086b00000, 0x0000000086b00000, 0x0000000086c00000|  0%| F|  |TAMS 0x0000000086b00000, 0x0000000086b00000| Untracked 
| 108|0x0000000086c00000, 0x0000000086c00000, 0x0000000086d00000|  0%| F|  |TAMS 0x0000000086c00000, 0x0000000086c00000| Untracked 
| 109|0x0000000086d00000, 0x0000000086d00000, 0x0000000086e00000|  0%| F|  |TAMS 0x0000000086d00000, 0x0000000086d00000| Untracked 
| 110|0x0000000086e00000, 0x0000000086e00000, 0x0000000086f00000|  0%| F|  |TAMS 0x0000000086e00000, 0x0000000086e00000| Untracked 
| 111|0x0000000086f00000, 0x0000000086f00000, 0x0000000087000000|  0%| F|  |TAMS 0x0000000086f00000, 0x0000000086f00000| Untracked 
| 112|0x0000000087000000, 0x0000000087000000, 0x0000000087100000|  0%| F|  |TAMS 0x0000000087000000, 0x0000000087000000| Untracked 
| 113|0x0000000087100000, 0x0000000087100000, 0x0000000087200000|  0%| F|  |TAMS 0x0000000087100000, 0x0000000087100000| Untracked 
| 114|0x0000000087200000, 0x0000000087200000, 0x0000000087300000|  0%| F|  |TAMS 0x0000000087200000, 0x0000000087200000| Untracked 
| 115|0x0000000087300000, 0x0000000087300000, 0x0000000087400000|  0%| F|  |TAMS 0x0000000087300000, 0x0000000087300000| Untracked 
| 116|0x0000000087400000, 0x0000000087400000, 0x0000000087500000|  0%| F|  |TAMS 0x0000000087400000, 0x0000000087400000| Untracked 
| 117|0x0000000087500000, 0x0000000087500000, 0x0000000087600000|  0%| F|  |TAMS 0x0000000087500000, 0x0000000087500000| Untracked 
| 118|0x0000000087600000, 0x0000000087600000, 0x0000000087700000|  0%| F|  |TAMS 0x0000000087600000, 0x0000000087600000| Untracked 
| 119|0x0000000087700000, 0x0000000087700000, 0x0000000087800000|  0%| F|  |TAMS 0x0000000087700000, 0x0000000087700000| Untracked 
| 120|0x0000000087800000, 0x0000000087800000, 0x0000000087900000|  0%| F|  |TAMS 0x0000000087800000, 0x0000000087800000| Untracked 
| 121|0x0000000087900000, 0x0000000087900000, 0x0000000087a00000|  0%| F|  |TAMS 0x0000000087900000, 0x0000000087900000| Untracked 
| 122|0x0000000087a00000, 0x0000000087a00000, 0x0000000087b00000|  0%| F|  |TAMS 0x0000000087a00000, 0x0000000087a00000| Untracked 
| 123|0x0000000087b00000, 0x0000000087b00000, 0x0000000087c00000|  0%| F|  |TAMS 0x0000000087b00000, 0x0000000087b00000| Untracked 
| 124|0x0000000087c00000, 0x0000000087c00000, 0x0000000087d00000|  0%| F|  |TAMS 0x0000000087c00000, 0x0000000087c00000| Untracked 
| 125|0x0000000087d00000, 0x0000000087d00000, 0x0000000087e00000|  0%| F|  |TAMS 0x0000000087d00000, 0x0000000087d00000| Untracked 
| 126|0x0000000087e00000, 0x0000000087e00000, 0x0000000087f00000|  0%| F|  |TAMS 0x0000000087e00000, 0x0000000087e00000| Untracked 
| 127|0x0000000087f00000, 0x0000000087f00000, 0x0000000088000000|  0%| F|  |TAMS 0x0000000087f00000, 0x0000000087f00000| Untracked 
| 128|0x0000000088000000, 0x0000000088000000, 0x0000000088100000|  0%| F|  |TAMS 0x0000000088000000, 0x0000000088000000| Untracked 
| 129|0x0000000088100000, 0x0000000088100000, 0x0000000088200000|  0%| F|  |TAMS 0x0000000088100000, 0x0000000088100000| Untracked 
| 130|0x0000000088200000, 0x0000000088200000, 0x0000000088300000|  0%| F|  |TAMS 0x0000000088200000, 0x0000000088200000| Untracked 
| 131|0x0000000088300000, 0x0000000088300000, 0x0000000088400000|  0%| F|  |TAMS 0x0000000088300000, 0x0000000088300000| Untracked 
| 132|0x0000000088400000, 0x0000000088400000, 0x0000000088500000|  0%| F|  |TAMS 0x0000000088400000, 0x0000000088400000| Untracked 
| 133|0x0000000088500000, 0x0000000088500000, 0x0000000088600000|  0%| F|  |TAMS 0x0000000088500000, 0x0000000088500000| Untracked 
| 134|0x0000000088600000, 0x0000000088600000, 0x0000000088700000|  0%| F|  |TAMS 0x0000000088600000, 0x0000000088600000| Untracked 
| 135|0x0000000088700000, 0x0000000088700000, 0x0000000088800000|  0%| F|  |TAMS 0x0000000088700000, 0x0000000088700000| Untracked 
| 136|0x0000000088800000, 0x0000000088800000, 0x0000000088900000|  0%| F|  |TAMS 0x0000000088800000, 0x0000000088800000| Untracked 
| 137|0x0000000088900000, 0x0000000088900000, 0x0000000088a00000|  0%| F|  |TAMS 0x0000000088900000, 0x0000000088900000| Untracked 
| 138|0x0000000088a00000, 0x0000000088a00000, 0x0000000088b00000|  0%| F|  |TAMS 0x0000000088a00000, 0x0000000088a00000| Untracked 
| 139|0x0000000088b00000, 0x0000000088b00000, 0x0000000088c00000|  0%| F|  |TAMS 0x0000000088b00000, 0x0000000088b00000| Untracked 
| 140|0x0000000088c00000, 0x0000000088c00000, 0x0000000088d00000|  0%| F|  |TAMS 0x0000000088c00000, 0x0000000088c00000| Untracked 
| 141|0x0000000088d00000, 0x0000000088d00000, 0x0000000088e00000|  0%| F|  |TAMS 0x0000000088d00000, 0x0000000088d00000| Untracked 
| 142|0x0000000088e00000, 0x0000000088e00000, 0x0000000088f00000|  0%| F|  |TAMS 0x0000000088e00000, 0x0000000088e00000| Untracked 
| 143|0x0000000088f00000, 0x0000000088f00000, 0x0000000089000000|  0%| F|  |TAMS 0x0000000088f00000, 0x0000000088f00000| Untracked 
| 144|0x0000000089000000, 0x0000000089000000, 0x0000000089100000|  0%| F|  |TAMS 0x0000000089000000, 0x0000000089000000| Untracked 
| 145|0x0000000089100000, 0x0000000089100000, 0x0000000089200000|  0%| F|  |TAMS 0x0000000089100000, 0x0000000089100000| Untracked 
| 146|0x0000000089200000, 0x0000000089200000, 0x0000000089300000|  0%| F|  |TAMS 0x0000000089200000, 0x0000000089200000| Untracked 
| 147|0x0000000089300000, 0x0000000089300000, 0x0000000089400000|  0%| F|  |TAMS 0x0000000089300000, 0x0000000089300000| Untracked 
| 148|0x0000000089400000, 0x0000000089400000, 0x0000000089500000|  0%| F|  |TAMS 0x0000000089400000, 0x0000000089400000| Untracked 
| 149|0x0000000089500000, 0x0000000089500000, 0x0000000089600000|  0%| F|  |TAMS 0x0000000089500000, 0x0000000089500000| Untracked 
| 150|0x0000000089600000, 0x0000000089600000, 0x0000000089700000|  0%| F|  |TAMS 0x0000000089600000, 0x0000000089600000| Untracked 
| 151|0x0000000089700000, 0x00000000897c4830, 0x0000000089800000| 76%| S|CS|TAMS 0x0000000089700000, 0x0000000089700000| Complete 
| 152|0x0000000089800000, 0x0000000089800000, 0x0000000089900000|  0%| F|  |TAMS 0x0000000089800000, 0x0000000089800000| Untracked 
| 153|0x0000000089900000, 0x0000000089900000, 0x0000000089a00000|  0%| F|  |TAMS 0x0000000089900000, 0x0000000089900000| Untracked 
| 154|0x0000000089a00000, 0x0000000089a00000, 0x0000000089b00000|  0%| F|  |TAMS 0x0000000089a00000, 0x0000000089a00000| Untracked 
| 155|0x0000000089b00000, 0x0000000089b5b278, 0x0000000089c00000| 35%| E|  |TAMS 0x0000000089b00000, 0x0000000089b00000| Complete 
|2044|0x00000000ffc00000, 0x00000000ffd00000, 0x00000000ffd00000|100%| O|  |TAMS 0x00000000ffd00000, 0x00000000ffc00000| Untracked 
|2045|0x00000000ffd00000, 0x00000000ffe00000, 0x00000000ffe00000|100%| O|  |TAMS 0x00000000ffe00000, 0x00000000ffd00000| Untracked 
|2046|0x00000000ffe00000, 0x00000000fff00000, 0x00000000fff00000|100%| O|  |TAMS 0x00000000fff00000, 0x00000000ffe00000| Untracked 
|2047|0x00000000fff00000, 0x0000000100000000, 0x0000000100000000|100%| O|  |TAMS 0x0000000100000000, 0x00000000fff00000| Untracked 

Card table byte_map: [0x00000238f18e0000,0x00000238f1ce0000] _byte_map_base: 0x00000238f14e0000

Marking Bits (Prev, Next): (CMBitMap*) 0x00000238e9bc9010, (CMBitMap*) 0x00000238e9bc9050
 Prev Bits: [0x00000238f20e0000, 0x00000238f40e0000)
 Next Bits: [0x00000238f40e0000, 0x00000238f60e0000)

Polling page: 0x00000238e7b50000

Metaspace:

Usage:
  Non-class:     63.80 MB used.
      Class:     10.09 MB used.
       Both:     73.88 MB used.

Virtual space:
  Non-class space:       72.00 MB reserved,      64.12 MB ( 89%) committed,  9 nodes.
      Class space:        1.00 GB reserved,      10.31 MB (  1%) committed,  1 nodes.
             Both:        1.07 GB reserved,      74.44 MB (  7%) committed. 

Chunk freelists:
   Non-Class:  3.53 MB
       Class:  1.62 MB
        Both:  5.16 MB

MaxMetaspaceSize: unlimited
CompressedClassSpaceSize: 1.00 GB
Initial GC threshold: 21.00 MB
Current GC threshold: 122.81 MB
CDS: on
MetaspaceReclaimPolicy: balanced
 - commit_granule_bytes: 65536.
 - commit_granule_words: 8192.
 - virtual_space_node_default_size: 1048576.
 - enlarge_chunks_in_place: 1.
 - new_chunks_are_fully_committed: 0.
 - uncommit_free_chunks: 1.
 - use_allocation_guard: 0.
 - handle_deallocations: 1.


Internal statistics:

num_allocs_failed_limit: 6.
num_arena_births: 750.
num_arena_deaths: 0.
num_vsnodes_births: 10.
num_vsnodes_deaths: 0.
num_space_committed: 1191.
num_space_uncommitted: 0.
num_chunks_returned_to_freelist: 6.
num_chunks_taken_from_freelist: 3810.
num_chunk_merges: 6.
num_chunk_splits: 2513.
num_chunks_enlarged: 1664.
num_purges: 0.
num_inconsistent_stats: 0.

CodeHeap 'non-profiled nmethods': size=120000Kb used=4690Kb max_used=4690Kb free=115309Kb
 bounds [0x0000023887ad0000, 0x0000023887f70000, 0x000002388f000000]
CodeHeap 'profiled nmethods': size=120000Kb used=18079Kb max_used=18079Kb free=101920Kb
 bounds [0x00000238805a0000, 0x0000023881750000, 0x0000023887ad0000]
CodeHeap 'non-nmethods': size=5760Kb used=2366Kb max_used=2418Kb free=3393Kb
 bounds [0x0000023880000000, 0x0000023880270000, 0x00000238805a0000]
 total_blobs=10211 nmethods=9319 adapters=804
 compilation: enabled
              stopped_count=0, restarted_count=0
 full_count=0

Compilation events (20 events):
Event: 11.211 Thread 0x00000238f88bb190 10162       2       com.android.ide.common.resources.configuration.CountryCodeQualifier::checkAndSet (18 bytes)
Event: 11.211 Thread 0x00000238f88bb190 nmethod 10162 0x0000023881742d10 code [0x0000023881742ec0, 0x0000023881743168]
Event: 11.211 Thread 0x00000238f88bb190 10163   !   2       com.android.ide.common.resources.configuration.CountryCodeQualifier::getQualifier (48 bytes)
Event: 11.212 Thread 0x00000238f88bb190 nmethod 10163 0x0000023881743310 code [0x00000238817434e0, 0x0000023881743758]
Event: 11.220 Thread 0x00000238f88bb190 10164       2       java.lang.StringUTF16::inflate (42 bytes)
Event: 11.220 Thread 0x00000238f88bb190 nmethod 10164 0x0000023881743910 code [0x0000023881743ac0, 0x0000023881743cc8]
Event: 11.234 Thread 0x00000238f88bb190 10165       2       java.lang.AbstractStringBuilder::inflate (42 bytes)
Event: 11.235 Thread 0x00000238f88bb190 nmethod 10165 0x0000023881743e90 code [0x0000023881744040, 0x0000023881744258]
Event: 11.254 Thread 0x00000238f88bb190 10167   !   2       org.apache.xerces.parsers.AbstractSAXParser::getEntityResolver (61 bytes)
Event: 11.255 Thread 0x00000238f88bb190 nmethod 10167 0x0000023881744390 code [0x0000023881744580, 0x0000023881744a18]
Event: 11.255 Thread 0x00000238f88bb190 10168   !   2       org.apache.xerces.parsers.AbstractSAXParser::setEntityResolver (124 bytes)
Event: 11.256 Thread 0x00000238f88bb190 nmethod 10168 0x0000023881744d90 code [0x0000023881745000, 0x00000238817458a8]
Event: 11.267 Thread 0x00000238f88bb190 10169       2       java.util.regex.Matcher::start (65 bytes)
Event: 11.268 Thread 0x00000238f88bb190 nmethod 10169 0x0000023881745e90 code [0x00000238817460a0, 0x00000238817464e8]
Event: 11.293 Thread 0x00000238f88bb190 10171   !   2       org.apache.xerces.parsers.DOMParser::getEntityResolver (60 bytes)
Event: 11.293 Thread 0x00000238f88bb190 nmethod 10171 0x0000023881746790 code [0x0000023881746980, 0x0000023881746e18]
Event: 11.300 Thread 0x00000238f88bb190 10172       2       java.util.Properties::<init> (8 bytes)
Event: 11.300 Thread 0x00000238f88bb190 nmethod 10172 0x0000023881747190 code [0x0000023881747360, 0x0000023881747608]
Event: 11.301 Thread 0x00000238f88bb190 10173       2       jdk.internal.loader.AbstractClassLoaderValue::extractValue (17 bytes)
Event: 11.301 Thread 0x00000238f88bb190 nmethod 10173 0x0000023881747710 code [0x00000238817478c0, 0x0000023881747aa8]

GC Heap History (20 events):
Event: 7.616 GC heap before
{Heap before GC invocations=20 (full 0):
 garbage-first heap   total 102400K, used 85628K [0x0000000080000000, 0x0000000100000000)
  region size 1024K, 29 young (29696K), 2 survivors (2048K)
 Metaspace       used 56024K, committed 56576K, reserved 1105920K
  class space    used 7472K, committed 7744K, reserved 1048576K
}
Event: 7.622 GC heap after
{Heap after GC invocations=21 (full 0):
 garbage-first heap   total 102400K, used 60777K [0x0000000080000000, 0x0000000100000000)
  region size 1024K, 4 young (4096K), 4 survivors (4096K)
 Metaspace       used 56024K, committed 56576K, reserved 1105920K
  class space    used 7472K, committed 7744K, reserved 1048576K
}
Event: 7.946 GC heap before
{Heap before GC invocations=22 (full 0):
 garbage-first heap   total 109568K, used 85353K [0x0000000080000000, 0x0000000100000000)
  region size 1024K, 28 young (28672K), 4 survivors (4096K)
 Metaspace       used 58826K, committed 59328K, reserved 1105920K
  class space    used 7900K, committed 8128K, reserved 1048576K
}
Event: 7.952 GC heap after
{Heap after GC invocations=23 (full 0):
 garbage-first heap   total 109568K, used 62796K [0x0000000080000000, 0x0000000100000000)
  region size 1024K, 2 young (2048K), 2 survivors (2048K)
 Metaspace       used 58826K, committed 59328K, reserved 1105920K
  class space    used 7900K, committed 8128K, reserved 1048576K
}
Event: 8.297 GC heap before
{Heap before GC invocations=23 (full 0):
 garbage-first heap   total 109568K, used 90444K [0x0000000080000000, 0x0000000100000000)
  region size 1024K, 29 young (29696K), 2 survivors (2048K)
 Metaspace       used 61806K, committed 62336K, reserved 1105920K
  class space    used 8395K, committed 8640K, reserved 1048576K
}
Event: 8.302 GC heap after
{Heap after GC invocations=24 (full 0):
 garbage-first heap   total 109568K, used 64508K [0x0000000080000000, 0x0000000100000000)
  region size 1024K, 4 young (4096K), 4 survivors (4096K)
 Metaspace       used 61806K, committed 62336K, reserved 1105920K
  class space    used 8395K, committed 8640K, reserved 1048576K
}
Event: 8.648 GC heap before
{Heap before GC invocations=25 (full 0):
 garbage-first heap   total 114688K, used 89084K [0x0000000080000000, 0x0000000100000000)
  region size 1024K, 29 young (29696K), 4 survivors (4096K)
 Metaspace       used 64012K, committed 64576K, reserved 1105920K
  class space    used 8737K, committed 9024K, reserved 1048576K
}
Event: 8.654 GC heap after
{Heap after GC invocations=26 (full 0):
 garbage-first heap   total 114688K, used 66510K [0x0000000080000000, 0x0000000100000000)
  region size 1024K, 4 young (4096K), 4 survivors (4096K)
 Metaspace       used 64012K, committed 64576K, reserved 1105920K
  class space    used 8737K, committed 9024K, reserved 1048576K
}
Event: 9.025 GC heap before
{Heap before GC invocations=26 (full 0):
 garbage-first heap   total 114688K, used 94158K [0x0000000080000000, 0x0000000100000000)
  region size 1024K, 31 young (31744K), 4 survivors (4096K)
 Metaspace       used 67077K, committed 67648K, reserved 1114112K
  class space    used 9193K, committed 9472K, reserved 1048576K
}
Event: 9.031 GC heap after
{Heap after GC invocations=27 (full 0):
 garbage-first heap   total 138240K, used 68575K [0x0000000080000000, 0x0000000100000000)
  region size 1024K, 4 young (4096K), 4 survivors (4096K)
 Metaspace       used 67077K, committed 67648K, reserved 1114112K
  class space    used 9193K, committed 9472K, reserved 1048576K
}
Event: 9.855 GC heap before
{Heap before GC invocations=28 (full 0):
 garbage-first heap   total 138240K, used 111583K [0x0000000080000000, 0x0000000100000000)
  region size 1024K, 46 young (47104K), 4 survivors (4096K)
 Metaspace       used 71937K, committed 72512K, reserved 1114112K
  class space    used 9896K, committed 10176K, reserved 1048576K
}
Event: 9.864 GC heap after
{Heap after GC invocations=29 (full 0):
 garbage-first heap   total 138240K, used 72069K [0x0000000080000000, 0x0000000100000000)
  region size 1024K, 6 young (6144K), 6 survivors (6144K)
 Metaspace       used 71937K, committed 72512K, reserved 1114112K
  class space    used 9896K, committed 10176K, reserved 1048576K
}
Event: 10.239 GC heap before
{Heap before GC invocations=29 (full 0):
 garbage-first heap   total 138240K, used 110981K [0x0000000080000000, 0x0000000100000000)
  region size 1024K, 45 young (46080K), 6 survivors (6144K)
 Metaspace       used 72841K, committed 73408K, reserved 1114112K
  class space    used 10056K, committed 10304K, reserved 1048576K
}
Event: 10.247 GC heap after
{Heap after GC invocations=30 (full 0):
 garbage-first heap   total 138240K, used 74799K [0x0000000080000000, 0x0000000100000000)
  region size 1024K, 3 young (3072K), 3 survivors (3072K)
 Metaspace       used 72841K, committed 73408K, reserved 1114112K
  class space    used 10056K, committed 10304K, reserved 1048576K
}
Event: 10.908 GC heap before
{Heap before GC invocations=31 (full 0):
 garbage-first heap   total 138240K, used 112687K [0x0000000080000000, 0x0000000100000000)
  region size 1024K, 41 young (41984K), 3 survivors (3072K)
 Metaspace       used 74855K, committed 75456K, reserved 1114112K
  class space    used 10251K, committed 10496K, reserved 1048576K
}
Event: 10.916 GC heap after
{Heap after GC invocations=32 (full 0):
 garbage-first heap   total 138240K, used 81582K [0x0000000080000000, 0x0000000100000000)
  region size 1024K, 6 young (6144K), 6 survivors (6144K)
 Metaspace       used 74855K, committed 75456K, reserved 1114112K
  class space    used 10251K, committed 10496K, reserved 1048576K
}
Event: 11.024 GC heap before
{Heap before GC invocations=32 (full 0):
 garbage-first heap   total 138240K, used 89774K [0x0000000080000000, 0x0000000100000000)
  region size 1024K, 15 young (15360K), 6 survivors (6144K)
 Metaspace       used 74888K, committed 75456K, reserved 1114112K
  class space    used 10251K, committed 10496K, reserved 1048576K
}
Event: 11.033 GC heap after
{Heap after GC invocations=33 (full 0):
 garbage-first heap   total 138240K, used 85516K [0x0000000080000000, 0x0000000100000000)
  region size 1024K, 4 young (4096K), 4 survivors (4096K)
 Metaspace       used 74888K, committed 75456K, reserved 1114112K
  class space    used 10251K, committed 10496K, reserved 1048576K
}
Event: 11.270 GC heap before
{Heap before GC invocations=34 (full 0):
 garbage-first heap   total 163840K, used 110092K [0x0000000080000000, 0x0000000100000000)
  region size 1024K, 26 young (26624K), 4 survivors (4096K)
 Metaspace       used 74962K, committed 75520K, reserved 1114112K
  class space    used 10251K, committed 10496K, reserved 1048576K
}
Event: 11.282 GC heap after
{Heap after GC invocations=35 (full 0):
 garbage-first heap   total 163840K, used 97464K [0x0000000080000000, 0x0000000100000000)
  region size 1024K, 4 young (4096K), 4 survivors (4096K)
 Metaspace       used 74962K, committed 75520K, reserved 1114112K
  class space    used 10251K, committed 10496K, reserved 1048576K
}

Deoptimization events (20 events):
Event: 11.010 Thread 0x00000238fbc492f0 DEOPT PACKING pc=0x0000023887da1850 sp=0x0000005835ef9950
Event: 11.010 Thread 0x00000238fbc492f0 DEOPT UNPACKING pc=0x00000238800523a3 sp=0x0000005835ef98d0 mode 2
Event: 11.037 Thread 0x00000238fbc492f0 Uncommon trap: trap_request=0xffffffc6 fr.pc=0x0000023887f4bd9c relative=0x000000000000043c
Event: 11.037 Thread 0x00000238fbc492f0 Uncommon trap: reason=bimorphic_or_optimized_type_check action=maybe_recompile pc=0x0000023887f4bd9c method=org.apache.xerces.dom.NamedNodeMapImpl.findNamePoint(Ljava/lang/String;I)I @ 50 c2
Event: 11.037 Thread 0x00000238fbc492f0 DEOPT PACKING pc=0x0000023887f4bd9c sp=0x0000005835ef9840
Event: 11.037 Thread 0x00000238fbc492f0 DEOPT UNPACKING pc=0x00000238800523a3 sp=0x0000005835ef97d8 mode 2
Event: 11.038 Thread 0x00000238fbc492f0 Uncommon trap: trap_request=0xffffff45 fr.pc=0x0000023887f2549c relative=0x000000000000099c
Event: 11.038 Thread 0x00000238fbc492f0 Uncommon trap: reason=unstable_if action=reinterpret pc=0x0000023887f2549c method=org.apache.xerces.impl.XMLEntityScanner.scanContent(Lorg/apache/xerces/xni/XMLString;)I @ 461 c2
Event: 11.038 Thread 0x00000238fbc492f0 DEOPT PACKING pc=0x0000023887f2549c sp=0x0000005835ef9b40
Event: 11.038 Thread 0x00000238fbc492f0 DEOPT UNPACKING pc=0x00000238800523a3 sp=0x0000005835ef9ad8 mode 2
Event: 11.064 Thread 0x00000238fbc492f0 DEOPT PACKING pc=0x00000238816f1547 sp=0x0000005835ef9760
Event: 11.064 Thread 0x00000238fbc492f0 DEOPT UNPACKING pc=0x0000023880052b43 sp=0x0000005835ef8c20 mode 0
Event: 11.168 Thread 0x00000238fbc492f0 Uncommon trap: trap_request=0xffffff45 fr.pc=0x0000023887f16db8 relative=0x0000000000000038
Event: 11.168 Thread 0x00000238fbc492f0 Uncommon trap: reason=unstable_if action=reinterpret pc=0x0000023887f16db8 method=java.lang.Character.isSurrogate(C)Z @ 3 c2
Event: 11.168 Thread 0x00000238fbc492f0 DEOPT PACKING pc=0x0000023887f16db8 sp=0x0000005835ef9dc0
Event: 11.168 Thread 0x00000238fbc492f0 DEOPT UNPACKING pc=0x00000238800523a3 sp=0x0000005835ef9d58 mode 2
Event: 11.168 Thread 0x00000238fbc492f0 Uncommon trap: trap_request=0xffffff45 fr.pc=0x0000023887f486a4 relative=0x0000000000000504
Event: 11.168 Thread 0x00000238fbc492f0 Uncommon trap: reason=unstable_if action=reinterpret pc=0x0000023887f486a4 method=java.lang.Character.isSurrogate(C)Z @ 3 c2
Event: 11.169 Thread 0x00000238fbc492f0 DEOPT PACKING pc=0x0000023887f486a4 sp=0x0000005835ef9e50
Event: 11.169 Thread 0x00000238fbc492f0 DEOPT UNPACKING pc=0x00000238800523a3 sp=0x0000005835ef9d70 mode 2

Classes unloaded (0 events):
No events

Classes redefined (0 events):
No events

Internal exceptions (20 events):
Event: 9.586 Thread 0x00000238fbc48e20 Exception <a 'java/lang/NoSuchMethodError'{0x00000000864bcd80}: 'void java.lang.invoke.DirectMethodHandle$Holder.invokeStatic(java.lang.Object, java.lang.Object, java.lang.Object, int)'> (0x00000000864bcd80) 
thrown [t:\workspace\open\src\hotspot\share\interpreter\linkResolver.cpp, line 766]
Event: 9.664 Thread 0x00000238fbc48e20 Exception <a 'java/lang/IncompatibleClassChangeError'{0x0000000086380570}: Found class java.lang.Object, but interface was expected> (0x0000000086380570) 
thrown [t:\workspace\open\src\hotspot\share\interpreter\linkResolver.cpp, line 833]
Event: 9.668 Thread 0x00000238fbc48e20 Exception <a 'java/lang/IncompatibleClassChangeError'{0x00000000863bb2b8}: Found class java.lang.Object, but interface was expected> (0x00000000863bb2b8) 
thrown [t:\workspace\open\src\hotspot\share\interpreter\linkResolver.cpp, line 833]
Event: 9.692 Thread 0x00000238fbc48e20 Exception <a 'java/lang/NoSuchMethodError'{0x0000000086127be8}: 'int java.lang.invoke.DirectMethodHandle$Holder.invokeStaticInit(java.lang.Object, java.lang.Object, java.lang.Object, java.lang.Object, java.lang.Object)'> (0x0000000086127be8) 
thrown [t:\workspace\open\src\hotspot\share\interpreter\linkResolver.cpp, line 766]
Event: 9.843 Thread 0x00000238fbc48e20 Exception <a 'java/lang/NoSuchMethodError'{0x0000000085b2db20}: 'void java.lang.invoke.DirectMethodHandle$Holder.invokeStatic(java.lang.Object, java.lang.Object, java.lang.Object, java.lang.Object, int, java.lang.Object, java.lang.Object)'> (0x0000000085b2db20) 
thrown [t:\workspace\open\src\hotspot\share\interpreter\linkResolver.cpp, line 766]
Event: 9.879 Thread 0x00000238fe672fe0 Exception <a 'java/lang/NoSuchMethodError'{0x00000000880e4638}: 'java.lang.Object java.lang.invoke.DirectMethodHandle$Holder.invokeSpecialIFC(java.lang.Object, java.lang.Object, java.lang.Object)'> (0x00000000880e4638) 
thrown [t:\workspace\open\src\hotspot\share\interpreter\linkResolver.cpp, line 766]
Event: 9.879 Thread 0x00000238fe6781b0 Exception <a 'java/lang/NoSuchMethodError'{0x00000000880db100}: 'java.lang.Object java.lang.invoke.DirectMethodHandle$Holder.invokeSpecialIFC(java.lang.Object, java.lang.Object, java.lang.Object)'> (0x00000000880db100) 
thrown [t:\workspace\open\src\hotspot\share\interpreter\linkResolver.cpp, line 766]
Event: 9.879 Thread 0x00000238fd82deb0 Exception <a 'java/lang/NoSuchMethodError'{0x00000000880d32e8}: 'java.lang.Object java.lang.invoke.DirectMethodHandle$Holder.invokeSpecialIFC(java.lang.Object, java.lang.Object, java.lang.Object)'> (0x00000000880d32e8) 
thrown [t:\workspace\open\src\hotspot\share\interpreter\linkResolver.cpp, line 766]
Event: 9.879 Thread 0x00000238fe6769a0 Exception <a 'java/lang/NoSuchMethodError'{0x00000000880ca450}: 'java.lang.Object java.lang.invoke.DirectMethodHandle$Holder.invokeSpecialIFC(java.lang.Object, java.lang.Object, java.lang.Object)'> (0x00000000880ca450) 
thrown [t:\workspace\open\src\hotspot\share\interpreter\linkResolver.cpp, line 766]
Event: 9.879 Thread 0x00000238fd82e850 Exception <a 'java/lang/NoSuchMethodError'{0x00000000880eabc0}: 'java.lang.Object java.lang.invoke.DirectMethodHandle$Holder.invokeSpecialIFC(java.lang.Object, java.lang.Object, java.lang.Object)'> (0x00000000880eabc0) 
thrown [t:\workspace\open\src\hotspot\share\interpreter\linkResolver.cpp, line 766]
Event: 9.879 Thread 0x00000238fd82b360 Exception <a 'java/lang/NoSuchMethodError'{0x00000000880c1ed8}: 'java.lang.Object java.lang.invoke.DirectMethodHandle$Holder.invokeSpecialIFC(java.lang.Object, java.lang.Object, java.lang.Object)'> (0x00000000880c1ed8) 
thrown [t:\workspace\open\src\hotspot\share\interpreter\linkResolver.cpp, line 766]
Event: 9.952 Thread 0x00000238fe672fe0 Exception <a 'java/lang/NoSuchMethodError'{0x0000000087a300d8}: 'void java.lang.invoke.DirectMethodHandle$Holder.invokeVirtual(java.lang.Object, java.lang.Object)'> (0x0000000087a300d8) 
thrown [t:\workspace\open\src\hotspot\share\interpreter\linkResolver.cpp, line 766]
Event: 10.009 Thread 0x00000238fe672fe0 Exception <a 'java/lang/NoSuchMethodError'{0x00000000872ac990}: 'void java.lang.invoke.DirectMethodHandle$Holder.invokeStatic(java.lang.Object, java.lang.Object, java.lang.Object, java.lang.Object, java.lang.Object, java.lang.Object, java.lang.Object)'> (0x00000000872ac990) 
thrown [t:\workspace\open\src\hotspot\share\interpreter\linkResolver.cpp, line 766]
Event: 10.259 Thread 0x00000238fbc4a630 Implicit null exception at 0x0000023887edce41 to 0x0000023887edd178
Event: 10.331 Thread 0x00000238fbc48e20 Exception <a 'java/lang/NoSuchMethodError'{0x0000000087eaa258}: static Lcom/android/build/gradle/internal/tasks/AarMetadataArtifact;.<clinit>()V> (0x0000000087eaa258) 
thrown [t:\workspace\open\src\hotspot\share\prims\jni.cpp, line 1107]
Event: 10.378 Thread 0x00000238fa616f90 Exception <a 'java/lang/NoSuchMethodError'{0x0000000087a72f78}: static Lorg/gradle/internal/build/event/types/DefaultTaskFailureResult;.<clinit>()V> (0x0000000087a72f78) 
thrown [t:\workspace\open\src\hotspot\share\prims\jni.cpp, line 1107]
Event: 10.380 Thread 0x00000238fa616f90 Exception <a 'java/lang/NoSuchMethodError'{0x0000000087a8fdb0}: static [Ljava/lang/Object;.<clinit>()V> (0x0000000087a8fdb0) 
thrown [t:\workspace\open\src\hotspot\share\prims\jni.cpp, line 1107]
Event: 10.381 Thread 0x00000238fa616f90 Exception <a 'java/lang/NoSuchMethodError'{0x0000000087aa1630}: static Lorg/gradle/internal/build/event/types/DefaultFailure;.<clinit>()V> (0x0000000087aa1630) 
thrown [t:\workspace\open\src\hotspot\share\prims\jni.cpp, line 1107]
Event: 10.479 Thread 0x00000238fe64b220 Implicit null exception at 0x0000023887f00fd5 to 0x0000023887f01704
Event: 10.479 Thread 0x00000238fe675660 Implicit null exception at 0x0000023887f00fd5 to 0x0000023887f01704

VM Operations (20 events):
Event: 10.368 Executing VM operation: HandshakeAllThreads
Event: 10.368 Executing VM operation: HandshakeAllThreads done
Event: 10.369 Executing VM operation: HandshakeAllThreads
Event: 10.369 Executing VM operation: HandshakeAllThreads done
Event: 10.462 Executing VM operation: ICBufferFull
Event: 10.463 Executing VM operation: ICBufferFull done
Event: 10.585 Executing VM operation: HandshakeAllThreads
Event: 10.585 Executing VM operation: HandshakeAllThreads done
Event: 10.650 Executing VM operation: ICBufferFull
Event: 10.650 Executing VM operation: ICBufferFull done
Event: 10.908 Executing VM operation: G1CollectForAllocation
Event: 10.917 Executing VM operation: G1CollectForAllocation done
Event: 11.024 Executing VM operation: G1TryInitiateConcMark
Event: 11.033 Executing VM operation: G1TryInitiateConcMark done
Event: 11.103 Executing VM operation: G1Concurrent
Event: 11.109 Executing VM operation: G1Concurrent done
Event: 11.142 Executing VM operation: G1Concurrent
Event: 11.142 Executing VM operation: G1Concurrent done
Event: 11.270 Executing VM operation: G1CollectForAllocation
Event: 11.282 Executing VM operation: G1CollectForAllocation done

Events (20 events):
Event: 11.296 loading class java/util/stream/Nodes$IntFixedNodeBuilder
Event: 11.296 loading class java/util/stream/Node$Builder$OfInt
Event: 11.296 loading class java/util/stream/Node$Builder$OfInt done
Event: 11.296 loading class java/util/stream/Nodes$IntArrayNode
Event: 11.296 loading class java/util/stream/Nodes$IntArrayNode done
Event: 11.296 loading class java/util/stream/Nodes$IntFixedNodeBuilder done
Event: 11.300 loading class javax/xml/stream/XMLInputFactory
Event: 11.300 loading class javax/xml/stream/XMLInputFactory done
Event: 11.300 loading class javax/xml/stream/FactoryFinder
Event: 11.300 loading class javax/xml/stream/FactoryFinder done
Event: 11.301 loading class javax/xml/stream/FactoryFinder$1
Event: 11.301 loading class javax/xml/stream/FactoryFinder$1 done
Event: 11.305 loading class javax/xml/stream/XMLEventReader
Event: 11.305 loading class javax/xml/stream/XMLEventReader done
Event: 11.308 loading class javax/xml/stream/XMLStreamReader
Event: 11.308 loading class javax/xml/stream/XMLStreamConstants
Event: 11.308 loading class javax/xml/stream/XMLStreamConstants done
Event: 11.309 loading class javax/xml/stream/XMLStreamReader done
Event: 11.309 loading class javax/xml/stream/util/XMLEventAllocator
Event: 11.309 loading class javax/xml/stream/util/XMLEventAllocator done


Dynamic libraries:
0x00007ff63f150000 - 0x00007ff63f15e000 	C:\Users\Rostya\.jdks\openjdk-17.0.2\bin\java.exe
0x00007ffc0e350000 - 0x00007ffc0e545000 	C:\Windows\SYSTEM32\ntdll.dll
0x00007ffc0c9f0000 - 0x00007ffc0caae000 	C:\Windows\System32\KERNEL32.DLL
0x00007ffc0ba60000 - 0x00007ffc0bd28000 	C:\Windows\System32\KERNELBASE.dll
0x00007ffc092f0000 - 0x00007ffc09380000 	C:\Windows\SYSTEM32\apphelp.dll
0x00007ffc0bde0000 - 0x00007ffc0bee0000 	C:\Windows\System32\ucrtbase.dll
0x00007ffbfa320000 - 0x00007ffbfa338000 	C:\Users\Rostya\.jdks\openjdk-17.0.2\bin\jli.dll
0x00007ffbfa300000 - 0x00007ffbfa31a000 	C:\Users\Rostya\.jdks\openjdk-17.0.2\bin\VCRUNTIME140.dll
0x00007ffc0c760000 - 0x00007ffc0c901000 	C:\Windows\System32\USER32.dll
0x00007ffbf4880000 - 0x00007ffbf4b1a000 	C:\Windows\WinSxS\amd64_microsoft.windows.common-controls_6595b64144ccf1df_6.0.19041.1110_none_60b5254171f9507e\COMCTL32.dll
0x00007ffc0d470000 - 0x00007ffc0d50e000 	C:\Windows\System32\msvcrt.dll
0x00007ffc0d440000 - 0x00007ffc0d46b000 	C:\Windows\System32\GDI32.dll
0x00007ffc0c0a0000 - 0x00007ffc0c0c2000 	C:\Windows\System32\win32u.dll
0x00007ffc0c0d0000 - 0x00007ffc0c1dd000 	C:\Windows\System32\gdi32full.dll
0x00007ffc0c210000 - 0x00007ffc0c2ad000 	C:\Windows\System32\msvcp_win.dll
0x00007ffc0d6c0000 - 0x00007ffc0d6f0000 	C:\Windows\System32\IMM32.DLL
0x00007ffc06da0000 - 0x00007ffc06dac000 	C:\Users\Rostya\.jdks\openjdk-17.0.2\bin\vcruntime140_1.dll
0x00007ffbf5be0000 - 0x00007ffbf5c6d000 	C:\Users\Rostya\.jdks\openjdk-17.0.2\bin\msvcp140.dll
0x00007ffbcfb40000 - 0x00007ffbd0701000 	C:\Users\Rostya\.jdks\openjdk-17.0.2\bin\server\jvm.dll
0x00007ffc0c940000 - 0x00007ffc0c9ee000 	C:\Windows\System32\ADVAPI32.dll
0x00007ffc0c5f0000 - 0x00007ffc0c68c000 	C:\Windows\System32\sechost.dll
0x00007ffc0c390000 - 0x00007ffc0c4b5000 	C:\Windows\System32\RPCRT4.dll
0x00007ffc0c910000 - 0x00007ffc0c918000 	C:\Windows\System32\PSAPI.DLL
0x00007ffc09260000 - 0x00007ffc09269000 	C:\Windows\SYSTEM32\WSOCK32.dll
0x00007ffc04d80000 - 0x00007ffc04d8a000 	C:\Windows\SYSTEM32\VERSION.dll
0x00007ffc01dc0000 - 0x00007ffc01de7000 	C:\Windows\SYSTEM32\WINMM.dll
0x00007ffc0e110000 - 0x00007ffc0e17b000 	C:\Windows\System32\WS2_32.dll
0x00007ffc09970000 - 0x00007ffc09982000 	C:\Windows\SYSTEM32\kernel.appcore.dll
0x00007ffc04af0000 - 0x00007ffc04afa000 	C:\Users\Rostya\.jdks\openjdk-17.0.2\bin\jimage.dll
0x00007ffc05890000 - 0x00007ffc05a74000 	C:\Windows\SYSTEM32\DBGHELP.DLL
0x00007ffbfae70000 - 0x00007ffbfae9c000 	C:\Windows\SYSTEM32\dbgcore.DLL
0x00007ffc0c2b0000 - 0x00007ffc0c332000 	C:\Windows\System32\bcryptPrimitives.dll
0x00007ffbf6410000 - 0x00007ffbf6435000 	C:\Users\Rostya\.jdks\openjdk-17.0.2\bin\java.dll
0x00007ffbf5b00000 - 0x00007ffbf5bd6000 	C:\Users\Rostya\.jdks\openjdk-17.0.2\bin\jsvml.dll
0x00007ffc0d880000 - 0x00007ffc0dfc4000 	C:\Windows\System32\SHELL32.dll
0x00007ffc09b70000 - 0x00007ffc0a305000 	C:\Windows\SYSTEM32\windows.storage.dll
0x00007ffc0cc60000 - 0x00007ffc0cfb5000 	C:\Windows\System32\combase.dll
0x00007ffc0b3e0000 - 0x00007ffc0b40e000 	C:\Windows\SYSTEM32\Wldp.dll
0x00007ffc0e260000 - 0x00007ffc0e30d000 	C:\Windows\System32\SHCORE.dll
0x00007ffc0c700000 - 0x00007ffc0c755000 	C:\Windows\System32\shlwapi.dll
0x00007ffc0b9a0000 - 0x00007ffc0b9bf000 	C:\Windows\SYSTEM32\profapi.dll
0x00007ffbf6300000 - 0x00007ffbf6319000 	C:\Users\Rostya\.jdks\openjdk-17.0.2\bin\net.dll
0x00007ffc05040000 - 0x00007ffc0514c000 	C:\Windows\SYSTEM32\WINHTTP.dll
0x00007ffc0b140000 - 0x00007ffc0b1aa000 	C:\Windows\system32\mswsock.dll
0x00007ffbf55f0000 - 0x00007ffbf5606000 	C:\Users\Rostya\.jdks\openjdk-17.0.2\bin\nio.dll
0x00007ffbf1f00000 - 0x00007ffbf1f18000 	C:\Users\Rostya\.jdks\openjdk-17.0.2\bin\zip.dll
0x00007ffbfafe0000 - 0x00007ffbfaff0000 	C:\Users\Rostya\.jdks\openjdk-17.0.2\bin\verify.dll
0x00007ffbf1e90000 - 0x00007ffbf1eb7000 	C:\Users\Rostya\.gradle\native\e1d6ef7f7dcc3fd88c89a11ec53ec762bb8ba0a96d01ffa2cd45eb1d1d8dd5c5\windows-amd64\native-platform.dll
0x00007ffbea890000 - 0x00007ffbea9d4000 	C:\Users\Rostya\.gradle\native\5664cfc778a61ccfe75a443a1ab52a65af34e5dc3c78e0209fed803814484fcb\windows-amd64\native-platform-file-events.dll
0x00007ffbfa2f0000 - 0x00007ffbfa2f9000 	C:\Users\Rostya\.jdks\openjdk-17.0.2\bin\management.dll
0x00007ffbf9f00000 - 0x00007ffbf9f0b000 	C:\Users\Rostya\.jdks\openjdk-17.0.2\bin\management_ext.dll
0x00007ffc0b340000 - 0x00007ffc0b358000 	C:\Windows\SYSTEM32\CRYPTSP.dll
0x00007ffc0aac0000 - 0x00007ffc0aaf4000 	C:\Windows\system32\rsaenh.dll
0x00007ffc0c1e0000 - 0x00007ffc0c207000 	C:\Windows\System32\bcrypt.dll
0x00007ffc0b960000 - 0x00007ffc0b98e000 	C:\Windows\SYSTEM32\USERENV.dll
0x00007ffc0b330000 - 0x00007ffc0b33c000 	C:\Windows\SYSTEM32\CRYPTBASE.dll
0x00007ffc0ae30000 - 0x00007ffc0ae6b000 	C:\Windows\SYSTEM32\IPHLPAPI.DLL
0x00007ffc0cbd0000 - 0x00007ffc0cbd8000 	C:\Windows\System32\NSI.dll
0x00007ffc05800000 - 0x00007ffc05817000 	C:\Windows\SYSTEM32\dhcpcsvc6.DLL
0x00007ffc057e0000 - 0x00007ffc057fd000 	C:\Windows\SYSTEM32\dhcpcsvc.DLL
0x00007ffc0ae70000 - 0x00007ffc0af3b000 	C:\Windows\SYSTEM32\DNSAPI.dll
0x00007ffbf64f0000 - 0x00007ffbf64fe000 	C:\Users\Rostya\.jdks\openjdk-17.0.2\bin\sunmscapi.dll
0x00007ffc0bee0000 - 0x00007ffc0c036000 	C:\Windows\System32\CRYPT32.dll
0x00007ffc0b450000 - 0x00007ffc0b477000 	C:\Windows\SYSTEM32\ncrypt.dll
0x00007ffc0b410000 - 0x00007ffc0b44b000 	C:\Windows\SYSTEM32\NTASN1.dll
0x00007ffbf6400000 - 0x00007ffbf6407000 	C:\Windows\system32\wshunix.dll

dbghelp: loaded successfully - version: 4.0.5 - missing functions: none
symbol engine: initialized successfully - sym options: 0x614 - pdb path: .;C:\Users\Rostya\.jdks\openjdk-17.0.2\bin;C:\Windows\SYSTEM32;C:\Windows\WinSxS\amd64_microsoft.windows.common-controls_6595b64144ccf1df_6.0.19041.1110_none_60b5254171f9507e;C:\Users\Rostya\.jdks\openjdk-17.0.2\bin\server;C:\Users\Rostya\.gradle\native\e1d6ef7f7dcc3fd88c89a11ec53ec762bb8ba0a96d01ffa2cd45eb1d1d8dd5c5\windows-amd64;C:\Users\Rostya\.gradle\native\5664cfc778a61ccfe75a443a1ab52a65af34e5dc3c78e0209fed803814484fcb\windows-amd64

VM Arguments:
jvm_args: --add-opens=java.base/java.util=ALL-UNNAMED --add-opens=java.base/java.lang=ALL-UNNAMED --add-opens=java.base/java.lang.invoke=ALL-UNNAMED --add-opens=java.base/java.util=ALL-UNNAMED --add-opens=java.prefs/java.util.prefs=ALL-UNNAMED --add-opens=java.prefs/java.util.prefs=ALL-UNNAMED --add-opens=java.base/java.nio.charset=ALL-UNNAMED --add-opens=java.base/java.net=ALL-UNNAMED --add-opens=java.base/java.util.concurrent.atomic=ALL-UNNAMED -Xmx2048m -Dfile.encoding=UTF-8 -Duser.country=RU -Duser.language=ru -Duser.variant 
java_command: org.gradle.launcher.daemon.bootstrap.GradleDaemon 7.2
java_class_path (initial): C:\Users\Rostya\.gradle\wrapper\dists\gradle-7.2-bin\2dnblmf4td7x66yl1d74lt32g\gradle-7.2\lib\gradle-launcher-7.2.jar
Launcher Type: SUN_STANDARD

[Global flags]
     intx CICompilerCount                          = 3                                         {product} {ergonomic}
     uint ConcGCThreads                            = 2                                         {product} {ergonomic}
     uint G1ConcRefinementThreads                  = 6                                         {product} {ergonomic}
   size_t G1HeapRegionSize                         = 1048576                                   {product} {ergonomic}
    uintx GCDrainStackTargetSize                   = 64                                        {product} {ergonomic}
   size_t InitialHeapSize                          = 134217728                                 {product} {ergonomic}
   size_t MarkStackSize                            = 4194304                                   {product} {ergonomic}
   size_t MaxHeapSize                              = 2147483648                                {product} {command line}
   size_t MaxNewSize                               = 1287651328                                {product} {ergonomic}
   size_t MinHeapDeltaBytes                        = 1048576                                   {product} {ergonomic}
   size_t MinHeapSize                              = 8388608                                   {product} {ergonomic}
    uintx NonNMethodCodeHeapSize                   = 5832780                                {pd product} {ergonomic}
    uintx NonProfiledCodeHeapSize                  = 122912730                              {pd product} {ergonomic}
    uintx ProfiledCodeHeapSize                     = 122912730                              {pd product} {ergonomic}
    uintx ReservedCodeCacheSize                    = 251658240                              {pd product} {ergonomic}
     bool SegmentedCodeCache                       = true                                      {product} {ergonomic}
   size_t SoftMaxHeapSize                          = 2147483648                             {manageable} {ergonomic}
     bool UseCompressedClassPointers               = true                           {product lp64_product} {ergonomic}
     bool UseCompressedOops                        = true                           {product lp64_product} {ergonomic}
     bool UseG1GC                                  = true                                      {product} {ergonomic}
     bool UseLargePagesIndividualAllocation        = false                                  {pd product} {ergonomic}

Logging:
Log output configuration:
 #0: stdout all=warning uptime,level,tags
 #1: stderr all=off uptime,level,tags

Environment Variables:
PATH=C:\Windows\system32;C:\Windows;C:\Windows\System32\Wbem;C:\Windows\System32\WindowsPowerShell\v1.0\;C:\Windows\System32\OpenSSH\;C:\Program Files\Git\cmd;C:\Users\Rostya\AppData\Local\Microsoft\WindowsApps
USERNAME=Rostya
OS=Windows_NT
PROCESSOR_IDENTIFIER=AMD64 Family 21 Model 2 Stepping 0, AuthenticAMD



---------------  S Y S T E M  ---------------

OS:
 Windows 10 , 64 bit Build 19041 (10.0.19041.1466)
OS uptime: 0 days 1:11 hours

CPU: total 6 (initial active 6) (6 cores per cpu, 1 threads per core) family 21 model 2 stepping 0 microcode 0x0, cx8, cmov, fxsr, mmx, 3dnowpref, sse, sse2, sse3, ssse3, sse4a, sse4.1, sse4.2, popcnt, lzcnt, tsc, tscinvbit, avx, aes, clmul, bmi1, fma, vzeroupper, clflush

Memory: 4k page, system-wide physical 8088M (2335M free)
TotalPageFile size 8088M (AvailPageFile size 5M)
current process WorkingSet (physical memory assigned to process): 389M, peak: 392M
current process commit charge ("private bytes"): 438M, peak: 439M

vm_info: OpenJDK 64-Bit Server VM (17.0.2+8-86) for windows-amd64 JRE (17.0.2+8-86), built on Dec  7 2021 21:49:10 by "mach5one" with MS VC++ 16.8 / 16.9 (VS2019)

END.
