#
# There is insufficient memory for the Java Runtime Environment to continue.
# Native memory allocation (malloc) failed to allocate 1119856 bytes for Chunk::new
# Possible reasons:
#   The system is out of physical RAM or swap space
#   The process is running with CompressedOops enabled, and the Java Heap may be blocking the growth of the native heap
# Possible solutions:
#   Reduce memory load on the system
#   Increase physical memory or swap space
#   Check if swap backing store is full
#   Decrease Java heap size (-Xmx/-Xms)
#   Decrease number of Java threads
#   Decrease Java thread stack sizes (-Xss)
#   Set larger code cache with -XX:ReservedCodeCacheSize=
#   JVM is running with Unscaled Compressed Oops mode in which the Java heap is
#     placed in the first 4GB address space. The Java Heap base address is the
#     maximum limit for the native heap growth. Please use -XX:HeapBaseMinAddress
#     to set the Java Heap base and to place the Java Heap above 4GB virtual address.
# This output file may be truncated or incomplete.
#
#  Out of Memory Error (./src/hotspot/share/memory/arena.cpp:197), pid=1156, tid=9096
#
# JRE version: OpenJDK Runtime Environment (11.0.11+9) (build 11.0.11+9-b60-7590822)
# Java VM: OpenJDK 64-Bit Server VM (11.0.11+9-b60-7590822, mixed mode, tiered, compressed oops, g1 gc, windows-amd64)
# No core dump will be written. Minidumps are not enabled by default on client versions of Windows
#

---------------  S U M M A R Y ------------

Command Line: --add-opens=java.base/java.util=ALL-UNNAMED --add-opens=java.base/java.lang=ALL-UNNAMED --add-opens=java.base/java.lang.invoke=ALL-UNNAMED --add-opens=java.base/java.util=ALL-UNNAMED --add-opens=java.prefs/java.util.prefs=ALL-UNNAMED --add-opens=java.prefs/java.util.prefs=ALL-UNNAMED --add-opens=java.base/java.nio.charset=ALL-UNNAMED --add-opens=java.base/java.net=ALL-UNNAMED --add-opens=java.base/java.util.concurrent.atomic=ALL-UNNAMED -Xmx2048m -Dfile.encoding=UTF-8 -Duser.country=RU -Duser.language=ru -Duser.variant org.gradle.launcher.daemon.bootstrap.GradleDaemon 7.2

Host: AMD FX(tm)-6350 Six-Core Processor             , 6 cores, 7G,  Windows 10 , 64 bit Build 19041 (10.0.19041.1466)
Time: Fri Feb  4 03:33:21 2022 Новосибирское стандартное время elapsed time: 90.416210 seconds (0d 0h 1m 30s)

---------------  T H R E A D  ---------------

Current thread (0x000002a4b6967800):  JavaThread "C2 CompilerThread0" daemon [_thread_in_native, id=9096, stack(0x000000aeb8900000,0x000000aeb8a00000)]


Current CompileTask:
C2:  90416 20023       4       com.android.tools.r8.internal.PE0::a (1151 bytes)

Stack: [0x000000aeb8900000,0x000000aeb8a00000]
Native frames: (J=compiled Java code, j=interpreted, Vv=VM code, C=native code)
V  [jvm.dll+0x5f214a]
V  [jvm.dll+0x726fb5]
V  [jvm.dll+0x7285cd]
V  [jvm.dll+0x728c83]
V  [jvm.dll+0x243278]
V  [jvm.dll+0xbc53c]
V  [jvm.dll+0xbca3c]
V  [jvm.dll+0x353e3b]
V  [jvm.dll+0x19895c]
V  [jvm.dll+0x1fc2ee]
V  [jvm.dll+0x1fb3d4]
V  [jvm.dll+0x183d6c]
V  [jvm.dll+0x209a57]
V  [jvm.dll+0x2082a1]
V  [jvm.dll+0x6ef58f]
V  [jvm.dll+0x6e80b5]
V  [jvm.dll+0x5f1036]
C  [ucrtbase.dll+0x21bb2]
C  [KERNEL32.DLL+0x17034]
C  [ntdll.dll+0x52651]


---------------  P R O C E S S  ---------------

Threads class SMR info:
_java_thread_list=0x000002a4ba8e77f0, length=113, elements={
0x000002a49c91d800, 0x000002a4b6941800, 0x000002a4b6945000, 0x000002a4b6960800,
0x000002a4b6962800, 0x000002a4b6964800, 0x000002a4b6967800, 0x000002a4b696c800,
0x000002a4b6973800, 0x000002a4b742c800, 0x000002a4b8c54000, 0x000002a4b9601000,
0x000002a4b99b9000, 0x000002a4ba78d000, 0x000002a4ba835000, 0x000002a4ba815000,
0x000002a4ba815800, 0x000002a4ba816800, 0x000002a4ba818000, 0x000002a4ba81a800,
0x000002a4ba817800, 0x000002a4ba81a000, 0x000002a4bae36800, 0x000002a4bae35800,
0x000002a4bae38000, 0x000002a4bae33000, 0x000002a4bae34000, 0x000002a4bae35000,
0x000002a4bc400800, 0x000002a4bc3f7000, 0x000002a4bc3f4800, 0x000002a4bc3f7800,
0x000002a4bc3f3800, 0x000002a4bc3f5000, 0x000002a4bc3f8800, 0x000002a4bc3fb000,
0x000002a4bc3fa000, 0x000002a4bc3fb800, 0x000002a4bc3f9800, 0x000002a4bc3f6000,
0x000002a4bc402800, 0x000002a4bc3ff000, 0x000002a4bc3fc800, 0x000002a4bc3fd800,
0x000002a4bc3fe000, 0x000002a4bc400000, 0x000002a4bae3d000, 0x000002a4bae39800,
0x000002a4bae39000, 0x000002a4bae3b800, 0x000002a4bae37800, 0x000002a4bae3f800,
0x000002a4bae3e000, 0x000002a4bae42000, 0x000002a4bae40800, 0x000002a4bae3e800,
0x000002a4bae41000, 0x000002a4ba819000, 0x000002a4ba814000, 0x000002a4b9323800,
0x000002a4b931e800, 0x000002a4b9322800, 0x000002a4b9320000, 0x000002a4b9321000,
0x000002a4b9324000, 0x000002a4b9321800, 0x000002a4b9325000, 0x000002a4b931f000,
0x000002a4b9327800, 0x000002a4b9328000, 0x000002a4b9325800, 0x000002a4b932a800,
0x000002a4b932b800, 0x000002a4b9329000, 0x000002a4b9326800, 0x000002a4b932a000,
0x000002a4b932c800, 0x000002a4b932d000, 0x000002a4b82db000, 0x000002a4b82d8800,
0x000002a4b82d9000, 0x000002a4b82db800, 0x000002a4b82d6000, 0x000002a4b82dc800,
0x000002a4b82d7000, 0x000002a4b82d7800, 0x000002a4b82da000, 0x000002a4b9489800,
0x000002a4b948a800, 0x000002a4b9487000, 0x000002a4b948b000, 0x000002a4b948c000,
0x000002a4b9486000, 0x000002a4b948c800, 0x000002a4b9488000, 0x000002a4b9488800,
0x000002a4ba93c000, 0x000002a4ba93d000, 0x000002a4ba937000, 0x000002a4ba93d800,
0x000002a4ba93b800, 0x000002a4ba938000, 0x000002a4ba939000, 0x000002a4ba93e800,
0x000002a4ba93f800, 0x000002a4ba939800, 0x000002a4ba93a800, 0x000002a4ba944000,
0x000002a4ba941000, 0x000002a4ba945000, 0x000002a4ba943800, 0x000002a4bf51a800,
0x000002a4ba946000
}

Java Threads: ( => current thread )
  0x000002a49c91d800 JavaThread "main" [_thread_blocked, id=3244, stack(0x000000aeb7d00000,0x000000aeb7e00000)]
  0x000002a4b6941800 JavaThread "Reference Handler" daemon [_thread_blocked, id=3220, stack(0x000000aeb8400000,0x000000aeb8500000)]
  0x000002a4b6945000 JavaThread "Finalizer" daemon [_thread_blocked, id=7956, stack(0x000000aeb8500000,0x000000aeb8600000)]
  0x000002a4b6960800 JavaThread "Signal Dispatcher" daemon [_thread_blocked, id=4024, stack(0x000000aeb8600000,0x000000aeb8700000)]
  0x000002a4b6962800 JavaThread "Attach Listener" daemon [_thread_blocked, id=484, stack(0x000000aeb8700000,0x000000aeb8800000)]
  0x000002a4b6964800 JavaThread "Service Thread" daemon [_thread_blocked, id=7636, stack(0x000000aeb8800000,0x000000aeb8900000)]
=>0x000002a4b6967800 JavaThread "C2 CompilerThread0" daemon [_thread_in_native, id=9096, stack(0x000000aeb8900000,0x000000aeb8a00000)]
  0x000002a4b696c800 JavaThread "C1 CompilerThread0" daemon [_thread_in_native, id=4460, stack(0x000000aeb8a00000,0x000000aeb8b00000)]
  0x000002a4b6973800 JavaThread "Sweeper thread" daemon [_thread_blocked, id=5852, stack(0x000000aeb8b00000,0x000000aeb8c00000)]
  0x000002a4b742c800 JavaThread "Common-Cleaner" daemon [_thread_blocked, id=7816, stack(0x000000aeb8c00000,0x000000aeb8d00000)]
  0x000002a4b8c54000 JavaThread "Daemon health stats" [_thread_blocked, id=7472, stack(0x000000aeb9100000,0x000000aeb9200000)]
  0x000002a4b9601000 JavaThread "Incoming local TCP Connector on port 51917" [_thread_in_native, id=4080, stack(0x000000aeb9200000,0x000000aeb9300000)]
  0x000002a4b99b9000 JavaThread "Daemon periodic checks" [_thread_blocked, id=5320, stack(0x000000aeb9300000,0x000000aeb9400000)]
  0x000002a4ba78d000 JavaThread "Daemon" [_thread_blocked, id=1732, stack(0x000000aeb9400000,0x000000aeb9500000)]
  0x000002a4ba835000 JavaThread "Daemon worker" [_thread_blocked, id=3332, stack(0x000000aeb9a00000,0x000000aeb9b00000)]
  0x000002a4ba815000 JavaThread "Cache worker for journal cache (C:\Users\Rostya\.gradle\caches\journal-1)" [_thread_blocked, id=5672, stack(0x000000aeb9e00000,0x000000aeb9f00000)]
  0x000002a4ba815800 JavaThread "File lock request listener" [_thread_in_native, id=8712, stack(0x000000aeb9f00000,0x000000aeba000000)]
  0x000002a4ba816800 JavaThread "Cache worker for file hash cache (C:\Users\Rostya\.gradle\caches\7.2\fileHashes)" [_thread_blocked, id=496, stack(0x000000aeba100000,0x000000aeba200000)]
  0x000002a4ba818000 JavaThread "File watcher server" daemon [_thread_in_native, id=6956, stack(0x000000aeba300000,0x000000aeba400000)]
  0x000002a4ba81a800 JavaThread "File watcher consumer" daemon [_thread_blocked, id=7132, stack(0x000000aeba400000,0x000000aeba500000)]
  0x000002a4ba817800 JavaThread "jar transforms" [_thread_blocked, id=9996, stack(0x000000aeba500000,0x000000aeba600000)]
  0x000002a4ba81a000 JavaThread "jar transforms Thread 2" [_thread_blocked, id=7188, stack(0x000000aeba600000,0x000000aeba700000)]
  0x000002a4bae36800 JavaThread "jar transforms Thread 3" [_thread_blocked, id=1816, stack(0x000000aeba700000,0x000000aeba800000)]
  0x000002a4bae35800 JavaThread "jar transforms Thread 4" [_thread_blocked, id=8448, stack(0x000000aeba800000,0x000000aeba900000)]
  0x000002a4bae38000 JavaThread "jar transforms Thread 5" [_thread_blocked, id=4280, stack(0x000000aeba900000,0x000000aebaa00000)]
  0x000002a4bae33000 JavaThread "jar transforms Thread 6" [_thread_blocked, id=2928, stack(0x000000aebaa00000,0x000000aebab00000)]
  0x000002a4bae34000 JavaThread "Cache worker for execution history cache (C:\Users\Rostya\.gradle\caches\7.2\executionHistory)" [_thread_blocked, id=3416, stack(0x000000aebae00000,0x000000aebaf00000)]
  0x000002a4bae35000 JavaThread "Cache worker for file content cache (C:\Users\Rostya\.gradle\caches\7.2\fileContent)" [_thread_blocked, id=5096, stack(0x000000aebaf00000,0x000000aebb000000)]
  0x000002a4bc400800 JavaThread "Memory manager" [_thread_blocked, id=7600, stack(0x000000aebee00000,0x000000aebef00000)]
  0x000002a4bc3f7000 JavaThread "Handler for socket connection from /127.0.0.1:51917 to /127.0.0.1:51931" [_thread_in_native, id=8940, stack(0x000000aeb7a00000,0x000000aeb7b00000)]
  0x000002a4bc3f4800 JavaThread "Cancel handler" [_thread_blocked, id=5140, stack(0x000000aeb7b00000,0x000000aeb7c00000)]
  0x000002a4bc3f7800 JavaThread "Asynchronous log dispatcher for DefaultDaemonConnection: socket connection from /127.0.0.1:51917 to /127.0.0.1:51931" [_thread_blocked, id=1576, stack(0x000000aeb7c00000,0x000000aeb7d00000)]
  0x000002a4bc3f3800 JavaThread "Stdin handler" [_thread_blocked, id=8248, stack(0x000000aeb9600000,0x000000aeb9700000)]
  0x000002a4bc3f5000 JavaThread "Daemon client event forwarder" [_thread_blocked, id=2276, stack(0x000000aeb9b00000,0x000000aeb9c00000)]
  0x000002a4bc3f8800 JavaThread "Cache worker for file hash cache (E:\Program Files\androidProjects\GeoQuiz\.gradle\7.2\fileHashes)" [_thread_blocked, id=1708, stack(0x000000aeb9c00000,0x000000aeb9d00000)]
  0x000002a4bc3fb000 JavaThread "Cache worker for checksums cache (E:\Program Files\androidProjects\GeoQuiz\.gradle\checksums)" [_thread_blocked, id=6520, stack(0x000000aeb9d00000,0x000000aeb9e00000)]
  0x000002a4bc3fa000 JavaThread "Cache worker for cache directory md-supplier (C:\Users\Rostya\.gradle\caches\7.2\md-supplier)" [_thread_blocked, id=10016, stack(0x000000aeba200000,0x000000aeba300000)]
  0x000002a4bc3fb800 JavaThread "Cache worker for cache directory md-rule (C:\Users\Rostya\.gradle\caches\7.2\md-rule)" [_thread_blocked, id=8196, stack(0x000000aebab00000,0x000000aebac00000)]
  0x000002a4bc3f9800 JavaThread "Cache worker for dependencies-accessors (E:\Program Files\androidProjects\GeoQuiz\.gradle\7.2\dependencies-accessors)" [_thread_blocked, id=9820, stack(0x000000aebad00000,0x000000aebae00000)]
  0x000002a4bc3f6000 JavaThread "Cache worker for Build Output Cleanup Cache (E:\Program Files\androidProjects\GeoQuiz\.gradle\buildOutputCleanup)" [_thread_blocked, id=1764, stack(0x000000aebb000000,0x000000aebb100000)]
  0x000002a4bc402800 JavaThread "Unconstrained build operations" [_thread_blocked, id=6104, stack(0x000000aebb100000,0x000000aebb200000)]
  0x000002a4bc3ff000 JavaThread "Unconstrained build operations Thread 2" [_thread_blocked, id=1424, stack(0x000000aebb200000,0x000000aebb300000)]
  0x000002a4bc3fc800 JavaThread "Unconstrained build operations Thread 3" [_thread_blocked, id=3580, stack(0x000000aebb300000,0x000000aebb400000)]
  0x000002a4bc3fd800 JavaThread "Unconstrained build operations Thread 4" [_thread_blocked, id=1032, stack(0x000000aebb400000,0x000000aebb500000)]
  0x000002a4bc3fe000 JavaThread "Unconstrained build operations Thread 5" [_thread_blocked, id=7028, stack(0x000000aebb500000,0x000000aebb600000)]
  0x000002a4bc400000 JavaThread "Unconstrained build operations Thread 6" [_thread_blocked, id=6304, stack(0x000000aebb600000,0x000000aebb700000)]
  0x000002a4bae3d000 JavaThread "Unconstrained build operations Thread 7" [_thread_blocked, id=2228, stack(0x000000aebb700000,0x000000aebb800000)]
  0x000002a4bae39800 JavaThread "Unconstrained build operations Thread 8" [_thread_blocked, id=8012, stack(0x000000aebb800000,0x000000aebb900000)]
  0x000002a4bae39000 JavaThread "Unconstrained build operations Thread 9" [_thread_blocked, id=5552, stack(0x000000aebb900000,0x000000aebba00000)]
  0x000002a4bae3b800 JavaThread "Unconstrained build operations Thread 10" [_thread_blocked, id=8508, stack(0x000000aebba00000,0x000000aebbb00000)]
  0x000002a4bae37800 JavaThread "Unconstrained build operations Thread 11" [_thread_blocked, id=4056, stack(0x000000aebbb00000,0x000000aebbc00000)]
  0x000002a4bae3f800 JavaThread "Unconstrained build operations Thread 12" [_thread_blocked, id=6252, stack(0x000000aebbc00000,0x000000aebbd00000)]
  0x000002a4bae3e000 JavaThread "Unconstrained build operations Thread 13" [_thread_blocked, id=7172, stack(0x000000aebbd00000,0x000000aebbe00000)]
  0x000002a4bae42000 JavaThread "Unconstrained build operations Thread 14" [_thread_blocked, id=9208, stack(0x000000aebbe00000,0x000000aebbf00000)]
  0x000002a4bae40800 JavaThread "Unconstrained build operations Thread 15" [_thread_blocked, id=3260, stack(0x000000aebbf00000,0x000000aebc000000)]
  0x000002a4bae3e800 JavaThread "Unconstrained build operations Thread 16" [_thread_blocked, id=7280, stack(0x000000aebc000000,0x000000aebc100000)]
  0x000002a4bae41000 JavaThread "Unconstrained build operations Thread 17" [_thread_blocked, id=8876, stack(0x000000aebc100000,0x000000aebc200000)]
  0x000002a4ba819000 JavaThread "Unconstrained build operations Thread 18" [_thread_in_Java, id=1528, stack(0x000000aebc200000,0x000000aebc300000)]
  0x000002a4ba814000 JavaThread "Unconstrained build operations Thread 19" [_thread_blocked, id=8864, stack(0x000000aebc300000,0x000000aebc400000)]
  0x000002a4b9323800 JavaThread "Unconstrained build operations Thread 20" [_thread_blocked, id=10028, stack(0x000000aebc400000,0x000000aebc500000)]
  0x000002a4b931e800 JavaThread "Unconstrained build operations Thread 21" [_thread_blocked, id=9384, stack(0x000000aebc500000,0x000000aebc600000)]
  0x000002a4b9322800 JavaThread "Unconstrained build operations Thread 22" [_thread_blocked, id=9472, stack(0x000000aebc600000,0x000000aebc700000)]
  0x000002a4b9320000 JavaThread "Unconstrained build operations Thread 23" [_thread_blocked, id=5416, stack(0x000000aebc700000,0x000000aebc800000)]
  0x000002a4b9321000 JavaThread "Unconstrained build operations Thread 24" [_thread_blocked, id=6672, stack(0x000000aebc800000,0x000000aebc900000)]
  0x000002a4b9324000 JavaThread "Unconstrained build operations Thread 25" [_thread_blocked, id=8828, stack(0x000000aebc900000,0x000000aebca00000)]
  0x000002a4b9321800 JavaThread "Unconstrained build operations Thread 26" [_thread_blocked, id=9788, stack(0x000000aebca00000,0x000000aebcb00000)]
  0x000002a4b9325000 JavaThread "Unconstrained build operations Thread 27" [_thread_blocked, id=3616, stack(0x000000aebcb00000,0x000000aebcc00000)]
  0x000002a4b931f000 JavaThread "Unconstrained build operations Thread 28" [_thread_blocked, id=1524, stack(0x000000aebcc00000,0x000000aebcd00000)]
  0x000002a4b9327800 JavaThread "Unconstrained build operations Thread 29" [_thread_in_native, id=5376, stack(0x000000aebcd00000,0x000000aebce00000)]
  0x000002a4b9328000 JavaThread "Unconstrained build operations Thread 30" [_thread_blocked, id=9392, stack(0x000000aebce00000,0x000000aebcf00000)]
  0x000002a4b9325800 JavaThread "Unconstrained build operations Thread 31" [_thread_blocked, id=7452, stack(0x000000aebcf00000,0x000000aebd000000)]
  0x000002a4b932a800 JavaThread "Unconstrained build operations Thread 32" [_thread_in_Java, id=8608, stack(0x000000aebd000000,0x000000aebd100000)]
  0x000002a4b932b800 JavaThread "Unconstrained build operations Thread 33" [_thread_blocked, id=2984, stack(0x000000aebd100000,0x000000aebd200000)]
  0x000002a4b9329000 JavaThread "Unconstrained build operations Thread 34" [_thread_blocked, id=6820, stack(0x000000aebd200000,0x000000aebd300000)]
  0x000002a4b9326800 JavaThread "Unconstrained build operations Thread 35" [_thread_blocked, id=4756, stack(0x000000aebd300000,0x000000aebd400000)]
  0x000002a4b932a000 JavaThread "Unconstrained build operations Thread 36" [_thread_blocked, id=7116, stack(0x000000aebd400000,0x000000aebd500000)]
  0x000002a4b932c800 JavaThread "Unconstrained build operations Thread 37" [_thread_blocked, id=2180, stack(0x000000aebd500000,0x000000aebd600000)]
  0x000002a4b932d000 JavaThread "Unconstrained build operations Thread 38" [_thread_blocked, id=9796, stack(0x000000aebd600000,0x000000aebd700000)]
  0x000002a4b82db000 JavaThread "Unconstrained build operations Thread 39" [_thread_in_Java, id=9180, stack(0x000000aebd700000,0x000000aebd800000)]
  0x000002a4b82d8800 JavaThread "Unconstrained build operations Thread 40" [_thread_blocked, id=5848, stack(0x000000aebd800000,0x000000aebd900000)]
  0x000002a4b82d9000 JavaThread "Unconstrained build operations Thread 41" [_thread_blocked, id=7304, stack(0x000000aebd900000,0x000000aebda00000)]
  0x000002a4b82db800 JavaThread "Unconstrained build operations Thread 42" [_thread_blocked, id=408, stack(0x000000aebda00000,0x000000aebdb00000)]
  0x000002a4b82d6000 JavaThread "Unconstrained build operations Thread 43" [_thread_blocked, id=6364, stack(0x000000aebdb00000,0x000000aebdc00000)]
  0x000002a4b82dc800 JavaThread "Unconstrained build operations Thread 44" [_thread_blocked, id=4784, stack(0x000000aebdc00000,0x000000aebdd00000)]
  0x000002a4b82d7000 JavaThread "Unconstrained build operations Thread 45" [_thread_blocked, id=5576, stack(0x000000aebdd00000,0x000000aebde00000)]
  0x000002a4b82d7800 JavaThread "Unconstrained build operations Thread 46" [_thread_blocked, id=6576, stack(0x000000aebde00000,0x000000aebdf00000)]
  0x000002a4b82da000 JavaThread "Unconstrained build operations Thread 47" [_thread_blocked, id=6484, stack(0x000000aebdf00000,0x000000aebe000000)]
  0x000002a4b9489800 JavaThread "Unconstrained build operations Thread 48" [_thread_blocked, id=4816, stack(0x000000aebe000000,0x000000aebe100000)]
  0x000002a4b948a800 JavaThread "Unconstrained build operations Thread 49" [_thread_blocked, id=6280, stack(0x000000aebe100000,0x000000aebe200000)]
  0x000002a4b9487000 JavaThread "Unconstrained build operations Thread 50" [_thread_blocked, id=7640, stack(0x000000aebe200000,0x000000aebe300000)]
  0x000002a4b948b000 JavaThread "Unconstrained build operations Thread 51" [_thread_blocked, id=5040, stack(0x000000aebe300000,0x000000aebe400000)]
  0x000002a4b948c000 JavaThread "Unconstrained build operations Thread 52" [_thread_blocked, id=7184, stack(0x000000aebe400000,0x000000aebe500000)]
  0x000002a4b9486000 JavaThread "Unconstrained build operations Thread 53" [_thread_blocked, id=7080, stack(0x000000aebe500000,0x000000aebe600000)]
  0x000002a4b948c800 JavaThread "Unconstrained build operations Thread 54" [_thread_blocked, id=3336, stack(0x000000aebe600000,0x000000aebe700000)]
  0x000002a4b9488000 JavaThread "Unconstrained build operations Thread 55" [_thread_blocked, id=2088, stack(0x000000aebe700000,0x000000aebe800000)]
  0x000002a4b9488800 JavaThread "Unconstrained build operations Thread 56" [_thread_blocked, id=4316, stack(0x000000aebe800000,0x000000aebe900000)]
  0x000002a4ba93c000 JavaThread "Unconstrained build operations Thread 57" [_thread_blocked, id=2912, stack(0x000000aebe900000,0x000000aebea00000)]
  0x000002a4ba93d000 JavaThread "Unconstrained build operations Thread 58" [_thread_blocked, id=6168, stack(0x000000aebea00000,0x000000aebeb00000)]
  0x000002a4ba937000 JavaThread "Unconstrained build operations Thread 59" [_thread_blocked, id=8124, stack(0x000000aebeb00000,0x000000aebec00000)]
  0x000002a4ba93d800 JavaThread "Unconstrained build operations Thread 60" [_thread_blocked, id=7368, stack(0x000000aebec00000,0x000000aebed00000)]
  0x000002a4ba93b800 JavaThread "build event listener" [_thread_blocked, id=5024, stack(0x000000aebed00000,0x000000aebee00000)]
  0x000002a4ba938000 JavaThread "build event listener" [_thread_blocked, id=8748, stack(0x000000aebef00000,0x000000aebf000000)]
  0x000002a4ba939000 JavaThread "Execution worker for ':'" [_thread_blocked, id=4720, stack(0x000000aebf000000,0x000000aebf100000)]
  0x000002a4ba93e800 JavaThread "Execution worker for ':' Thread 2" [_thread_blocked, id=7876, stack(0x000000aebf100000,0x000000aebf200000)]
  0x000002a4ba93f800 JavaThread "Execution worker for ':' Thread 3" [_thread_blocked, id=8804, stack(0x000000aebf200000,0x000000aebf300000)]
  0x000002a4ba939800 JavaThread "Execution worker for ':' Thread 4" [_thread_blocked, id=3740, stack(0x000000aebf300000,0x000000aebf400000)]
  0x000002a4ba93a800 JavaThread "Execution worker for ':' Thread 5" [_thread_blocked, id=10208, stack(0x000000aebf400000,0x000000aebf500000)]
  0x000002a4ba944000 JavaThread "Cache worker for execution history cache (E:\Program Files\androidProjects\GeoQuiz\.gradle\7.2\executionHistory)" [_thread_blocked, id=8228, stack(0x000000aebf500000,0x000000aebf600000)]
  0x000002a4ba941000 JavaThread "pool-3-thread-1" [_thread_blocked, id=3832, stack(0x000000aebf700000,0x000000aebf800000)]
  0x000002a4ba945000 JavaThread "stderr" [_thread_in_native, id=7504, stack(0x000000aebf800000,0x000000aebf900000)]
  0x000002a4ba943800 JavaThread "stdout" [_thread_in_native, id=6348, stack(0x000000aebf900000,0x000000aebfa00000)]
  0x000002a4bf51a800 JavaThread "C2 CompilerThread1" daemon [_thread_in_native, id=6116, stack(0x000000aebac00000,0x000000aebad00000)]
  0x000002a4ba946000 JavaThread "WorkerExecutor Queue" [_thread_blocked, id=3592, stack(0x000000aebfa00000,0x000000aebfb00000)]

Other Threads:
  0x000002a4b693e800 VMThread "VM Thread" [stack: 0x000000aeb8300000,0x000000aeb8400000] [id=8896]
  0x000002a4b744c000 WatcherThread [stack: 0x000000aeb8d00000,0x000000aeb8e00000] [id=7580]
  0x000002a49a7ad800 GCTaskThread "GC Thread#0" [stack: 0x000000aeb7e00000,0x000000aeb7f00000] [id=1408]
  0x000002a4b7cde800 GCTaskThread "GC Thread#1" [stack: 0x000000aeb8f00000,0x000000aeb9000000] [id=1744]
  0x000002a4b828c800 GCTaskThread "GC Thread#2" [stack: 0x000000aeb9000000,0x000000aeb9100000] [id=968]
  0x000002a4b87e2000 GCTaskThread "GC Thread#3" [stack: 0x000000aeb9700000,0x000000aeb9800000] [id=4440]
  0x000002a4baa7b000 GCTaskThread "GC Thread#4" [stack: 0x000000aeb9800000,0x000000aeb9900000] [id=8004]
  0x000002a4ba8fe000 GCTaskThread "GC Thread#5" [stack: 0x000000aeb9900000,0x000000aeb9a00000] [id=1252]
  0x000002a49c963000 ConcurrentGCThread "G1 Main Marker" [stack: 0x000000aeb7f00000,0x000000aeb8000000] [id=748]
  0x000002a49c965000 ConcurrentGCThread "G1 Conc#0" [stack: 0x000000aeb8000000,0x000000aeb8100000] [id=2844]
  0x000002a4b8d99800 ConcurrentGCThread "G1 Conc#1" [stack: 0x000000aeba000000,0x000000aeba100000] [id=9404]
  0x000002a49c9fb000 ConcurrentGCThread "G1 Refine#0" [stack: 0x000000aeb8100000,0x000000aeb8200000] [id=6700]
  0x000002a49c9fd000 ConcurrentGCThread "G1 Young RemSet Sampling" [stack: 0x000000aeb8200000,0x000000aeb8300000] [id=9812]

Threads with active compile tasks:
C2 CompilerThread0  90468 20023       4       com.android.tools.r8.internal.PE0::a (1151 bytes)
C1 CompilerThread0  90468 20477   !   2       com.android.tools.r8.graph.l::b (97 bytes)
C2 CompilerThread1  90468 20443       4       com.android.tools.r8.internal.pe1::a (455 bytes)

VM state:not at safepoint (normal execution)

VM Mutex/Monitor currently owned by a thread: None

Heap address: 0x0000000080000000, size: 2048 MB, Compressed Oops mode: 32-bit
Narrow klass base: 0x0000000000000000, Narrow klass shift: 3
Compressed class space size: 1073741824 Address: 0x0000000100000000

Heap:
 garbage-first heap   total 273408K, used 197185K [0x0000000080000000, 0x0000000100000000)
  region size 1024K, 13 young (13312K), 1 survivors (1024K)
 Metaspace       used 134888K, capacity 138669K, committed 139048K, reserved 1169408K
  class space    used 17140K, capacity 18591K, committed 18764K, reserved 1048576K
Heap Regions: E=young(eden), S=young(survivor), O=old, HS=humongous(starts), HC=humongous(continues), CS=collection set, F=free, A=archive, TAMS=top-at-mark-start (previous, next)
|   0|0x0000000080000000, 0x0000000080100000, 0x0000000080100000|100%| O|  |TAMS 0x0000000080100000, 0x0000000080100000| Untracked 
|   1|0x0000000080100000, 0x0000000080200000, 0x0000000080200000|100%| O|  |TAMS 0x0000000080200000, 0x0000000080200000| Untracked 
|   2|0x0000000080200000, 0x0000000080300000, 0x0000000080300000|100%| O|  |TAMS 0x0000000080300000, 0x0000000080300000| Untracked 
|   3|0x0000000080300000, 0x0000000080400000, 0x0000000080400000|100%|HS|  |TAMS 0x0000000080400000, 0x0000000080400000| Complete 
|   4|0x0000000080400000, 0x0000000080500000, 0x0000000080500000|100%|HC|  |TAMS 0x0000000080500000, 0x0000000080500000| Complete 
|   5|0x0000000080500000, 0x0000000080600000, 0x0000000080600000|100%|HC|  |TAMS 0x0000000080600000, 0x0000000080600000| Complete 
|   6|0x0000000080600000, 0x0000000080700000, 0x0000000080700000|100%| O|  |TAMS 0x0000000080700000, 0x0000000080700000| Untracked 
|   7|0x0000000080700000, 0x0000000080800000, 0x0000000080800000|100%| O|  |TAMS 0x0000000080800000, 0x0000000080800000| Untracked 
|   8|0x0000000080800000, 0x0000000080900000, 0x0000000080900000|100%| O|  |TAMS 0x0000000080900000, 0x0000000080900000| Untracked 
|   9|0x0000000080900000, 0x0000000080a00000, 0x0000000080a00000|100%| O|  |TAMS 0x0000000080a00000, 0x0000000080a00000| Untracked 
|  10|0x0000000080a00000, 0x0000000080b00000, 0x0000000080b00000|100%| O|  |TAMS 0x0000000080b00000, 0x0000000080b00000| Untracked 
|  11|0x0000000080b00000, 0x0000000080c00000, 0x0000000080c00000|100%| O|  |TAMS 0x0000000080c00000, 0x0000000080c00000| Untracked 
|  12|0x0000000080c00000, 0x0000000080d00000, 0x0000000080d00000|100%| O|  |TAMS 0x0000000080d00000, 0x0000000080d00000| Untracked 
|  13|0x0000000080d00000, 0x0000000080e00000, 0x0000000080e00000|100%| O|  |TAMS 0x0000000080e00000, 0x0000000080e00000| Untracked 
|  14|0x0000000080e00000, 0x0000000080f00000, 0x0000000080f00000|100%| O|  |TAMS 0x0000000080f00000, 0x0000000080f00000| Untracked 
|  15|0x0000000080f00000, 0x0000000081000000, 0x0000000081000000|100%| O|  |TAMS 0x0000000081000000, 0x0000000081000000| Untracked 
|  16|0x0000000081000000, 0x0000000081100000, 0x0000000081100000|100%|HS|  |TAMS 0x0000000081100000, 0x0000000081100000| Complete 
|  17|0x0000000081100000, 0x0000000081200000, 0x0000000081200000|100%|HC|  |TAMS 0x0000000081200000, 0x0000000081200000| Complete 
|  18|0x0000000081200000, 0x0000000081300000, 0x0000000081300000|100%|HS|  |TAMS 0x0000000081300000, 0x0000000081300000| Complete 
|  19|0x0000000081300000, 0x0000000081400000, 0x0000000081400000|100%|HC|  |TAMS 0x0000000081400000, 0x0000000081400000| Complete 
|  20|0x0000000081400000, 0x0000000081500000, 0x0000000081500000|100%|HC|  |TAMS 0x0000000081500000, 0x0000000081500000| Complete 
|  21|0x0000000081500000, 0x0000000081600000, 0x0000000081600000|100%|HS|  |TAMS 0x0000000081600000, 0x0000000081600000| Complete 
|  22|0x0000000081600000, 0x0000000081700000, 0x0000000081700000|100%|HC|  |TAMS 0x0000000081700000, 0x0000000081700000| Complete 
|  23|0x0000000081700000, 0x0000000081800000, 0x0000000081800000|100%|HC|  |TAMS 0x0000000081800000, 0x0000000081800000| Complete 
|  24|0x0000000081800000, 0x0000000081900000, 0x0000000081900000|100%|HC|  |TAMS 0x0000000081900000, 0x0000000081900000| Complete 
|  25|0x0000000081900000, 0x0000000081a00000, 0x0000000081a00000|100%| O|  |TAMS 0x0000000081a00000, 0x0000000081a00000| Untracked 
|  26|0x0000000081a00000, 0x0000000081b00000, 0x0000000081b00000|100%| O|  |TAMS 0x0000000081b00000, 0x0000000081b00000| Untracked 
|  27|0x0000000081b00000, 0x0000000081c00000, 0x0000000081c00000|100%| O|  |TAMS 0x0000000081c00000, 0x0000000081c00000| Untracked 
|  28|0x0000000081c00000, 0x0000000081d00000, 0x0000000081d00000|100%| O|  |TAMS 0x0000000081d00000, 0x0000000081d00000| Untracked 
|  29|0x0000000081d00000, 0x0000000081e00000, 0x0000000081e00000|100%| O|  |TAMS 0x0000000081e00000, 0x0000000081e00000| Untracked 
|  30|0x0000000081e00000, 0x0000000081f00000, 0x0000000081f00000|100%| O|  |TAMS 0x0000000081f00000, 0x0000000081f00000| Untracked 
|  31|0x0000000081f00000, 0x0000000082000000, 0x0000000082000000|100%| O|  |TAMS 0x0000000082000000, 0x0000000082000000| Untracked 
|  32|0x0000000082000000, 0x0000000082100000, 0x0000000082100000|100%| O|  |TAMS 0x0000000082100000, 0x0000000082100000| Untracked 
|  33|0x0000000082100000, 0x0000000082200000, 0x0000000082200000|100%| O|  |TAMS 0x0000000082200000, 0x0000000082200000| Untracked 
|  34|0x0000000082200000, 0x0000000082300000, 0x0000000082300000|100%| O|  |TAMS 0x0000000082300000, 0x0000000082300000| Untracked 
|  35|0x0000000082300000, 0x0000000082400000, 0x0000000082400000|100%| O|  |TAMS 0x0000000082400000, 0x0000000082400000| Untracked 
|  36|0x0000000082400000, 0x0000000082500000, 0x0000000082500000|100%| O|  |TAMS 0x0000000082500000, 0x0000000082500000| Untracked 
|  37|0x0000000082500000, 0x0000000082600000, 0x0000000082600000|100%|HS|  |TAMS 0x0000000082600000, 0x0000000082600000| Complete 
|  38|0x0000000082600000, 0x0000000082700000, 0x0000000082700000|100%|HC|  |TAMS 0x0000000082700000, 0x0000000082700000| Complete 
|  39|0x0000000082700000, 0x0000000082800000, 0x0000000082800000|100%|HC|  |TAMS 0x0000000082800000, 0x0000000082800000| Complete 
|  40|0x0000000082800000, 0x0000000082900000, 0x0000000082900000|100%| O|  |TAMS 0x0000000082900000, 0x0000000082900000| Untracked 
|  41|0x0000000082900000, 0x0000000082a00000, 0x0000000082a00000|100%| O|  |TAMS 0x0000000082a00000, 0x0000000082a00000| Untracked 
|  42|0x0000000082a00000, 0x0000000082b00000, 0x0000000082b00000|100%| O|  |TAMS 0x0000000082b00000, 0x0000000082b00000| Untracked 
|  43|0x0000000082b00000, 0x0000000082c00000, 0x0000000082c00000|100%| O|  |TAMS 0x0000000082c00000, 0x0000000082c00000| Untracked 
|  44|0x0000000082c00000, 0x0000000082d00000, 0x0000000082d00000|100%| O|  |TAMS 0x0000000082d00000, 0x0000000082d00000| Untracked 
|  45|0x0000000082d00000, 0x0000000082e00000, 0x0000000082e00000|100%| O|  |TAMS 0x0000000082e00000, 0x0000000082e00000| Untracked 
|  46|0x0000000082e00000, 0x0000000082f00000, 0x0000000082f00000|100%|HS|  |TAMS 0x0000000082f00000, 0x0000000082f00000| Complete 
|  47|0x0000000082f00000, 0x0000000083000000, 0x0000000083000000|100%|HC|  |TAMS 0x0000000083000000, 0x0000000083000000| Complete 
|  48|0x0000000083000000, 0x0000000083100000, 0x0000000083100000|100%|HC|  |TAMS 0x0000000083100000, 0x0000000083100000| Complete 
|  49|0x0000000083100000, 0x0000000083200000, 0x0000000083200000|100%|HC|  |TAMS 0x0000000083200000, 0x0000000083200000| Complete 
|  50|0x0000000083200000, 0x0000000083300000, 0x0000000083300000|100%| O|  |TAMS 0x0000000083300000, 0x0000000083300000| Untracked 
|  51|0x0000000083300000, 0x0000000083400000, 0x0000000083400000|100%| O|  |TAMS 0x0000000083400000, 0x0000000083400000| Untracked 
|  52|0x0000000083400000, 0x0000000083500000, 0x0000000083500000|100%|HS|  |TAMS 0x0000000083500000, 0x0000000083500000| Complete 
|  53|0x0000000083500000, 0x0000000083600000, 0x0000000083600000|100%|HS|  |TAMS 0x0000000083600000, 0x0000000083600000| Complete 
|  54|0x0000000083600000, 0x0000000083700000, 0x0000000083700000|100%|HS|  |TAMS 0x0000000083700000, 0x0000000083700000| Complete 
|  55|0x0000000083700000, 0x0000000083800000, 0x0000000083800000|100%|HS|  |TAMS 0x0000000083800000, 0x0000000083800000| Complete 
|  56|0x0000000083800000, 0x0000000083900000, 0x0000000083900000|100%|HS|  |TAMS 0x0000000083900000, 0x0000000083900000| Complete 
|  57|0x0000000083900000, 0x0000000083a00000, 0x0000000083a00000|100%|HC|  |TAMS 0x0000000083a00000, 0x0000000083a00000| Complete 
|  58|0x0000000083a00000, 0x0000000083b00000, 0x0000000083b00000|100%|HC|  |TAMS 0x0000000083b00000, 0x0000000083b00000| Complete 
|  59|0x0000000083b00000, 0x0000000083c00000, 0x0000000083c00000|100%|HS|  |TAMS 0x0000000083c00000, 0x0000000083c00000| Complete 
|  60|0x0000000083c00000, 0x0000000083d00000, 0x0000000083d00000|100%|HC|  |TAMS 0x0000000083d00000, 0x0000000083d00000| Complete 
|  61|0x0000000083d00000, 0x0000000083e00000, 0x0000000083e00000|100%| O|  |TAMS 0x0000000083e00000, 0x0000000083e00000| Untracked 
|  62|0x0000000083e00000, 0x0000000083f00000, 0x0000000083f00000|100%| O|  |TAMS 0x0000000083f00000, 0x0000000083f00000| Untracked 
|  63|0x0000000083f00000, 0x0000000084000000, 0x0000000084000000|100%| O|  |TAMS 0x0000000084000000, 0x0000000084000000| Untracked 
|  64|0x0000000084000000, 0x0000000084100000, 0x0000000084100000|100%| O|  |TAMS 0x0000000084100000, 0x0000000084100000| Untracked 
|  65|0x0000000084100000, 0x0000000084200000, 0x0000000084200000|100%| O|  |TAMS 0x0000000084200000, 0x0000000084200000| Untracked 
|  66|0x0000000084200000, 0x0000000084300000, 0x0000000084300000|100%| O|  |TAMS 0x0000000084300000, 0x0000000084300000| Untracked 
|  67|0x0000000084300000, 0x0000000084400000, 0x0000000084400000|100%| O|  |TAMS 0x0000000084400000, 0x0000000084400000| Untracked 
|  68|0x0000000084400000, 0x0000000084500000, 0x0000000084500000|100%| O|  |TAMS 0x0000000084500000, 0x0000000084500000| Untracked 
|  69|0x0000000084500000, 0x0000000084600000, 0x0000000084600000|100%| O|  |TAMS 0x0000000084600000, 0x0000000084600000| Untracked 
|  70|0x0000000084600000, 0x0000000084700000, 0x0000000084700000|100%| O|  |TAMS 0x0000000084700000, 0x0000000084700000| Untracked 
|  71|0x0000000084700000, 0x0000000084800000, 0x0000000084800000|100%| O|  |TAMS 0x0000000084800000, 0x0000000084800000| Untracked 
|  72|0x0000000084800000, 0x0000000084900000, 0x0000000084900000|100%| O|  |TAMS 0x0000000084900000, 0x0000000084900000| Untracked 
|  73|0x0000000084900000, 0x0000000084a00000, 0x0000000084a00000|100%| O|  |TAMS 0x0000000084a00000, 0x0000000084a00000| Untracked 
|  74|0x0000000084a00000, 0x0000000084b00000, 0x0000000084b00000|100%| O|  |TAMS 0x0000000084b00000, 0x0000000084b00000| Untracked 
|  75|0x0000000084b00000, 0x0000000084c00000, 0x0000000084c00000|100%| O|  |TAMS 0x0000000084c00000, 0x0000000084c00000| Untracked 
|  76|0x0000000084c00000, 0x0000000084d00000, 0x0000000084d00000|100%| O|  |TAMS 0x0000000084d00000, 0x0000000084d00000| Untracked 
|  77|0x0000000084d00000, 0x0000000084e00000, 0x0000000084e00000|100%| O|  |TAMS 0x0000000084e00000, 0x0000000084e00000| Untracked 
|  78|0x0000000084e00000, 0x0000000084f00000, 0x0000000084f00000|100%| O|  |TAMS 0x0000000084f00000, 0x0000000084f00000| Untracked 
|  79|0x0000000084f00000, 0x0000000085000000, 0x0000000085000000|100%| O|  |TAMS 0x0000000085000000, 0x0000000085000000| Untracked 
|  80|0x0000000085000000, 0x0000000085100000, 0x0000000085100000|100%| O|  |TAMS 0x0000000085100000, 0x0000000085100000| Untracked 
|  81|0x0000000085100000, 0x0000000085200000, 0x0000000085200000|100%| O|  |TAMS 0x0000000085200000, 0x0000000085200000| Untracked 
|  82|0x0000000085200000, 0x0000000085300000, 0x0000000085300000|100%| O|  |TAMS 0x0000000085300000, 0x0000000085300000| Untracked 
|  83|0x0000000085300000, 0x0000000085400000, 0x0000000085400000|100%| O|  |TAMS 0x0000000085400000, 0x0000000085400000| Untracked 
|  84|0x0000000085400000, 0x0000000085500000, 0x0000000085500000|100%| O|  |TAMS 0x0000000085500000, 0x0000000085500000| Untracked 
|  85|0x0000000085500000, 0x0000000085600000, 0x0000000085600000|100%| O|  |TAMS 0x0000000085600000, 0x0000000085600000| Untracked 
|  86|0x0000000085600000, 0x0000000085700000, 0x0000000085700000|100%| O|  |TAMS 0x0000000085700000, 0x0000000085700000| Untracked 
|  87|0x0000000085700000, 0x0000000085800000, 0x0000000085800000|100%|HS|  |TAMS 0x0000000085800000, 0x0000000085800000| Complete 
|  88|0x0000000085800000, 0x0000000085900000, 0x0000000085900000|100%|HC|  |TAMS 0x0000000085900000, 0x0000000085900000| Complete 
|  89|0x0000000085900000, 0x0000000085a00000, 0x0000000085a00000|100%|HS|  |TAMS 0x0000000085a00000, 0x0000000085a00000| Complete 
|  90|0x0000000085a00000, 0x0000000085b00000, 0x0000000085b00000|100%|HC|  |TAMS 0x0000000085b00000, 0x0000000085b00000| Complete 
|  91|0x0000000085b00000, 0x0000000085c00000, 0x0000000085c00000|100%|HC|  |TAMS 0x0000000085c00000, 0x0000000085c00000| Complete 
|  92|0x0000000085c00000, 0x0000000085d00000, 0x0000000085d00000|100%|HS|  |TAMS 0x0000000085d00000, 0x0000000085d00000| Complete 
|  93|0x0000000085d00000, 0x0000000085e00000, 0x0000000085e00000|100%|HC|  |TAMS 0x0000000085e00000, 0x0000000085e00000| Complete 
|  94|0x0000000085e00000, 0x0000000085f00000, 0x0000000085f00000|100%|HC|  |TAMS 0x0000000085f00000, 0x0000000085f00000| Complete 
|  95|0x0000000085f00000, 0x0000000086000000, 0x0000000086000000|100%|HC|  |TAMS 0x0000000086000000, 0x0000000086000000| Complete 
|  96|0x0000000086000000, 0x0000000086100000, 0x0000000086100000|100%| O|  |TAMS 0x0000000086000000, 0x0000000086100000| Untracked 
|  97|0x0000000086100000, 0x0000000086200000, 0x0000000086200000|100%| O|  |TAMS 0x0000000086200000, 0x0000000086200000| Untracked 
|  98|0x0000000086200000, 0x0000000086300000, 0x0000000086300000|100%| O|  |TAMS 0x0000000086300000, 0x0000000086300000| Untracked 
|  99|0x0000000086300000, 0x0000000086400000, 0x0000000086400000|100%| O|  |TAMS 0x0000000086400000, 0x0000000086400000| Untracked 
| 100|0x0000000086400000, 0x0000000086500000, 0x0000000086500000|100%| O|  |TAMS 0x0000000086500000, 0x0000000086500000| Untracked 
| 101|0x0000000086500000, 0x0000000086600000, 0x0000000086600000|100%| O|  |TAMS 0x0000000086600000, 0x0000000086600000| Untracked 
| 102|0x0000000086600000, 0x0000000086700000, 0x0000000086700000|100%| O|  |TAMS 0x0000000086700000, 0x0000000086700000| Untracked 
| 103|0x0000000086700000, 0x0000000086800000, 0x0000000086800000|100%| O|  |TAMS 0x0000000086800000, 0x0000000086800000| Untracked 
| 104|0x0000000086800000, 0x0000000086900000, 0x0000000086900000|100%| O|  |TAMS 0x0000000086900000, 0x0000000086900000| Untracked 
| 105|0x0000000086900000, 0x0000000086a00000, 0x0000000086a00000|100%| O|  |TAMS 0x0000000086a00000, 0x0000000086a00000| Untracked 
| 106|0x0000000086a00000, 0x0000000086b00000, 0x0000000086b00000|100%| O|  |TAMS 0x0000000086b00000, 0x0000000086b00000| Untracked 
| 107|0x0000000086b00000, 0x0000000086c00000, 0x0000000086c00000|100%| O|  |TAMS 0x0000000086c00000, 0x0000000086c00000| Untracked 
| 108|0x0000000086c00000, 0x0000000086d00000, 0x0000000086d00000|100%| O|  |TAMS 0x0000000086d00000, 0x0000000086d00000| Untracked 
| 109|0x0000000086d00000, 0x0000000086e00000, 0x0000000086e00000|100%| O|  |TAMS 0x0000000086e00000, 0x0000000086e00000| Untracked 
| 110|0x0000000086e00000, 0x0000000086f00000, 0x0000000086f00000|100%| O|  |TAMS 0x0000000086f00000, 0x0000000086f00000| Untracked 
| 111|0x0000000086f00000, 0x0000000087000000, 0x0000000087000000|100%| O|  |TAMS 0x0000000087000000, 0x0000000087000000| Untracked 
| 112|0x0000000087000000, 0x0000000087100000, 0x0000000087100000|100%| O|  |TAMS 0x0000000087100000, 0x0000000087100000| Untracked 
| 113|0x0000000087100000, 0x0000000087100000, 0x0000000087200000|  0%| F|  |TAMS 0x0000000087100000, 0x0000000087100000| Untracked 
| 114|0x0000000087200000, 0x0000000087300000, 0x0000000087300000|100%| O|  |TAMS 0x0000000087300000, 0x0000000087300000| Untracked 
| 115|0x0000000087300000, 0x0000000087400000, 0x0000000087400000|100%| O|  |TAMS 0x0000000087400000, 0x0000000087400000| Untracked 
| 116|0x0000000087400000, 0x0000000087500000, 0x0000000087500000|100%| O|  |TAMS 0x0000000087500000, 0x0000000087500000| Untracked 
| 117|0x0000000087500000, 0x0000000087600000, 0x0000000087600000|100%| O|  |TAMS 0x0000000087600000, 0x0000000087600000| Untracked 
| 118|0x0000000087600000, 0x0000000087700000, 0x0000000087700000|100%| O|  |TAMS 0x0000000087700000, 0x0000000087700000| Untracked 
| 119|0x0000000087700000, 0x0000000087800000, 0x0000000087800000|100%| O|  |TAMS 0x0000000087800000, 0x0000000087800000| Untracked 
| 120|0x0000000087800000, 0x0000000087800000, 0x0000000087900000|  0%| F|  |TAMS 0x0000000087800000, 0x0000000087800000| Untracked 
| 121|0x0000000087900000, 0x0000000087a00000, 0x0000000087a00000|100%| O|  |TAMS 0x0000000087a00000, 0x0000000087a00000| Untracked 
| 122|0x0000000087a00000, 0x0000000087b00000, 0x0000000087b00000|100%| O|  |TAMS 0x0000000087b00000, 0x0000000087b00000| Untracked 
| 123|0x0000000087b00000, 0x0000000087c00000, 0x0000000087c00000|100%| O|  |TAMS 0x0000000087c00000, 0x0000000087c00000| Untracked 
| 124|0x0000000087c00000, 0x0000000087d00000, 0x0000000087d00000|100%| O|  |TAMS 0x0000000087d00000, 0x0000000087d00000| Untracked 
| 125|0x0000000087d00000, 0x0000000087e00000, 0x0000000087e00000|100%| O|  |TAMS 0x0000000087e00000, 0x0000000087e00000| Untracked 
| 126|0x0000000087e00000, 0x0000000087f00000, 0x0000000087f00000|100%| O|  |TAMS 0x0000000087f00000, 0x0000000087f00000| Untracked 
| 127|0x0000000087f00000, 0x0000000088000000, 0x0000000088000000|100%| O|  |TAMS 0x0000000088000000, 0x0000000088000000| Untracked 
| 128|0x0000000088000000, 0x0000000088100000, 0x0000000088100000|100%| O|  |TAMS 0x0000000088100000, 0x0000000088100000| Untracked 
| 129|0x0000000088100000, 0x0000000088200000, 0x0000000088200000|100%| O|  |TAMS 0x0000000088200000, 0x0000000088200000| Untracked 
| 130|0x0000000088200000, 0x0000000088300000, 0x0000000088300000|100%| O|  |TAMS 0x0000000088300000, 0x0000000088300000| Untracked 
| 131|0x0000000088300000, 0x0000000088400000, 0x0000000088400000|100%| O|  |TAMS 0x0000000088400000, 0x0000000088400000| Untracked 
| 132|0x0000000088400000, 0x0000000088500000, 0x0000000088500000|100%| O|  |TAMS 0x0000000088500000, 0x0000000088500000| Untracked 
| 133|0x0000000088500000, 0x0000000088600000, 0x0000000088600000|100%| O|  |TAMS 0x0000000088600000, 0x0000000088600000| Untracked 
| 134|0x0000000088600000, 0x0000000088700000, 0x0000000088700000|100%| O|  |TAMS 0x0000000088700000, 0x0000000088700000| Untracked 
| 135|0x0000000088700000, 0x0000000088800000, 0x0000000088800000|100%| O|  |TAMS 0x0000000088800000, 0x0000000088800000| Untracked 
| 136|0x0000000088800000, 0x0000000088900000, 0x0000000088900000|100%| O|  |TAMS 0x0000000088900000, 0x0000000088900000| Untracked 
| 137|0x0000000088900000, 0x0000000088a00000, 0x0000000088a00000|100%| O|  |TAMS 0x0000000088a00000, 0x0000000088a00000| Untracked 
| 138|0x0000000088a00000, 0x0000000088b00000, 0x0000000088b00000|100%| O|  |TAMS 0x0000000088b00000, 0x0000000088b00000| Untracked 
| 139|0x0000000088b00000, 0x0000000088c00000, 0x0000000088c00000|100%| O|  |TAMS 0x0000000088c00000, 0x0000000088c00000| Untracked 
| 140|0x0000000088c00000, 0x0000000088d00000, 0x0000000088d00000|100%| O|  |TAMS 0x0000000088d00000, 0x0000000088d00000| Untracked 
| 141|0x0000000088d00000, 0x0000000088e00000, 0x0000000088e00000|100%| O|  |TAMS 0x0000000088e00000, 0x0000000088e00000| Untracked 
| 142|0x0000000088e00000, 0x0000000088f00000, 0x0000000088f00000|100%| O|  |TAMS 0x0000000088f00000, 0x0000000088f00000| Untracked 
| 143|0x0000000088f00000, 0x0000000089000000, 0x0000000089000000|100%| O|  |TAMS 0x0000000089000000, 0x0000000089000000| Untracked 
| 144|0x0000000089000000, 0x0000000089100000, 0x0000000089100000|100%| O|  |TAMS 0x0000000089100000, 0x0000000089100000| Untracked 
| 145|0x0000000089100000, 0x0000000089200000, 0x0000000089200000|100%| O|  |TAMS 0x0000000089200000, 0x0000000089200000| Untracked 
| 146|0x0000000089200000, 0x0000000089300000, 0x0000000089300000|100%| O|  |TAMS 0x0000000089300000, 0x0000000089300000| Untracked 
| 147|0x0000000089300000, 0x0000000089400000, 0x0000000089400000|100%| O|  |TAMS 0x0000000089400000, 0x0000000089400000| Untracked 
| 148|0x0000000089400000, 0x0000000089500000, 0x0000000089500000|100%| O|  |TAMS 0x0000000089500000, 0x0000000089500000| Untracked 
| 149|0x0000000089500000, 0x0000000089600000, 0x0000000089600000|100%| O|  |TAMS 0x0000000089600000, 0x0000000089600000| Untracked 
| 150|0x0000000089600000, 0x0000000089700000, 0x0000000089700000|100%| O|  |TAMS 0x0000000089700000, 0x0000000089700000| Untracked 
| 151|0x0000000089700000, 0x0000000089800000, 0x0000000089800000|100%| O|  |TAMS 0x0000000089800000, 0x0000000089800000| Untracked 
| 152|0x0000000089800000, 0x0000000089900000, 0x0000000089900000|100%| O|  |TAMS 0x0000000089900000, 0x0000000089900000| Untracked 
| 153|0x0000000089900000, 0x0000000089a00000, 0x0000000089a00000|100%| O|  |TAMS 0x0000000089a00000, 0x0000000089a00000| Untracked 
| 154|0x0000000089a00000, 0x0000000089b00000, 0x0000000089b00000|100%| O|  |TAMS 0x0000000089b00000, 0x0000000089b00000| Untracked 
| 155|0x0000000089b00000, 0x0000000089c00000, 0x0000000089c00000|100%| O|  |TAMS 0x0000000089c00000, 0x0000000089c00000| Untracked 
| 156|0x0000000089c00000, 0x0000000089d00000, 0x0000000089d00000|100%| O|  |TAMS 0x0000000089d00000, 0x0000000089d00000| Untracked 
| 157|0x0000000089d00000, 0x0000000089d00000, 0x0000000089e00000|  0%| F|  |TAMS 0x0000000089d00000, 0x0000000089d00000| Untracked 
| 158|0x0000000089e00000, 0x0000000089f00000, 0x0000000089f00000|100%| O|  |TAMS 0x0000000089f00000, 0x0000000089f00000| Untracked 
| 159|0x0000000089f00000, 0x000000008a000000, 0x000000008a000000|100%| O|  |TAMS 0x000000008a000000, 0x000000008a000000| Untracked 
| 160|0x000000008a000000, 0x000000008a100000, 0x000000008a100000|100%| O|  |TAMS 0x000000008a100000, 0x000000008a100000| Untracked 
| 161|0x000000008a100000, 0x000000008a200000, 0x000000008a200000|100%| O|  |TAMS 0x000000008a200000, 0x000000008a200000| Untracked 
| 162|0x000000008a200000, 0x000000008a300000, 0x000000008a300000|100%| O|  |TAMS 0x000000008a300000, 0x000000008a300000| Untracked 
| 163|0x000000008a300000, 0x000000008a400000, 0x000000008a400000|100%| O|  |TAMS 0x000000008a400000, 0x000000008a400000| Untracked 
| 164|0x000000008a400000, 0x000000008a500000, 0x000000008a500000|100%| O|  |TAMS 0x000000008a500000, 0x000000008a500000| Untracked 
| 165|0x000000008a500000, 0x000000008a600000, 0x000000008a600000|100%| O|  |TAMS 0x000000008a600000, 0x000000008a600000| Untracked 
| 166|0x000000008a600000, 0x000000008a700000, 0x000000008a700000|100%| O|  |TAMS 0x000000008a700000, 0x000000008a700000| Untracked 
| 167|0x000000008a700000, 0x000000008a800000, 0x000000008a800000|100%| O|  |TAMS 0x000000008a800000, 0x000000008a800000| Untracked 
| 168|0x000000008a800000, 0x000000008a900000, 0x000000008a900000|100%| O|  |TAMS 0x000000008a900000, 0x000000008a900000| Untracked 
| 169|0x000000008a900000, 0x000000008aa00000, 0x000000008aa00000|100%| O|  |TAMS 0x000000008aa00000, 0x000000008aa00000| Untracked 
| 170|0x000000008aa00000, 0x000000008ab00000, 0x000000008ab00000|100%| O|  |TAMS 0x000000008ab00000, 0x000000008ab00000| Untracked 
| 171|0x000000008ab00000, 0x000000008ac00000, 0x000000008ac00000|100%| O|  |TAMS 0x000000008ac00000, 0x000000008ac00000| Untracked 
| 172|0x000000008ac00000, 0x000000008ad00000, 0x000000008ad00000|100%| O|  |TAMS 0x000000008ad00000, 0x000000008ad00000| Untracked 
| 173|0x000000008ad00000, 0x000000008ae00000, 0x000000008ae00000|100%| O|  |TAMS 0x000000008ae00000, 0x000000008ae00000| Untracked 
| 174|0x000000008ae00000, 0x000000008af00000, 0x000000008af00000|100%| O|  |TAMS 0x000000008af00000, 0x000000008af00000| Untracked 
| 175|0x000000008af00000, 0x000000008b000000, 0x000000008b000000|100%| O|  |TAMS 0x000000008b000000, 0x000000008b000000| Untracked 
| 176|0x000000008b000000, 0x000000008b100000, 0x000000008b100000|100%| O|  |TAMS 0x000000008b100000, 0x000000008b100000| Untracked 
| 177|0x000000008b100000, 0x000000008b200000, 0x000000008b200000|100%| O|  |TAMS 0x000000008b200000, 0x000000008b200000| Untracked 
| 178|0x000000008b200000, 0x000000008b300000, 0x000000008b300000|100%| O|  |TAMS 0x000000008b300000, 0x000000008b300000| Untracked 
| 179|0x000000008b300000, 0x000000008b400000, 0x000000008b400000|100%| O|  |TAMS 0x000000008b400000, 0x000000008b400000| Untracked 
| 180|0x000000008b400000, 0x000000008b400000, 0x000000008b500000|  0%| F|  |TAMS 0x000000008b400000, 0x000000008b400000| Untracked 
| 181|0x000000008b500000, 0x000000008b600000, 0x000000008b600000|100%| O|  |TAMS 0x000000008b600000, 0x000000008b600000| Untracked 
| 182|0x000000008b600000, 0x000000008b700000, 0x000000008b700000|100%| O|  |TAMS 0x000000008b700000, 0x000000008b700000| Untracked 
| 183|0x000000008b700000, 0x000000008b800000, 0x000000008b800000|100%| O|  |TAMS 0x000000008b7a3200, 0x000000008b800000| Untracked 
| 184|0x000000008b800000, 0x000000008b8d4400, 0x000000008b900000| 82%| O|  |TAMS 0x000000008b800000, 0x000000008b8d4400| Untracked 
| 185|0x000000008b900000, 0x000000008b900000, 0x000000008ba00000|  0%| F|  |TAMS 0x000000008b900000, 0x000000008b900000| Untracked 
| 186|0x000000008ba00000, 0x000000008ba00000, 0x000000008bb00000|  0%| F|  |TAMS 0x000000008ba00000, 0x000000008ba00000| Untracked 
| 187|0x000000008bb00000, 0x000000008bb00000, 0x000000008bc00000|  0%| F|  |TAMS 0x000000008bb00000, 0x000000008bb00000| Untracked 
| 188|0x000000008bc00000, 0x000000008bc00000, 0x000000008bd00000|  0%| F|  |TAMS 0x000000008bc00000, 0x000000008bc00000| Untracked 
| 189|0x000000008bd00000, 0x000000008bd00000, 0x000000008be00000|  0%| F|  |TAMS 0x000000008bd00000, 0x000000008bd00000| Untracked 
| 190|0x000000008be00000, 0x000000008be00000, 0x000000008bf00000|  0%| F|  |TAMS 0x000000008be00000, 0x000000008be00000| Untracked 
| 191|0x000000008bf00000, 0x000000008bf00000, 0x000000008c000000|  0%| F|  |TAMS 0x000000008bf00000, 0x000000008bf00000| Untracked 
| 192|0x000000008c000000, 0x000000008c000000, 0x000000008c100000|  0%| F|  |TAMS 0x000000008c000000, 0x000000008c000000| Untracked 
| 193|0x000000008c100000, 0x000000008c100000, 0x000000008c200000|  0%| F|  |TAMS 0x000000008c100000, 0x000000008c100000| Untracked 
| 194|0x000000008c200000, 0x000000008c200000, 0x000000008c300000|  0%| F|  |TAMS 0x000000008c200000, 0x000000008c200000| Untracked 
| 195|0x000000008c300000, 0x000000008c300000, 0x000000008c400000|  0%| F|  |TAMS 0x000000008c300000, 0x000000008c300000| Untracked 
| 196|0x000000008c400000, 0x000000008c400000, 0x000000008c500000|  0%| F|  |TAMS 0x000000008c400000, 0x000000008c400000| Untracked 
| 197|0x000000008c500000, 0x000000008c500000, 0x000000008c600000|  0%| F|  |TAMS 0x000000008c500000, 0x000000008c500000| Untracked 
| 198|0x000000008c600000, 0x000000008c600000, 0x000000008c700000|  0%| F|  |TAMS 0x000000008c600000, 0x000000008c600000| Untracked 
| 199|0x000000008c700000, 0x000000008c700000, 0x000000008c800000|  0%| F|  |TAMS 0x000000008c700000, 0x000000008c700000| Untracked 
| 200|0x000000008c800000, 0x000000008c800000, 0x000000008c900000|  0%| F|  |TAMS 0x000000008c800000, 0x000000008c800000| Untracked 
| 201|0x000000008c900000, 0x000000008c900000, 0x000000008ca00000|  0%| F|  |TAMS 0x000000008c900000, 0x000000008c900000| Untracked 
| 202|0x000000008ca00000, 0x000000008ca00000, 0x000000008cb00000|  0%| F|  |TAMS 0x000000008ca00000, 0x000000008ca00000| Untracked 
| 203|0x000000008cb00000, 0x000000008cb00000, 0x000000008cc00000|  0%| F|  |TAMS 0x000000008cb00000, 0x000000008cb00000| Untracked 
| 204|0x000000008cc00000, 0x000000008cc00000, 0x000000008cd00000|  0%| F|  |TAMS 0x000000008cc00000, 0x000000008cc00000| Untracked 
| 205|0x000000008cd00000, 0x000000008cd00000, 0x000000008ce00000|  0%| F|  |TAMS 0x000000008cd00000, 0x000000008cd00000| Untracked 
| 206|0x000000008ce00000, 0x000000008ce00000, 0x000000008cf00000|  0%| F|  |TAMS 0x000000008ce00000, 0x000000008ce00000| Untracked 
| 207|0x000000008cf00000, 0x000000008cf00000, 0x000000008d000000|  0%| F|  |TAMS 0x000000008cf00000, 0x000000008cf00000| Untracked 
| 208|0x000000008d000000, 0x000000008d000000, 0x000000008d100000|  0%| F|  |TAMS 0x000000008d000000, 0x000000008d000000| Untracked 
| 209|0x000000008d100000, 0x000000008d100000, 0x000000008d200000|  0%| F|  |TAMS 0x000000008d100000, 0x000000008d100000| Untracked 
| 210|0x000000008d200000, 0x000000008d200000, 0x000000008d300000|  0%| F|  |TAMS 0x000000008d200000, 0x000000008d200000| Untracked 
| 211|0x000000008d300000, 0x000000008d300000, 0x000000008d400000|  0%| F|  |TAMS 0x000000008d300000, 0x000000008d300000| Untracked 
| 212|0x000000008d400000, 0x000000008d400000, 0x000000008d500000|  0%| F|  |TAMS 0x000000008d400000, 0x000000008d400000| Untracked 
| 213|0x000000008d500000, 0x000000008d500000, 0x000000008d600000|  0%| F|  |TAMS 0x000000008d500000, 0x000000008d500000| Untracked 
| 214|0x000000008d600000, 0x000000008d600000, 0x000000008d700000|  0%| F|  |TAMS 0x000000008d600000, 0x000000008d600000| Untracked 
| 215|0x000000008d700000, 0x000000008d700000, 0x000000008d800000|  0%| F|  |TAMS 0x000000008d700000, 0x000000008d700000| Untracked 
| 216|0x000000008d800000, 0x000000008d800000, 0x000000008d900000|  0%| F|  |TAMS 0x000000008d800000, 0x000000008d800000| Untracked 
| 217|0x000000008d900000, 0x000000008d9bc200, 0x000000008da00000| 73%| S|CS|TAMS 0x000000008d900000, 0x000000008d900000| Complete 
| 218|0x000000008da00000, 0x000000008da00000, 0x000000008db00000|  0%| F|  |TAMS 0x000000008da00000, 0x000000008da00000| Untracked 
| 219|0x000000008db00000, 0x000000008db00000, 0x000000008dc00000|  0%| F|  |TAMS 0x000000008db00000, 0x000000008db00000| Untracked 
| 220|0x000000008dc00000, 0x000000008dc00000, 0x000000008dd00000|  0%| F|  |TAMS 0x000000008dc00000, 0x000000008dc00000| Untracked 
| 221|0x000000008dd00000, 0x000000008dd00000, 0x000000008de00000|  0%| F|  |TAMS 0x000000008dd00000, 0x000000008dd00000| Untracked 
| 222|0x000000008de00000, 0x000000008de00000, 0x000000008df00000|  0%| F|  |TAMS 0x000000008de00000, 0x000000008de00000| Untracked 
| 223|0x000000008df00000, 0x000000008df00000, 0x000000008e000000|  0%| F|  |TAMS 0x000000008df00000, 0x000000008df00000| Untracked 
| 224|0x000000008e000000, 0x000000008e000000, 0x000000008e100000|  0%| F|  |TAMS 0x000000008e000000, 0x000000008e000000| Untracked 
| 225|0x000000008e100000, 0x000000008e100000, 0x000000008e200000|  0%| F|  |TAMS 0x000000008e100000, 0x000000008e100000| Untracked 
| 226|0x000000008e200000, 0x000000008e200000, 0x000000008e300000|  0%| F|  |TAMS 0x000000008e200000, 0x000000008e200000| Untracked 
| 227|0x000000008e300000, 0x000000008e300000, 0x000000008e400000|  0%| F|  |TAMS 0x000000008e300000, 0x000000008e300000| Untracked 
| 228|0x000000008e400000, 0x000000008e400000, 0x000000008e500000|  0%| F|  |TAMS 0x000000008e400000, 0x000000008e400000| Untracked 
| 229|0x000000008e500000, 0x000000008e500000, 0x000000008e600000|  0%| F|  |TAMS 0x000000008e500000, 0x000000008e500000| Untracked 
| 230|0x000000008e600000, 0x000000008e600000, 0x000000008e700000|  0%| F|  |TAMS 0x000000008e600000, 0x000000008e600000| Untracked 
| 231|0x000000008e700000, 0x000000008e700000, 0x000000008e800000|  0%| F|  |TAMS 0x000000008e700000, 0x000000008e700000| Untracked 
| 232|0x000000008e800000, 0x000000008e800000, 0x000000008e900000|  0%| F|  |TAMS 0x000000008e800000, 0x000000008e800000| Untracked 
| 233|0x000000008e900000, 0x000000008e900000, 0x000000008ea00000|  0%| F|  |TAMS 0x000000008e900000, 0x000000008e900000| Untracked 
| 234|0x000000008ea00000, 0x000000008ea00000, 0x000000008eb00000|  0%| F|  |TAMS 0x000000008ea00000, 0x000000008ea00000| Untracked 
| 235|0x000000008eb00000, 0x000000008eb00000, 0x000000008ec00000|  0%| F|  |TAMS 0x000000008eb00000, 0x000000008eb00000| Untracked 
| 236|0x000000008ec00000, 0x000000008ec00000, 0x000000008ed00000|  0%| F|  |TAMS 0x000000008ec00000, 0x000000008ec00000| Untracked 
| 237|0x000000008ed00000, 0x000000008ed00000, 0x000000008ee00000|  0%| F|  |TAMS 0x000000008ed00000, 0x000000008ed00000| Untracked 
| 238|0x000000008ee00000, 0x000000008ee00000, 0x000000008ef00000|  0%| F|  |TAMS 0x000000008ee00000, 0x000000008ee00000| Untracked 
| 239|0x000000008ef00000, 0x000000008ef00000, 0x000000008f000000|  0%| F|  |TAMS 0x000000008ef00000, 0x000000008ef00000| Untracked 
| 240|0x000000008f000000, 0x000000008f000000, 0x000000008f100000|  0%| F|  |TAMS 0x000000008f000000, 0x000000008f000000| Untracked 
| 241|0x000000008f100000, 0x000000008f100000, 0x000000008f200000|  0%| F|  |TAMS 0x000000008f100000, 0x000000008f100000| Untracked 
| 242|0x000000008f200000, 0x000000008f200000, 0x000000008f300000|  0%| F|  |TAMS 0x000000008f200000, 0x000000008f200000| Untracked 
| 243|0x000000008f300000, 0x000000008f300000, 0x000000008f400000|  0%| F|  |TAMS 0x000000008f300000, 0x000000008f300000| Untracked 
| 244|0x000000008f400000, 0x000000008f400000, 0x000000008f500000|  0%| F|  |TAMS 0x000000008f400000, 0x000000008f400000| Untracked 
| 245|0x000000008f500000, 0x000000008f500000, 0x000000008f600000|  0%| F|  |TAMS 0x000000008f500000, 0x000000008f500000| Untracked 
| 246|0x000000008f600000, 0x000000008f600000, 0x000000008f700000|  0%| F|  |TAMS 0x000000008f600000, 0x000000008f600000| Untracked 
| 247|0x000000008f700000, 0x000000008f700000, 0x000000008f800000|  0%| F|  |TAMS 0x000000008f700000, 0x000000008f700000| Untracked 
| 248|0x000000008f800000, 0x000000008f800000, 0x000000008f900000|  0%| F|  |TAMS 0x000000008f800000, 0x000000008f800000| Untracked 
| 249|0x000000008f900000, 0x000000008f900000, 0x000000008fa00000|  0%| F|  |TAMS 0x000000008f900000, 0x000000008f900000| Untracked 
| 250|0x000000008fa00000, 0x000000008fa00000, 0x000000008fb00000|  0%| F|  |TAMS 0x000000008fa00000, 0x000000008fa00000| Untracked 
| 251|0x000000008fb00000, 0x000000008fb00000, 0x000000008fc00000|  0%| F|  |TAMS 0x000000008fb00000, 0x000000008fb00000| Untracked 
| 252|0x000000008fc00000, 0x000000008fc00000, 0x000000008fd00000|  0%| F|  |TAMS 0x000000008fc00000, 0x000000008fc00000| Untracked 
| 253|0x000000008fd00000, 0x000000008fd00000, 0x000000008fe00000|  0%| F|  |TAMS 0x000000008fd00000, 0x000000008fd00000| Untracked 
| 254|0x000000008fe00000, 0x000000008fe00000, 0x000000008ff00000|  0%| F|  |TAMS 0x000000008fe00000, 0x000000008fe00000| Untracked 
| 255|0x000000008ff00000, 0x000000008ff5a9b8, 0x0000000090000000| 35%| E|  |TAMS 0x000000008ff00000, 0x000000008ff00000| Complete 
| 256|0x0000000090000000, 0x0000000090100000, 0x0000000090100000|100%| E|CS|TAMS 0x0000000090000000, 0x0000000090000000| Complete 
| 257|0x0000000090100000, 0x0000000090200000, 0x0000000090200000|100%| E|CS|TAMS 0x0000000090100000, 0x0000000090100000| Complete 
| 258|0x0000000090200000, 0x0000000090300000, 0x0000000090300000|100%| E|CS|TAMS 0x0000000090200000, 0x0000000090200000| Complete 
| 259|0x0000000090300000, 0x0000000090400000, 0x0000000090400000|100%| E|CS|TAMS 0x0000000090300000, 0x0000000090300000| Complete 
| 260|0x0000000090400000, 0x0000000090500000, 0x0000000090500000|100%| E|CS|TAMS 0x0000000090400000, 0x0000000090400000| Complete 
| 261|0x0000000090500000, 0x0000000090600000, 0x0000000090600000|100%| E|CS|TAMS 0x0000000090500000, 0x0000000090500000| Complete 
| 262|0x0000000090600000, 0x0000000090700000, 0x0000000090700000|100%| E|CS|TAMS 0x0000000090600000, 0x0000000090600000| Complete 
| 263|0x0000000090700000, 0x0000000090800000, 0x0000000090800000|100%| E|CS|TAMS 0x0000000090700000, 0x0000000090700000| Complete 
| 264|0x0000000090800000, 0x0000000090900000, 0x0000000090900000|100%| E|CS|TAMS 0x0000000090800000, 0x0000000090800000| Complete 
| 265|0x0000000090900000, 0x0000000090a00000, 0x0000000090a00000|100%| E|CS|TAMS 0x0000000090900000, 0x0000000090900000| Complete 
| 266|0x0000000090a00000, 0x0000000090b00000, 0x0000000090b00000|100%| E|CS|TAMS 0x0000000090a00000, 0x0000000090a00000| Complete 

Card table byte_map: [0x000002a4af930000,0x000002a4afd30000] _byte_map_base: 0x000002a4af530000

Marking Bits (Prev, Next): (CMBitMap*) 0x000002a49c95a490, (CMBitMap*) 0x000002a49c95a458
 Prev Bits: [0x000002a4b2130000, 0x000002a4b4130000)
 Next Bits: [0x000002a4b0130000, 0x000002a4b2130000)

Polling page: 0x000002a49a940000

Metaspace:

Usage:
  Non-class:    117.26 MB capacity,   114.99 MB ( 98%) used,     1.84 MB (  2%) free+waste,   445.19 KB ( <1%) overhead. 
      Class:     18.16 MB capacity,    16.74 MB ( 92%) used,     1.22 MB (  7%) free+waste,   200.38 KB (  1%) overhead. 
       Both:    135.42 MB capacity,   131.73 MB ( 97%) used,     3.06 MB (  2%) free+waste,   645.56 KB ( <1%) overhead. 

Virtual space:
  Non-class space:      118.00 MB reserved,     117.46 MB (>99%) committed 
      Class space:        1.00 GB reserved,      18.32 MB (  2%) committed 
             Both:        1.12 GB reserved,     135.79 MB ( 12%) committed 

Chunk freelists:
   Non-Class:  78.00 KB
       Class:  65.00 KB
        Both:  143.00 KB

MaxMetaspaceSize: 17179869184.00 GB
CompressedClassSpaceSize: 1.00 GB

CodeHeap 'non-profiled nmethods': size=120064Kb used=11233Kb max_used=11233Kb free=108830Kb
 bounds [0x000002a4a7ee0000, 0x000002a4a89e0000, 0x000002a4af420000]
CodeHeap 'profiled nmethods': size=120000Kb used=46642Kb max_used=46642Kb free=73357Kb
 bounds [0x000002a4a09b0000, 0x000002a4a3750000, 0x000002a4a7ee0000]
CodeHeap 'non-nmethods': size=5696Kb used=2388Kb max_used=2447Kb free=3307Kb
 bounds [0x000002a4a0420000, 0x000002a4a0690000, 0x000002a4a09b0000]
 total_blobs=20494 nmethods=19472 adapters=933
 compilation: enabled
              stopped_count=0, restarted_count=0
 full_count=0

Compilation events (20 events):
Event: 90.368 Thread 0x000002a4bf51a800 20398       4       com.android.tools.r8.internal.Kk1::get (16 bytes)
Event: 90.379 Thread 0x000002a4bf51a800 nmethod 20398 0x000002a4a89d3490 code [0x000002a4a89d36a0, 0x000002a4a89d3da0]
Event: 90.379 Thread 0x000002a4bf51a800 20402       4       com.android.tools.r8.ir.regalloc.c::h (51 bytes)
Event: 90.385 Thread 0x000002a4bf51a800 nmethod 20402 0x000002a4a89d4410 code [0x000002a4a89d45c0, 0x000002a4a89d48f8]
Event: 90.385 Thread 0x000002a4bf51a800 20098       4       java.util.ArrayDeque::contains (80 bytes)
Event: 90.387 Thread 0x000002a4bf51a800 nmethod 20098 0x000002a4a89d4b90 code [0x000002a4a89d4d40, 0x000002a4a89d4eb8]
Event: 90.387 Thread 0x000002a4bf51a800 20039       4       java.util.LinkedList::remove (77 bytes)
Event: 90.396 Thread 0x000002a4bf51a800 nmethod 20039 0x000002a4a89d5090 code [0x000002a4a89d5220, 0x000002a4a89d5798]
Event: 90.396 Thread 0x000002a4bf51a800 20020       4       com.android.tools.r8.internal.GY0::hasNext (217 bytes)
Event: 90.406 Thread 0x000002a4b696c800 20415       2       com.android.tools.r8.internal.gY0::a (101 bytes)
Event: 90.407 Thread 0x000002a4b696c800 nmethod 20415 0x000002a4a3702d10 code [0x000002a4a3702f40, 0x000002a4a3703448]
Event: 90.408 Thread 0x000002a4b696c800 20417       2       com.android.tools.r8.internal.fF0$$Lambda$1701/0x0000000101130840::test (16 bytes)
Event: 90.408 Thread 0x000002a4b696c800 nmethod 20417 0x000002a4a3703910 code [0x000002a4a3703ae0, 0x000002a4a3703d18]
Event: 90.409 Thread 0x000002a4b696c800 20419       2       com.android.tools.r8.graph.T::hashCode (10 bytes)
Event: 90.409 Thread 0x000002a4b696c800 nmethod 20419 0x000002a4a3703e90 code [0x000002a4a3704040, 0x000002a4a3704138]
Event: 90.409 Thread 0x000002a4b696c800 20420       2       com.android.tools.r8.code.O0::hashCode (21 bytes)
Event: 90.409 Thread 0x000002a4b696c800 nmethod 20420 0x000002a4a3704210 code [0x000002a4a37043c0, 0x000002a4a3704508]
Event: 90.410 Thread 0x000002a4b696c800 20421       2       com.android.tools.r8.internal.dB0::a (77 bytes)
Event: 90.410 Thread 0x000002a4b696c800 nmethod 20421 0x000002a4a3704590 code [0x000002a4a3704760, 0x000002a4a3704988]
Event: 90.410 Thread 0x000002a4b696c800 20422 %     3       com.android.tools.r8.internal.Qi1::b @ 19 (1684 bytes)

GC Heap History (20 events):
Event: 87.936 GC heap before
{Heap before GC invocations=48 (full 0):
 garbage-first heap   total 273408K, used 229238K [0x0000000080000000, 0x0000000100000000)
  region size 1024K, 91 young (93184K), 11 survivors (11264K)
 Metaspace       used 128199K, capacity 131642K, committed 131752K, reserved 1163264K
  class space    used 16241K, capacity 17518K, committed 17612K, reserved 1048576K
}
Event: 87.961 GC heap after
{Heap after GC invocations=49 (full 0):
 garbage-first heap   total 273408K, used 164472K [0x0000000080000000, 0x0000000100000000)
  region size 1024K, 12 young (12288K), 12 survivors (12288K)
 Metaspace       used 128199K, capacity 131642K, committed 131752K, reserved 1163264K
  class space    used 16241K, capacity 17518K, committed 17612K, reserved 1048576K
}
Event: 88.211 GC heap before
{Heap before GC invocations=49 (full 0):
 garbage-first heap   total 273408K, used 225912K [0x0000000080000000, 0x0000000100000000)
  region size 1024K, 72 young (73728K), 12 survivors (12288K)
 Metaspace       used 130583K, capacity 134126K, committed 134184K, reserved 1165312K
  class space    used 16642K, capacity 17963K, committed 17996K, reserved 1048576K
}
Event: 88.247 GC heap after
{Heap after GC invocations=50 (full 0):
 garbage-first heap   total 273408K, used 170906K [0x0000000080000000, 0x0000000100000000)
  region size 1024K, 9 young (9216K), 9 survivors (9216K)
 Metaspace       used 130583K, capacity 134126K, committed 134184K, reserved 1165312K
  class space    used 16642K, capacity 17963K, committed 17996K, reserved 1048576K
}
Event: 88.640 GC heap before
{Heap before GC invocations=51 (full 0):
 garbage-first heap   total 273408K, used 226202K [0x0000000080000000, 0x0000000100000000)
  region size 1024K, 63 young (64512K), 9 survivors (9216K)
 Metaspace       used 132137K, capacity 135753K, committed 135976K, reserved 1167360K
  class space    used 16876K, capacity 18243K, committed 18252K, reserved 1048576K
}
Event: 88.661 GC heap after
{Heap after GC invocations=52 (full 0):
 garbage-first heap   total 273408K, used 179493K [0x0000000080000000, 0x0000000100000000)
  region size 1024K, 8 young (8192K), 8 survivors (8192K)
 Metaspace       used 132137K, capacity 135753K, committed 135976K, reserved 1167360K
  class space    used 16876K, capacity 18243K, committed 18252K, reserved 1048576K
}
Event: 88.922 GC heap before
{Heap before GC invocations=52 (full 0):
 garbage-first heap   total 273408K, used 227621K [0x0000000080000000, 0x0000000100000000)
  region size 1024K, 56 young (57344K), 8 survivors (8192K)
 Metaspace       used 133688K, capacity 137598K, committed 137896K, reserved 1169408K
  class space    used 17088K, capacity 18579K, committed 18636K, reserved 1048576K
}
Event: 88.939 GC heap after
{Heap after GC invocations=53 (full 0):
 garbage-first heap   total 273408K, used 185002K [0x0000000080000000, 0x0000000100000000)
  region size 1024K, 5 young (5120K), 5 survivors (5120K)
 Metaspace       used 133688K, capacity 137598K, committed 137896K, reserved 1169408K
  class space    used 17088K, capacity 18579K, committed 18636K, reserved 1048576K
}
Event: 89.340 GC heap before
{Heap before GC invocations=54 (full 0):
 garbage-first heap   total 273408K, used 231082K [0x0000000080000000, 0x0000000100000000)
  region size 1024K, 50 young (51200K), 5 survivors (5120K)
 Metaspace       used 134141K, capacity 137930K, committed 138152K, reserved 1169408K
  class space    used 17105K, capacity 18550K, committed 18636K, reserved 1048576K
}
Event: 89.349 GC heap after
{Heap after GC invocations=55 (full 0):
 garbage-first heap   total 273408K, used 188177K [0x0000000080000000, 0x0000000100000000)
  region size 1024K, 3 young (3072K), 3 survivors (3072K)
 Metaspace       used 134141K, capacity 137930K, committed 138152K, reserved 1169408K
  class space    used 17105K, capacity 18550K, committed 18636K, reserved 1048576K
}
Event: 89.400 GC heap before
{Heap before GC invocations=55 (full 0):
 garbage-first heap   total 273408K, used 198417K [0x0000000080000000, 0x0000000100000000)
  region size 1024K, 13 young (13312K), 3 survivors (3072K)
 Metaspace       used 134152K, capacity 137997K, committed 138408K, reserved 1169408K
  class space    used 17106K, capacity 18551K, committed 18636K, reserved 1048576K
}
Event: 89.406 GC heap after
{Heap after GC invocations=56 (full 0):
 garbage-first heap   total 273408K, used 188300K [0x0000000080000000, 0x0000000100000000)
  region size 1024K, 2 young (2048K), 2 survivors (2048K)
 Metaspace       used 134152K, capacity 137997K, committed 138408K, reserved 1169408K
  class space    used 17106K, capacity 18551K, committed 18636K, reserved 1048576K
}
Event: 89.600 GC heap before
{Heap before GC invocations=56 (full 0):
 garbage-first heap   total 273408K, used 231308K [0x0000000080000000, 0x0000000100000000)
  region size 1024K, 45 young (46080K), 2 survivors (2048K)
 Metaspace       used 134478K, capacity 138305K, committed 138792K, reserved 1169408K
  class space    used 17118K, capacity 18586K, committed 18764K, reserved 1048576K
}
Event: 89.607 GC heap after
{Heap after GC invocations=57 (full 0):
 garbage-first heap   total 273408K, used 188225K [0x0000000080000000, 0x0000000100000000)
  region size 1024K, 2 young (2048K), 2 survivors (2048K)
 Metaspace       used 134478K, capacity 138305K, committed 138792K, reserved 1169408K
  class space    used 17118K, capacity 18586K, committed 18764K, reserved 1048576K
}
Event: 90.000 GC heap before
{Heap before GC invocations=58 (full 0):
 garbage-first heap   total 273408K, used 234305K [0x0000000080000000, 0x0000000100000000)
  region size 1024K, 47 young (48128K), 2 survivors (2048K)
 Metaspace       used 134727K, capacity 138526K, committed 138792K, reserved 1169408K
  class space    used 17133K, capacity 18590K, committed 18764K, reserved 1048576K
}
Event: 90.006 GC heap after
{Heap after GC invocations=59 (full 0):
 garbage-first heap   total 273408K, used 188864K [0x0000000080000000, 0x0000000100000000)
  region size 1024K, 2 young (2048K), 2 survivors (2048K)
 Metaspace       used 134727K, capacity 138526K, committed 138792K, reserved 1169408K
  class space    used 17133K, capacity 18590K, committed 18764K, reserved 1048576K
}
Event: 90.049 GC heap before
{Heap before GC invocations=59 (full 0):
 garbage-first heap   total 273408K, used 200128K [0x0000000080000000, 0x0000000100000000)
  region size 1024K, 13 young (13312K), 2 survivors (2048K)
 Metaspace       used 134755K, capacity 138591K, committed 139048K, reserved 1169408K
  class space    used 17133K, capacity 18590K, committed 18764K, reserved 1048576K
}
Event: 90.055 GC heap after
{Heap after GC invocations=60 (full 0):
 garbage-first heap   total 273408K, used 185768K [0x0000000080000000, 0x0000000100000000)
  region size 1024K, 1 young (1024K), 1 survivors (1024K)
 Metaspace       used 134755K, capacity 138591K, committed 139048K, reserved 1169408K
  class space    used 17133K, capacity 18590K, committed 18764K, reserved 1048576K
}
Event: 90.242 GC heap before
{Heap before GC invocations=60 (full 0):
 garbage-first heap   total 273408K, used 233896K [0x0000000080000000, 0x0000000100000000)
  region size 1024K, 49 young (50176K), 1 survivors (1024K)
 Metaspace       used 134838K, capacity 138662K, committed 139048K, reserved 1169408K
  class space    used 17133K, capacity 18590K, committed 18764K, reserved 1048576K
}
Event: 90.246 GC heap after
{Heap after GC invocations=61 (full 0):
 garbage-first heap   total 273408K, used 185921K [0x0000000080000000, 0x0000000100000000)
  region size 1024K, 1 young (1024K), 1 survivors (1024K)
 Metaspace       used 134838K, capacity 138662K, committed 139048K, reserved 1169408K
  class space    used 17133K, capacity 18590K, committed 18764K, reserved 1048576K
}

Deoptimization events (20 events):
Event: 90.008 Thread 0x000002a4b82db000 Uncommon trap: trap_request=0xffffffde fr.pc=0x000002a4a815fa88 relative=0x0000000000000068
Event: 90.008 Thread 0x000002a4b82db000 Uncommon trap: reason=class_check action=maybe_recompile pc=0x000002a4a815fa88 method=com.android.tools.r8.internal.SC0.size()I @ 42 c2
Event: 90.008 Thread 0x000002a4b82db000 DEOPT PACKING pc=0x000002a4a815fa88 sp=0x000000aebd7f90c0
Event: 90.008 Thread 0x000002a4b82db000 DEOPT UNPACKING pc=0x000002a4a044662f sp=0x000000aebd7f9048 mode 2
Event: 90.008 Thread 0x000002a4b82db000 Uncommon trap: trap_request=0xffffffde fr.pc=0x000002a4a815fa88 relative=0x0000000000000068
Event: 90.008 Thread 0x000002a4b82db000 Uncommon trap: reason=class_check action=maybe_recompile pc=0x000002a4a815fa88 method=com.android.tools.r8.internal.SC0.size()I @ 42 c2
Event: 90.008 Thread 0x000002a4b82db000 DEOPT PACKING pc=0x000002a4a815fa88 sp=0x000000aebd7f9270
Event: 90.008 Thread 0x000002a4b82db000 DEOPT UNPACKING pc=0x000002a4a044662f sp=0x000000aebd7f91f8 mode 2
Event: 90.033 Thread 0x000002a4b932a800 DEOPT PACKING pc=0x000002a4a32ac2c1 sp=0x000000aebd0f9640
Event: 90.033 Thread 0x000002a4b932a800 DEOPT UNPACKING pc=0x000002a4a0446dde sp=0x000000aebd0f8ae0 mode 0
Event: 90.100 Thread 0x000002a4ba819000 DEOPT PACKING pc=0x000002a4a34b31d2 sp=0x000000aebc2f8fe0
Event: 90.100 Thread 0x000002a4ba819000 DEOPT UNPACKING pc=0x000002a4a0446dde sp=0x000000aebc2f8618 mode 0
Event: 90.136 Thread 0x000002a4b932a800 DEOPT PACKING pc=0x000002a4a327f82a sp=0x000000aebd0f8ff0
Event: 90.136 Thread 0x000002a4b932a800 DEOPT UNPACKING pc=0x000002a4a0446dde sp=0x000000aebd0f8578 mode 0
Event: 90.187 Thread 0x000002a4b82db000 DEOPT PACKING pc=0x000002a4a34b82a3 sp=0x000000aebd7f97c0
Event: 90.187 Thread 0x000002a4b82db000 DEOPT UNPACKING pc=0x000002a4a0446dde sp=0x000000aebd7f8e50 mode 0
Event: 90.210 Thread 0x000002a4ba819000 DEOPT PACKING pc=0x000002a4a32994e4 sp=0x000000aebc2f9080
Event: 90.210 Thread 0x000002a4ba819000 DEOPT UNPACKING pc=0x000002a4a0446dde sp=0x000000aebc2f8618 mode 0
Event: 90.216 Thread 0x000002a4ba819000 DEOPT PACKING pc=0x000002a4a3272d13 sp=0x000000aebc2f99b0
Event: 90.216 Thread 0x000002a4ba819000 DEOPT UNPACKING pc=0x000002a4a0446dde sp=0x000000aebc2f8f90 mode 0

Classes redefined (0 events):
No events

Internal exceptions (20 events):
Event: 88.578 Thread 0x000002a4b9327800 Exception <a 'java/lang/NoSuchMethodError'{0x000000008e060440}: 'java.lang.Object java.lang.invoke.DirectMethodHandle$Holder.invokeSpecial(java.lang.Object, java.lang.Object, java.lang.Object, java.lang.Object, java.lang.Object, java.lang.Object, java.lang.Object, java.lang.Object, java.lang.Object, java.lang.Object, java.lang.Object)'> (0x000000008e060440) thrown at [./src/hotspot/share/interpreter/linkResolver.cpp, line 773]
Event: 88.579 Thread 0x000002a4b9327800 Exception <a 'java/lang/NoSuchMethodError'{0x000000008e084bc8}: 'java.lang.Object java.lang.invoke.Invokers$Holder.linkToTargetMethod(java.lang.Object, java.lang.Object, java.lang.Object, java.lang.Object, java.lang.Object, java.lang.Object, java.lang.Object, java.lang.Object, java.lang.Object, java.lang.Object)'> (0x000000008e084bc8) thrown at [./src/hotspot/share/interpreter/linkResolver.cpp, line 773]
Event: 88.595 Thread 0x000002a4b9487000 Exception <a 'java/lang/NoSuchMethodError'{0x000000008ddb7160}: 'java.lang.Object java.lang.invoke.Invokers$Holder.linkToTargetMethod(java.lang.Object, int, java.lang.Object, java.lang.Object, java.lang.Object, java.lang.Object)'> (0x000000008ddb7160) thrown at [./src/hotspot/share/interpreter/linkResolver.cpp, line 773]
Event: 88.596 Thread 0x000002a4b9487000 Exception <a 'java/lang/NoSuchMethodError'{0x000000008dc40070}: 'java.lang.Object java.lang.invoke.DirectMethodHandle$Holder.invokeStatic(java.lang.Object, java.lang.Object, java.lang.Object, java.lang.Object, int, java.lang.Object, java.lang.Object)'> (0x000000008dc40070) thrown at [./src/hotspot/share/interpreter/linkResolver.cpp, line 773]
Event: 88.596 Thread 0x000002a4b9487000 Exception <a 'java/lang/NoSuchMethodError'{0x000000008dc47b68}: 'java.lang.Object java.lang.invoke.Invokers$Holder.linkToTargetMethod(java.lang.Object, java.lang.Object, java.lang.Object, int, java.lang.Object, java.lang.Object, java.lang.Object)'> (0x000000008dc47b68) thrown at [./src/hotspot/share/interpreter/linkResolver.cpp, line 773]
Event: 88.598 Thread 0x000002a4b9487000 Exception <a 'java/lang/NoSuchMethodError'{0x000000008dca7a70}: 'void java.lang.invoke.DirectMethodHandle$Holder.invokeStatic(java.lang.Object, java.lang.Object, java.lang.Object, java.lang.Object, java.lang.Object, java.lang.Object, java.lang.Object, java.lang.Object)'> (0x000000008dca7a70) thrown at [./src/hotspot/share/interpreter/linkResolver.cpp, line 773]
Event: 88.604 Thread 0x000002a4b9327800 Exception <a 'java/lang/IncompatibleClassChangeError'{0x000000008da3cc90}: Found class java.lang.Object, but interface was expected> (0x000000008da3cc90) thrown at [./src/hotspot/share/interpreter/linkResolver.cpp, line 839]
Event: 88.705 Thread 0x000002a4b9487000 Exception <a 'java/lang/IncompatibleClassChangeError'{0x00000000902d6210}: Found class java.lang.Object, but interface was expected> (0x00000000902d6210) thrown at [./src/hotspot/share/interpreter/linkResolver.cpp, line 839]
Event: 88.768 Thread 0x000002a4b9487000 Exception <a 'java/lang/NoSuchMethodError'{0x000000008f8b3dd8}: 'void java.lang.invoke.DirectMethodHandle$Holder.invokeVirtual(java.lang.Object, java.lang.Object, int)'> (0x000000008f8b3dd8) thrown at [./src/hotspot/share/interpreter/linkResolver.cpp, line 773]
Event: 88.784 Thread 0x000002a4b9487000 Exception <a 'sun/nio/fs/WindowsException'{0x000000008f5b59f0}> (0x000000008f5b59f0) thrown at [./src/hotspot/share/prims/jni.cpp, line 615]
Event: 88.789 Thread 0x000002a4b9327800 Exception <a 'sun/nio/fs/WindowsException'{0x000000008f4854f0}> (0x000000008f4854f0) thrown at [./src/hotspot/share/prims/jni.cpp, line 615]
Event: 89.266 Thread 0x000002a4b9487000 Exception <a 'sun/nio/fs/WindowsException'{0x000000008ee2a458}> (0x000000008ee2a458) thrown at [./src/hotspot/share/prims/jni.cpp, line 615]
Event: 89.297 Thread 0x000002a4b9327800 Exception <a 'sun/nio/fs/WindowsException'{0x000000008e719658}> (0x000000008e719658) thrown at [./src/hotspot/share/prims/jni.cpp, line 615]
Event: 89.429 Thread 0x000002a4b9327800 Exception <a 'sun/nio/fs/WindowsException'{0x0000000090679cd8}> (0x0000000090679cd8) thrown at [./src/hotspot/share/prims/jni.cpp, line 615]
Event: 89.442 Thread 0x000002a4b9487000 Exception <a 'sun/nio/fs/WindowsException'{0x00000000903025f0}> (0x00000000903025f0) thrown at [./src/hotspot/share/prims/jni.cpp, line 615]
Event: 89.503 Thread 0x000002a4b932a800 Exception <a 'java/lang/NoSuchMethodError'{0x000000008f3632f8}: 'int java.lang.invoke.DirectMethodHandle$Holder.invokeInterface(java.lang.Object, java.lang.Object, int)'> (0x000000008f3632f8) thrown at [./src/hotspot/share/interpreter/linkResolver.cpp, line 773]
Event: 89.937 Thread 0x000002a4b9327800 Exception <a 'sun/nio/fs/WindowsException'{0x000000008f0a32a8}> (0x000000008f0a32a8) thrown at [./src/hotspot/share/prims/jni.cpp, line 615]
Event: 89.969 Thread 0x000002a4b9487000 Exception <a 'sun/nio/fs/WindowsException'{0x000000008e755098}> (0x000000008e755098) thrown at [./src/hotspot/share/prims/jni.cpp, line 615]
Event: 89.991 Thread 0x000002a4b9487000 Exception <a 'sun/nio/fs/WindowsException'{0x000000008e1f1e38}> (0x000000008e1f1e38) thrown at [./src/hotspot/share/prims/jni.cpp, line 615]
Event: 90.082 Thread 0x000002a4b9327800 Exception <a 'sun/nio/fs/WindowsException'{0x00000000904ae688}> (0x00000000904ae688) thrown at [./src/hotspot/share/prims/jni.cpp, line 615]

Events (20 events):
Event: 89.964 loading class com/android/tools/r8/code/a3
Event: 89.964 loading class com/android/tools/r8/code/a3 done
Event: 89.964 loading class com/android/tools/r8/code/Y2
Event: 89.964 loading class com/android/tools/r8/code/Y2 done
Event: 89.965 loading class com/android/tools/r8/code/V2
Event: 89.965 loading class com/android/tools/r8/code/V2 done
Event: 89.969 loading class com/android/tools/r8/code/c3
Event: 89.969 loading class com/android/tools/r8/code/c3 done
Event: 89.970 loading class com/android/tools/r8/code/b3
Event: 89.970 loading class com/android/tools/r8/code/b3 done
Event: 90.000 Executing VM operation: G1CollectForAllocation
Event: 90.006 Executing VM operation: G1CollectForAllocation done
Event: 90.039 Executing VM operation: G1CollectForAllocation
Event: 90.056 Executing VM operation: G1CollectForAllocation done
Event: 90.199 Executing VM operation: ICBufferFull
Event: 90.201 Executing VM operation: ICBufferFull done
Event: 90.238 Executing VM operation: RevokeBias
Event: 90.239 Executing VM operation: RevokeBias done
Event: 90.242 Executing VM operation: G1CollectForAllocation
Event: 90.246 Executing VM operation: G1CollectForAllocation done


Dynamic libraries:
0x00007ff6c8400000 - 0x00007ff6c840a000 	E:\AndroidStudio\jre\bin\java.exe
0x00007ffcf4a10000 - 0x00007ffcf4c05000 	C:\Windows\SYSTEM32\ntdll.dll
0x00007ffcf4360000 - 0x00007ffcf441e000 	C:\Windows\System32\KERNEL32.DLL
0x00007ffcf2590000 - 0x00007ffcf2858000 	C:\Windows\System32\KERNELBASE.dll
0x00007ffcf21b0000 - 0x00007ffcf22b0000 	C:\Windows\System32\ucrtbase.dll
0x00007ffcef8e0000 - 0x00007ffcef8f7000 	E:\AndroidStudio\jre\bin\VCRUNTIME140.dll
0x00007ffcedc90000 - 0x00007ffcedca9000 	E:\AndroidStudio\jre\bin\jli.dll
0x00007ffcf4430000 - 0x00007ffcf45d1000 	C:\Windows\System32\USER32.dll
0x00007ffcf2460000 - 0x00007ffcf2482000 	C:\Windows\System32\win32u.dll
0x00007ffcf3750000 - 0x00007ffcf377b000 	C:\Windows\System32\GDI32.dll
0x00007ffcf2350000 - 0x00007ffcf245d000 	C:\Windows\System32\gdi32full.dll
0x00007ffcf22b0000 - 0x00007ffcf234d000 	C:\Windows\System32\msvcp_win.dll
0x00007ffcdb790000 - 0x00007ffcdba2a000 	C:\Windows\WinSxS\amd64_microsoft.windows.common-controls_6595b64144ccf1df_6.0.19041.1110_none_60b5254171f9507e\COMCTL32.dll
0x00007ffcf38a0000 - 0x00007ffcf393e000 	C:\Windows\System32\msvcrt.dll
0x00007ffcf4740000 - 0x00007ffcf4770000 	C:\Windows\System32\IMM32.DLL
0x00007ffcdf2d0000 - 0x00007ffcdf36d000 	E:\AndroidStudio\jre\bin\msvcp140.dll
0x00007ffcce6c0000 - 0x00007ffccf195000 	E:\AndroidStudio\jre\bin\server\jvm.dll
0x00007ffcf4670000 - 0x00007ffcf471e000 	C:\Windows\System32\ADVAPI32.dll
0x00007ffcf42b0000 - 0x00007ffcf434c000 	C:\Windows\System32\sechost.dll
0x00007ffcf2e20000 - 0x00007ffcf2f45000 	C:\Windows\System32\RPCRT4.dll
0x00007ffcf2db0000 - 0x00007ffcf2db8000 	C:\Windows\System32\PSAPI.DLL
0x00007ffcede20000 - 0x00007ffcede29000 	C:\Windows\SYSTEM32\WSOCK32.dll
0x00007ffcf3940000 - 0x00007ffcf39ab000 	C:\Windows\System32\WS2_32.dll
0x00007ffce7d50000 - 0x00007ffce7d77000 	C:\Windows\SYSTEM32\WINMM.dll
0x00007ffceb2d0000 - 0x00007ffceb2da000 	C:\Windows\SYSTEM32\VERSION.dll
0x00007ffcf0030000 - 0x00007ffcf0042000 	C:\Windows\SYSTEM32\kernel.appcore.dll
0x00007ffced6c0000 - 0x00007ffced6d1000 	E:\AndroidStudio\jre\bin\verify.dll
0x00007ffcebf50000 - 0x00007ffcec134000 	C:\Windows\SYSTEM32\DBGHELP.DLL
0x00007ffce0520000 - 0x00007ffce054c000 	C:\Windows\SYSTEM32\dbgcore.DLL
0x00007ffcf29c0000 - 0x00007ffcf2a42000 	C:\Windows\System32\bcryptPrimitives.dll
0x00007ffce3070000 - 0x00007ffce3099000 	E:\AndroidStudio\jre\bin\java.dll
0x00007ffced6b0000 - 0x00007ffced6bb000 	E:\AndroidStudio\jre\bin\jimage.dll
0x00007ffceb010000 - 0x00007ffceb028000 	E:\AndroidStudio\jre\bin\zip.dll
0x00007ffcf3b60000 - 0x00007ffcf42a4000 	C:\Windows\System32\SHELL32.dll
0x00007ffcf0230000 - 0x00007ffcf09c5000 	C:\Windows\SYSTEM32\windows.storage.dll
0x00007ffcf2a50000 - 0x00007ffcf2da5000 	C:\Windows\System32\combase.dll
0x00007ffcf1aa0000 - 0x00007ffcf1ace000 	C:\Windows\SYSTEM32\Wldp.dll
0x00007ffcf2fb0000 - 0x00007ffcf305d000 	C:\Windows\System32\SHCORE.dll
0x00007ffcf36f0000 - 0x00007ffcf3745000 	C:\Windows\System32\shlwapi.dll
0x00007ffcf2060000 - 0x00007ffcf207f000 	C:\Windows\SYSTEM32\profapi.dll
0x00007ffcead80000 - 0x00007ffcead9a000 	E:\AndroidStudio\jre\bin\net.dll
0x00007ffceb700000 - 0x00007ffceb80c000 	C:\Windows\SYSTEM32\WINHTTP.dll
0x00007ffcf1800000 - 0x00007ffcf186a000 	C:\Windows\system32\mswsock.dll
0x00007ffce86e0000 - 0x00007ffce86f4000 	E:\AndroidStudio\jre\bin\nio.dll
0x00007ffce0ed0000 - 0x00007ffce0ef7000 	C:\Users\Rostya\.gradle\native\e1d6ef7f7dcc3fd88c89a11ec53ec762bb8ba0a96d01ffa2cd45eb1d1d8dd5c5\windows-amd64\native-platform.dll
0x00007ffcce570000 - 0x00007ffcce6b4000 	C:\Users\Rostya\.gradle\native\5664cfc778a61ccfe75a443a1ab52a65af34e5dc3c78e0209fed803814484fcb\windows-amd64\native-platform-file-events.dll
0x00007ffceb080000 - 0x00007ffceb08a000 	E:\AndroidStudio\jre\bin\management.dll
0x00007ffce3060000 - 0x00007ffce306d000 	E:\AndroidStudio\jre\bin\management_ext.dll
0x00007ffcf1a00000 - 0x00007ffcf1a18000 	C:\Windows\SYSTEM32\CRYPTSP.dll
0x00007ffcf1180000 - 0x00007ffcf11b4000 	C:\Windows\system32\rsaenh.dll
0x00007ffcf2180000 - 0x00007ffcf21a7000 	C:\Windows\System32\bcrypt.dll
0x00007ffcf2020000 - 0x00007ffcf204e000 	C:\Windows\SYSTEM32\USERENV.dll
0x00007ffcf19f0000 - 0x00007ffcf19fc000 	C:\Windows\SYSTEM32\CRYPTBASE.dll
0x00007ffcf14f0000 - 0x00007ffcf152b000 	C:\Windows\SYSTEM32\IPHLPAPI.DLL
0x00007ffcf4420000 - 0x00007ffcf4428000 	C:\Windows\System32\NSI.dll
0x00007ffcebec0000 - 0x00007ffcebed7000 	C:\Windows\SYSTEM32\dhcpcsvc6.DLL
0x00007ffcebea0000 - 0x00007ffcebebd000 	C:\Windows\SYSTEM32\dhcpcsvc.DLL
0x00007ffcf1530000 - 0x00007ffcf15fb000 	C:\Windows\SYSTEM32\DNSAPI.dll
0x00007ffce2090000 - 0x00007ffce20b7000 	E:\AndroidStudio\jre\bin\sunec.dll
0x00007ffceb620000 - 0x00007ffceb62a000 	C:\Windows\System32\rasadhlp.dll
0x00007ffceb540000 - 0x00007ffceb5bf000 	C:\Windows\System32\fwpuclnt.dll
0x00007ffcefa00000 - 0x00007ffcefa90000 	C:\Windows\system32\apphelp.dll

dbghelp: loaded successfully - version: 4.0.5 - missing functions: none
symbol engine: initialized successfully - sym options: 0x614 - pdb path: .;E:\AndroidStudio\jre\bin;C:\Windows\SYSTEM32;C:\Windows\WinSxS\amd64_microsoft.windows.common-controls_6595b64144ccf1df_6.0.19041.1110_none_60b5254171f9507e;E:\AndroidStudio\jre\bin\server;C:\Users\Rostya\.gradle\native\e1d6ef7f7dcc3fd88c89a11ec53ec762bb8ba0a96d01ffa2cd45eb1d1d8dd5c5\windows-amd64;C:\Users\Rostya\.gradle\native\5664cfc778a61ccfe75a443a1ab52a65af34e5dc3c78e0209fed803814484fcb\windows-amd64

VM Arguments:
jvm_args: --add-opens=java.base/java.util=ALL-UNNAMED --add-opens=java.base/java.lang=ALL-UNNAMED --add-opens=java.base/java.lang.invoke=ALL-UNNAMED --add-opens=java.base/java.util=ALL-UNNAMED --add-opens=java.prefs/java.util.prefs=ALL-UNNAMED --add-opens=java.prefs/java.util.prefs=ALL-UNNAMED --add-opens=java.base/java.nio.charset=ALL-UNNAMED --add-opens=java.base/java.net=ALL-UNNAMED --add-opens=java.base/java.util.concurrent.atomic=ALL-UNNAMED -Xmx2048m -Dfile.encoding=UTF-8 -Duser.country=RU -Duser.language=ru -Duser.variant 
java_command: org.gradle.launcher.daemon.bootstrap.GradleDaemon 7.2
java_class_path (initial): C:\Users\Rostya\.gradle\wrapper\dists\gradle-7.2-bin\2dnblmf4td7x66yl1d74lt32g\gradle-7.2\lib\gradle-launcher-7.2.jar
Launcher Type: SUN_STANDARD

[Global flags]
     intx CICompilerCount                          = 3                                         {product} {ergonomic}
     uint ConcGCThreads                            = 2                                         {product} {ergonomic}
     uint G1ConcRefinementThreads                  = 6                                         {product} {ergonomic}
   size_t G1HeapRegionSize                         = 1048576                                   {product} {ergonomic}
    uintx GCDrainStackTargetSize                   = 64                                        {product} {ergonomic}
   size_t InitialHeapSize                          = 134217728                                 {product} {ergonomic}
   size_t MarkStackSize                            = 4194304                                   {product} {ergonomic}
   size_t MaxHeapSize                              = 2147483648                                {product} {command line}
   size_t MaxNewSize                               = 1287651328                                {product} {ergonomic}
   size_t MinHeapDeltaBytes                        = 1048576                                   {product} {ergonomic}
    uintx NonNMethodCodeHeapSize                   = 5830732                                {pd product} {ergonomic}
    uintx NonProfiledCodeHeapSize                  = 122913754                              {pd product} {ergonomic}
    uintx ProfiledCodeHeapSize                     = 122913754                              {pd product} {ergonomic}
    uintx ReservedCodeCacheSize                    = 251658240                              {pd product} {ergonomic}
     bool SegmentedCodeCache                       = true                                      {product} {ergonomic}
     bool UseCompressedClassPointers               = true                                 {lp64_product} {ergonomic}
     bool UseCompressedOops                        = true                                 {lp64_product} {ergonomic}
     bool UseG1GC                                  = true                                      {product} {ergonomic}
     bool UseLargePagesIndividualAllocation        = false                                  {pd product} {ergonomic}

Logging:
Log output configuration:
 #0: stdout all=warning uptime,level,tags
 #1: stderr all=off uptime,level,tags

Environment Variables:
PATH=C:\Program Files\Common Files\Oracle\Java\javapath;C:\Windows\system32;C:\Windows;C:\Windows\System32\Wbem;C:\Windows\System32\WindowsPowerShell\v1.0\;C:\Windows\System32\OpenSSH\;C:\Program Files\Git\cmd;C:\Users\Rostya\AppData\Local\Microsoft\WindowsApps
USERNAME=Rostya
OS=Windows_NT
PROCESSOR_IDENTIFIER=AMD64 Family 21 Model 2 Stepping 0, AuthenticAMD



---------------  S Y S T E M  ---------------

OS: Windows 10 , 64 bit Build 19041 (10.0.19041.1466)
OS uptime: 0 days 0:48 hours

CPU:total 6 (initial active 6) (6 cores per cpu, 1 threads per core) family 21 model 2 stepping 0 microcode 0x0, cmov, cx8, fxsr, mmx, sse, sse2, sse3, ssse3, sse4.1, sse4.2, popcnt, avx, aes, clmul, mmxext, 3dnowpref, lzcnt, sse4a, tsc, tscinvbit, tscinv, bmi1, fma

Memory: 4k page, system-wide physical 8088M (2391M free)
TotalPageFile size 8088M (AvailPageFile size 48M)
current process WorkingSet (physical memory assigned to process): 678M, peak: 683M
current process commit charge ("private bytes"): 724M, peak: 729M

vm_info: OpenJDK 64-Bit Server VM (11.0.11+9-b60-7590822) for windows-amd64 JRE (11.0.11+9-b60-7590822), built on Jul 29 2021 21:43:44 by "builder" with MS VC++ 14.0 (VS2015)

END.
