#
# There is insufficient memory for the Java Runtime Environment to continue.
# Native memory allocation (mmap) failed to map 40894464 bytes for Failed to commit area from 0x000000008b900000 to 0x000000008e000000 of length 40894464.
# Possible reasons:
#   The system is out of physical RAM or swap space
#   The process is running with CompressedOops enabled, and the Java Heap may be blocking the growth of the native heap
# Possible solutions:
#   Reduce memory load on the system
#   Increase physical memory or swap space
#   Check if swap backing store is full
#   Decrease Java heap size (-Xmx/-Xms)
#   Decrease number of Java threads
#   Decrease Java thread stack sizes (-Xss)
#   Set larger code cache with -XX:ReservedCodeCacheSize=
#   JVM is running with Unscaled Compressed Oops mode in which the Java heap is
#     placed in the first 4GB address space. The Java Heap base address is the
#     maximum limit for the native heap growth. Please use -XX:HeapBaseMinAddress
#     to set the Java Heap base and to place the Java Heap above 4GB virtual address.
# This output file may be truncated or incomplete.
#
#  Out of Memory Error (./src/hotspot/os/windows/os_windows.cpp:3301), pid=5032, tid=8892
#
# JRE version: OpenJDK Runtime Environment (11.0.11+9) (build 11.0.11+9-b60-7590822)
# Java VM: OpenJDK 64-Bit Server VM (11.0.11+9-b60-7590822, mixed mode, tiered, compressed oops, g1 gc, windows-amd64)
# No core dump will be written. Minidumps are not enabled by default on client versions of Windows
#

---------------  S U M M A R Y ------------

Command Line: --add-opens=java.base/java.util=ALL-UNNAMED --add-opens=java.base/java.lang=ALL-UNNAMED --add-opens=java.base/java.lang.invoke=ALL-UNNAMED --add-opens=java.base/java.util=ALL-UNNAMED --add-opens=java.prefs/java.util.prefs=ALL-UNNAMED --add-opens=java.prefs/java.util.prefs=ALL-UNNAMED --add-opens=java.base/java.nio.charset=ALL-UNNAMED --add-opens=java.base/java.net=ALL-UNNAMED --add-opens=java.base/java.util.concurrent.atomic=ALL-UNNAMED -Xmx2048m -Dfile.encoding=UTF-8 -Duser.country=RU -Duser.language=ru -Duser.variant org.gradle.launcher.daemon.bootstrap.GradleDaemon 7.2

Host: AMD FX(tm)-6350 Six-Core Processor             , 6 cores, 7G,  Windows 10 , 64 bit Build 19041 (10.0.19041.1466)
Time: Fri Feb  4 03:27:08 2022 Новосибирское стандартное время elapsed time: 945.877331 seconds (0d 0h 15m 45s)

---------------  T H R E A D  ---------------

Current thread (0x00000269e54e3000):  VMThread "VM Thread" [stack: 0x000000f31ad00000,0x000000f31ae00000] [id=8892]

Stack: [0x000000f31ad00000,0x000000f31ae00000]
[error occurred during error reporting (printing stack bounds), id 0xc0000005, EXCEPTION_ACCESS_VIOLATION (0xc0000005) at pc=0x00000269cefb0f2d]

Native frames: (J=compiled Java code, j=interpreted, Vv=VM code, C=native code)
V  [jvm.dll+0x5f214a]
V  [jvm.dll+0x726fb5]
V  [jvm.dll+0x7285cd]
V  [jvm.dll+0x728be5]
V  [jvm.dll+0x728b9b]
V  [jvm.dll+0x5f14e8]
V  [jvm.dll+0x5f1c78]
C  [ntdll.dll+0xa20cf]
C  [ntdll.dll+0x51454]
C  [ntdll.dll+0xa0bfe]
C  0x00000269cefb0f2d

VM_Operation (0x000000f31bef5e20): G1CollectForAllocation, mode: safepoint, requested by thread 0x00000269ea256800


---------------  P R O C E S S  ---------------

Threads class SMR info:
_java_thread_list=0x00000269eb8f0760, length=102, elements={
0x00000269cb4bb000, 0x00000269e54e6000, 0x00000269e54e7800, 0x00000269e5e7c000,
0x00000269e5e7f000, 0x00000269e5e81800, 0x00000269e5506800, 0x00000269e5510000,
0x00000269e5511800, 0x00000269e5fc8000, 0x00000269e85d5800, 0x00000269e75d9800,
0x00000269e79fe800, 0x00000269e8ae8000, 0x00000269e8aec000, 0x00000269e8aee800,
0x00000269e8ae9800, 0x00000269e8aea000, 0x00000269e8aec800, 0x00000269e8aeb000,
0x00000269e8772000, 0x00000269e8772800, 0x00000269e876f800, 0x00000269e876d000,
0x00000269e876d800, 0x00000269e877a000, 0x00000269ea264000, 0x00000269ea256000,
0x00000269ea255000, 0x00000269ea25b000, 0x00000269ea256800, 0x00000269ea25b800,
0x00000269ea25a000, 0x00000269ea25c800, 0x00000269ea25d800, 0x00000269ea25e000,
0x00000269ea258800, 0x00000269ea25f000, 0x00000269ea25f800, 0x00000269ea260800,
0x00000269ea263000, 0x00000269ea261800, 0x00000269ea262000, 0x00000269ee0db800,
0x00000269ee0dc000, 0x00000269ee0d9000, 0x00000269ee0d9800, 0x00000269ee0dd000,
0x00000269ee0d7800, 0x00000269ee0da800, 0x00000269ee0e3800, 0x00000269ee0de000,
0x00000269ee0e4800, 0x00000269ee0e2000, 0x00000269ee0de800, 0x00000269ee0e2800,
0x00000269ee0e5000, 0x00000269ee0df800, 0x00000269ee0e6000, 0x00000269ee0e1000,
0x00000269ee0e0800, 0x00000269e8775000, 0x00000269e8776000, 0x00000269e8773800,
0x00000269e8770000, 0x00000269e8776800, 0x00000269e8771000, 0x00000269e877b800,
0x00000269e8778800, 0x00000269e8777800, 0x00000269e8779000, 0x00000269e8ae8800,
0x00000269e8aed800, 0x00000269ede6a000, 0x00000269ede67000, 0x00000269ede6b000,
0x00000269ede67800, 0x00000269ede6e000, 0x00000269ede6b800, 0x00000269ede68800,
0x00000269ede6c800, 0x00000269ede6d800, 0x00000269ede69000, 0x00000269ede6f000,
0x00000269ede74800, 0x00000269ede70800, 0x00000269ede75800, 0x00000269ede71800,
0x00000269ede74000, 0x00000269ede72000, 0x00000269ede73000, 0x00000269ede70000,
0x00000269ea2f6000, 0x00000269ea2f6800, 0x00000269ea2f7800, 0x00000269ea2f2800,
0x00000269ea2f9000, 0x00000269ea2f3800, 0x00000269ea2f8800, 0x00000269ea2f4000,
0x00000269ea2fa000, 0x00000269ea2fd000
}

Java Threads: ( => current thread )
  0x00000269cb4bb000 JavaThread "main" [_thread_blocked, id=1448, stack(0x000000f31a700000,0x000000f31a800000)]
  0x00000269e54e6000 JavaThread "Reference Handler" daemon [_thread_blocked, id=7704, stack(0x000000f31ae00000,0x000000f31af00000)]
  0x00000269e54e7800 JavaThread "Finalizer" daemon [_thread_blocked, id=9108, stack(0x000000f31af00000,0x000000f31b000000)]
  0x00000269e5e7c000 JavaThread "Signal Dispatcher" daemon [_thread_blocked, id=4624, stack(0x000000f31b000000,0x000000f31b100000)]
  0x00000269e5e7f000 JavaThread "Attach Listener" daemon [_thread_blocked, id=8776, stack(0x000000f31b100000,0x000000f31b200000)]
  0x00000269e5e81800 JavaThread "Service Thread" daemon [_thread_blocked, id=9840, stack(0x000000f31b200000,0x000000f31b300000)]
  0x00000269e5506800 JavaThread "C2 CompilerThread0" daemon [_thread_blocked, id=9048, stack(0x000000f31b300000,0x000000f31b400000)]
  0x00000269e5510000 JavaThread "C1 CompilerThread0" daemon [_thread_blocked, id=5620, stack(0x000000f31b400000,0x000000f31b500000)]
  0x00000269e5511800 JavaThread "Sweeper thread" daemon [_thread_blocked, id=6788, stack(0x000000f31b500000,0x000000f31b600000)]
  0x00000269e5fc8000 JavaThread "Common-Cleaner" daemon [_thread_blocked, id=9936, stack(0x000000f31b600000,0x000000f31b700000)]
  0x00000269e85d5800 JavaThread "Daemon health stats" [_thread_blocked, id=2904, stack(0x000000f31bb00000,0x000000f31bc00000)]
  0x00000269e75d9800 JavaThread "Incoming local TCP Connector on port 51203" [_thread_in_native, id=4628, stack(0x000000f31bc00000,0x000000f31bd00000)]
  0x00000269e79fe800 JavaThread "Daemon periodic checks" [_thread_blocked, id=2032, stack(0x000000f31bd00000,0x000000f31be00000)]
  0x00000269e8ae8000 JavaThread "Cache worker for journal cache (C:\Users\Rostya\.gradle\caches\journal-1)" [_thread_blocked, id=7124, stack(0x000000f31c500000,0x000000f31c600000)]
  0x00000269e8aec000 JavaThread "File lock request listener" [_thread_in_native, id=4764, stack(0x000000f31c600000,0x000000f31c700000)]
  0x00000269e8aee800 JavaThread "Cache worker for file hash cache (C:\Users\Rostya\.gradle\caches\7.2\fileHashes)" [_thread_blocked, id=2384, stack(0x000000f31cb00000,0x000000f31cc00000)]
  0x00000269e8ae9800 JavaThread "File watcher server" daemon [_thread_in_native, id=9624, stack(0x000000f31cd00000,0x000000f31ce00000)]
  0x00000269e8aea000 JavaThread "File watcher consumer" daemon [_thread_blocked, id=7068, stack(0x000000f31ce00000,0x000000f31cf00000)]
  0x00000269e8aec800 JavaThread "jar transforms" [_thread_blocked, id=4688, stack(0x000000f31cf00000,0x000000f31d000000)]
  0x00000269e8aeb000 JavaThread "jar transforms Thread 2" [_thread_blocked, id=8544, stack(0x000000f31d000000,0x000000f31d100000)]
  0x00000269e8772000 JavaThread "jar transforms Thread 3" [_thread_blocked, id=5492, stack(0x000000f31d100000,0x000000f31d200000)]
  0x00000269e8772800 JavaThread "jar transforms Thread 4" [_thread_blocked, id=5212, stack(0x000000f31d200000,0x000000f31d300000)]
  0x00000269e876f800 JavaThread "jar transforms Thread 5" [_thread_blocked, id=3100, stack(0x000000f31d300000,0x000000f31d400000)]
  0x00000269e876d000 JavaThread "jar transforms Thread 6" [_thread_blocked, id=2528, stack(0x000000f31d400000,0x000000f31d500000)]
  0x00000269e876d800 JavaThread "Cache worker for execution history cache (C:\Users\Rostya\.gradle\caches\7.2\executionHistory)" [_thread_blocked, id=2724, stack(0x000000f31d800000,0x000000f31d900000)]
  0x00000269e877a000 JavaThread "Cache worker for file content cache (C:\Users\Rostya\.gradle\caches\7.2\fileContent)" [_thread_blocked, id=10136, stack(0x000000f31d900000,0x000000f31da00000)]
  0x00000269ea264000 JavaThread "Memory manager" [_thread_blocked, id=1584, stack(0x000000f321800000,0x000000f321900000)]
  0x00000269ea256000 JavaThread "Daemon Thread 2" [_thread_blocked, id=7664, stack(0x000000f31a500000,0x000000f31a600000)]
  0x00000269ea255000 JavaThread "Handler for socket connection from /127.0.0.1:51203 to /127.0.0.1:51752" [_thread_in_native, id=4116, stack(0x000000f31a600000,0x000000f31a700000)]
  0x00000269ea25b000 JavaThread "Cancel handler" [_thread_blocked, id=2448, stack(0x000000f31b800000,0x000000f31b900000)]
  0x00000269ea256800 JavaThread "Daemon worker Thread 2" [_thread_blocked, id=2600, stack(0x000000f31be00000,0x000000f31bf00000)]
  0x00000269ea25b800 JavaThread "Asynchronous log dispatcher for DefaultDaemonConnection: socket connection from /127.0.0.1:51203 to /127.0.0.1:51752" [_thread_blocked, id=6900, stack(0x000000f31bf00000,0x000000f31c000000)]
  0x00000269ea25a000 JavaThread "Stdin handler" [_thread_blocked, id=2172, stack(0x000000f31c000000,0x000000f31c100000)]
  0x00000269ea25c800 JavaThread "Daemon client event forwarder" [_thread_blocked, id=3220, stack(0x000000f31c100000,0x000000f31c200000)]
  0x00000269ea25d800 JavaThread "Cache worker for file hash cache (E:\Program Files\androidProjects\GeoQuiz\.gradle\7.2\fileHashes)" [_thread_blocked, id=8148, stack(0x000000f31c200000,0x000000f31c300000)]
  0x00000269ea25e000 JavaThread "Cache worker for checksums cache (E:\Program Files\androidProjects\GeoQuiz\.gradle\checksums)" [_thread_blocked, id=8288, stack(0x000000f31c400000,0x000000f31c500000)]
  0x00000269ea258800 JavaThread "Cache worker for cache directory md-supplier (C:\Users\Rostya\.gradle\caches\7.2\md-supplier)" [_thread_blocked, id=8976, stack(0x000000f31cc00000,0x000000f31cd00000)]
  0x00000269ea25f000 JavaThread "Cache worker for cache directory md-rule (C:\Users\Rostya\.gradle\caches\7.2\md-rule)" [_thread_blocked, id=7268, stack(0x000000f31d500000,0x000000f31d600000)]
  0x00000269ea25f800 JavaThread "Cache worker for dependencies-accessors (E:\Program Files\androidProjects\GeoQuiz\.gradle\7.2\dependencies-accessors)" [_thread_blocked, id=4100, stack(0x000000f31d600000,0x000000f31d700000)]
  0x00000269ea260800 JavaThread "Cache worker for Build Output Cleanup Cache (E:\Program Files\androidProjects\GeoQuiz\.gradle\buildOutputCleanup)" [_thread_blocked, id=7320, stack(0x000000f31d700000,0x000000f31d800000)]
  0x00000269ea263000 JavaThread "Unconstrained build operations" [_thread_blocked, id=7796, stack(0x000000f31da00000,0x000000f31db00000)]
  0x00000269ea261800 JavaThread "Unconstrained build operations Thread 2" [_thread_blocked, id=6724, stack(0x000000f31db00000,0x000000f31dc00000)]
  0x00000269ea262000 JavaThread "Unconstrained build operations Thread 3" [_thread_blocked, id=7392, stack(0x000000f31dc00000,0x000000f31dd00000)]
  0x00000269ee0db800 JavaThread "Unconstrained build operations Thread 4" [_thread_blocked, id=7548, stack(0x000000f31dd00000,0x000000f31de00000)]
  0x00000269ee0dc000 JavaThread "Unconstrained build operations Thread 5" [_thread_blocked, id=5904, stack(0x000000f31de00000,0x000000f31df00000)]
  0x00000269ee0d9000 JavaThread "Unconstrained build operations Thread 6" [_thread_blocked, id=5508, stack(0x000000f31df00000,0x000000f31e000000)]
  0x00000269ee0d9800 JavaThread "Unconstrained build operations Thread 7" [_thread_blocked, id=9260, stack(0x000000f31e000000,0x000000f31e100000)]
  0x00000269ee0dd000 JavaThread "Unconstrained build operations Thread 8" [_thread_blocked, id=7148, stack(0x000000f31e100000,0x000000f31e200000)]
  0x00000269ee0d7800 JavaThread "Unconstrained build operations Thread 9" [_thread_blocked, id=1124, stack(0x000000f31e200000,0x000000f31e300000)]
  0x00000269ee0da800 JavaThread "Unconstrained build operations Thread 10" [_thread_blocked, id=2460, stack(0x000000f31e300000,0x000000f31e400000)]
  0x00000269ee0e3800 JavaThread "Unconstrained build operations Thread 11" [_thread_blocked, id=2500, stack(0x000000f31e400000,0x000000f31e500000)]
  0x00000269ee0de000 JavaThread "Unconstrained build operations Thread 12" [_thread_blocked, id=2504, stack(0x000000f31e500000,0x000000f31e600000)]
  0x00000269ee0e4800 JavaThread "Unconstrained build operations Thread 13" [_thread_blocked, id=7884, stack(0x000000f31e600000,0x000000f31e700000)]
  0x00000269ee0e2000 JavaThread "Unconstrained build operations Thread 14" [_thread_blocked, id=8340, stack(0x000000f31e700000,0x000000f31e800000)]
  0x00000269ee0de800 JavaThread "Unconstrained build operations Thread 15" [_thread_blocked, id=1212, stack(0x000000f31e800000,0x000000f31e900000)]
  0x00000269ee0e2800 JavaThread "Unconstrained build operations Thread 16" [_thread_blocked, id=2496, stack(0x000000f31e900000,0x000000f31ea00000)]
  0x00000269ee0e5000 JavaThread "Unconstrained build operations Thread 17" [_thread_blocked, id=4260, stack(0x000000f31ea00000,0x000000f31eb00000)]
  0x00000269ee0df800 JavaThread "Unconstrained build operations Thread 18" [_thread_blocked, id=2516, stack(0x000000f31eb00000,0x000000f31ec00000)]
  0x00000269ee0e6000 JavaThread "Unconstrained build operations Thread 19" [_thread_blocked, id=4844, stack(0x000000f31ec00000,0x000000f31ed00000)]
  0x00000269ee0e1000 JavaThread "Unconstrained build operations Thread 20" [_thread_blocked, id=7244, stack(0x000000f31ed00000,0x000000f31ee00000)]
  0x00000269ee0e0800 JavaThread "Unconstrained build operations Thread 21" [_thread_blocked, id=5472, stack(0x000000f31ee00000,0x000000f31ef00000)]
  0x00000269e8775000 JavaThread "Unconstrained build operations Thread 22" [_thread_blocked, id=5332, stack(0x000000f31ef00000,0x000000f31f000000)]
  0x00000269e8776000 JavaThread "Unconstrained build operations Thread 23" [_thread_blocked, id=8228, stack(0x000000f31f000000,0x000000f31f100000)]
  0x00000269e8773800 JavaThread "Unconstrained build operations Thread 24" [_thread_blocked, id=10068, stack(0x000000f31f100000,0x000000f31f200000)]
  0x00000269e8770000 JavaThread "Unconstrained build operations Thread 25" [_thread_blocked, id=9672, stack(0x000000f31f200000,0x000000f31f300000)]
  0x00000269e8776800 JavaThread "Unconstrained build operations Thread 26" [_thread_blocked, id=10228, stack(0x000000f31f300000,0x000000f31f400000)]
  0x00000269e8771000 JavaThread "Unconstrained build operations Thread 27" [_thread_blocked, id=4016, stack(0x000000f31f400000,0x000000f31f500000)]
  0x00000269e877b800 JavaThread "Unconstrained build operations Thread 28" [_thread_blocked, id=9272, stack(0x000000f31f500000,0x000000f31f600000)]
  0x00000269e8778800 JavaThread "Unconstrained build operations Thread 29" [_thread_blocked, id=740, stack(0x000000f31f600000,0x000000f31f700000)]
  0x00000269e8777800 JavaThread "Unconstrained build operations Thread 30" [_thread_blocked, id=4824, stack(0x000000f31f700000,0x000000f31f800000)]
  0x00000269e8779000 JavaThread "Unconstrained build operations Thread 31" [_thread_blocked, id=8264, stack(0x000000f31f800000,0x000000f31f900000)]
  0x00000269e8ae8800 JavaThread "Unconstrained build operations Thread 32" [_thread_blocked, id=2684, stack(0x000000f31f900000,0x000000f31fa00000)]
  0x00000269e8aed800 JavaThread "Unconstrained build operations Thread 33" [_thread_blocked, id=5896, stack(0x000000f31fa00000,0x000000f31fb00000)]
  0x00000269ede6a000 JavaThread "Unconstrained build operations Thread 34" [_thread_blocked, id=7028, stack(0x000000f31fb00000,0x000000f31fc00000)]
  0x00000269ede67000 JavaThread "Unconstrained build operations Thread 35" [_thread_blocked, id=944, stack(0x000000f31fc00000,0x000000f31fd00000)]
  0x00000269ede6b000 JavaThread "Unconstrained build operations Thread 36" [_thread_blocked, id=3844, stack(0x000000f31fd00000,0x000000f31fe00000)]
  0x00000269ede67800 JavaThread "Unconstrained build operations Thread 37" [_thread_blocked, id=4324, stack(0x000000f31fe00000,0x000000f31ff00000)]
  0x00000269ede6e000 JavaThread "Unconstrained build operations Thread 38" [_thread_blocked, id=7000, stack(0x000000f31ff00000,0x000000f320000000)]
  0x00000269ede6b800 JavaThread "Unconstrained build operations Thread 39" [_thread_blocked, id=9952, stack(0x000000f320000000,0x000000f320100000)]
  0x00000269ede68800 JavaThread "Unconstrained build operations Thread 40" [_thread_blocked, id=3872, stack(0x000000f320100000,0x000000f320200000)]
  0x00000269ede6c800 JavaThread "Unconstrained build operations Thread 41" [_thread_blocked, id=2408, stack(0x000000f320200000,0x000000f320300000)]
  0x00000269ede6d800 JavaThread "Unconstrained build operations Thread 42" [_thread_blocked, id=4680, stack(0x000000f320300000,0x000000f320400000)]
  0x00000269ede69000 JavaThread "Unconstrained build operations Thread 43" [_thread_blocked, id=5624, stack(0x000000f320400000,0x000000f320500000)]
  0x00000269ede6f000 JavaThread "Unconstrained build operations Thread 44" [_thread_blocked, id=3320, stack(0x000000f320500000,0x000000f320600000)]
  0x00000269ede74800 JavaThread "Unconstrained build operations Thread 45" [_thread_blocked, id=9348, stack(0x000000f320600000,0x000000f320700000)]
  0x00000269ede70800 JavaThread "Unconstrained build operations Thread 46" [_thread_blocked, id=6508, stack(0x000000f320700000,0x000000f320800000)]
  0x00000269ede75800 JavaThread "Unconstrained build operations Thread 47" [_thread_blocked, id=2672, stack(0x000000f320800000,0x000000f320900000)]
  0x00000269ede71800 JavaThread "Unconstrained build operations Thread 48" [_thread_blocked, id=8540, stack(0x000000f320900000,0x000000f320a00000)]
  0x00000269ede74000 JavaThread "Unconstrained build operations Thread 49" [_thread_blocked, id=7232, stack(0x000000f320a00000,0x000000f320b00000)]
  0x00000269ede72000 JavaThread "Unconstrained build operations Thread 50" [_thread_blocked, id=520, stack(0x000000f320b00000,0x000000f320c00000)]
  0x00000269ede73000 JavaThread "Unconstrained build operations Thread 51" [_thread_blocked, id=8536, stack(0x000000f320c00000,0x000000f320d00000)]
  0x00000269ede70000 JavaThread "Unconstrained build operations Thread 52" [_thread_blocked, id=8356, stack(0x000000f320d00000,0x000000f320e00000)]
  0x00000269ea2f6000 JavaThread "Unconstrained build operations Thread 53" [_thread_blocked, id=6676, stack(0x000000f320e00000,0x000000f320f00000)]
  0x00000269ea2f6800 JavaThread "Unconstrained build operations Thread 54" [_thread_blocked, id=1688, stack(0x000000f320f00000,0x000000f321000000)]
  0x00000269ea2f7800 JavaThread "Unconstrained build operations Thread 55" [_thread_blocked, id=9176, stack(0x000000f321000000,0x000000f321100000)]
  0x00000269ea2f2800 JavaThread "Unconstrained build operations Thread 56" [_thread_blocked, id=4212, stack(0x000000f321100000,0x000000f321200000)]
  0x00000269ea2f9000 JavaThread "Unconstrained build operations Thread 57" [_thread_blocked, id=9960, stack(0x000000f321200000,0x000000f321300000)]
  0x00000269ea2f3800 JavaThread "Unconstrained build operations Thread 58" [_thread_blocked, id=2004, stack(0x000000f321300000,0x000000f321400000)]
  0x00000269ea2f8800 JavaThread "Unconstrained build operations Thread 59" [_thread_blocked, id=5880, stack(0x000000f321400000,0x000000f321500000)]
  0x00000269ea2f4000 JavaThread "Unconstrained build operations Thread 60" [_thread_blocked, id=2676, stack(0x000000f321500000,0x000000f321600000)]
  0x00000269ea2fa000 JavaThread "build event listener" [_thread_blocked, id=7828, stack(0x000000f321600000,0x000000f321700000)]
  0x00000269ea2fd000 JavaThread "C2 CompilerThread1" daemon [_thread_blocked, id=4584, stack(0x000000f31a400000,0x000000f31a500000)]

Other Threads:
=>0x00000269e54e3000 VMThread "VM Thread" [stack: 0x000000f31ad00000,0x000000f31ae00000] [id=8892]
  0x00000269e5ff1000 WatcherThread [stack: 0x000000f31b700000,0x000000f31b800000] [id=596]
  0x00000269cb4d3800 GCTaskThread "GC Thread#0" [stack: 0x000000f31a800000,0x000000f31a900000] [id=5664]
  0x00000269e6b56800 GCTaskThread "GC Thread#1" [stack: 0x000000f31b900000,0x000000f31ba00000] [id=2292]
  0x00000269e6b4d800 GCTaskThread "GC Thread#2" [stack: 0x000000f31ba00000,0x000000f31bb00000] [id=5088]
  0x00000269e8ce8000 GCTaskThread "GC Thread#3" [stack: 0x000000f31c700000,0x000000f31c800000] [id=8800]
  0x00000269e810a000 GCTaskThread "GC Thread#4" [stack: 0x000000f31c800000,0x000000f31c900000] [id=6640]
  0x00000269e799e000 GCTaskThread "GC Thread#5" [stack: 0x000000f31c900000,0x000000f31ca00000] [id=8000]
  0x00000269cb504000 ConcurrentGCThread "G1 Main Marker" [stack: 0x000000f31a900000,0x000000f31aa00000] [id=576]
  0x00000269cb506800 ConcurrentGCThread "G1 Conc#0" [stack: 0x000000f31aa00000,0x000000f31ab00000] [id=8672]
  0x00000269e7f5f000 ConcurrentGCThread "G1 Conc#1" [stack: 0x000000f31ca00000,0x000000f31cb00000] [id=5252]
  0x00000269e5334800 ConcurrentGCThread "G1 Refine#0" [stack: 0x000000f31ab00000,0x000000f31ac00000] [id=3852]
  0x00000269cb58e000 ConcurrentGCThread "G1 Young RemSet Sampling" [stack: 0x000000f31ac00000,0x000000f31ad00000] [id=5056]

Threads with active compile tasks:
C2 CompilerThread0 945917 17294       4       org.objectweb.asm.Frame::getAbstractTypeFromDescriptor (415 bytes)
C1 CompilerThread0 945917 17304 %     3       org.objectweb.asm.ClassReader::readCode @ 92 (5109 bytes)
C2 CompilerThread1 945917 17303       4       org.objectweb.asm.Type::getReturnTypeOffset (64 bytes)

VM state:at safepoint (normal execution)

VM Mutex/Monitor currently owned by a thread:  ([mutex/lock_event])
[0x00000269cb4b6740] Threads_lock - owner thread: 0x00000269e54e3000
[0x00000269cb4b6b30] Heap_lock - owner thread: 0x00000269ea256800

Heap address: 0x0000000080000000, size: 2048 MB, Compressed Oops mode: 32-bit
Narrow klass base: 0x0000000000000000, Narrow klass shift: 3
Compressed class space size: 1073741824 Address: 0x0000000100000000

Heap:
 garbage-first heap   total 229376K, used 159908K [0x0000000080000000, 0x0000000100000000)
  region size 1024K, 1 young (1024K), 1 survivors (1024K)
 Metaspace       used 125519K, capacity 128907K, committed 129188K, reserved 1161216K
  class space    used 15662K, capacity 16852K, committed 16988K, reserved 1048576K
Heap Regions: E=young(eden), S=young(survivor), O=old, HS=humongous(starts), HC=humongous(continues), CS=collection set, F=free, A=archive, TAMS=top-at-mark-start (previous, next)
|   0|0x0000000080000000, 0x0000000080100000, 0x0000000080100000|100%| O|  |TAMS 0x0000000080100000, 0x0000000080000000| Untracked 
|   1|0x0000000080100000, 0x0000000080200000, 0x0000000080200000|100%| O|  |TAMS 0x0000000080200000, 0x0000000080100000| Untracked 
|   2|0x0000000080200000, 0x0000000080300000, 0x0000000080300000|100%| O|  |TAMS 0x0000000080300000, 0x0000000080200000| Untracked 
|   3|0x0000000080300000, 0x0000000080400000, 0x0000000080400000|100%|HS|  |TAMS 0x0000000080400000, 0x0000000080300000| Complete 
|   4|0x0000000080400000, 0x0000000080500000, 0x0000000080500000|100%|HC|  |TAMS 0x0000000080500000, 0x0000000080400000| Complete 
|   5|0x0000000080500000, 0x0000000080600000, 0x0000000080600000|100%|HC|  |TAMS 0x0000000080600000, 0x0000000080500000| Complete 
|   6|0x0000000080600000, 0x0000000080700000, 0x0000000080700000|100%| O|  |TAMS 0x0000000080700000, 0x0000000080600000| Untracked 
|   7|0x0000000080700000, 0x0000000080800000, 0x0000000080800000|100%| O|  |TAMS 0x0000000080800000, 0x0000000080700000| Untracked 
|   8|0x0000000080800000, 0x0000000080900000, 0x0000000080900000|100%| O|  |TAMS 0x0000000080900000, 0x0000000080800000| Untracked 
|   9|0x0000000080900000, 0x0000000080a00000, 0x0000000080a00000|100%| O|  |TAMS 0x0000000080a00000, 0x0000000080900000| Untracked 
|  10|0x0000000080a00000, 0x0000000080b00000, 0x0000000080b00000|100%| O|  |TAMS 0x0000000080b00000, 0x0000000080a00000| Untracked 
|  11|0x0000000080b00000, 0x0000000080c00000, 0x0000000080c00000|100%| O|  |TAMS 0x0000000080c00000, 0x0000000080b00000| Untracked 
|  12|0x0000000080c00000, 0x0000000080d00000, 0x0000000080d00000|100%| O|  |TAMS 0x0000000080d00000, 0x0000000080c00000| Untracked 
|  13|0x0000000080d00000, 0x0000000080e00000, 0x0000000080e00000|100%| O|  |TAMS 0x0000000080e00000, 0x0000000080d00000| Untracked 
|  14|0x0000000080e00000, 0x0000000080f00000, 0x0000000080f00000|100%|HS|  |TAMS 0x0000000080f00000, 0x0000000080e00000| Complete 
|  15|0x0000000080f00000, 0x0000000081000000, 0x0000000081000000|100%|HC|  |TAMS 0x0000000081000000, 0x0000000080f00000| Complete 
|  16|0x0000000081000000, 0x0000000081100000, 0x0000000081100000|100%|HS|  |TAMS 0x0000000081100000, 0x0000000081000000| Complete 
|  17|0x0000000081100000, 0x0000000081200000, 0x0000000081200000|100%|HC|  |TAMS 0x0000000081200000, 0x0000000081100000| Complete 
|  18|0x0000000081200000, 0x0000000081300000, 0x0000000081300000|100%|HC|  |TAMS 0x0000000081300000, 0x0000000081200000| Complete 
|  19|0x0000000081300000, 0x0000000081400000, 0x0000000081400000|100%|HS|  |TAMS 0x0000000081400000, 0x0000000081300000| Complete 
|  20|0x0000000081400000, 0x0000000081500000, 0x0000000081500000|100%|HC|  |TAMS 0x0000000081500000, 0x0000000081400000| Complete 
|  21|0x0000000081500000, 0x0000000081600000, 0x0000000081600000|100%|HC|  |TAMS 0x0000000081600000, 0x0000000081500000| Complete 
|  22|0x0000000081600000, 0x0000000081700000, 0x0000000081700000|100%|HC|  |TAMS 0x0000000081700000, 0x0000000081600000| Complete 
|  23|0x0000000081700000, 0x0000000081800000, 0x0000000081800000|100%| O|  |TAMS 0x0000000081800000, 0x0000000081700000| Untracked 
|  24|0x0000000081800000, 0x0000000081900000, 0x0000000081900000|100%| O|  |TAMS 0x0000000081900000, 0x0000000081800000| Untracked 
|  25|0x0000000081900000, 0x0000000081a00000, 0x0000000081a00000|100%| O|  |TAMS 0x0000000081a00000, 0x0000000081900000| Untracked 
|  26|0x0000000081a00000, 0x0000000081b00000, 0x0000000081b00000|100%|HS|  |TAMS 0x0000000081b00000, 0x0000000081a00000| Complete 
|  27|0x0000000081b00000, 0x0000000081c00000, 0x0000000081c00000|100%|HC|  |TAMS 0x0000000081c00000, 0x0000000081b00000| Complete 
|  28|0x0000000081c00000, 0x0000000081d00000, 0x0000000081d00000|100%|HC|  |TAMS 0x0000000081d00000, 0x0000000081c00000| Complete 
|  29|0x0000000081d00000, 0x0000000081e00000, 0x0000000081e00000|100%| O|  |TAMS 0x0000000081e00000, 0x0000000081d00000| Untracked 
|  30|0x0000000081e00000, 0x0000000081f00000, 0x0000000081f00000|100%| O|  |TAMS 0x0000000081f00000, 0x0000000081e00000| Untracked 
|  31|0x0000000081f00000, 0x0000000082000000, 0x0000000082000000|100%| O|  |TAMS 0x0000000082000000, 0x0000000081f00000| Untracked 
|  32|0x0000000082000000, 0x0000000082100000, 0x0000000082100000|100%| O|  |TAMS 0x0000000082100000, 0x0000000082000000| Untracked 
|  33|0x0000000082100000, 0x0000000082200000, 0x0000000082200000|100%| O|  |TAMS 0x0000000082200000, 0x0000000082100000| Untracked 
|  34|0x0000000082200000, 0x0000000082300000, 0x0000000082300000|100%|HS|  |TAMS 0x0000000082300000, 0x0000000082200000| Complete 
|  35|0x0000000082300000, 0x0000000082400000, 0x0000000082400000|100%|HS|  |TAMS 0x0000000082400000, 0x0000000082300000| Complete 
|  36|0x0000000082400000, 0x0000000082500000, 0x0000000082500000|100%|HC|  |TAMS 0x0000000082500000, 0x0000000082400000| Complete 
|  37|0x0000000082500000, 0x0000000082600000, 0x0000000082600000|100%|HC|  |TAMS 0x0000000082600000, 0x0000000082500000| Complete 
|  38|0x0000000082600000, 0x0000000082700000, 0x0000000082700000|100%|HC|  |TAMS 0x0000000082700000, 0x0000000082600000| Complete 
|  39|0x0000000082700000, 0x0000000082800000, 0x0000000082800000|100%| O|  |TAMS 0x0000000082800000, 0x0000000082700000| Untracked 
|  40|0x0000000082800000, 0x0000000082900000, 0x0000000082900000|100%| O|  |TAMS 0x0000000082900000, 0x0000000082800000| Untracked 
|  41|0x0000000082900000, 0x0000000082a00000, 0x0000000082a00000|100%| O|  |TAMS 0x0000000082a00000, 0x0000000082900000| Untracked 
|  42|0x0000000082a00000, 0x0000000082b00000, 0x0000000082b00000|100%|HS|  |TAMS 0x0000000082b00000, 0x0000000082a00000| Complete 
|  43|0x0000000082b00000, 0x0000000082c00000, 0x0000000082c00000|100%|HS|  |TAMS 0x0000000082c00000, 0x0000000082b00000| Complete 
|  44|0x0000000082c00000, 0x0000000082d00000, 0x0000000082d00000|100%|HS|  |TAMS 0x0000000082d00000, 0x0000000082c00000| Complete 
|  45|0x0000000082d00000, 0x0000000082e00000, 0x0000000082e00000|100%|HS|  |TAMS 0x0000000082e00000, 0x0000000082d00000| Complete 
|  46|0x0000000082e00000, 0x0000000082f00000, 0x0000000082f00000|100%|HC|  |TAMS 0x0000000082f00000, 0x0000000082e00000| Complete 
|  47|0x0000000082f00000, 0x0000000083000000, 0x0000000083000000|100%|HC|  |TAMS 0x0000000083000000, 0x0000000082f00000| Complete 
|  48|0x0000000083000000, 0x0000000083100000, 0x0000000083100000|100%| O|  |TAMS 0x0000000083100000, 0x0000000083000000| Untracked 
|  49|0x0000000083100000, 0x0000000083200000, 0x0000000083200000|100%| O|  |TAMS 0x0000000083200000, 0x0000000083100000| Untracked 
|  50|0x0000000083200000, 0x0000000083300000, 0x0000000083300000|100%| O|  |TAMS 0x0000000083300000, 0x0000000083200000| Untracked 
|  51|0x0000000083300000, 0x0000000083400000, 0x0000000083400000|100%| O|  |TAMS 0x0000000083400000, 0x0000000083300000| Untracked 
|  52|0x0000000083400000, 0x0000000083500000, 0x0000000083500000|100%| O|  |TAMS 0x0000000083500000, 0x0000000083400000| Untracked 
|  53|0x0000000083500000, 0x0000000083600000, 0x0000000083600000|100%| O|  |TAMS 0x0000000083600000, 0x0000000083500000| Untracked 
|  54|0x0000000083600000, 0x0000000083700000, 0x0000000083700000|100%| O|  |TAMS 0x0000000083700000, 0x0000000083600000| Untracked 
|  55|0x0000000083700000, 0x0000000083800000, 0x0000000083800000|100%| O|  |TAMS 0x0000000083800000, 0x0000000083700000| Untracked 
|  56|0x0000000083800000, 0x0000000083900000, 0x0000000083900000|100%| O|  |TAMS 0x0000000083900000, 0x0000000083800000| Untracked 
|  57|0x0000000083900000, 0x0000000083a00000, 0x0000000083a00000|100%| O|  |TAMS 0x0000000083a00000, 0x0000000083900000| Untracked 
|  58|0x0000000083a00000, 0x0000000083b00000, 0x0000000083b00000|100%| O|  |TAMS 0x0000000083b00000, 0x0000000083a00000| Untracked 
|  59|0x0000000083b00000, 0x0000000083c00000, 0x0000000083c00000|100%| O|  |TAMS 0x0000000083c00000, 0x0000000083b00000| Untracked 
|  60|0x0000000083c00000, 0x0000000083d00000, 0x0000000083d00000|100%| O|  |TAMS 0x0000000083d00000, 0x0000000083c00000| Untracked 
|  61|0x0000000083d00000, 0x0000000083e00000, 0x0000000083e00000|100%|HS|  |TAMS 0x0000000083e00000, 0x0000000083d00000| Complete 
|  62|0x0000000083e00000, 0x0000000083f00000, 0x0000000083f00000|100%|HC|  |TAMS 0x0000000083f00000, 0x0000000083e00000| Complete 
|  63|0x0000000083f00000, 0x0000000084000000, 0x0000000084000000|100%| O|  |TAMS 0x0000000084000000, 0x0000000083f00000| Untracked 
|  64|0x0000000084000000, 0x0000000084100000, 0x0000000084100000|100%| O|  |TAMS 0x0000000084100000, 0x0000000084000000| Untracked 
|  65|0x0000000084100000, 0x0000000084200000, 0x0000000084200000|100%| O|  |TAMS 0x0000000084200000, 0x0000000084100000| Untracked 
|  66|0x0000000084200000, 0x0000000084300000, 0x0000000084300000|100%| O|  |TAMS 0x0000000084300000, 0x0000000084200000| Untracked 
|  67|0x0000000084300000, 0x0000000084400000, 0x0000000084400000|100%| O|  |TAMS 0x0000000084400000, 0x0000000084300000| Untracked 
|  68|0x0000000084400000, 0x0000000084500000, 0x0000000084500000|100%| O|  |TAMS 0x0000000084500000, 0x0000000084400000| Untracked 
|  69|0x0000000084500000, 0x0000000084600000, 0x0000000084600000|100%| O|  |TAMS 0x0000000084600000, 0x0000000084500000| Untracked 
|  70|0x0000000084600000, 0x0000000084700000, 0x0000000084700000|100%| O|  |TAMS 0x0000000084700000, 0x0000000084600000| Untracked 
|  71|0x0000000084700000, 0x0000000084800000, 0x0000000084800000|100%| O|  |TAMS 0x0000000084800000, 0x0000000084700000| Untracked 
|  72|0x0000000084800000, 0x0000000084900000, 0x0000000084900000|100%| O|  |TAMS 0x0000000084900000, 0x0000000084800000| Untracked 
|  73|0x0000000084900000, 0x0000000084a00000, 0x0000000084a00000|100%| O|  |TAMS 0x0000000084a00000, 0x0000000084900000| Untracked 
|  74|0x0000000084a00000, 0x0000000084b00000, 0x0000000084b00000|100%| O|  |TAMS 0x0000000084b00000, 0x0000000084a00000| Untracked 
|  75|0x0000000084b00000, 0x0000000084c00000, 0x0000000084c00000|100%| O|  |TAMS 0x0000000084c00000, 0x0000000084b00000| Untracked 
|  76|0x0000000084c00000, 0x0000000084d00000, 0x0000000084d00000|100%| O|  |TAMS 0x0000000084d00000, 0x0000000084c00000| Untracked 
|  77|0x0000000084d00000, 0x0000000084e00000, 0x0000000084e00000|100%| O|  |TAMS 0x0000000084e00000, 0x0000000084d00000| Untracked 
|  78|0x0000000084e00000, 0x0000000084f00000, 0x0000000084f00000|100%|HS|  |TAMS 0x0000000084f00000, 0x0000000084e00000| Complete 
|  79|0x0000000084f00000, 0x0000000085000000, 0x0000000085000000|100%|HC|  |TAMS 0x0000000085000000, 0x0000000084f00000| Complete 
|  80|0x0000000085000000, 0x0000000085100000, 0x0000000085100000|100%|HS|  |TAMS 0x0000000085100000, 0x0000000085000000| Complete 
|  81|0x0000000085100000, 0x0000000085200000, 0x0000000085200000|100%|HC|  |TAMS 0x0000000085200000, 0x0000000085100000| Complete 
|  82|0x0000000085200000, 0x0000000085300000, 0x0000000085300000|100%|HC|  |TAMS 0x0000000085300000, 0x0000000085200000| Complete 
|  83|0x0000000085300000, 0x0000000085400000, 0x0000000085400000|100%| O|  |TAMS 0x0000000085400000, 0x0000000085300000| Untracked 
|  84|0x0000000085400000, 0x0000000085500000, 0x0000000085500000|100%| O|  |TAMS 0x0000000085500000, 0x0000000085400000| Untracked 
|  85|0x0000000085500000, 0x0000000085600000, 0x0000000085600000|100%| O|  |TAMS 0x0000000085600000, 0x0000000085500000| Untracked 
|  86|0x0000000085600000, 0x0000000085700000, 0x0000000085700000|100%| O|  |TAMS 0x0000000085700000, 0x0000000085600000| Untracked 
|  87|0x0000000085700000, 0x0000000085800000, 0x0000000085800000|100%| O|  |TAMS 0x0000000085800000, 0x0000000085700000| Untracked 
|  88|0x0000000085800000, 0x0000000085900000, 0x0000000085900000|100%|HS|  |TAMS 0x0000000085900000, 0x0000000085800000| Complete 
|  89|0x0000000085900000, 0x0000000085a00000, 0x0000000085a00000|100%|HC|  |TAMS 0x0000000085a00000, 0x0000000085900000| Complete 
|  90|0x0000000085a00000, 0x0000000085b00000, 0x0000000085b00000|100%|HC|  |TAMS 0x0000000085b00000, 0x0000000085a00000| Complete 
|  91|0x0000000085b00000, 0x0000000085c00000, 0x0000000085c00000|100%|HC|  |TAMS 0x0000000085c00000, 0x0000000085b00000| Complete 
|  92|0x0000000085c00000, 0x0000000085d00000, 0x0000000085d00000|100%| O|  |TAMS 0x0000000085d00000, 0x0000000085c00000| Untracked 
|  93|0x0000000085d00000, 0x0000000085e00000, 0x0000000085e00000|100%| O|  |TAMS 0x0000000085e00000, 0x0000000085d00000| Untracked 
|  94|0x0000000085e00000, 0x0000000085f00000, 0x0000000085f00000|100%| O|  |TAMS 0x0000000085f00000, 0x0000000085e00000| Untracked 
|  95|0x0000000085f00000, 0x0000000086000000, 0x0000000086000000|100%| O|  |TAMS 0x0000000086000000, 0x0000000085f00000| Untracked 
|  96|0x0000000086000000, 0x0000000086100000, 0x0000000086100000|100%| O|  |TAMS 0x0000000086100000, 0x0000000086000000| Untracked 
|  97|0x0000000086100000, 0x0000000086200000, 0x0000000086200000|100%| O|  |TAMS 0x0000000086200000, 0x0000000086100000| Untracked 
|  98|0x0000000086200000, 0x0000000086300000, 0x0000000086300000|100%| O|  |TAMS 0x0000000086300000, 0x0000000086200000| Untracked 
|  99|0x0000000086300000, 0x0000000086400000, 0x0000000086400000|100%| O|  |TAMS 0x0000000086400000, 0x0000000086300000| Untracked 
| 100|0x0000000086400000, 0x0000000086500000, 0x0000000086500000|100%| O|  |TAMS 0x0000000086500000, 0x0000000086400000| Untracked 
| 101|0x0000000086500000, 0x0000000086600000, 0x0000000086600000|100%| O|  |TAMS 0x00000000865b3600, 0x0000000086500000| Untracked 
| 102|0x0000000086600000, 0x0000000086700000, 0x0000000086700000|100%| O|  |TAMS 0x0000000086700000, 0x0000000086600000| Untracked 
| 103|0x0000000086700000, 0x0000000086800000, 0x0000000086800000|100%| O|  |TAMS 0x0000000086800000, 0x0000000086700000| Untracked 
| 104|0x0000000086800000, 0x0000000086900000, 0x0000000086900000|100%| O|  |TAMS 0x0000000086800000, 0x0000000086800000| Untracked 
| 105|0x0000000086900000, 0x0000000086a00000, 0x0000000086a00000|100%| O|  |TAMS 0x0000000086a00000, 0x0000000086900000| Untracked 
| 106|0x0000000086a00000, 0x0000000086b00000, 0x0000000086b00000|100%| O|  |TAMS 0x0000000086b00000, 0x0000000086a00000| Untracked 
| 107|0x0000000086b00000, 0x0000000086c00000, 0x0000000086c00000|100%| O|  |TAMS 0x0000000086c00000, 0x0000000086b00000| Untracked 
| 108|0x0000000086c00000, 0x0000000086d00000, 0x0000000086d00000|100%| O|  |TAMS 0x0000000086d00000, 0x0000000086c00000| Untracked 
| 109|0x0000000086d00000, 0x0000000086e00000, 0x0000000086e00000|100%| O|  |TAMS 0x0000000086e00000, 0x0000000086d00000| Untracked 
| 110|0x0000000086e00000, 0x0000000086f00000, 0x0000000086f00000|100%| O|  |TAMS 0x0000000086e00000, 0x0000000086e00000| Untracked 
| 111|0x0000000086f00000, 0x0000000087000000, 0x0000000087000000|100%| O|  |TAMS 0x0000000086f00000, 0x0000000086f00000| Untracked 
| 112|0x0000000087000000, 0x0000000087100000, 0x0000000087100000|100%| O|  |TAMS 0x0000000087100000, 0x0000000087000000| Untracked 
| 113|0x0000000087100000, 0x0000000087200000, 0x0000000087200000|100%| O|  |TAMS 0x0000000087200000, 0x0000000087100000| Untracked 
| 114|0x0000000087200000, 0x0000000087300000, 0x0000000087300000|100%| O|  |TAMS 0x0000000087300000, 0x0000000087200000| Untracked 
| 115|0x0000000087300000, 0x0000000087400000, 0x0000000087400000|100%| O|  |TAMS 0x0000000087400000, 0x0000000087300000| Untracked 
| 116|0x0000000087400000, 0x0000000087500000, 0x0000000087500000|100%| O|  |TAMS 0x0000000087500000, 0x0000000087400000| Untracked 
| 117|0x0000000087500000, 0x0000000087600000, 0x0000000087600000|100%| O|  |TAMS 0x0000000087600000, 0x0000000087500000| Untracked 
| 118|0x0000000087600000, 0x0000000087700000, 0x0000000087700000|100%| O|  |TAMS 0x0000000087600000, 0x0000000087600000| Untracked 
| 119|0x0000000087700000, 0x0000000087800000, 0x0000000087800000|100%| O|  |TAMS 0x0000000087800000, 0x0000000087700000| Untracked 
| 120|0x0000000087800000, 0x0000000087900000, 0x0000000087900000|100%| O|  |TAMS 0x0000000087900000, 0x0000000087800000| Untracked 
| 121|0x0000000087900000, 0x0000000087a00000, 0x0000000087a00000|100%| O|  |TAMS 0x0000000087a00000, 0x0000000087900000| Untracked 
| 122|0x0000000087a00000, 0x0000000087b00000, 0x0000000087b00000|100%| O|  |TAMS 0x0000000087b00000, 0x0000000087a00000| Untracked 
| 123|0x0000000087b00000, 0x0000000087c00000, 0x0000000087c00000|100%| O|  |TAMS 0x0000000087c00000, 0x0000000087b00000| Untracked 
| 124|0x0000000087c00000, 0x0000000087d00000, 0x0000000087d00000|100%| O|  |TAMS 0x0000000087d00000, 0x0000000087c00000| Untracked 
| 125|0x0000000087d00000, 0x0000000087e00000, 0x0000000087e00000|100%| O|  |TAMS 0x0000000087e00000, 0x0000000087d00000| Untracked 
| 126|0x0000000087e00000, 0x0000000087f00000, 0x0000000087f00000|100%| O|  |TAMS 0x0000000087f00000, 0x0000000087e00000| Untracked 
| 127|0x0000000087f00000, 0x0000000088000000, 0x0000000088000000|100%| O|  |TAMS 0x0000000088000000, 0x0000000087f00000| Untracked 
| 128|0x0000000088000000, 0x0000000088100000, 0x0000000088100000|100%| O|  |TAMS 0x0000000088100000, 0x0000000088000000| Untracked 
| 129|0x0000000088100000, 0x0000000088200000, 0x0000000088200000|100%| O|  |TAMS 0x0000000088200000, 0x0000000088100000| Untracked 
| 130|0x0000000088200000, 0x0000000088300000, 0x0000000088300000|100%| O|  |TAMS 0x0000000088300000, 0x0000000088200000| Untracked 
| 131|0x0000000088300000, 0x0000000088400000, 0x0000000088400000|100%| O|  |TAMS 0x0000000088400000, 0x0000000088300000| Untracked 
| 132|0x0000000088400000, 0x0000000088500000, 0x0000000088500000|100%| O|  |TAMS 0x0000000088500000, 0x0000000088400000| Untracked 
| 133|0x0000000088500000, 0x0000000088600000, 0x0000000088600000|100%| O|  |TAMS 0x0000000088600000, 0x0000000088500000| Untracked 
| 134|0x0000000088600000, 0x0000000088700000, 0x0000000088700000|100%| O|  |TAMS 0x0000000088600000, 0x0000000088600000| Untracked 
| 135|0x0000000088700000, 0x0000000088800000, 0x0000000088800000|100%| O|  |TAMS 0x0000000088700000, 0x0000000088700000| Untracked 
| 136|0x0000000088800000, 0x0000000088900000, 0x0000000088900000|100%| O|  |TAMS 0x0000000088800000, 0x0000000088800000| Untracked 
| 137|0x0000000088900000, 0x0000000088a00000, 0x0000000088a00000|100%| O|  |TAMS 0x0000000088900000, 0x0000000088900000| Untracked 
| 138|0x0000000088a00000, 0x0000000088b00000, 0x0000000088b00000|100%| O|  |TAMS 0x0000000088a00000, 0x0000000088a00000| Untracked 
| 139|0x0000000088b00000, 0x0000000088c00000, 0x0000000088c00000|100%| O|  |TAMS 0x0000000088b00000, 0x0000000088b00000| Untracked 
| 140|0x0000000088c00000, 0x0000000088d00000, 0x0000000088d00000|100%| O|  |TAMS 0x0000000088c00000, 0x0000000088c00000| Untracked 
| 141|0x0000000088d00000, 0x0000000088e00000, 0x0000000088e00000|100%| O|  |TAMS 0x0000000088d00000, 0x0000000088d00000| Untracked 
| 142|0x0000000088e00000, 0x0000000088f00000, 0x0000000088f00000|100%| O|  |TAMS 0x0000000088e00000, 0x0000000088e00000| Untracked 
| 143|0x0000000088f00000, 0x0000000089000000, 0x0000000089000000|100%| O|  |TAMS 0x0000000088f00000, 0x0000000088f00000| Untracked 
| 144|0x0000000089000000, 0x0000000089100000, 0x0000000089100000|100%| O|  |TAMS 0x0000000089000000, 0x0000000089000000| Untracked 
| 145|0x0000000089100000, 0x0000000089200000, 0x0000000089200000|100%| O|  |TAMS 0x0000000089100000, 0x0000000089100000| Untracked 
| 146|0x0000000089200000, 0x0000000089300000, 0x0000000089300000|100%| O|  |TAMS 0x0000000089200000, 0x0000000089200000| Untracked 
| 147|0x0000000089300000, 0x0000000089400000, 0x0000000089400000|100%| O|  |TAMS 0x0000000089300000, 0x0000000089300000| Untracked 
| 148|0x0000000089400000, 0x0000000089500000, 0x0000000089500000|100%| O|  |TAMS 0x0000000089400000, 0x0000000089400000| Untracked 
| 149|0x0000000089500000, 0x0000000089600000, 0x0000000089600000|100%| O|  |TAMS 0x0000000089500000, 0x0000000089500000| Untracked 
| 150|0x0000000089600000, 0x0000000089700000, 0x0000000089700000|100%|HS|  |TAMS 0x0000000089600000, 0x0000000089600000| Complete 
| 151|0x0000000089700000, 0x0000000089800000, 0x0000000089800000|100%|HC|  |TAMS 0x0000000089700000, 0x0000000089700000| Complete 
| 152|0x0000000089800000, 0x0000000089900000, 0x0000000089900000|100%| O|  |TAMS 0x0000000089800000, 0x0000000089800000| Untracked 
| 153|0x0000000089900000, 0x0000000089a00000, 0x0000000089a00000|100%| O|  |TAMS 0x0000000089900000, 0x0000000089900000| Untracked 
| 154|0x0000000089a00000, 0x0000000089b00000, 0x0000000089b00000|100%| O|  |TAMS 0x0000000089a00000, 0x0000000089a00000| Untracked 
| 155|0x0000000089b00000, 0x0000000089ba6600, 0x0000000089c00000| 64%| O|  |TAMS 0x0000000089b00000, 0x0000000089b00000| Untracked 
| 156|0x0000000089c00000, 0x0000000089c00000, 0x0000000089d00000|  0%| F|  |TAMS 0x0000000089c00000, 0x0000000089c00000| Untracked 
| 157|0x0000000089d00000, 0x0000000089d00000, 0x0000000089e00000|  0%| F|  |TAMS 0x0000000089d00000, 0x0000000089d00000| Untracked 
| 158|0x0000000089e00000, 0x0000000089e00000, 0x0000000089f00000|  0%| F|  |TAMS 0x0000000089e00000, 0x0000000089e00000| Untracked 
| 159|0x0000000089f00000, 0x0000000089f00000, 0x000000008a000000|  0%| F|  |TAMS 0x0000000089f00000, 0x0000000089f00000| Untracked 
| 160|0x000000008a000000, 0x000000008a000000, 0x000000008a100000|  0%| F|  |TAMS 0x000000008a000000, 0x000000008a000000| Untracked 
| 161|0x000000008a100000, 0x000000008a100000, 0x000000008a200000|  0%| F|  |TAMS 0x000000008a100000, 0x000000008a100000| Untracked 
| 162|0x000000008a200000, 0x000000008a200000, 0x000000008a300000|  0%| F|  |TAMS 0x000000008a200000, 0x000000008a200000| Untracked 
| 163|0x000000008a300000, 0x000000008a300000, 0x000000008a400000|  0%| F|  |TAMS 0x000000008a300000, 0x000000008a300000| Untracked 
| 164|0x000000008a400000, 0x000000008a400000, 0x000000008a500000|  0%| F|  |TAMS 0x000000008a400000, 0x000000008a400000| Untracked 
| 165|0x000000008a500000, 0x000000008a500000, 0x000000008a600000|  0%| F|  |TAMS 0x000000008a500000, 0x000000008a500000| Untracked 
| 166|0x000000008a600000, 0x000000008a600000, 0x000000008a700000|  0%| F|  |TAMS 0x000000008a600000, 0x000000008a600000| Untracked 
| 167|0x000000008a700000, 0x000000008a700000, 0x000000008a800000|  0%| F|  |TAMS 0x000000008a700000, 0x000000008a700000| Untracked 
| 168|0x000000008a800000, 0x000000008a800000, 0x000000008a900000|  0%| F|  |TAMS 0x000000008a800000, 0x000000008a800000| Untracked 
| 169|0x000000008a900000, 0x000000008a900000, 0x000000008aa00000|  0%| F|  |TAMS 0x000000008a900000, 0x000000008a900000| Untracked 
| 170|0x000000008aa00000, 0x000000008aa00000, 0x000000008ab00000|  0%| F|  |TAMS 0x000000008aa00000, 0x000000008aa00000| Untracked 
| 171|0x000000008ab00000, 0x000000008ab00000, 0x000000008ac00000|  0%| F|  |TAMS 0x000000008ab00000, 0x000000008ab00000| Untracked 
| 172|0x000000008ac00000, 0x000000008ac00000, 0x000000008ad00000|  0%| F|  |TAMS 0x000000008ac00000, 0x000000008ac00000| Untracked 
| 173|0x000000008ad00000, 0x000000008ad00000, 0x000000008ae00000|  0%| F|  |TAMS 0x000000008ad00000, 0x000000008ad00000| Untracked 
| 174|0x000000008ae00000, 0x000000008ae00000, 0x000000008af00000|  0%| F|  |TAMS 0x000000008ae00000, 0x000000008ae00000| Untracked 
| 175|0x000000008af00000, 0x000000008af00000, 0x000000008b000000|  0%| F|  |TAMS 0x000000008af00000, 0x000000008af00000| Untracked 
| 176|0x000000008b000000, 0x000000008b082b68, 0x000000008b100000| 51%| S|CS|TAMS 0x000000008b000000, 0x000000008b000000| Complete 
| 177|0x000000008b100000, 0x000000008b100000, 0x000000008b200000|  0%| F|  |TAMS 0x000000008b100000, 0x000000008b100000| Untracked 
| 178|0x000000008b200000, 0x000000008b200000, 0x000000008b300000|  0%| F|  |TAMS 0x000000008b200000, 0x000000008b200000| Untracked 
| 179|0x000000008b300000, 0x000000008b300000, 0x000000008b400000|  0%| F|  |TAMS 0x000000008b300000, 0x000000008b300000| Untracked 
| 180|0x000000008b400000, 0x000000008b400000, 0x000000008b500000|  0%| F|  |TAMS 0x000000008b400000, 0x000000008b400000| Untracked 
| 181|0x000000008b500000, 0x000000008b500000, 0x000000008b600000|  0%| F|  |TAMS 0x000000008b500000, 0x000000008b500000| Untracked 
| 182|0x000000008b600000, 0x000000008b600000, 0x000000008b700000|  0%| F|  |TAMS 0x000000008b600000, 0x000000008b600000| Untracked 
| 183|0x000000008b700000, 0x000000008b700000, 0x000000008b800000|  0%| F|  |TAMS 0x000000008b700000, 0x000000008b700000| Untracked 
| 184|0x000000008b800000, 0x000000008b800000, 0x000000008b900000|  0%| F|  |TAMS 0x000000008b800000, 0x000000008b800000| Untracked 

Card table byte_map: [0x00000269de4c0000,0x00000269de8c0000] _byte_map_base: 0x00000269de0c0000

Marking Bits (Prev, Next): (CMBitMap*) 0x00000269cb4fb4f8, (CMBitMap*) 0x00000269cb4fb530
 Prev Bits: [0x00000269decc0000, 0x00000269e0cc0000)
 Next Bits: [0x00000269e0cc0000, 0x00000269e2cc0000)

Polling page: 0x00000269cac90000

Metaspace:

Usage:
  Non-class:    109.43 MB capacity,   107.28 MB ( 98%) used,     1.81 MB (  2%) free+waste,   349.81 KB ( <1%) overhead. 
      Class:     16.46 MB capacity,    15.30 MB ( 93%) used,     1.01 MB (  6%) free+waste,   158.06 KB ( <1%) overhead. 
       Both:    125.89 MB capacity,   122.58 MB ( 97%) used,     2.81 MB (  2%) free+waste,   507.88 KB ( <1%) overhead. 

Virtual space:
  Non-class space:      110.00 MB reserved,     109.57 MB (>99%) committed 
      Class space:        1.00 GB reserved,      16.59 MB (  2%) committed 
             Both:        1.11 GB reserved,     126.16 MB ( 11%) committed 

Chunk freelists:
   Non-Class:  17.00 KB
       Class:  12.00 KB
        Both:  29.00 KB

MaxMetaspaceSize: 17179869184.00 GB
CompressedClassSpaceSize: 1.00 GB

CodeHeap 'non-profiled nmethods': size=120064Kb used=11196Kb max_used=11196Kb free=108868Kb
 bounds [0x00000269d6a70000, 0x00000269d7560000, 0x00000269ddfb0000]
CodeHeap 'profiled nmethods': size=120000Kb used=38767Kb max_used=38767Kb free=81233Kb
 bounds [0x00000269cf540000, 0x00000269d1b20000, 0x00000269d6a70000]
CodeHeap 'non-nmethods': size=5696Kb used=2368Kb max_used=2427Kb free=3328Kb
 bounds [0x00000269cefb0000, 0x00000269cf220000, 0x00000269cf540000]
 total_blobs=18165 nmethods=17167 adapters=910
 compilation: enabled
              stopped_count=0, restarted_count=0
 full_count=0

Compilation events (20 events):
Event: 945.584 Thread 0x00000269e5510000 nmethod 17288 0x00000269d1b1b110 code [0x00000269d1b1b300, 0x00000269d1b1b8c8]
Event: 945.730 Thread 0x00000269ea2fd000 nmethod 17196 0x00000269d7545c10 code [0x00000269d75461a0, 0x00000269d754b480]
Event: 945.731 Thread 0x00000269ea2fd000 17290       4       org.objectweb.asm.SymbolTable::addConstantUtf8Reference (101 bytes)
Event: 945.766 Thread 0x00000269ea2fd000 nmethod 17290 0x00000269d754e990 code [0x00000269d754eb80, 0x00000269d754ff28]
Event: 945.766 Thread 0x00000269ea2fd000 17292       4       org.objectweb.asm.SymbolTable::addType (81 bytes)
Event: 945.779 Thread 0x00000269e5506800 nmethod 17237 0x00000269d7550690 code [0x00000269d7550b80, 0x00000269d7556090]
Event: 945.780 Thread 0x00000269e5506800 17293       4       org.objectweb.asm.Label::resolve (219 bytes)
Event: 945.783 Thread 0x00000269e5506800 nmethod 17293 0x00000269d7559d10 code [0x00000269d7559ea0, 0x00000269d755a118]
Event: 945.783 Thread 0x00000269e5506800 17257       4       org.objectweb.asm.tree.AbstractInsnNode::acceptAnnotations (141 bytes)
Event: 945.784 Thread 0x00000269e5506800 nmethod 17257 0x00000269d755a310 code [0x00000269d755a4a0, 0x00000269d755a538]
Event: 945.784 Thread 0x00000269e5506800 17294       4       org.objectweb.asm.Frame::getAbstractTypeFromDescriptor (415 bytes)
Event: 945.793 Thread 0x00000269e5510000 17298       2       org.objectweb.asm.SymbolTable$Entry::<init> (17 bytes)
Event: 945.793 Thread 0x00000269e5510000 nmethod 17298 0x00000269d1b1ba10 code [0x00000269d1b1bbc0, 0x00000269d1b1bd08]
Event: 945.801 Thread 0x00000269ea2fd000 nmethod 17292 0x00000269d755a610 code [0x00000269d755a800, 0x00000269d755bcf8]
Event: 945.801 Thread 0x00000269ea2fd000 17299       4       org.objectweb.asm.AnnotationWriter::putAnnotations (67 bytes)
Event: 945.823 Thread 0x00000269ea2fd000 nmethod 17299 0x00000269d755c390 code [0x00000269d755c5e0, 0x00000269d755d590]
Event: 945.823 Thread 0x00000269ea2fd000 17301       4       org.objectweb.asm.Type::getArgumentsAndReturnSizes (140 bytes)
Event: 945.830 Thread 0x00000269e5510000 17304 %     3       org.objectweb.asm.ClassReader::readCode @ 92 (5109 bytes)
Event: 945.838 Thread 0x00000269ea2fd000 nmethod 17301 0x00000269d755e410 code [0x00000269d755e5c0, 0x00000269d755eb38]
Event: 945.838 Thread 0x00000269ea2fd000 17303       4       org.objectweb.asm.Type::getReturnTypeOffset (64 bytes)

GC Heap History (20 events):
Event: 945.453 GC heap after
{Heap after GC invocations=103 (full 0):
 garbage-first heap   total 189440K, used 159721K [0x0000000080000000, 0x0000000100000000)
  region size 1024K, 1 young (1024K), 1 survivors (1024K)
 Metaspace       used 125471K, capacity 128843K, committed 129188K, reserved 1161216K
  class space    used 15662K, capacity 16852K, committed 16988K, reserved 1048576K
}
Event: 945.501 GC heap before
{Heap before GC invocations=103 (full 0):
 garbage-first heap   total 189440K, used 167913K [0x0000000080000000, 0x0000000100000000)
  region size 1024K, 9 young (9216K), 1 survivors (1024K)
 Metaspace       used 125506K, capacity 128843K, committed 129188K, reserved 1161216K
  class space    used 15662K, capacity 16852K, committed 16988K, reserved 1048576K
}
Event: 945.502 GC heap after
{Heap after GC invocations=104 (full 0):
 garbage-first heap   total 189440K, used 159713K [0x0000000080000000, 0x0000000100000000)
  region size 1024K, 1 young (1024K), 1 survivors (1024K)
 Metaspace       used 125506K, capacity 128843K, committed 129188K, reserved 1161216K
  class space    used 15662K, capacity 16852K, committed 16988K, reserved 1048576K
}
Event: 945.542 GC heap before
{Heap before GC invocations=104 (full 0):
 garbage-first heap   total 189440K, used 167905K [0x0000000080000000, 0x0000000100000000)
  region size 1024K, 9 young (9216K), 1 survivors (1024K)
 Metaspace       used 125513K, capacity 128843K, committed 129188K, reserved 1161216K
  class space    used 15662K, capacity 16852K, committed 16988K, reserved 1048576K
}
Event: 945.544 GC heap after
{Heap after GC invocations=105 (full 0):
 garbage-first heap   total 189440K, used 159673K [0x0000000080000000, 0x0000000100000000)
  region size 1024K, 1 young (1024K), 1 survivors (1024K)
 Metaspace       used 125513K, capacity 128843K, committed 129188K, reserved 1161216K
  class space    used 15662K, capacity 16852K, committed 16988K, reserved 1048576K
}
Event: 945.583 GC heap before
{Heap before GC invocations=105 (full 0):
 garbage-first heap   total 189440K, used 167865K [0x0000000080000000, 0x0000000100000000)
  region size 1024K, 9 young (9216K), 1 survivors (1024K)
 Metaspace       used 125518K, capacity 128907K, committed 129188K, reserved 1161216K
  class space    used 15662K, capacity 16852K, committed 16988K, reserved 1048576K
}
Event: 945.584 GC heap after
{Heap after GC invocations=106 (full 0):
 garbage-first heap   total 189440K, used 159689K [0x0000000080000000, 0x0000000100000000)
  region size 1024K, 1 young (1024K), 1 survivors (1024K)
 Metaspace       used 125518K, capacity 128907K, committed 129188K, reserved 1161216K
  class space    used 15662K, capacity 16852K, committed 16988K, reserved 1048576K
}
Event: 945.623 GC heap before
{Heap before GC invocations=106 (full 0):
 garbage-first heap   total 189440K, used 167881K [0x0000000080000000, 0x0000000100000000)
  region size 1024K, 9 young (9216K), 1 survivors (1024K)
 Metaspace       used 125518K, capacity 128907K, committed 129188K, reserved 1161216K
  class space    used 15662K, capacity 16852K, committed 16988K, reserved 1048576K
}
Event: 945.624 GC heap after
{Heap after GC invocations=107 (full 0):
 garbage-first heap   total 189440K, used 159699K [0x0000000080000000, 0x0000000100000000)
  region size 1024K, 1 young (1024K), 1 survivors (1024K)
 Metaspace       used 125518K, capacity 128907K, committed 129188K, reserved 1161216K
  class space    used 15662K, capacity 16852K, committed 16988K, reserved 1048576K
}
Event: 945.659 GC heap before
{Heap before GC invocations=107 (full 0):
 garbage-first heap   total 189440K, used 167891K [0x0000000080000000, 0x0000000100000000)
  region size 1024K, 9 young (9216K), 1 survivors (1024K)
 Metaspace       used 125519K, capacity 128907K, committed 129188K, reserved 1161216K
  class space    used 15662K, capacity 16852K, committed 16988K, reserved 1048576K
}
Event: 945.660 GC heap after
{Heap after GC invocations=108 (full 0):
 garbage-first heap   total 189440K, used 159777K [0x0000000080000000, 0x0000000100000000)
  region size 1024K, 1 young (1024K), 1 survivors (1024K)
 Metaspace       used 125519K, capacity 128907K, committed 129188K, reserved 1161216K
  class space    used 15662K, capacity 16852K, committed 16988K, reserved 1048576K
}
Event: 945.698 GC heap before
{Heap before GC invocations=108 (full 0):
 garbage-first heap   total 189440K, used 167969K [0x0000000080000000, 0x0000000100000000)
  region size 1024K, 9 young (9216K), 1 survivors (1024K)
 Metaspace       used 125519K, capacity 128907K, committed 129188K, reserved 1161216K
  class space    used 15662K, capacity 16852K, committed 16988K, reserved 1048576K
}
Event: 945.699 GC heap after
{Heap after GC invocations=109 (full 0):
 garbage-first heap   total 189440K, used 159736K [0x0000000080000000, 0x0000000100000000)
  region size 1024K, 1 young (1024K), 1 survivors (1024K)
 Metaspace       used 125519K, capacity 128907K, committed 129188K, reserved 1161216K
  class space    used 15662K, capacity 16852K, committed 16988K, reserved 1048576K
}
Event: 945.737 GC heap before
{Heap before GC invocations=109 (full 0):
 garbage-first heap   total 189440K, used 167928K [0x0000000080000000, 0x0000000100000000)
  region size 1024K, 9 young (9216K), 1 survivors (1024K)
 Metaspace       used 125519K, capacity 128907K, committed 129188K, reserved 1161216K
  class space    used 15662K, capacity 16852K, committed 16988K, reserved 1048576K
}
Event: 945.738 GC heap after
{Heap after GC invocations=110 (full 0):
 garbage-first heap   total 189440K, used 159790K [0x0000000080000000, 0x0000000100000000)
  region size 1024K, 1 young (1024K), 1 survivors (1024K)
 Metaspace       used 125519K, capacity 128907K, committed 129188K, reserved 1161216K
  class space    used 15662K, capacity 16852K, committed 16988K, reserved 1048576K
}
Event: 945.771 GC heap before
{Heap before GC invocations=110 (full 0):
 garbage-first heap   total 189440K, used 167982K [0x0000000080000000, 0x0000000100000000)
  region size 1024K, 9 young (9216K), 1 survivors (1024K)
 Metaspace       used 125519K, capacity 128907K, committed 129188K, reserved 1161216K
  class space    used 15662K, capacity 16852K, committed 16988K, reserved 1048576K
}
Event: 945.772 GC heap after
{Heap after GC invocations=111 (full 0):
 garbage-first heap   total 189440K, used 159785K [0x0000000080000000, 0x0000000100000000)
  region size 1024K, 1 young (1024K), 1 survivors (1024K)
 Metaspace       used 125519K, capacity 128907K, committed 129188K, reserved 1161216K
  class space    used 15662K, capacity 16852K, committed 16988K, reserved 1048576K
}
Event: 945.808 GC heap before
{Heap before GC invocations=111 (full 0):
 garbage-first heap   total 189440K, used 167977K [0x0000000080000000, 0x0000000100000000)
  region size 1024K, 9 young (9216K), 1 survivors (1024K)
 Metaspace       used 125519K, capacity 128907K, committed 129188K, reserved 1161216K
  class space    used 15662K, capacity 16852K, committed 16988K, reserved 1048576K
}
Event: 945.810 GC heap after
{Heap after GC invocations=112 (full 0):
 garbage-first heap   total 189440K, used 159774K [0x0000000080000000, 0x0000000100000000)
  region size 1024K, 1 young (1024K), 1 survivors (1024K)
 Metaspace       used 125519K, capacity 128907K, committed 129188K, reserved 1161216K
  class space    used 15662K, capacity 16852K, committed 16988K, reserved 1048576K
}
Event: 945.849 GC heap before
{Heap before GC invocations=112 (full 0):
 garbage-first heap   total 189440K, used 167966K [0x0000000080000000, 0x0000000100000000)
  region size 1024K, 9 young (9216K), 1 survivors (1024K)
 Metaspace       used 125519K, capacity 128907K, committed 129188K, reserved 1161216K
  class space    used 15662K, capacity 16852K, committed 16988K, reserved 1048576K
}

Deoptimization events (20 events):
Event: 945.398 Thread 0x00000269ea256800 Uncommon trap: trap_request=0xffffff4d fr.pc=0x00000269d7075b00 relative=0x0000000000000980
Event: 945.398 Thread 0x00000269ea256800 Uncommon trap: reason=unstable_if action=reinterpret pc=0x00000269d7075b00 method=org.objectweb.asm.SymbolTable.addConstantIntegerOrFloat(II)Lorg/objectweb/asm/Symbol; @ 33 c2
Event: 945.398 Thread 0x00000269ea256800 DEOPT PACKING pc=0x00000269d7075b00 sp=0x000000f31bef64c0
Event: 945.398 Thread 0x00000269ea256800 DEOPT UNPACKING pc=0x00000269cefd662f sp=0x000000f31bef6480 mode 2
Event: 945.409 Thread 0x00000269ea256800 Uncommon trap: trap_request=0xffffffde fr.pc=0x00000269d753bed4 relative=0x00000000000001f4
Event: 945.409 Thread 0x00000269ea256800 Uncommon trap: reason=class_check action=maybe_recompile pc=0x00000269d753bed4 method=org.objectweb.asm.SymbolTable.addConstant(Ljava/lang/Object;)Lorg/objectweb/asm/Symbol; @ 161 c2
Event: 945.409 Thread 0x00000269ea256800 DEOPT PACKING pc=0x00000269d753bed4 sp=0x000000f31bef6480
Event: 945.409 Thread 0x00000269ea256800 DEOPT UNPACKING pc=0x00000269cefd662f sp=0x000000f31bef6410 mode 2
Event: 945.414 Thread 0x00000269ea256800 Uncommon trap: trap_request=0xffffffde fr.pc=0x00000269d753bed4 relative=0x00000000000001f4
Event: 945.414 Thread 0x00000269ea256800 Uncommon trap: reason=class_check action=maybe_recompile pc=0x00000269d753bed4 method=org.objectweb.asm.SymbolTable.addConstant(Ljava/lang/Object;)Lorg/objectweb/asm/Symbol; @ 161 c2
Event: 945.414 Thread 0x00000269ea256800 DEOPT PACKING pc=0x00000269d753bed4 sp=0x000000f31bef6480
Event: 945.414 Thread 0x00000269ea256800 DEOPT UNPACKING pc=0x00000269cefd662f sp=0x000000f31bef6410 mode 2
Event: 945.516 Thread 0x00000269ea256800 Uncommon trap: trap_request=0xffffff4d fr.pc=0x00000269d754450c relative=0x000000000000162c
Event: 945.516 Thread 0x00000269ea256800 Uncommon trap: reason=unstable_if action=reinterpret pc=0x00000269d754450c method=org.objectweb.asm.SymbolTable.addConstantIntegerOrFloat(II)Lorg/objectweb/asm/Symbol; @ 44 c2
Event: 945.516 Thread 0x00000269ea256800 DEOPT PACKING pc=0x00000269d754450c sp=0x000000f31bef6460
Event: 945.516 Thread 0x00000269ea256800 DEOPT UNPACKING pc=0x00000269cefd662f sp=0x000000f31bef6358 mode 2
Event: 945.829 Thread 0x00000269ea256800 Uncommon trap: trap_request=0xffffff4d fr.pc=0x00000269d7550f58 relative=0x00000000000003d8
Event: 945.829 Thread 0x00000269ea256800 Uncommon trap: reason=unstable_if action=reinterpret pc=0x00000269d7550f58 method=org.objectweb.asm.ClassReader.readCode(Lorg/objectweb/asm/MethodVisitor;Lorg/objectweb/asm/Context;I)V @ 119 c2
Event: 945.829 Thread 0x00000269ea256800 DEOPT PACKING pc=0x00000269d7550f58 sp=0x000000f31bef6190
Event: 945.829 Thread 0x00000269ea256800 DEOPT UNPACKING pc=0x00000269cefd662f sp=0x000000f31bef60d8 mode 2

Classes redefined (0 events):
No events

Internal exceptions (20 events):
Event: 944.269 Thread 0x00000269ea256800 Exception <a 'sun/nio/fs/WindowsException'{0x000000008af68820}> (0x000000008af68820) thrown at [./src/hotspot/share/prims/jni.cpp, line 615]
Event: 944.269 Thread 0x00000269ea256800 Exception <a 'sun/nio/fs/WindowsException'{0x000000008af6aae8}> (0x000000008af6aae8) thrown at [./src/hotspot/share/prims/jni.cpp, line 615]
Event: 944.269 Thread 0x00000269ea256800 Exception <a 'sun/nio/fs/WindowsException'{0x000000008af6ab68}> (0x000000008af6ab68) thrown at [./src/hotspot/share/prims/jni.cpp, line 615]
Event: 944.269 Thread 0x00000269ea256800 Exception <a 'sun/nio/fs/WindowsException'{0x000000008af6d728}> (0x000000008af6d728) thrown at [./src/hotspot/share/prims/jni.cpp, line 615]
Event: 944.269 Thread 0x00000269ea256800 Exception <a 'sun/nio/fs/WindowsException'{0x000000008af6d7a8}> (0x000000008af6d7a8) thrown at [./src/hotspot/share/prims/jni.cpp, line 615]
Event: 944.269 Thread 0x00000269ea256800 Exception <a 'sun/nio/fs/WindowsException'{0x000000008af6fa88}> (0x000000008af6fa88) thrown at [./src/hotspot/share/prims/jni.cpp, line 615]
Event: 944.269 Thread 0x00000269ea256800 Exception <a 'sun/nio/fs/WindowsException'{0x000000008af6fb08}> (0x000000008af6fb08) thrown at [./src/hotspot/share/prims/jni.cpp, line 615]
Event: 944.270 Thread 0x00000269ea256800 Exception <a 'sun/nio/fs/WindowsException'{0x000000008af72868}> (0x000000008af72868) thrown at [./src/hotspot/share/prims/jni.cpp, line 615]
Event: 944.270 Thread 0x00000269ea256800 Exception <a 'sun/nio/fs/WindowsException'{0x000000008af72950}> (0x000000008af72950) thrown at [./src/hotspot/share/prims/jni.cpp, line 615]
Event: 944.270 Thread 0x00000269ea256800 Exception <a 'sun/nio/fs/WindowsException'{0x000000008af74c78}> (0x000000008af74c78) thrown at [./src/hotspot/share/prims/jni.cpp, line 615]
Event: 944.270 Thread 0x00000269ea256800 Exception <a 'sun/nio/fs/WindowsException'{0x000000008af74cf8}> (0x000000008af74cf8) thrown at [./src/hotspot/share/prims/jni.cpp, line 615]
Event: 944.328 Thread 0x00000269ea256800 Exception <a 'sun/nio/fs/WindowsException'{0x000000008b7af400}> (0x000000008b7af400) thrown at [./src/hotspot/share/prims/jni.cpp, line 615]
Event: 944.328 Thread 0x00000269ea256800 Exception <a 'sun/nio/fs/WindowsException'{0x000000008b7b03b0}> (0x000000008b7b03b0) thrown at [./src/hotspot/share/prims/jni.cpp, line 615]
Event: 944.328 Thread 0x00000269ea256800 Exception <a 'sun/nio/fs/WindowsException'{0x000000008b7b13b0}> (0x000000008b7b13b0) thrown at [./src/hotspot/share/prims/jni.cpp, line 615]
Event: 944.328 Thread 0x00000269ea256800 Exception <a 'sun/nio/fs/WindowsException'{0x000000008b7b23b0}> (0x000000008b7b23b0) thrown at [./src/hotspot/share/prims/jni.cpp, line 615]
Event: 944.345 Thread 0x00000269ea256800 Exception <a 'sun/nio/fs/WindowsException'{0x000000008b7e3610}> (0x000000008b7e3610) thrown at [./src/hotspot/share/prims/jni.cpp, line 615]
Event: 944.345 Thread 0x00000269ea256800 Exception <a 'sun/nio/fs/WindowsException'{0x000000008b7e45c0}> (0x000000008b7e45c0) thrown at [./src/hotspot/share/prims/jni.cpp, line 615]
Event: 944.345 Thread 0x00000269ea256800 Exception <a 'sun/nio/fs/WindowsException'{0x000000008b7e55c0}> (0x000000008b7e55c0) thrown at [./src/hotspot/share/prims/jni.cpp, line 615]
Event: 944.345 Thread 0x00000269ea256800 Exception <a 'sun/nio/fs/WindowsException'{0x000000008b7e65c0}> (0x000000008b7e65c0) thrown at [./src/hotspot/share/prims/jni.cpp, line 615]
Event: 944.494 Thread 0x00000269ea256800 Exception <a 'java/lang/reflect/InvocationTargetException'{0x000000008ac9f990}> (0x000000008ac9f990) thrown at [./src/hotspot/share/runtime/reflection.cpp, line 1247]

Events (20 events):
Event: 945.453 Executing VM operation: G1CollectForAllocation done
Event: 945.501 Executing VM operation: G1CollectForAllocation
Event: 945.502 Executing VM operation: G1CollectForAllocation done
Event: 945.542 Executing VM operation: G1CollectForAllocation
Event: 945.544 Executing VM operation: G1CollectForAllocation done
Event: 945.582 Executing VM operation: G1CollectForAllocation
Event: 945.584 Executing VM operation: G1CollectForAllocation done
Event: 945.623 Executing VM operation: G1CollectForAllocation
Event: 945.624 Executing VM operation: G1CollectForAllocation done
Event: 945.659 Executing VM operation: G1CollectForAllocation
Event: 945.661 Executing VM operation: G1CollectForAllocation done
Event: 945.698 Executing VM operation: G1CollectForAllocation
Event: 945.699 Executing VM operation: G1CollectForAllocation done
Event: 945.737 Executing VM operation: G1CollectForAllocation
Event: 945.738 Executing VM operation: G1CollectForAllocation done
Event: 945.770 Executing VM operation: G1CollectForAllocation
Event: 945.772 Executing VM operation: G1CollectForAllocation done
Event: 945.808 Executing VM operation: G1CollectForAllocation
Event: 945.810 Executing VM operation: G1CollectForAllocation done
Event: 945.849 Executing VM operation: G1CollectForAllocation


Dynamic libraries:
0x00007ff6c8400000 - 0x00007ff6c840a000 	E:\AndroidStudio\jre\bin\java.exe
0x00007ffcf4a10000 - 0x00007ffcf4c05000 	C:\Windows\SYSTEM32\ntdll.dll
0x00007ffcf4360000 - 0x00007ffcf441e000 	C:\Windows\System32\KERNEL32.DLL
0x00007ffcf2590000 - 0x00007ffcf2858000 	C:\Windows\System32\KERNELBASE.dll
0x00007ffcefa00000 - 0x00007ffcefa90000 	C:\Windows\SYSTEM32\apphelp.dll
0x00007ffcf21b0000 - 0x00007ffcf22b0000 	C:\Windows\System32\ucrtbase.dll
0x00007ffcedc50000 - 0x00007ffcedc67000 	E:\AndroidStudio\jre\bin\VCRUNTIME140.dll
0x00007ffcedc30000 - 0x00007ffcedc49000 	E:\AndroidStudio\jre\bin\jli.dll
0x00007ffcf4430000 - 0x00007ffcf45d1000 	C:\Windows\System32\USER32.dll
0x00007ffcdb790000 - 0x00007ffcdba2a000 	C:\Windows\WinSxS\amd64_microsoft.windows.common-controls_6595b64144ccf1df_6.0.19041.1110_none_60b5254171f9507e\COMCTL32.dll
0x00007ffcf2460000 - 0x00007ffcf2482000 	C:\Windows\System32\win32u.dll
0x00007ffcf38a0000 - 0x00007ffcf393e000 	C:\Windows\System32\msvcrt.dll
0x00007ffcf3750000 - 0x00007ffcf377b000 	C:\Windows\System32\GDI32.dll
0x00007ffcf2350000 - 0x00007ffcf245d000 	C:\Windows\System32\gdi32full.dll
0x00007ffcf22b0000 - 0x00007ffcf234d000 	C:\Windows\System32\msvcp_win.dll
0x00007ffcf4740000 - 0x00007ffcf4770000 	C:\Windows\System32\IMM32.DLL
0x00007ffcd0410000 - 0x00007ffcd04ad000 	E:\AndroidStudio\jre\bin\msvcp140.dll
0x00007ffca4a40000 - 0x00007ffca5515000 	E:\AndroidStudio\jre\bin\server\jvm.dll
0x00007ffcf4670000 - 0x00007ffcf471e000 	C:\Windows\System32\ADVAPI32.dll
0x00007ffcf42b0000 - 0x00007ffcf434c000 	C:\Windows\System32\sechost.dll
0x00007ffcf2e20000 - 0x00007ffcf2f45000 	C:\Windows\System32\RPCRT4.dll
0x00007ffcf2db0000 - 0x00007ffcf2db8000 	C:\Windows\System32\PSAPI.DLL
0x00007ffcedbd0000 - 0x00007ffcedbd9000 	C:\Windows\SYSTEM32\WSOCK32.dll
0x00007ffce7d50000 - 0x00007ffce7d77000 	C:\Windows\SYSTEM32\WINMM.dll
0x00007ffcf3940000 - 0x00007ffcf39ab000 	C:\Windows\System32\WS2_32.dll
0x00007ffceb2d0000 - 0x00007ffceb2da000 	C:\Windows\SYSTEM32\VERSION.dll
0x00007ffcf0030000 - 0x00007ffcf0042000 	C:\Windows\SYSTEM32\kernel.appcore.dll
0x00007ffceafc0000 - 0x00007ffceafd1000 	E:\AndroidStudio\jre\bin\verify.dll
0x00007ffcebf50000 - 0x00007ffcec134000 	C:\Windows\SYSTEM32\DBGHELP.DLL
0x00007ffce0520000 - 0x00007ffce054c000 	C:\Windows\SYSTEM32\dbgcore.DLL
0x00007ffcf29c0000 - 0x00007ffcf2a42000 	C:\Windows\System32\bcryptPrimitives.dll
0x00007ffcd83f0000 - 0x00007ffcd8419000 	E:\AndroidStudio\jre\bin\java.dll
0x00007ffcedbc0000 - 0x00007ffcedbcb000 	E:\AndroidStudio\jre\bin\jimage.dll
0x00007ffcda930000 - 0x00007ffcda948000 	E:\AndroidStudio\jre\bin\zip.dll
0x00007ffcf3b60000 - 0x00007ffcf42a4000 	C:\Windows\System32\SHELL32.dll
0x00007ffcf0230000 - 0x00007ffcf09c5000 	C:\Windows\SYSTEM32\windows.storage.dll
0x00007ffcf2a50000 - 0x00007ffcf2da5000 	C:\Windows\System32\combase.dll
0x00007ffcf1aa0000 - 0x00007ffcf1ace000 	C:\Windows\SYSTEM32\Wldp.dll
0x00007ffcf2fb0000 - 0x00007ffcf305d000 	C:\Windows\System32\SHCORE.dll
0x00007ffcf36f0000 - 0x00007ffcf3745000 	C:\Windows\System32\shlwapi.dll
0x00007ffcf2060000 - 0x00007ffcf207f000 	C:\Windows\SYSTEM32\profapi.dll
0x00007ffcd94c0000 - 0x00007ffcd94da000 	E:\AndroidStudio\jre\bin\net.dll
0x00007ffceb700000 - 0x00007ffceb80c000 	C:\Windows\SYSTEM32\WINHTTP.dll
0x00007ffcf1800000 - 0x00007ffcf186a000 	C:\Windows\system32\mswsock.dll
0x00007ffcd8340000 - 0x00007ffcd8354000 	E:\AndroidStudio\jre\bin\nio.dll
0x00007ffcedc70000 - 0x00007ffcedc97000 	C:\Users\Rostya\.gradle\native\e1d6ef7f7dcc3fd88c89a11ec53ec762bb8ba0a96d01ffa2cd45eb1d1d8dd5c5\windows-amd64\native-platform.dll
0x00007ffcb6fd0000 - 0x00007ffcb7114000 	C:\Users\Rostya\.gradle\native\5664cfc778a61ccfe75a443a1ab52a65af34e5dc3c78e0209fed803814484fcb\windows-amd64\native-platform-file-events.dll
0x00007ffceb080000 - 0x00007ffceb08a000 	E:\AndroidStudio\jre\bin\management.dll
0x00007ffceafb0000 - 0x00007ffceafbd000 	E:\AndroidStudio\jre\bin\management_ext.dll
0x00007ffcf1a00000 - 0x00007ffcf1a18000 	C:\Windows\SYSTEM32\CRYPTSP.dll
0x00007ffcf1180000 - 0x00007ffcf11b4000 	C:\Windows\system32\rsaenh.dll
0x00007ffcf2180000 - 0x00007ffcf21a7000 	C:\Windows\System32\bcrypt.dll
0x00007ffcf2020000 - 0x00007ffcf204e000 	C:\Windows\SYSTEM32\USERENV.dll
0x00007ffcf19f0000 - 0x00007ffcf19fc000 	C:\Windows\SYSTEM32\CRYPTBASE.dll
0x00007ffcf14f0000 - 0x00007ffcf152b000 	C:\Windows\SYSTEM32\IPHLPAPI.DLL
0x00007ffcf4420000 - 0x00007ffcf4428000 	C:\Windows\System32\NSI.dll
0x00007ffcebec0000 - 0x00007ffcebed7000 	C:\Windows\SYSTEM32\dhcpcsvc6.DLL
0x00007ffcebea0000 - 0x00007ffcebebd000 	C:\Windows\SYSTEM32\dhcpcsvc.DLL
0x00007ffcf1530000 - 0x00007ffcf15fb000 	C:\Windows\SYSTEM32\DNSAPI.dll
0x00007ffce26e0000 - 0x00007ffce2707000 	E:\AndroidStudio\jre\bin\sunec.dll
0x00007ffceb620000 - 0x00007ffceb62a000 	C:\Windows\System32\rasadhlp.dll
0x00007ffceb540000 - 0x00007ffceb5bf000 	C:\Windows\System32\fwpuclnt.dll

dbghelp: loaded successfully - version: 4.0.5 - missing functions: none
symbol engine: initialized successfully - sym options: 0x614 - pdb path: .;E:\AndroidStudio\jre\bin;C:\Windows\SYSTEM32;C:\Windows\WinSxS\amd64_microsoft.windows.common-controls_6595b64144ccf1df_6.0.19041.1110_none_60b5254171f9507e;E:\AndroidStudio\jre\bin\server;C:\Users\Rostya\.gradle\native\e1d6ef7f7dcc3fd88c89a11ec53ec762bb8ba0a96d01ffa2cd45eb1d1d8dd5c5\windows-amd64;C:\Users\Rostya\.gradle\native\5664cfc778a61ccfe75a443a1ab52a65af34e5dc3c78e0209fed803814484fcb\windows-amd64

VM Arguments:
jvm_args: --add-opens=java.base/java.util=ALL-UNNAMED --add-opens=java.base/java.lang=ALL-UNNAMED --add-opens=java.base/java.lang.invoke=ALL-UNNAMED --add-opens=java.base/java.util=ALL-UNNAMED --add-opens=java.prefs/java.util.prefs=ALL-UNNAMED --add-opens=java.prefs/java.util.prefs=ALL-UNNAMED --add-opens=java.base/java.nio.charset=ALL-UNNAMED --add-opens=java.base/java.net=ALL-UNNAMED --add-opens=java.base/java.util.concurrent.atomic=ALL-UNNAMED -Xmx2048m -Dfile.encoding=UTF-8 -Duser.country=RU -Duser.language=ru -Duser.variant 
java_command: org.gradle.launcher.daemon.bootstrap.GradleDaemon 7.2
java_class_path (initial): C:\Users\Rostya\.gradle\wrapper\dists\gradle-7.2-bin\2dnblmf4td7x66yl1d74lt32g\gradle-7.2\lib\gradle-launcher-7.2.jar
Launcher Type: SUN_STANDARD

[Global flags]
     intx CICompilerCount                          = 3                                         {product} {ergonomic}
     uint ConcGCThreads                            = 2                                         {product} {ergonomic}
     uint G1ConcRefinementThreads                  = 6                                         {product} {ergonomic}
   size_t G1HeapRegionSize                         = 1048576                                   {product} {ergonomic}
    uintx GCDrainStackTargetSize                   = 64                                        {product} {ergonomic}
   size_t InitialHeapSize                          = 134217728                                 {product} {ergonomic}
   size_t MarkStackSize                            = 4194304                                   {product} {ergonomic}
   size_t MaxHeapSize                              = 2147483648                                {product} {command line}
   size_t MaxNewSize                               = 1287651328                                {product} {ergonomic}
   size_t MinHeapDeltaBytes                        = 1048576                                   {product} {ergonomic}
    uintx NonNMethodCodeHeapSize                   = 5830732                                {pd product} {ergonomic}
    uintx NonProfiledCodeHeapSize                  = 122913754                              {pd product} {ergonomic}
    uintx ProfiledCodeHeapSize                     = 122913754                              {pd product} {ergonomic}
    uintx ReservedCodeCacheSize                    = 251658240                              {pd product} {ergonomic}
     bool SegmentedCodeCache                       = true                                      {product} {ergonomic}
     bool UseCompressedClassPointers               = true                                 {lp64_product} {ergonomic}
     bool UseCompressedOops                        = true                                 {lp64_product} {ergonomic}
     bool UseG1GC                                  = true                                      {product} {ergonomic}
     bool UseLargePagesIndividualAllocation        = false                                  {pd product} {ergonomic}

Logging:
Log output configuration:
 #0: stdout all=warning uptime,level,tags
 #1: stderr all=off uptime,level,tags

Environment Variables:
PATH=C:\Program Files\Common Files\Oracle\Java\javapath;C:\Windows\system32;C:\Windows;C:\Windows\System32\Wbem;C:\Windows\System32\WindowsPowerShell\v1.0\;C:\Windows\System32\OpenSSH\;C:\Program Files\Git\cmd;C:\Users\Rostya\AppData\Local\Microsoft\WindowsApps
USERNAME=Rostya
OS=Windows_NT
PROCESSOR_IDENTIFIER=AMD64 Family 21 Model 2 Stepping 0, AuthenticAMD



---------------  S Y S T E M  ---------------

OS: Windows 10 , 64 bit Build 19041 (10.0.19041.1466)
OS uptime: 0 days 0:42 hours

CPU:total 6 (initial active 6) (6 cores per cpu, 1 threads per core) family 21 model 2 stepping 0 microcode 0x0, cmov, cx8, fxsr, mmx, sse, sse2, sse3, ssse3, sse4.1, sse4.2, popcnt, avx, aes, clmul, mmxext, 3dnowpref, lzcnt, sse4a, tsc, tscinvbit, tscinv, bmi1, fma

Memory: 4k page, system-wide physical 8088M (2269M free)
TotalPageFile size 8088M (AvailPageFile size 32M)
current process WorkingSet (physical memory assigned to process): 411M, peak: 495M
current process commit charge ("private bytes"): 551M, peak: 590M

vm_info: OpenJDK 64-Bit Server VM (11.0.11+9-b60-7590822) for windows-amd64 JRE (11.0.11+9-b60-7590822), built on Jul 29 2021 21:43:44 by "builder" with MS VC++ 14.0 (VS2015)

END.
